[0.019s] Invoking command in '/home/ubuntu/gopi5go_desk/simws/build/gpg3_cartographer': CMAKE_PREFIX_PATH=${CMAKE_PREFIX_PATH}:/home/ubuntu/gopi5go_desk/ros2ws/install/teleop_gopigo3_keyboard:/home/ubuntu/gopi5go_desk/ros2ws/install/scan_client:/home/ubuntu/gopi5go_desk/ros2ws/install/gopi5go_dave:/home/ubuntu/gopi5go_desk/ros2ws/install/explorer_wanderer:/opt/ros/humble /usr/bin/cmake --build /home/ubuntu/gopi5go_desk/simws/build/gpg3_cartographer -- -j4 -l4
[0.067s] Invoked command in '/home/ubuntu/gopi5go_desk/simws/build/gpg3_cartographer' returned '0': CMAKE_PREFIX_PATH=${CMAKE_PREFIX_PATH}:/home/ubuntu/gopi5go_desk/ros2ws/install/teleop_gopigo3_keyboard:/home/ubuntu/gopi5go_desk/ros2ws/install/scan_client:/home/ubuntu/gopi5go_desk/ros2ws/install/gopi5go_dave:/home/ubuntu/gopi5go_desk/ros2ws/install/explorer_wanderer:/opt/ros/humble /usr/bin/cmake --build /home/ubuntu/gopi5go_desk/simws/build/gpg3_cartographer -- -j4 -l4
[0.115s] Invoking command in '/home/ubuntu/gopi5go_desk/simws/build/gpg3_cartographer': CMAKE_PREFIX_PATH=${CMAKE_PREFIX_PATH}:/home/ubuntu/gopi5go_desk/ros2ws/install/teleop_gopigo3_keyboard:/home/ubuntu/gopi5go_desk/ros2ws/install/scan_client:/home/ubuntu/gopi5go_desk/ros2ws/install/gopi5go_dave:/home/ubuntu/gopi5go_desk/ros2ws/install/explorer_wanderer:/opt/ros/humble /usr/bin/cmake --install /home/ubuntu/gopi5go_desk/simws/build/gpg3_cartographer
[0.125s] -- Install configuration: ""
[0.125s] -- Up-to-date: /home/ubuntu/gopi5go_desk/simws/install/gpg3_cartographer/share/gpg3_cartographer/config
[0.126s] -- Up-to-date: /home/ubuntu/gopi5go_desk/simws/install/gpg3_cartographer/share/gpg3_cartographer/config/gpg3_2d.lua
[0.126s] -- Up-to-date: /home/ubuntu/gopi5go_desk/simws/install/gpg3_cartographer/share/gpg3_cartographer/launch
[0.126s] -- Up-to-date: /home/ubuntu/gopi5go_desk/simws/install/gpg3_cartographer/share/gpg3_cartographer/launch/cartographer.launch.py
[0.127s] -- Up-to-date: /home/ubuntu/gopi5go_desk/simws/install/gpg3_cartographer/share/gpg3_cartographer/rviz
[0.127s] -- Installing: /home/ubuntu/gopi5go_desk/simws/install/gpg3_cartographer/share/gpg3_cartographer/rviz/cartographer.rviz
[0.127s] -- Up-to-date: /home/ubuntu/gopi5go_desk/simws/install/gpg3_cartographer/share/ament_index/resource_index/package_run_dependencies/gpg3_cartographer
[0.127s] -- Up-to-date: /home/ubuntu/gopi5go_desk/simws/install/gpg3_cartographer/share/ament_index/resource_index/parent_prefix_path/gpg3_cartographer
[0.127s] -- Up-to-date: /home/ubuntu/gopi5go_desk/simws/install/gpg3_cartographer/share/gpg3_cartographer/environment/ament_prefix_path.sh
[0.127s] -- Up-to-date: /home/ubuntu/gopi5go_desk/simws/install/gpg3_cartographer/share/gpg3_cartographer/environment/ament_prefix_path.dsv
[0.128s] -- Up-to-date: /home/ubuntu/gopi5go_desk/simws/install/gpg3_cartographer/share/gpg3_cartographer/environment/path.sh
[0.128s] -- Up-to-date: /home/ubuntu/gopi5go_desk/simws/install/gpg3_cartographer/share/gpg3_cartographer/environment/path.dsv
[0.128s] -- Up-to-date: /home/ubuntu/gopi5go_desk/simws/install/gpg3_cartographer/share/gpg3_cartographer/local_setup.bash
[0.128s] -- Up-to-date: /home/ubuntu/gopi5go_desk/simws/install/gpg3_cartographer/share/gpg3_cartographer/local_setup.sh
[0.128s] -- Up-to-date: /home/ubuntu/gopi5go_desk/simws/install/gpg3_cartographer/share/gpg3_cartographer/local_setup.zsh
[0.128s] -- Up-to-date: /home/ubuntu/gopi5go_desk/simws/install/gpg3_cartographer/share/gpg3_cartographer/local_setup.dsv
[0.128s] -- Up-to-date: /home/ubuntu/gopi5go_desk/simws/install/gpg3_cartographer/share/gpg3_cartographer/package.dsv
[0.128s] -- Up-to-date: /home/ubuntu/gopi5go_desk/simws/install/gpg3_cartographer/share/ament_index/resource_index/packages/gpg3_cartographer
[0.128s] -- Up-to-date: /home/ubuntu/gopi5go_desk/simws/install/gpg3_cartographer/share/gpg3_cartographer/cmake/gpg3_cartographerConfig.cmake
[0.128s] -- Up-to-date: /home/ubuntu/gopi5go_desk/simws/install/gpg3_cartographer/share/gpg3_cartographer/cmake/gpg3_cartographerConfig-version.cmake
[0.128s] -- Up-to-date: /home/ubuntu/gopi5go_desk/simws/install/gpg3_cartographer/share/gpg3_cartographer/package.xml
[0.130s] Invoked command in '/home/ubuntu/gopi5go_desk/simws/build/gpg3_cartographer' returned '0': CMAKE_PREFIX_PATH=${CMAKE_PREFIX_PATH}:/home/ubuntu/gopi5go_desk/ros2ws/install/teleop_gopigo3_keyboard:/home/ubuntu/gopi5go_desk/ros2ws/install/scan_client:/home/ubuntu/gopi5go_desk/ros2ws/install/gopi5go_dave:/home/ubuntu/gopi5go_desk/ros2ws/install/explorer_wanderer:/opt/ros/humble /usr/bin/cmake --install /home/ubuntu/gopi5go_desk/simws/build/gpg3_cartographer
