[0.146s] DEBUG:colcon:Command line arguments: ['/usr/bin/colcon', 'build', '--packages-select', 'gpg3_navigation2']
[0.147s] DEBUG:colcon:Parsed command line arguments: Namespace(log_base=None, log_level=None, verb_name='build', build_base='build', install_base='install', merge_install=False, symlink_install=False, test_result_base=None, continue_on_error=False, executor='parallel', parallel_workers=4, event_handlers=None, ignore_user_meta=False, metas=['./colcon.meta'], base_paths=['.'], packages_ignore=None, packages_ignore_regex=None, paths=None, packages_up_to=None, packages_up_to_regex=None, packages_above=None, packages_above_and_dependencies=None, packages_above_depth=None, packages_select_by_dep=None, packages_skip_by_dep=None, packages_skip_up_to=None, packages_select_build_failed=False, packages_skip_build_finished=False, packages_select_test_failures=False, packages_skip_test_passed=False, packages_select=['gpg3_navigation2'], packages_skip=None, packages_select_regex=None, packages_skip_regex=None, packages_start=None, packages_end=None, allow_overriding=[], cmake_args=None, cmake_target=None, cmake_target_skip_unavailable=False, cmake_clean_cache=False, cmake_clean_first=False, cmake_force_configure=False, ament_cmake_args=None, catkin_cmake_args=None, catkin_skip_building_tests=False, mixin_files=None, mixin=None, verb_parser=<colcon_mixin.mixin.mixin_argument.MixinArgumentDecorator object at 0x746a9c3ef520>, verb_extension=<colcon_core.verb.build.BuildVerb object at 0x746a9c533c10>, main=<bound method BuildVerb.main of <colcon_core.verb.build.BuildVerb object at 0x746a9c533c10>>, mixin_verb=('build',))
[0.356s] Level 1:colcon.colcon_core.package_discovery:discover_packages(colcon_meta) check parameters
[0.357s] Level 1:colcon.colcon_core.package_discovery:discover_packages(recursive) check parameters
[0.357s] Level 1:colcon.colcon_core.package_discovery:discover_packages(ignore) check parameters
[0.357s] Level 1:colcon.colcon_core.package_discovery:discover_packages(path) check parameters
[0.357s] Level 1:colcon.colcon_core.package_discovery:discover_packages(colcon_meta) discover
[0.357s] Level 1:colcon.colcon_core.package_discovery:discover_packages(recursive) discover
[0.357s] INFO:colcon.colcon_core.package_discovery:Crawling recursively for packages in '/home/ubuntu/gopi5go_desk/simws'
[0.357s] Level 1:colcon.colcon_core.package_identification:_identify(.) by extensions ['ignore', 'ignore_ament_install']
[0.357s] Level 1:colcon.colcon_core.package_identification:_identify(.) by extension 'ignore'
[0.357s] Level 1:colcon.colcon_core.package_identification:_identify(.) by extension 'ignore_ament_install'
[0.357s] Level 1:colcon.colcon_core.package_identification:_identify(.) by extensions ['colcon_pkg']
[0.357s] Level 1:colcon.colcon_core.package_identification:_identify(.) by extension 'colcon_pkg'
[0.357s] Level 1:colcon.colcon_core.package_identification:_identify(.) by extensions ['colcon_meta']
[0.357s] Level 1:colcon.colcon_core.package_identification:_identify(.) by extension 'colcon_meta'
[0.357s] Level 1:colcon.colcon_core.package_identification:_identify(.) by extensions ['ros']
[0.358s] Level 1:colcon.colcon_core.package_identification:_identify(.) by extension 'ros'
[0.372s] Level 1:colcon.colcon_core.package_identification:_identify(.) by extensions ['cmake', 'python']
[0.373s] Level 1:colcon.colcon_core.package_identification:_identify(.) by extension 'cmake'
[0.373s] Level 1:colcon.colcon_core.package_identification:_identify(.) by extension 'python'
[0.373s] Level 1:colcon.colcon_core.package_identification:_identify(.) by extensions ['python_setup_py']
[0.373s] Level 1:colcon.colcon_core.package_identification:_identify(.) by extension 'python_setup_py'
[0.373s] Level 1:colcon.colcon_core.package_identification:_identify(build) by extensions ['ignore', 'ignore_ament_install']
[0.373s] Level 1:colcon.colcon_core.package_identification:_identify(build) by extension 'ignore'
[0.373s] Level 1:colcon.colcon_core.package_identification:_identify(build) ignored
[0.373s] Level 1:colcon.colcon_core.package_identification:_identify(install) by extensions ['ignore', 'ignore_ament_install']
[0.373s] Level 1:colcon.colcon_core.package_identification:_identify(install) by extension 'ignore'
[0.373s] Level 1:colcon.colcon_core.package_identification:_identify(install) ignored
[0.374s] Level 1:colcon.colcon_core.package_identification:_identify(log) by extensions ['ignore', 'ignore_ament_install']
[0.374s] Level 1:colcon.colcon_core.package_identification:_identify(log) by extension 'ignore'
[0.374s] Level 1:colcon.colcon_core.package_identification:_identify(log) ignored
[0.374s] Level 1:colcon.colcon_core.package_identification:_identify(maps) by extensions ['ignore', 'ignore_ament_install']
[0.374s] Level 1:colcon.colcon_core.package_identification:_identify(maps) by extension 'ignore'
[0.374s] Level 1:colcon.colcon_core.package_identification:_identify(maps) by extension 'ignore_ament_install'
[0.374s] Level 1:colcon.colcon_core.package_identification:_identify(maps) by extensions ['colcon_pkg']
[0.374s] Level 1:colcon.colcon_core.package_identification:_identify(maps) by extension 'colcon_pkg'
[0.374s] Level 1:colcon.colcon_core.package_identification:_identify(maps) by extensions ['colcon_meta']
[0.374s] Level 1:colcon.colcon_core.package_identification:_identify(maps) by extension 'colcon_meta'
[0.374s] Level 1:colcon.colcon_core.package_identification:_identify(maps) by extensions ['ros']
[0.374s] Level 1:colcon.colcon_core.package_identification:_identify(maps) by extension 'ros'
[0.375s] Level 1:colcon.colcon_core.package_identification:_identify(maps) by extensions ['cmake', 'python']
[0.375s] Level 1:colcon.colcon_core.package_identification:_identify(maps) by extension 'cmake'
[0.375s] Level 1:colcon.colcon_core.package_identification:_identify(maps) by extension 'python'
[0.375s] Level 1:colcon.colcon_core.package_identification:_identify(maps) by extensions ['python_setup_py']
[0.375s] Level 1:colcon.colcon_core.package_identification:_identify(maps) by extension 'python_setup_py'
[0.375s] Level 1:colcon.colcon_core.package_identification:_identify(src) by extensions ['ignore', 'ignore_ament_install']
[0.375s] Level 1:colcon.colcon_core.package_identification:_identify(src) by extension 'ignore'
[0.375s] Level 1:colcon.colcon_core.package_identification:_identify(src) by extension 'ignore_ament_install'
[0.375s] Level 1:colcon.colcon_core.package_identification:_identify(src) by extensions ['colcon_pkg']
[0.375s] Level 1:colcon.colcon_core.package_identification:_identify(src) by extension 'colcon_pkg'
[0.375s] Level 1:colcon.colcon_core.package_identification:_identify(src) by extensions ['colcon_meta']
[0.375s] Level 1:colcon.colcon_core.package_identification:_identify(src) by extension 'colcon_meta'
[0.375s] Level 1:colcon.colcon_core.package_identification:_identify(src) by extensions ['ros']
[0.375s] Level 1:colcon.colcon_core.package_identification:_identify(src) by extension 'ros'
[0.376s] Level 1:colcon.colcon_core.package_identification:_identify(src) by extensions ['cmake', 'python']
[0.376s] Level 1:colcon.colcon_core.package_identification:_identify(src) by extension 'cmake'
[0.376s] Level 1:colcon.colcon_core.package_identification:_identify(src) by extension 'python'
[0.376s] Level 1:colcon.colcon_core.package_identification:_identify(src) by extensions ['python_setup_py']
[0.376s] Level 1:colcon.colcon_core.package_identification:_identify(src) by extension 'python_setup_py'
[0.376s] Level 1:colcon.colcon_core.package_identification:_identify(src/gpg3_cartographer) by extensions ['ignore', 'ignore_ament_install']
[0.376s] Level 1:colcon.colcon_core.package_identification:_identify(src/gpg3_cartographer) by extension 'ignore'
[0.376s] Level 1:colcon.colcon_core.package_identification:_identify(src/gpg3_cartographer) by extension 'ignore_ament_install'
[0.376s] Level 1:colcon.colcon_core.package_identification:_identify(src/gpg3_cartographer) by extensions ['colcon_pkg']
[0.376s] Level 1:colcon.colcon_core.package_identification:_identify(src/gpg3_cartographer) by extension 'colcon_pkg'
[0.376s] Level 1:colcon.colcon_core.package_identification:_identify(src/gpg3_cartographer) by extensions ['colcon_meta']
[0.376s] Level 1:colcon.colcon_core.package_identification:_identify(src/gpg3_cartographer) by extension 'colcon_meta'
[0.376s] Level 1:colcon.colcon_core.package_identification:_identify(src/gpg3_cartographer) by extensions ['ros']
[0.376s] Level 1:colcon.colcon_core.package_identification:_identify(src/gpg3_cartographer) by extension 'ros'
[0.379s] DEBUG:colcon.colcon_core.package_identification:Package 'src/gpg3_cartographer' with type 'ros.ament_cmake' and name 'gpg3_cartographer'
[0.380s] Level 1:colcon.colcon_core.package_identification:_identify(src/gpg3_fake_node) by extensions ['ignore', 'ignore_ament_install']
[0.380s] Level 1:colcon.colcon_core.package_identification:_identify(src/gpg3_fake_node) by extension 'ignore'
[0.380s] Level 1:colcon.colcon_core.package_identification:_identify(src/gpg3_fake_node) by extension 'ignore_ament_install'
[0.380s] Level 1:colcon.colcon_core.package_identification:_identify(src/gpg3_fake_node) by extensions ['colcon_pkg']
[0.380s] Level 1:colcon.colcon_core.package_identification:_identify(src/gpg3_fake_node) by extension 'colcon_pkg'
[0.380s] Level 1:colcon.colcon_core.package_identification:_identify(src/gpg3_fake_node) by extensions ['colcon_meta']
[0.380s] Level 1:colcon.colcon_core.package_identification:_identify(src/gpg3_fake_node) by extension 'colcon_meta'
[0.380s] Level 1:colcon.colcon_core.package_identification:_identify(src/gpg3_fake_node) by extensions ['ros']
[0.380s] Level 1:colcon.colcon_core.package_identification:_identify(src/gpg3_fake_node) by extension 'ros'
[0.382s] DEBUG:colcon.colcon_core.package_identification:Package 'src/gpg3_fake_node' with type 'ros.ament_cmake' and name 'gpg3_fake_node'
[0.382s] Level 1:colcon.colcon_core.package_identification:_identify(src/gpg3_gazebo) by extensions ['ignore', 'ignore_ament_install']
[0.382s] Level 1:colcon.colcon_core.package_identification:_identify(src/gpg3_gazebo) by extension 'ignore'
[0.382s] Level 1:colcon.colcon_core.package_identification:_identify(src/gpg3_gazebo) by extension 'ignore_ament_install'
[0.382s] Level 1:colcon.colcon_core.package_identification:_identify(src/gpg3_gazebo) by extensions ['colcon_pkg']
[0.382s] Level 1:colcon.colcon_core.package_identification:_identify(src/gpg3_gazebo) by extension 'colcon_pkg'
[0.382s] Level 1:colcon.colcon_core.package_identification:_identify(src/gpg3_gazebo) by extensions ['colcon_meta']
[0.382s] Level 1:colcon.colcon_core.package_identification:_identify(src/gpg3_gazebo) by extension 'colcon_meta'
[0.383s] Level 1:colcon.colcon_core.package_identification:_identify(src/gpg3_gazebo) by extensions ['ros']
[0.383s] Level 1:colcon.colcon_core.package_identification:_identify(src/gpg3_gazebo) by extension 'ros'
[0.384s] DEBUG:colcon.colcon_core.package_identification:Package 'src/gpg3_gazebo' with type 'ros.ament_cmake' and name 'gpg3_gazebo'
[0.384s] Level 1:colcon.colcon_core.package_identification:_identify(src/gpg3_msgs) by extensions ['ignore', 'ignore_ament_install']
[0.384s] Level 1:colcon.colcon_core.package_identification:_identify(src/gpg3_msgs) by extension 'ignore'
[0.384s] Level 1:colcon.colcon_core.package_identification:_identify(src/gpg3_msgs) by extension 'ignore_ament_install'
[0.384s] Level 1:colcon.colcon_core.package_identification:_identify(src/gpg3_msgs) by extensions ['colcon_pkg']
[0.384s] Level 1:colcon.colcon_core.package_identification:_identify(src/gpg3_msgs) by extension 'colcon_pkg'
[0.384s] Level 1:colcon.colcon_core.package_identification:_identify(src/gpg3_msgs) by extensions ['colcon_meta']
[0.384s] Level 1:colcon.colcon_core.package_identification:_identify(src/gpg3_msgs) by extension 'colcon_meta'
[0.385s] Level 1:colcon.colcon_core.package_identification:_identify(src/gpg3_msgs) by extensions ['ros']
[0.385s] Level 1:colcon.colcon_core.package_identification:_identify(src/gpg3_msgs) by extension 'ros'
[0.386s] DEBUG:colcon.colcon_core.package_identification:Package 'src/gpg3_msgs' with type 'ros.ament_cmake' and name 'gpg3_msgs'
[0.386s] Level 1:colcon.colcon_core.package_identification:_identify(src/gpg3_navigation2) by extensions ['ignore', 'ignore_ament_install']
[0.386s] Level 1:colcon.colcon_core.package_identification:_identify(src/gpg3_navigation2) by extension 'ignore'
[0.386s] Level 1:colcon.colcon_core.package_identification:_identify(src/gpg3_navigation2) by extension 'ignore_ament_install'
[0.386s] Level 1:colcon.colcon_core.package_identification:_identify(src/gpg3_navigation2) by extensions ['colcon_pkg']
[0.386s] Level 1:colcon.colcon_core.package_identification:_identify(src/gpg3_navigation2) by extension 'colcon_pkg'
[0.386s] Level 1:colcon.colcon_core.package_identification:_identify(src/gpg3_navigation2) by extensions ['colcon_meta']
[0.386s] Level 1:colcon.colcon_core.package_identification:_identify(src/gpg3_navigation2) by extension 'colcon_meta'
[0.386s] Level 1:colcon.colcon_core.package_identification:_identify(src/gpg3_navigation2) by extensions ['ros']
[0.386s] Level 1:colcon.colcon_core.package_identification:_identify(src/gpg3_navigation2) by extension 'ros'
[0.387s] DEBUG:colcon.colcon_core.package_identification:Package 'src/gpg3_navigation2' with type 'ros.ament_cmake' and name 'gpg3_navigation2'
[0.387s] Level 1:colcon.colcon_core.package_identification:_identify(src/gpg3_simulations) by extensions ['ignore', 'ignore_ament_install']
[0.387s] Level 1:colcon.colcon_core.package_identification:_identify(src/gpg3_simulations) by extension 'ignore'
[0.388s] Level 1:colcon.colcon_core.package_identification:_identify(src/gpg3_simulations) by extension 'ignore_ament_install'
[0.388s] Level 1:colcon.colcon_core.package_identification:_identify(src/gpg3_simulations) by extensions ['colcon_pkg']
[0.388s] Level 1:colcon.colcon_core.package_identification:_identify(src/gpg3_simulations) by extension 'colcon_pkg'
[0.388s] Level 1:colcon.colcon_core.package_identification:_identify(src/gpg3_simulations) by extensions ['colcon_meta']
[0.388s] Level 1:colcon.colcon_core.package_identification:_identify(src/gpg3_simulations) by extension 'colcon_meta'
[0.388s] Level 1:colcon.colcon_core.package_identification:_identify(src/gpg3_simulations) by extensions ['ros']
[0.388s] Level 1:colcon.colcon_core.package_identification:_identify(src/gpg3_simulations) by extension 'ros'
[0.389s] DEBUG:colcon.colcon_core.package_identification:Package 'src/gpg3_simulations' with type 'ros.ament_cmake' and name 'gpg3_simulations'
[0.389s] Level 1:colcon.colcon_core.package_discovery:discover_packages(recursive) using defaults
[0.389s] Level 1:colcon.colcon_core.package_discovery:discover_packages(ignore) discover
[0.389s] Level 1:colcon.colcon_core.package_discovery:discover_packages(ignore) using defaults
[0.389s] Level 1:colcon.colcon_core.package_discovery:discover_packages(path) discover
[0.389s] Level 1:colcon.colcon_core.package_discovery:discover_packages(path) using defaults
[0.428s] INFO:colcon.colcon_core.package_selection:Skipping not selected package 'gpg3_cartographer' in 'src/gpg3_cartographer'
[0.428s] INFO:colcon.colcon_core.package_selection:Skipping not selected package 'gpg3_gazebo' in 'src/gpg3_gazebo'
[0.428s] INFO:colcon.colcon_core.package_selection:Skipping not selected package 'gpg3_msgs' in 'src/gpg3_msgs'
[0.428s] INFO:colcon.colcon_core.package_selection:Skipping not selected package 'gpg3_fake_node' in 'src/gpg3_fake_node'
[0.428s] INFO:colcon.colcon_core.package_selection:Skipping not selected package 'gpg3_simulations' in 'src/gpg3_simulations'
[0.429s] Level 1:colcon.colcon_core.package_discovery:discover_packages(prefix_path) check parameters
[0.429s] Level 1:colcon.colcon_core.package_discovery:discover_packages(prefix_path) discover
[0.431s] DEBUG:colcon.colcon_installed_package_information.package_discovery:Found 5 installed packages in /home/ubuntu/gopi5go_desk/simws/install
[0.432s] DEBUG:colcon.colcon_installed_package_information.package_discovery:Found 6 installed packages in /home/ubuntu/gopi5go_desk/ros2ws/install
[0.434s] DEBUG:colcon.colcon_installed_package_information.package_discovery:Found 413 installed packages in /opt/ros/humble
[0.435s] Level 1:colcon.colcon_core.package_discovery:discover_packages(prefix_path) using defaults
[0.485s] Level 5:colcon.colcon_core.verb:set package 'gpg3_navigation2' build argument 'cmake_args' from command line to 'None'
[0.485s] Level 5:colcon.colcon_core.verb:set package 'gpg3_navigation2' build argument 'cmake_target' from command line to 'None'
[0.485s] Level 5:colcon.colcon_core.verb:set package 'gpg3_navigation2' build argument 'cmake_target_skip_unavailable' from command line to 'False'
[0.485s] Level 5:colcon.colcon_core.verb:set package 'gpg3_navigation2' build argument 'cmake_clean_cache' from command line to 'False'
[0.485s] Level 5:colcon.colcon_core.verb:set package 'gpg3_navigation2' build argument 'cmake_clean_first' from command line to 'False'
[0.485s] Level 5:colcon.colcon_core.verb:set package 'gpg3_navigation2' build argument 'cmake_force_configure' from command line to 'False'
[0.485s] Level 5:colcon.colcon_core.verb:set package 'gpg3_navigation2' build argument 'ament_cmake_args' from command line to 'None'
[0.485s] Level 5:colcon.colcon_core.verb:set package 'gpg3_navigation2' build argument 'catkin_cmake_args' from command line to 'None'
[0.485s] Level 5:colcon.colcon_core.verb:set package 'gpg3_navigation2' build argument 'catkin_skip_building_tests' from command line to 'False'
[0.485s] DEBUG:colcon.colcon_core.verb:Building package 'gpg3_navigation2' with the following arguments: {'ament_cmake_args': None, 'build_base': '/home/ubuntu/gopi5go_desk/simws/build/gpg3_navigation2', 'catkin_cmake_args': None, 'catkin_skip_building_tests': False, 'cmake_args': None, 'cmake_clean_cache': False, 'cmake_clean_first': False, 'cmake_force_configure': False, 'cmake_target': None, 'cmake_target_skip_unavailable': False, 'install_base': '/home/ubuntu/gopi5go_desk/simws/install/gpg3_navigation2', 'merge_install': False, 'path': '/home/ubuntu/gopi5go_desk/simws/src/gpg3_navigation2', 'symlink_install': False, 'test_result_base': None}
[0.485s] INFO:colcon.colcon_core.executor:Executing jobs using 'parallel' executor
[0.486s] DEBUG:colcon.colcon_parallel_executor.executor.parallel:run_until_complete
[0.487s] INFO:colcon.colcon_ros.task.ament_cmake.build:Building ROS package in '/home/ubuntu/gopi5go_desk/simws/src/gpg3_navigation2' with build type 'ament_cmake'
[0.487s] INFO:colcon.colcon_cmake.task.cmake.build:Building CMake package in '/home/ubuntu/gopi5go_desk/simws/src/gpg3_navigation2'
[0.489s] INFO:colcon.colcon_core.plugin_system:Skipping extension 'colcon_core.shell.bat': Not used on non-Windows systems
[0.489s] INFO:colcon.colcon_core.shell:Skip shell extension 'powershell' for command environment: Not usable outside of PowerShell
[0.489s] DEBUG:colcon.colcon_core.shell:Skip shell extension 'dsv' for command environment
[0.500s] DEBUG:colcon.colcon_core.event_handler.log_command:Invoking command in '/home/ubuntu/gopi5go_desk/simws/build/gpg3_navigation2': CMAKE_PREFIX_PATH=${CMAKE_PREFIX_PATH}:/home/ubuntu/gopi5go_desk/ros2ws/install/teleop_gopigo3_keyboard:/home/ubuntu/gopi5go_desk/ros2ws/install/scan_client:/home/ubuntu/gopi5go_desk/ros2ws/install/gopi5go_dave:/home/ubuntu/gopi5go_desk/ros2ws/install/explorer_wanderer:/opt/ros/humble /usr/bin/cmake /home/ubuntu/gopi5go_desk/simws/src/gpg3_navigation2 -DCMAKE_INSTALL_PREFIX=/home/ubuntu/gopi5go_desk/simws/install/gpg3_navigation2
[1.286s] DEBUG:colcon.colcon_core.event_handler.log_command:Invoked command in '/home/ubuntu/gopi5go_desk/simws/build/gpg3_navigation2' returned '0': CMAKE_PREFIX_PATH=${CMAKE_PREFIX_PATH}:/home/ubuntu/gopi5go_desk/ros2ws/install/teleop_gopigo3_keyboard:/home/ubuntu/gopi5go_desk/ros2ws/install/scan_client:/home/ubuntu/gopi5go_desk/ros2ws/install/gopi5go_dave:/home/ubuntu/gopi5go_desk/ros2ws/install/explorer_wanderer:/opt/ros/humble /usr/bin/cmake /home/ubuntu/gopi5go_desk/simws/src/gpg3_navigation2 -DCMAKE_INSTALL_PREFIX=/home/ubuntu/gopi5go_desk/simws/install/gpg3_navigation2
[1.288s] DEBUG:colcon.colcon_core.event_handler.log_command:Invoking command in '/home/ubuntu/gopi5go_desk/simws/build/gpg3_navigation2': CMAKE_PREFIX_PATH=${CMAKE_PREFIX_PATH}:/home/ubuntu/gopi5go_desk/ros2ws/install/teleop_gopigo3_keyboard:/home/ubuntu/gopi5go_desk/ros2ws/install/scan_client:/home/ubuntu/gopi5go_desk/ros2ws/install/gopi5go_dave:/home/ubuntu/gopi5go_desk/ros2ws/install/explorer_wanderer:/opt/ros/humble /usr/bin/cmake --build /home/ubuntu/gopi5go_desk/simws/build/gpg3_navigation2 -- -j4 -l4
[1.344s] DEBUG:colcon.colcon_core.event_handler.log_command:Invoked command in '/home/ubuntu/gopi5go_desk/simws/build/gpg3_navigation2' returned '0': CMAKE_PREFIX_PATH=${CMAKE_PREFIX_PATH}:/home/ubuntu/gopi5go_desk/ros2ws/install/teleop_gopigo3_keyboard:/home/ubuntu/gopi5go_desk/ros2ws/install/scan_client:/home/ubuntu/gopi5go_desk/ros2ws/install/gopi5go_dave:/home/ubuntu/gopi5go_desk/ros2ws/install/explorer_wanderer:/opt/ros/humble /usr/bin/cmake --build /home/ubuntu/gopi5go_desk/simws/build/gpg3_navigation2 -- -j4 -l4
[1.404s] DEBUG:colcon.colcon_core.event_handler.log_command:Invoking command in '/home/ubuntu/gopi5go_desk/simws/build/gpg3_navigation2': CMAKE_PREFIX_PATH=${CMAKE_PREFIX_PATH}:/home/ubuntu/gopi5go_desk/ros2ws/install/teleop_gopigo3_keyboard:/home/ubuntu/gopi5go_desk/ros2ws/install/scan_client:/home/ubuntu/gopi5go_desk/ros2ws/install/gopi5go_dave:/home/ubuntu/gopi5go_desk/ros2ws/install/explorer_wanderer:/opt/ros/humble /usr/bin/cmake --install /home/ubuntu/gopi5go_desk/simws/build/gpg3_navigation2
[1.420s] Level 1:colcon.colcon_core.environment:create_environment_scripts_only(gpg3_navigation2)
[1.421s] DEBUG:colcon.colcon_core.event_handler.log_command:Invoked command in '/home/ubuntu/gopi5go_desk/simws/build/gpg3_navigation2' returned '0': CMAKE_PREFIX_PATH=${CMAKE_PREFIX_PATH}:/home/ubuntu/gopi5go_desk/ros2ws/install/teleop_gopigo3_keyboard:/home/ubuntu/gopi5go_desk/ros2ws/install/scan_client:/home/ubuntu/gopi5go_desk/ros2ws/install/gopi5go_dave:/home/ubuntu/gopi5go_desk/ros2ws/install/explorer_wanderer:/opt/ros/humble /usr/bin/cmake --install /home/ubuntu/gopi5go_desk/simws/build/gpg3_navigation2
[1.423s] Level 1:colcon.colcon_core.environment:checking '/home/ubuntu/gopi5go_desk/simws/install/gpg3_navigation2' for CMake module files
[1.424s] Level 1:colcon.colcon_core.environment:checking '/home/ubuntu/gopi5go_desk/simws/install/gpg3_navigation2' for CMake config files
[1.424s] Level 1:colcon.colcon_core.shell:create_environment_hook('gpg3_navigation2', 'cmake_prefix_path')
[1.425s] INFO:colcon.colcon_core.shell:Creating environment hook '/home/ubuntu/gopi5go_desk/simws/install/gpg3_navigation2/share/gpg3_navigation2/hook/cmake_prefix_path.ps1'
[1.426s] INFO:colcon.colcon_core.shell:Creating environment descriptor '/home/ubuntu/gopi5go_desk/simws/install/gpg3_navigation2/share/gpg3_navigation2/hook/cmake_prefix_path.dsv'
[1.427s] INFO:colcon.colcon_core.shell:Creating environment hook '/home/ubuntu/gopi5go_desk/simws/install/gpg3_navigation2/share/gpg3_navigation2/hook/cmake_prefix_path.sh'
[1.429s] Level 1:colcon.colcon_core.environment:checking '/home/ubuntu/gopi5go_desk/simws/install/gpg3_navigation2/bin'
[1.429s] Level 1:colcon.colcon_core.environment:checking '/home/ubuntu/gopi5go_desk/simws/install/gpg3_navigation2/lib/pkgconfig/gpg3_navigation2.pc'
[1.430s] Level 1:colcon.colcon_core.environment:checking '/home/ubuntu/gopi5go_desk/simws/install/gpg3_navigation2/lib/python3.10/site-packages'
[1.430s] Level 1:colcon.colcon_core.environment:checking '/home/ubuntu/gopi5go_desk/simws/install/gpg3_navigation2/bin'
[1.430s] INFO:colcon.colcon_core.shell:Creating package script '/home/ubuntu/gopi5go_desk/simws/install/gpg3_navigation2/share/gpg3_navigation2/package.ps1'
[1.431s] INFO:colcon.colcon_core.shell:Creating package descriptor '/home/ubuntu/gopi5go_desk/simws/install/gpg3_navigation2/share/gpg3_navigation2/package.dsv'
[1.432s] INFO:colcon.colcon_core.shell:Creating package script '/home/ubuntu/gopi5go_desk/simws/install/gpg3_navigation2/share/gpg3_navigation2/package.sh'
[1.433s] INFO:colcon.colcon_core.shell:Creating package script '/home/ubuntu/gopi5go_desk/simws/install/gpg3_navigation2/share/gpg3_navigation2/package.bash'
[1.433s] INFO:colcon.colcon_core.shell:Creating package script '/home/ubuntu/gopi5go_desk/simws/install/gpg3_navigation2/share/gpg3_navigation2/package.zsh'
[1.434s] Level 1:colcon.colcon_core.environment:create_file_with_runtime_dependencies(/home/ubuntu/gopi5go_desk/simws/install/gpg3_navigation2/share/colcon-core/packages/gpg3_navigation2)
[1.477s] Level 1:colcon.colcon_core.environment:create_environment_scripts_only(gpg3_navigation2)
[1.477s] Level 1:colcon.colcon_core.environment:checking '/home/ubuntu/gopi5go_desk/simws/install/gpg3_navigation2' for CMake module files
[1.477s] Level 1:colcon.colcon_core.environment:checking '/home/ubuntu/gopi5go_desk/simws/install/gpg3_navigation2' for CMake config files
[1.478s] Level 1:colcon.colcon_core.shell:create_environment_hook('gpg3_navigation2', 'cmake_prefix_path')
[1.478s] INFO:colcon.colcon_core.shell:Creating environment hook '/home/ubuntu/gopi5go_desk/simws/install/gpg3_navigation2/share/gpg3_navigation2/hook/cmake_prefix_path.ps1'
[1.478s] INFO:colcon.colcon_core.shell:Creating environment descriptor '/home/ubuntu/gopi5go_desk/simws/install/gpg3_navigation2/share/gpg3_navigation2/hook/cmake_prefix_path.dsv'
[1.479s] INFO:colcon.colcon_core.shell:Creating environment hook '/home/ubuntu/gopi5go_desk/simws/install/gpg3_navigation2/share/gpg3_navigation2/hook/cmake_prefix_path.sh'
[1.480s] Level 1:colcon.colcon_core.environment:checking '/home/ubuntu/gopi5go_desk/simws/install/gpg3_navigation2/bin'
[1.480s] Level 1:colcon.colcon_core.environment:checking '/home/ubuntu/gopi5go_desk/simws/install/gpg3_navigation2/lib/pkgconfig/gpg3_navigation2.pc'
[1.480s] Level 1:colcon.colcon_core.environment:checking '/home/ubuntu/gopi5go_desk/simws/install/gpg3_navigation2/lib/python3.10/site-packages'
[1.480s] Level 1:colcon.colcon_core.environment:checking '/home/ubuntu/gopi5go_desk/simws/install/gpg3_navigation2/bin'
[1.480s] INFO:colcon.colcon_core.shell:Creating package script '/home/ubuntu/gopi5go_desk/simws/install/gpg3_navigation2/share/gpg3_navigation2/package.ps1'
[1.481s] INFO:colcon.colcon_core.shell:Creating package descriptor '/home/ubuntu/gopi5go_desk/simws/install/gpg3_navigation2/share/gpg3_navigation2/package.dsv'
[1.481s] INFO:colcon.colcon_core.shell:Creating package script '/home/ubuntu/gopi5go_desk/simws/install/gpg3_navigation2/share/gpg3_navigation2/package.sh'
[1.482s] INFO:colcon.colcon_core.shell:Creating package script '/home/ubuntu/gopi5go_desk/simws/install/gpg3_navigation2/share/gpg3_navigation2/package.bash'
[1.482s] INFO:colcon.colcon_core.shell:Creating package script '/home/ubuntu/gopi5go_desk/simws/install/gpg3_navigation2/share/gpg3_navigation2/package.zsh'
[1.483s] Level 1:colcon.colcon_core.environment:create_file_with_runtime_dependencies(/home/ubuntu/gopi5go_desk/simws/install/gpg3_navigation2/share/colcon-core/packages/gpg3_navigation2)
[1.483s] DEBUG:colcon.colcon_parallel_executor.executor.parallel:closing loop
[1.483s] DEBUG:colcon.colcon_parallel_executor.executor.parallel:loop closed
[1.484s] DEBUG:colcon.colcon_parallel_executor.executor.parallel:run_until_complete finished with '0'
[1.484s] DEBUG:colcon.colcon_core.event_reactor:joining thread
[1.489s] INFO:colcon.colcon_core.plugin_system:Skipping extension 'colcon_notification.desktop_notification.terminal_notifier': Not used on non-Darwin systems
[1.489s] INFO:colcon.colcon_core.plugin_system:Skipping extension 'colcon_notification.desktop_notification.win32': Not used on non-Windows systems
[1.489s] INFO:colcon.colcon_notification.desktop_notification:Sending desktop notification using 'notify2'
[1.499s] DEBUG:colcon.colcon_core.event_reactor:joined thread
[1.500s] INFO:colcon.colcon_core.shell:Creating prefix script '/home/ubuntu/gopi5go_desk/simws/install/local_setup.ps1'
[1.501s] INFO:colcon.colcon_core.shell:Creating prefix util module '/home/ubuntu/gopi5go_desk/simws/install/_local_setup_util_ps1.py'
[1.502s] INFO:colcon.colcon_core.shell:Creating prefix chain script '/home/ubuntu/gopi5go_desk/simws/install/setup.ps1'
[1.505s] INFO:colcon.colcon_core.shell:Creating prefix script '/home/ubuntu/gopi5go_desk/simws/install/local_setup.sh'
[1.507s] INFO:colcon.colcon_core.shell:Creating prefix util module '/home/ubuntu/gopi5go_desk/simws/install/_local_setup_util_sh.py'
[1.507s] INFO:colcon.colcon_core.shell:Creating prefix chain script '/home/ubuntu/gopi5go_desk/simws/install/setup.sh'
[1.509s] INFO:colcon.colcon_core.shell:Creating prefix script '/home/ubuntu/gopi5go_desk/simws/install/local_setup.bash'
[1.510s] INFO:colcon.colcon_core.shell:Creating prefix chain script '/home/ubuntu/gopi5go_desk/simws/install/setup.bash'
[1.512s] INFO:colcon.colcon_core.shell:Creating prefix script '/home/ubuntu/gopi5go_desk/simws/install/local_setup.zsh'
[1.512s] INFO:colcon.colcon_core.shell:Creating prefix chain script '/home/ubuntu/gopi5go_desk/simws/install/setup.zsh'
