[0.121s] DEBUG:colcon:Command line arguments: ['/usr/bin/colcon', 'build', '--packages-select', 'gpg3_cartographer']
[0.121s] DEBUG:colcon:Parsed command line arguments: Namespace(log_base=None, log_level=None, verb_name='build', build_base='build', install_base='install', merge_install=False, symlink_install=False, test_result_base=None, continue_on_error=False, executor='parallel', parallel_workers=4, event_handlers=None, ignore_user_meta=False, metas=['./colcon.meta'], base_paths=['.'], packages_ignore=None, packages_ignore_regex=None, paths=None, packages_up_to=None, packages_up_to_regex=None, packages_above=None, packages_above_and_dependencies=None, packages_above_depth=None, packages_select_by_dep=None, packages_skip_by_dep=None, packages_skip_up_to=None, packages_select_build_failed=False, packages_skip_build_finished=False, packages_select_test_failures=False, packages_skip_test_passed=False, packages_select=['gpg3_cartographer'], packages_skip=None, packages_select_regex=None, packages_skip_regex=None, packages_start=None, packages_end=None, allow_overriding=[], cmake_args=None, cmake_target=None, cmake_target_skip_unavailable=False, cmake_clean_cache=False, cmake_clean_first=False, cmake_force_configure=False, ament_cmake_args=None, catkin_cmake_args=None, catkin_skip_building_tests=False, mixin_files=None, mixin=None, verb_parser=<colcon_mixin.mixin.mixin_argument.MixinArgumentDecorator object at 0x77cbc0a33520>, verb_extension=<colcon_core.verb.build.BuildVerb object at 0x77cbc0b27c10>, main=<bound method BuildVerb.main of <colcon_core.verb.build.BuildVerb object at 0x77cbc0b27c10>>, mixin_verb=('build',))
[0.296s] Level 1:colcon.colcon_core.package_discovery:discover_packages(colcon_meta) check parameters
[0.297s] Level 1:colcon.colcon_core.package_discovery:discover_packages(recursive) check parameters
[0.297s] Level 1:colcon.colcon_core.package_discovery:discover_packages(ignore) check parameters
[0.297s] Level 1:colcon.colcon_core.package_discovery:discover_packages(path) check parameters
[0.297s] Level 1:colcon.colcon_core.package_discovery:discover_packages(colcon_meta) discover
[0.297s] Level 1:colcon.colcon_core.package_discovery:discover_packages(recursive) discover
[0.297s] INFO:colcon.colcon_core.package_discovery:Crawling recursively for packages in '/home/ubuntu/gopi5go_desk/simws'
[0.297s] Level 1:colcon.colcon_core.package_identification:_identify(.) by extensions ['ignore', 'ignore_ament_install']
[0.297s] Level 1:colcon.colcon_core.package_identification:_identify(.) by extension 'ignore'
[0.297s] Level 1:colcon.colcon_core.package_identification:_identify(.) by extension 'ignore_ament_install'
[0.297s] Level 1:colcon.colcon_core.package_identification:_identify(.) by extensions ['colcon_pkg']
[0.297s] Level 1:colcon.colcon_core.package_identification:_identify(.) by extension 'colcon_pkg'
[0.297s] Level 1:colcon.colcon_core.package_identification:_identify(.) by extensions ['colcon_meta']
[0.297s] Level 1:colcon.colcon_core.package_identification:_identify(.) by extension 'colcon_meta'
[0.297s] Level 1:colcon.colcon_core.package_identification:_identify(.) by extensions ['ros']
[0.297s] Level 1:colcon.colcon_core.package_identification:_identify(.) by extension 'ros'
[0.308s] Level 1:colcon.colcon_core.package_identification:_identify(.) by extensions ['cmake', 'python']
[0.308s] Level 1:colcon.colcon_core.package_identification:_identify(.) by extension 'cmake'
[0.308s] Level 1:colcon.colcon_core.package_identification:_identify(.) by extension 'python'
[0.308s] Level 1:colcon.colcon_core.package_identification:_identify(.) by extensions ['python_setup_py']
[0.308s] Level 1:colcon.colcon_core.package_identification:_identify(.) by extension 'python_setup_py'
[0.308s] Level 1:colcon.colcon_core.package_identification:_identify(build) by extensions ['ignore', 'ignore_ament_install']
[0.308s] Level 1:colcon.colcon_core.package_identification:_identify(build) by extension 'ignore'
[0.308s] Level 1:colcon.colcon_core.package_identification:_identify(build) ignored
[0.309s] Level 1:colcon.colcon_core.package_identification:_identify(install) by extensions ['ignore', 'ignore_ament_install']
[0.309s] Level 1:colcon.colcon_core.package_identification:_identify(install) by extension 'ignore'
[0.309s] Level 1:colcon.colcon_core.package_identification:_identify(install) ignored
[0.309s] Level 1:colcon.colcon_core.package_identification:_identify(log) by extensions ['ignore', 'ignore_ament_install']
[0.309s] Level 1:colcon.colcon_core.package_identification:_identify(log) by extension 'ignore'
[0.309s] Level 1:colcon.colcon_core.package_identification:_identify(log) ignored
[0.309s] Level 1:colcon.colcon_core.package_identification:_identify(src) by extensions ['ignore', 'ignore_ament_install']
[0.309s] Level 1:colcon.colcon_core.package_identification:_identify(src) by extension 'ignore'
[0.309s] Level 1:colcon.colcon_core.package_identification:_identify(src) by extension 'ignore_ament_install'
[0.309s] Level 1:colcon.colcon_core.package_identification:_identify(src) by extensions ['colcon_pkg']
[0.309s] Level 1:colcon.colcon_core.package_identification:_identify(src) by extension 'colcon_pkg'
[0.309s] Level 1:colcon.colcon_core.package_identification:_identify(src) by extensions ['colcon_meta']
[0.309s] Level 1:colcon.colcon_core.package_identification:_identify(src) by extension 'colcon_meta'
[0.309s] Level 1:colcon.colcon_core.package_identification:_identify(src) by extensions ['ros']
[0.309s] Level 1:colcon.colcon_core.package_identification:_identify(src) by extension 'ros'
[0.310s] Level 1:colcon.colcon_core.package_identification:_identify(src) by extensions ['cmake', 'python']
[0.310s] Level 1:colcon.colcon_core.package_identification:_identify(src) by extension 'cmake'
[0.310s] Level 1:colcon.colcon_core.package_identification:_identify(src) by extension 'python'
[0.310s] Level 1:colcon.colcon_core.package_identification:_identify(src) by extensions ['python_setup_py']
[0.310s] Level 1:colcon.colcon_core.package_identification:_identify(src) by extension 'python_setup_py'
[0.310s] Level 1:colcon.colcon_core.package_identification:_identify(src/gpg3_cartographer) by extensions ['ignore', 'ignore_ament_install']
[0.310s] Level 1:colcon.colcon_core.package_identification:_identify(src/gpg3_cartographer) by extension 'ignore'
[0.310s] Level 1:colcon.colcon_core.package_identification:_identify(src/gpg3_cartographer) by extension 'ignore_ament_install'
[0.310s] Level 1:colcon.colcon_core.package_identification:_identify(src/gpg3_cartographer) by extensions ['colcon_pkg']
[0.310s] Level 1:colcon.colcon_core.package_identification:_identify(src/gpg3_cartographer) by extension 'colcon_pkg'
[0.310s] Level 1:colcon.colcon_core.package_identification:_identify(src/gpg3_cartographer) by extensions ['colcon_meta']
[0.310s] Level 1:colcon.colcon_core.package_identification:_identify(src/gpg3_cartographer) by extension 'colcon_meta'
[0.310s] Level 1:colcon.colcon_core.package_identification:_identify(src/gpg3_cartographer) by extensions ['ros']
[0.310s] Level 1:colcon.colcon_core.package_identification:_identify(src/gpg3_cartographer) by extension 'ros'
[0.312s] DEBUG:colcon.colcon_core.package_identification:Package 'src/gpg3_cartographer' with type 'ros.ament_cmake' and name 'gpg3_cartographer'
[0.312s] Level 1:colcon.colcon_core.package_identification:_identify(src/gpg3_fake_node) by extensions ['ignore', 'ignore_ament_install']
[0.312s] Level 1:colcon.colcon_core.package_identification:_identify(src/gpg3_fake_node) by extension 'ignore'
[0.312s] Level 1:colcon.colcon_core.package_identification:_identify(src/gpg3_fake_node) by extension 'ignore_ament_install'
[0.312s] Level 1:colcon.colcon_core.package_identification:_identify(src/gpg3_fake_node) by extensions ['colcon_pkg']
[0.313s] Level 1:colcon.colcon_core.package_identification:_identify(src/gpg3_fake_node) by extension 'colcon_pkg'
[0.313s] Level 1:colcon.colcon_core.package_identification:_identify(src/gpg3_fake_node) by extensions ['colcon_meta']
[0.313s] Level 1:colcon.colcon_core.package_identification:_identify(src/gpg3_fake_node) by extension 'colcon_meta'
[0.313s] Level 1:colcon.colcon_core.package_identification:_identify(src/gpg3_fake_node) by extensions ['ros']
[0.313s] Level 1:colcon.colcon_core.package_identification:_identify(src/gpg3_fake_node) by extension 'ros'
[0.314s] DEBUG:colcon.colcon_core.package_identification:Package 'src/gpg3_fake_node' with type 'ros.ament_cmake' and name 'gpg3_fake_node'
[0.314s] Level 1:colcon.colcon_core.package_identification:_identify(src/gpg3_gazebo) by extensions ['ignore', 'ignore_ament_install']
[0.314s] Level 1:colcon.colcon_core.package_identification:_identify(src/gpg3_gazebo) by extension 'ignore'
[0.314s] Level 1:colcon.colcon_core.package_identification:_identify(src/gpg3_gazebo) by extension 'ignore_ament_install'
[0.314s] Level 1:colcon.colcon_core.package_identification:_identify(src/gpg3_gazebo) by extensions ['colcon_pkg']
[0.314s] Level 1:colcon.colcon_core.package_identification:_identify(src/gpg3_gazebo) by extension 'colcon_pkg'
[0.314s] Level 1:colcon.colcon_core.package_identification:_identify(src/gpg3_gazebo) by extensions ['colcon_meta']
[0.314s] Level 1:colcon.colcon_core.package_identification:_identify(src/gpg3_gazebo) by extension 'colcon_meta'
[0.314s] Level 1:colcon.colcon_core.package_identification:_identify(src/gpg3_gazebo) by extensions ['ros']
[0.314s] Level 1:colcon.colcon_core.package_identification:_identify(src/gpg3_gazebo) by extension 'ros'
[0.315s] DEBUG:colcon.colcon_core.package_identification:Package 'src/gpg3_gazebo' with type 'ros.ament_cmake' and name 'gpg3_gazebo'
[0.315s] Level 1:colcon.colcon_core.package_identification:_identify(src/gpg3_msgs) by extensions ['ignore', 'ignore_ament_install']
[0.315s] Level 1:colcon.colcon_core.package_identification:_identify(src/gpg3_msgs) by extension 'ignore'
[0.315s] Level 1:colcon.colcon_core.package_identification:_identify(src/gpg3_msgs) by extension 'ignore_ament_install'
[0.315s] Level 1:colcon.colcon_core.package_identification:_identify(src/gpg3_msgs) by extensions ['colcon_pkg']
[0.315s] Level 1:colcon.colcon_core.package_identification:_identify(src/gpg3_msgs) by extension 'colcon_pkg'
[0.315s] Level 1:colcon.colcon_core.package_identification:_identify(src/gpg3_msgs) by extensions ['colcon_meta']
[0.316s] Level 1:colcon.colcon_core.package_identification:_identify(src/gpg3_msgs) by extension 'colcon_meta'
[0.316s] Level 1:colcon.colcon_core.package_identification:_identify(src/gpg3_msgs) by extensions ['ros']
[0.316s] Level 1:colcon.colcon_core.package_identification:_identify(src/gpg3_msgs) by extension 'ros'
[0.316s] DEBUG:colcon.colcon_core.package_identification:Package 'src/gpg3_msgs' with type 'ros.ament_cmake' and name 'gpg3_msgs'
[0.316s] Level 1:colcon.colcon_core.package_identification:_identify(src/gpg3_simulations) by extensions ['ignore', 'ignore_ament_install']
[0.316s] Level 1:colcon.colcon_core.package_identification:_identify(src/gpg3_simulations) by extension 'ignore'
[0.317s] Level 1:colcon.colcon_core.package_identification:_identify(src/gpg3_simulations) by extension 'ignore_ament_install'
[0.317s] Level 1:colcon.colcon_core.package_identification:_identify(src/gpg3_simulations) by extensions ['colcon_pkg']
[0.317s] Level 1:colcon.colcon_core.package_identification:_identify(src/gpg3_simulations) by extension 'colcon_pkg'
[0.317s] Level 1:colcon.colcon_core.package_identification:_identify(src/gpg3_simulations) by extensions ['colcon_meta']
[0.317s] Level 1:colcon.colcon_core.package_identification:_identify(src/gpg3_simulations) by extension 'colcon_meta'
[0.317s] Level 1:colcon.colcon_core.package_identification:_identify(src/gpg3_simulations) by extensions ['ros']
[0.317s] Level 1:colcon.colcon_core.package_identification:_identify(src/gpg3_simulations) by extension 'ros'
[0.317s] DEBUG:colcon.colcon_core.package_identification:Package 'src/gpg3_simulations' with type 'ros.ament_cmake' and name 'gpg3_simulations'
[0.317s] Level 1:colcon.colcon_core.package_discovery:discover_packages(recursive) using defaults
[0.317s] Level 1:colcon.colcon_core.package_discovery:discover_packages(ignore) discover
[0.317s] Level 1:colcon.colcon_core.package_discovery:discover_packages(ignore) using defaults
[0.317s] Level 1:colcon.colcon_core.package_discovery:discover_packages(path) discover
[0.317s] Level 1:colcon.colcon_core.package_discovery:discover_packages(path) using defaults
[0.346s] INFO:colcon.colcon_core.package_selection:Skipping not selected package 'gpg3_gazebo' in 'src/gpg3_gazebo'
[0.346s] INFO:colcon.colcon_core.package_selection:Skipping not selected package 'gpg3_msgs' in 'src/gpg3_msgs'
[0.346s] INFO:colcon.colcon_core.package_selection:Skipping not selected package 'gpg3_fake_node' in 'src/gpg3_fake_node'
[0.346s] INFO:colcon.colcon_core.package_selection:Skipping not selected package 'gpg3_simulations' in 'src/gpg3_simulations'
[0.347s] Level 1:colcon.colcon_core.package_discovery:discover_packages(prefix_path) check parameters
[0.347s] Level 1:colcon.colcon_core.package_discovery:discover_packages(prefix_path) discover
[0.349s] DEBUG:colcon.colcon_installed_package_information.package_discovery:Found 4 installed packages in /home/ubuntu/gopi5go_desk/simws/install
[0.349s] DEBUG:colcon.colcon_installed_package_information.package_discovery:Found 6 installed packages in /home/ubuntu/gopi5go_desk/ros2ws/install
[0.351s] DEBUG:colcon.colcon_installed_package_information.package_discovery:Found 413 installed packages in /opt/ros/humble
[0.352s] Level 1:colcon.colcon_core.package_discovery:discover_packages(prefix_path) using defaults
[0.405s] Level 5:colcon.colcon_core.verb:set package 'gpg3_cartographer' build argument 'cmake_args' from command line to 'None'
[0.405s] Level 5:colcon.colcon_core.verb:set package 'gpg3_cartographer' build argument 'cmake_target' from command line to 'None'
[0.405s] Level 5:colcon.colcon_core.verb:set package 'gpg3_cartographer' build argument 'cmake_target_skip_unavailable' from command line to 'False'
[0.405s] Level 5:colcon.colcon_core.verb:set package 'gpg3_cartographer' build argument 'cmake_clean_cache' from command line to 'False'
[0.405s] Level 5:colcon.colcon_core.verb:set package 'gpg3_cartographer' build argument 'cmake_clean_first' from command line to 'False'
[0.405s] Level 5:colcon.colcon_core.verb:set package 'gpg3_cartographer' build argument 'cmake_force_configure' from command line to 'False'
[0.405s] Level 5:colcon.colcon_core.verb:set package 'gpg3_cartographer' build argument 'ament_cmake_args' from command line to 'None'
[0.405s] Level 5:colcon.colcon_core.verb:set package 'gpg3_cartographer' build argument 'catkin_cmake_args' from command line to 'None'
[0.405s] Level 5:colcon.colcon_core.verb:set package 'gpg3_cartographer' build argument 'catkin_skip_building_tests' from command line to 'False'
[0.405s] DEBUG:colcon.colcon_core.verb:Building package 'gpg3_cartographer' with the following arguments: {'ament_cmake_args': None, 'build_base': '/home/ubuntu/gopi5go_desk/simws/build/gpg3_cartographer', 'catkin_cmake_args': None, 'catkin_skip_building_tests': False, 'cmake_args': None, 'cmake_clean_cache': False, 'cmake_clean_first': False, 'cmake_force_configure': False, 'cmake_target': None, 'cmake_target_skip_unavailable': False, 'install_base': '/home/ubuntu/gopi5go_desk/simws/install/gpg3_cartographer', 'merge_install': False, 'path': '/home/ubuntu/gopi5go_desk/simws/src/gpg3_cartographer', 'symlink_install': False, 'test_result_base': None}
[0.405s] INFO:colcon.colcon_core.executor:Executing jobs using 'parallel' executor
[0.406s] DEBUG:colcon.colcon_parallel_executor.executor.parallel:run_until_complete
[0.407s] INFO:colcon.colcon_ros.task.ament_cmake.build:Building ROS package in '/home/ubuntu/gopi5go_desk/simws/src/gpg3_cartographer' with build type 'ament_cmake'
[0.407s] INFO:colcon.colcon_cmake.task.cmake.build:Building CMake package in '/home/ubuntu/gopi5go_desk/simws/src/gpg3_cartographer'
[0.409s] INFO:colcon.colcon_core.plugin_system:Skipping extension 'colcon_core.shell.bat': Not used on non-Windows systems
[0.409s] INFO:colcon.colcon_core.shell:Skip shell extension 'powershell' for command environment: Not usable outside of PowerShell
[0.409s] DEBUG:colcon.colcon_core.shell:Skip shell extension 'dsv' for command environment
[0.420s] DEBUG:colcon.colcon_core.event_handler.log_command:Invoking command in '/home/ubuntu/gopi5go_desk/simws/build/gpg3_cartographer': CMAKE_PREFIX_PATH=${CMAKE_PREFIX_PATH}:/home/ubuntu/gopi5go_desk/ros2ws/install/teleop_gopigo3_keyboard:/home/ubuntu/gopi5go_desk/ros2ws/install/scan_client:/home/ubuntu/gopi5go_desk/ros2ws/install/gopi5go_dave:/home/ubuntu/gopi5go_desk/ros2ws/install/explorer_wanderer:/opt/ros/humble /usr/bin/cmake /home/ubuntu/gopi5go_desk/simws/src/gpg3_cartographer -DCMAKE_INSTALL_PREFIX=/home/ubuntu/gopi5go_desk/simws/install/gpg3_cartographer
[1.164s] DEBUG:colcon.colcon_core.event_handler.log_command:Invoked command in '/home/ubuntu/gopi5go_desk/simws/build/gpg3_cartographer' returned '0': CMAKE_PREFIX_PATH=${CMAKE_PREFIX_PATH}:/home/ubuntu/gopi5go_desk/ros2ws/install/teleop_gopigo3_keyboard:/home/ubuntu/gopi5go_desk/ros2ws/install/scan_client:/home/ubuntu/gopi5go_desk/ros2ws/install/gopi5go_dave:/home/ubuntu/gopi5go_desk/ros2ws/install/explorer_wanderer:/opt/ros/humble /usr/bin/cmake /home/ubuntu/gopi5go_desk/simws/src/gpg3_cartographer -DCMAKE_INSTALL_PREFIX=/home/ubuntu/gopi5go_desk/simws/install/gpg3_cartographer
[1.165s] DEBUG:colcon.colcon_core.event_handler.log_command:Invoking command in '/home/ubuntu/gopi5go_desk/simws/build/gpg3_cartographer': CMAKE_PREFIX_PATH=${CMAKE_PREFIX_PATH}:/home/ubuntu/gopi5go_desk/ros2ws/install/teleop_gopigo3_keyboard:/home/ubuntu/gopi5go_desk/ros2ws/install/scan_client:/home/ubuntu/gopi5go_desk/ros2ws/install/gopi5go_dave:/home/ubuntu/gopi5go_desk/ros2ws/install/explorer_wanderer:/opt/ros/humble /usr/bin/cmake --build /home/ubuntu/gopi5go_desk/simws/build/gpg3_cartographer -- -j4 -l4
[1.215s] DEBUG:colcon.colcon_core.event_handler.log_command:Invoked command in '/home/ubuntu/gopi5go_desk/simws/build/gpg3_cartographer' returned '0': CMAKE_PREFIX_PATH=${CMAKE_PREFIX_PATH}:/home/ubuntu/gopi5go_desk/ros2ws/install/teleop_gopigo3_keyboard:/home/ubuntu/gopi5go_desk/ros2ws/install/scan_client:/home/ubuntu/gopi5go_desk/ros2ws/install/gopi5go_dave:/home/ubuntu/gopi5go_desk/ros2ws/install/explorer_wanderer:/opt/ros/humble /usr/bin/cmake --build /home/ubuntu/gopi5go_desk/simws/build/gpg3_cartographer -- -j4 -l4
[1.267s] DEBUG:colcon.colcon_core.event_handler.log_command:Invoking command in '/home/ubuntu/gopi5go_desk/simws/build/gpg3_cartographer': CMAKE_PREFIX_PATH=${CMAKE_PREFIX_PATH}:/home/ubuntu/gopi5go_desk/ros2ws/install/teleop_gopigo3_keyboard:/home/ubuntu/gopi5go_desk/ros2ws/install/scan_client:/home/ubuntu/gopi5go_desk/ros2ws/install/gopi5go_dave:/home/ubuntu/gopi5go_desk/ros2ws/install/explorer_wanderer:/opt/ros/humble /usr/bin/cmake --install /home/ubuntu/gopi5go_desk/simws/build/gpg3_cartographer
[1.281s] Level 1:colcon.colcon_core.environment:create_environment_scripts_only(gpg3_cartographer)
[1.282s] DEBUG:colcon.colcon_core.event_handler.log_command:Invoked command in '/home/ubuntu/gopi5go_desk/simws/build/gpg3_cartographer' returned '0': CMAKE_PREFIX_PATH=${CMAKE_PREFIX_PATH}:/home/ubuntu/gopi5go_desk/ros2ws/install/teleop_gopigo3_keyboard:/home/ubuntu/gopi5go_desk/ros2ws/install/scan_client:/home/ubuntu/gopi5go_desk/ros2ws/install/gopi5go_dave:/home/ubuntu/gopi5go_desk/ros2ws/install/explorer_wanderer:/opt/ros/humble /usr/bin/cmake --install /home/ubuntu/gopi5go_desk/simws/build/gpg3_cartographer
[1.284s] Level 1:colcon.colcon_core.environment:checking '/home/ubuntu/gopi5go_desk/simws/install/gpg3_cartographer' for CMake module files
[1.285s] Level 1:colcon.colcon_core.environment:checking '/home/ubuntu/gopi5go_desk/simws/install/gpg3_cartographer' for CMake config files
[1.285s] Level 1:colcon.colcon_core.shell:create_environment_hook('gpg3_cartographer', 'cmake_prefix_path')
[1.286s] INFO:colcon.colcon_core.shell:Creating environment hook '/home/ubuntu/gopi5go_desk/simws/install/gpg3_cartographer/share/gpg3_cartographer/hook/cmake_prefix_path.ps1'
[1.286s] INFO:colcon.colcon_core.shell:Creating environment descriptor '/home/ubuntu/gopi5go_desk/simws/install/gpg3_cartographer/share/gpg3_cartographer/hook/cmake_prefix_path.dsv'
[1.286s] INFO:colcon.colcon_core.shell:Creating environment hook '/home/ubuntu/gopi5go_desk/simws/install/gpg3_cartographer/share/gpg3_cartographer/hook/cmake_prefix_path.sh'
[1.287s] Level 1:colcon.colcon_core.environment:checking '/home/ubuntu/gopi5go_desk/simws/install/gpg3_cartographer/bin'
[1.287s] Level 1:colcon.colcon_core.environment:checking '/home/ubuntu/gopi5go_desk/simws/install/gpg3_cartographer/lib/pkgconfig/gpg3_cartographer.pc'
[1.288s] Level 1:colcon.colcon_core.environment:checking '/home/ubuntu/gopi5go_desk/simws/install/gpg3_cartographer/lib/python3.10/site-packages'
[1.288s] Level 1:colcon.colcon_core.environment:checking '/home/ubuntu/gopi5go_desk/simws/install/gpg3_cartographer/bin'
[1.288s] INFO:colcon.colcon_core.shell:Creating package script '/home/ubuntu/gopi5go_desk/simws/install/gpg3_cartographer/share/gpg3_cartographer/package.ps1'
[1.289s] INFO:colcon.colcon_core.shell:Creating package descriptor '/home/ubuntu/gopi5go_desk/simws/install/gpg3_cartographer/share/gpg3_cartographer/package.dsv'
[1.290s] INFO:colcon.colcon_core.shell:Creating package script '/home/ubuntu/gopi5go_desk/simws/install/gpg3_cartographer/share/gpg3_cartographer/package.sh'
[1.290s] INFO:colcon.colcon_core.shell:Creating package script '/home/ubuntu/gopi5go_desk/simws/install/gpg3_cartographer/share/gpg3_cartographer/package.bash'
[1.291s] INFO:colcon.colcon_core.shell:Creating package script '/home/ubuntu/gopi5go_desk/simws/install/gpg3_cartographer/share/gpg3_cartographer/package.zsh'
[1.292s] Level 1:colcon.colcon_core.environment:create_file_with_runtime_dependencies(/home/ubuntu/gopi5go_desk/simws/install/gpg3_cartographer/share/colcon-core/packages/gpg3_cartographer)
[1.333s] Level 1:colcon.colcon_core.environment:create_environment_scripts_only(gpg3_cartographer)
[1.334s] Level 1:colcon.colcon_core.environment:checking '/home/ubuntu/gopi5go_desk/simws/install/gpg3_cartographer' for CMake module files
[1.334s] Level 1:colcon.colcon_core.environment:checking '/home/ubuntu/gopi5go_desk/simws/install/gpg3_cartographer' for CMake config files
[1.335s] Level 1:colcon.colcon_core.shell:create_environment_hook('gpg3_cartographer', 'cmake_prefix_path')
[1.335s] INFO:colcon.colcon_core.shell:Creating environment hook '/home/ubuntu/gopi5go_desk/simws/install/gpg3_cartographer/share/gpg3_cartographer/hook/cmake_prefix_path.ps1'
[1.335s] INFO:colcon.colcon_core.shell:Creating environment descriptor '/home/ubuntu/gopi5go_desk/simws/install/gpg3_cartographer/share/gpg3_cartographer/hook/cmake_prefix_path.dsv'
[1.336s] INFO:colcon.colcon_core.shell:Creating environment hook '/home/ubuntu/gopi5go_desk/simws/install/gpg3_cartographer/share/gpg3_cartographer/hook/cmake_prefix_path.sh'
[1.337s] Level 1:colcon.colcon_core.environment:checking '/home/ubuntu/gopi5go_desk/simws/install/gpg3_cartographer/bin'
[1.337s] Level 1:colcon.colcon_core.environment:checking '/home/ubuntu/gopi5go_desk/simws/install/gpg3_cartographer/lib/pkgconfig/gpg3_cartographer.pc'
[1.337s] Level 1:colcon.colcon_core.environment:checking '/home/ubuntu/gopi5go_desk/simws/install/gpg3_cartographer/lib/python3.10/site-packages'
[1.337s] Level 1:colcon.colcon_core.environment:checking '/home/ubuntu/gopi5go_desk/simws/install/gpg3_cartographer/bin'
[1.338s] INFO:colcon.colcon_core.shell:Creating package script '/home/ubuntu/gopi5go_desk/simws/install/gpg3_cartographer/share/gpg3_cartographer/package.ps1'
[1.338s] INFO:colcon.colcon_core.shell:Creating package descriptor '/home/ubuntu/gopi5go_desk/simws/install/gpg3_cartographer/share/gpg3_cartographer/package.dsv'
[1.339s] INFO:colcon.colcon_core.shell:Creating package script '/home/ubuntu/gopi5go_desk/simws/install/gpg3_cartographer/share/gpg3_cartographer/package.sh'
[1.339s] INFO:colcon.colcon_core.shell:Creating package script '/home/ubuntu/gopi5go_desk/simws/install/gpg3_cartographer/share/gpg3_cartographer/package.bash'
[1.340s] INFO:colcon.colcon_core.shell:Creating package script '/home/ubuntu/gopi5go_desk/simws/install/gpg3_cartographer/share/gpg3_cartographer/package.zsh'
[1.340s] Level 1:colcon.colcon_core.environment:create_file_with_runtime_dependencies(/home/ubuntu/gopi5go_desk/simws/install/gpg3_cartographer/share/colcon-core/packages/gpg3_cartographer)
[1.340s] DEBUG:colcon.colcon_parallel_executor.executor.parallel:closing loop
[1.341s] DEBUG:colcon.colcon_parallel_executor.executor.parallel:loop closed
[1.341s] DEBUG:colcon.colcon_parallel_executor.executor.parallel:run_until_complete finished with '0'
[1.341s] DEBUG:colcon.colcon_core.event_reactor:joining thread
[1.348s] INFO:colcon.colcon_core.plugin_system:Skipping extension 'colcon_notification.desktop_notification.terminal_notifier': Not used on non-Darwin systems
[1.348s] INFO:colcon.colcon_core.plugin_system:Skipping extension 'colcon_notification.desktop_notification.win32': Not used on non-Windows systems
[1.349s] INFO:colcon.colcon_notification.desktop_notification:Sending desktop notification using 'notify2'
[1.355s] DEBUG:colcon.colcon_core.event_reactor:joined thread
[1.356s] INFO:colcon.colcon_core.shell:Creating prefix script '/home/ubuntu/gopi5go_desk/simws/install/local_setup.ps1'
[1.357s] INFO:colcon.colcon_core.shell:Creating prefix util module '/home/ubuntu/gopi5go_desk/simws/install/_local_setup_util_ps1.py'
[1.359s] INFO:colcon.colcon_core.shell:Creating prefix chain script '/home/ubuntu/gopi5go_desk/simws/install/setup.ps1'
[1.361s] INFO:colcon.colcon_core.shell:Creating prefix script '/home/ubuntu/gopi5go_desk/simws/install/local_setup.sh'
[1.361s] INFO:colcon.colcon_core.shell:Creating prefix util module '/home/ubuntu/gopi5go_desk/simws/install/_local_setup_util_sh.py'
[1.362s] INFO:colcon.colcon_core.shell:Creating prefix chain script '/home/ubuntu/gopi5go_desk/simws/install/setup.sh'
[1.364s] INFO:colcon.colcon_core.shell:Creating prefix script '/home/ubuntu/gopi5go_desk/simws/install/local_setup.bash'
[1.364s] INFO:colcon.colcon_core.shell:Creating prefix chain script '/home/ubuntu/gopi5go_desk/simws/install/setup.bash'
[1.366s] INFO:colcon.colcon_core.shell:Creating prefix script '/home/ubuntu/gopi5go_desk/simws/install/local_setup.zsh'
[1.366s] INFO:colcon.colcon_core.shell:Creating prefix chain script '/home/ubuntu/gopi5go_desk/simws/install/setup.zsh'
