running develop
/usr/lib/python3/dist-packages/setuptools/command/easy_install.py:158: EasyInstallDeprecationWarning: easy_install command is deprecated. Use build and pip and other standards-based tools.
  warnings.warn(
running egg_info
creating scan_client.egg-info
writing scan_client.egg-info/PKG-INFO
writing dependency_links to scan_client.egg-info/dependency_links.txt
writing entry points to scan_client.egg-info/entry_points.txt
writing requirements to scan_client.egg-info/requires.txt
writing top-level names to scan_client.egg-info/top_level.txt
writing manifest file 'scan_client.egg-info/SOURCES.txt'
reading manifest file 'scan_client.egg-info/SOURCES.txt'
writing manifest file 'scan_client.egg-info/SOURCES.txt'
running build_ext
Creating /home/ubuntu/gopi5go_desk/ros2ws/install/scan_client/lib/python3.10/site-packages/scan-client.egg-link (link to .)
Installing scan_client script to /home/ubuntu/gopi5go_desk/ros2ws/install/scan_client/lib/scan_client

Installed /home/ubuntu/gopi5go_desk/ros2ws/build/scan_client
running symlink_data
creating /home/ubuntu/gopi5go_desk/ros2ws/install/scan_client/share/ament_index
creating /home/ubuntu/gopi5go_desk/ros2ws/install/scan_client/share/ament_index/resource_index
creating /home/ubuntu/gopi5go_desk/ros2ws/install/scan_client/share/ament_index/resource_index/packages
symbolically linking /home/ubuntu/gopi5go_desk/ros2ws/build/scan_client/resource/scan_client -> /home/ubuntu/gopi5go_desk/ros2ws/install/scan_client/share/ament_index/resource_index/packages
symbolically linking /home/ubuntu/gopi5go_desk/ros2ws/build/scan_client/package.xml -> /home/ubuntu/gopi5go_desk/ros2ws/install/scan_client/share/scan_client
