[0.621s] Invoking command in '/home/ubuntu/gopi5go_desk/ros2ws/build/scan_client': PYTHONPATH=/home/ubuntu/gopi5go_desk/ros2ws/build/scan_client/prefix_override:/usr/lib/python3/dist-packages/colcon_core/task/python/colcon_distutils_commands:/home/ubuntu/gopi5go_desk/ros2ws/install/scan_client/lib/python3.10/site-packages:${PYTHONPATH} /usr/bin/python3 -W ignore:setup.py install is deprecated setup.py develop --editable --build-directory /home/ubuntu/gopi5go_desk/ros2ws/build/scan_client/build --no-deps symlink_data
[0.892s] running develop
[0.893s] /usr/lib/python3/dist-packages/setuptools/command/easy_install.py:158: EasyInstallDeprecationWarning: easy_install command is deprecated. Use build and pip and other standards-based tools.
[0.893s]   warnings.warn(
[1.062s] running egg_info
[1.062s] creating scan_client.egg-info
[1.062s] writing scan_client.egg-info/PKG-INFO
[1.062s] writing dependency_links to scan_client.egg-info/dependency_links.txt
[1.062s] writing entry points to scan_client.egg-info/entry_points.txt
[1.062s] writing requirements to scan_client.egg-info/requires.txt
[1.062s] writing top-level names to scan_client.egg-info/top_level.txt
[1.063s] writing manifest file 'scan_client.egg-info/SOURCES.txt'
[1.064s] reading manifest file 'scan_client.egg-info/SOURCES.txt'
[1.065s] writing manifest file 'scan_client.egg-info/SOURCES.txt'
[1.066s] running build_ext
[1.066s] Creating /home/ubuntu/gopi5go_desk/ros2ws/install/scan_client/lib/python3.10/site-packages/scan-client.egg-link (link to .)
[1.067s] Installing scan_client script to /home/ubuntu/gopi5go_desk/ros2ws/install/scan_client/lib/scan_client
[1.067s] 
[1.067s] Installed /home/ubuntu/gopi5go_desk/ros2ws/build/scan_client
[1.067s] running symlink_data
[1.067s] creating /home/ubuntu/gopi5go_desk/ros2ws/install/scan_client/share/ament_index
[1.067s] creating /home/ubuntu/gopi5go_desk/ros2ws/install/scan_client/share/ament_index/resource_index
[1.068s] creating /home/ubuntu/gopi5go_desk/ros2ws/install/scan_client/share/ament_index/resource_index/packages
[1.068s] symbolically linking /home/ubuntu/gopi5go_desk/ros2ws/build/scan_client/resource/scan_client -> /home/ubuntu/gopi5go_desk/ros2ws/install/scan_client/share/ament_index/resource_index/packages
[1.068s] symbolically linking /home/ubuntu/gopi5go_desk/ros2ws/build/scan_client/package.xml -> /home/ubuntu/gopi5go_desk/ros2ws/install/scan_client/share/scan_client
[1.089s] Invoked command in '/home/ubuntu/gopi5go_desk/ros2ws/build/scan_client' returned '0': PYTHONPATH=/home/ubuntu/gopi5go_desk/ros2ws/build/scan_client/prefix_override:/usr/lib/python3/dist-packages/colcon_core/task/python/colcon_distutils_commands:/home/ubuntu/gopi5go_desk/ros2ws/install/scan_client/lib/python3.10/site-packages:${PYTHONPATH} /usr/bin/python3 -W ignore:setup.py install is deprecated setup.py develop --editable --build-directory /home/ubuntu/gopi5go_desk/ros2ws/build/scan_client/build --no-deps symlink_data
