running develop
running egg_info
creating explorer_wanderer.egg-info
writing explorer_wanderer.egg-info/PKG-INFO
writing dependency_links to explorer_wanderer.egg-info/dependency_links.txt
writing entry points to explorer_wanderer.egg-info/entry_points.txt
writing requirements to explorer_wanderer.egg-info/requires.txt
writing top-level names to explorer_wanderer.egg-info/top_level.txt
writing manifest file 'explorer_wanderer.egg-info/SOURCES.txt'
reading manifest file 'explorer_wanderer.egg-info/SOURCES.txt'
writing manifest file 'explorer_wanderer.egg-info/SOURCES.txt'
running build_ext
Creating /home/ubuntu/gopi5go_desk/ros2ws/install/explorer_wanderer/lib/python3.10/site-packages/explorer-wanderer.egg-link (link to .)
Installing discoverer_server script to /home/ubuntu/gopi5go_desk/ros2ws/install/explorer_wanderer/lib/explorer_wanderer
Installing wanderer script to /home/ubuntu/gopi5go_desk/ros2ws/install/explorer_wanderer/lib/explorer_wanderer
Installing wanderer_server script to /home/ubuntu/gopi5go_desk/ros2ws/install/explorer_wanderer/lib/explorer_wanderer

Installed /home/ubuntu/gopi5go_desk/ros2ws/build/explorer_wanderer
running symlink_data
creating /home/ubuntu/gopi5go_desk/ros2ws/install/explorer_wanderer/share/ament_index
creating /home/ubuntu/gopi5go_desk/ros2ws/install/explorer_wanderer/share/ament_index/resource_index
creating /home/ubuntu/gopi5go_desk/ros2ws/install/explorer_wanderer/share/ament_index/resource_index/packages
symbolically linking /home/ubuntu/gopi5go_desk/ros2ws/build/explorer_wanderer/resource/explorer_wanderer -> /home/ubuntu/gopi5go_desk/ros2ws/install/explorer_wanderer/share/ament_index/resource_index/packages
symbolically linking /home/ubuntu/gopi5go_desk/ros2ws/build/explorer_wanderer/package.xml -> /home/ubuntu/gopi5go_desk/ros2ws/install/explorer_wanderer/share/explorer_wanderer
