[0.013s] Invoking command in '/home/ubuntu/gopi5go_desk/simws/build/gpg3_msgs': CMAKE_PREFIX_PATH=${CMAKE_PREFIX_PATH}:/home/ubuntu/gopi5go_desk/ros2ws/install/teleop_gopigo3_keyboard:/home/ubuntu/gopi5go_desk/ros2ws/install/scan_client:/home/ubuntu/gopi5go_desk/ros2ws/install/gopi5go_dave:/home/ubuntu/gopi5go_desk/ros2ws/install/explorer_wanderer:/opt/ros/humble /usr/bin/cmake --build /home/ubuntu/gopi5go_desk/simws/build/gpg3_msgs -- -j4 -l4
[0.086s] [  1%] Built target gpg3_msgs__cpp
[0.087s] [ 12%] Built target gpg3_msgs__rosidl_generator_c
[0.103s] [ 12%] Built target ament_cmake_python_copy_gpg3_msgs
[0.125s] [ 23%] Built target gpg3_msgs__rosidl_typesupport_cpp
[0.128s] [ 35%] Built target gpg3_msgs__rosidl_typesupport_fastrtps_cpp
[0.128s] [ 46%] Built target gpg3_msgs__rosidl_typesupport_introspection_cpp
[0.146s] [ 57%] Built target gpg3_msgs__rosidl_typesupport_fastrtps_c
[0.166s] [ 69%] Built target gpg3_msgs__rosidl_typesupport_c
[0.166s] [ 80%] Built target gpg3_msgs__rosidl_typesupport_introspection_c
[0.201s] [ 80%] Built target gpg3_msgs
[0.244s] [ 81%] Built target gpg3_msgs__py
[0.283s] [ 91%] Built target gpg3_msgs__rosidl_generator_py
[0.324s] [ 97%] Built target gpg3_msgs__rosidl_typesupport_introspection_c__pyext
[0.325s] [ 97%] Built target gpg3_msgs__rosidl_typesupport_fastrtps_c__pyext
[0.326s] [100%] Built target gpg3_msgs__rosidl_typesupport_c__pyext
[0.459s] running egg_info
[0.460s] writing gpg3_msgs.egg-info/PKG-INFO
[0.460s] writing dependency_links to gpg3_msgs.egg-info/dependency_links.txt
[0.461s] writing top-level names to gpg3_msgs.egg-info/top_level.txt
[0.462s] reading manifest file 'gpg3_msgs.egg-info/SOURCES.txt'
[0.464s] writing manifest file 'gpg3_msgs.egg-info/SOURCES.txt'
[0.488s] [100%] Built target ament_cmake_python_build_gpg3_msgs_egg
[0.503s] Invoked command in '/home/ubuntu/gopi5go_desk/simws/build/gpg3_msgs' returned '0': CMAKE_PREFIX_PATH=${CMAKE_PREFIX_PATH}:/home/ubuntu/gopi5go_desk/ros2ws/install/teleop_gopigo3_keyboard:/home/ubuntu/gopi5go_desk/ros2ws/install/scan_client:/home/ubuntu/gopi5go_desk/ros2ws/install/gopi5go_dave:/home/ubuntu/gopi5go_desk/ros2ws/install/explorer_wanderer:/opt/ros/humble /usr/bin/cmake --build /home/ubuntu/gopi5go_desk/simws/build/gpg3_msgs -- -j4 -l4
[0.826s] Invoking command in '/home/ubuntu/gopi5go_desk/simws/build/gpg3_msgs': CMAKE_PREFIX_PATH=${CMAKE_PREFIX_PATH}:/home/ubuntu/gopi5go_desk/ros2ws/install/teleop_gopigo3_keyboard:/home/ubuntu/gopi5go_desk/ros2ws/install/scan_client:/home/ubuntu/gopi5go_desk/ros2ws/install/gopi5go_dave:/home/ubuntu/gopi5go_desk/ros2ws/install/explorer_wanderer:/opt/ros/humble /usr/bin/cmake --install /home/ubuntu/gopi5go_desk/simws/build/gpg3_msgs
[0.835s] -- Install configuration: ""
[0.835s] -- Up-to-date: /home/ubuntu/gopi5go_desk/simws/install/gpg3_msgs/share/ament_index/resource_index/rosidl_interfaces/gpg3_msgs
[0.835s] -- Up-to-date: /home/ubuntu/gopi5go_desk/simws/install/gpg3_msgs/include/gpg3_msgs/gpg3_msgs
[0.835s] -- Up-to-date: /home/ubuntu/gopi5go_desk/simws/install/gpg3_msgs/include/gpg3_msgs/gpg3_msgs/action
[0.835s] -- Up-to-date: /home/ubuntu/gopi5go_desk/simws/install/gpg3_msgs/include/gpg3_msgs/gpg3_msgs/action/detail
[0.836s] -- Up-to-date: /home/ubuntu/gopi5go_desk/simws/install/gpg3_msgs/include/gpg3_msgs/gpg3_msgs/action/detail/patrol__struct.h
[0.836s] -- Up-to-date: /home/ubuntu/gopi5go_desk/simws/install/gpg3_msgs/include/gpg3_msgs/gpg3_msgs/action/detail/patrol__type_support.h
[0.836s] -- Up-to-date: /home/ubuntu/gopi5go_desk/simws/install/gpg3_msgs/include/gpg3_msgs/gpg3_msgs/action/detail/patrol__functions.h
[0.836s] -- Up-to-date: /home/ubuntu/gopi5go_desk/simws/install/gpg3_msgs/include/gpg3_msgs/gpg3_msgs/action/detail/patrol__functions.c
[0.836s] -- Up-to-date: /home/ubuntu/gopi5go_desk/simws/install/gpg3_msgs/include/gpg3_msgs/gpg3_msgs/action/patrol.h
[0.836s] -- Up-to-date: /home/ubuntu/gopi5go_desk/simws/install/gpg3_msgs/include/gpg3_msgs/gpg3_msgs/msg
[0.836s] -- Up-to-date: /home/ubuntu/gopi5go_desk/simws/install/gpg3_msgs/include/gpg3_msgs/gpg3_msgs/msg/rosidl_generator_c__visibility_control.h
[0.836s] -- Up-to-date: /home/ubuntu/gopi5go_desk/simws/install/gpg3_msgs/include/gpg3_msgs/gpg3_msgs/msg/sensor_state.h
[0.836s] -- Up-to-date: /home/ubuntu/gopi5go_desk/simws/install/gpg3_msgs/include/gpg3_msgs/gpg3_msgs/msg/detail
[0.837s] -- Up-to-date: /home/ubuntu/gopi5go_desk/simws/install/gpg3_msgs/include/gpg3_msgs/gpg3_msgs/msg/detail/sound__functions.h
[0.837s] -- Up-to-date: /home/ubuntu/gopi5go_desk/simws/install/gpg3_msgs/include/gpg3_msgs/gpg3_msgs/msg/detail/sensor_state__functions.h
[0.837s] -- Up-to-date: /home/ubuntu/gopi5go_desk/simws/install/gpg3_msgs/include/gpg3_msgs/gpg3_msgs/msg/detail/sound__struct.h
[0.837s] -- Up-to-date: /home/ubuntu/gopi5go_desk/simws/install/gpg3_msgs/include/gpg3_msgs/gpg3_msgs/msg/detail/sound__functions.c
[0.837s] -- Up-to-date: /home/ubuntu/gopi5go_desk/simws/install/gpg3_msgs/include/gpg3_msgs/gpg3_msgs/msg/detail/version_info__functions.c
[0.837s] -- Up-to-date: /home/ubuntu/gopi5go_desk/simws/install/gpg3_msgs/include/gpg3_msgs/gpg3_msgs/msg/detail/version_info__functions.h
[0.837s] -- Up-to-date: /home/ubuntu/gopi5go_desk/simws/install/gpg3_msgs/include/gpg3_msgs/gpg3_msgs/msg/detail/sensor_state__struct.h
[0.837s] -- Up-to-date: /home/ubuntu/gopi5go_desk/simws/install/gpg3_msgs/include/gpg3_msgs/gpg3_msgs/msg/detail/version_info__type_support.h
[0.837s] -- Up-to-date: /home/ubuntu/gopi5go_desk/simws/install/gpg3_msgs/include/gpg3_msgs/gpg3_msgs/msg/detail/sound__type_support.h
[0.838s] -- Up-to-date: /home/ubuntu/gopi5go_desk/simws/install/gpg3_msgs/include/gpg3_msgs/gpg3_msgs/msg/detail/version_info__struct.h
[0.838s] -- Up-to-date: /home/ubuntu/gopi5go_desk/simws/install/gpg3_msgs/include/gpg3_msgs/gpg3_msgs/msg/detail/sensor_state__functions.c
[0.838s] -- Up-to-date: /home/ubuntu/gopi5go_desk/simws/install/gpg3_msgs/include/gpg3_msgs/gpg3_msgs/msg/detail/sensor_state__type_support.h
[0.838s] -- Up-to-date: /home/ubuntu/gopi5go_desk/simws/install/gpg3_msgs/include/gpg3_msgs/gpg3_msgs/msg/version_info.h
[0.838s] -- Up-to-date: /home/ubuntu/gopi5go_desk/simws/install/gpg3_msgs/include/gpg3_msgs/gpg3_msgs/msg/sound.h
[0.838s] -- Up-to-date: /home/ubuntu/gopi5go_desk/simws/install/gpg3_msgs/include/gpg3_msgs/gpg3_msgs/srv
[0.839s] -- Up-to-date: /home/ubuntu/gopi5go_desk/simws/install/gpg3_msgs/include/gpg3_msgs/gpg3_msgs/srv/detail
[0.839s] -- Up-to-date: /home/ubuntu/gopi5go_desk/simws/install/gpg3_msgs/include/gpg3_msgs/gpg3_msgs/srv/detail/dqn__type_support.h
[0.839s] -- Up-to-date: /home/ubuntu/gopi5go_desk/simws/install/gpg3_msgs/include/gpg3_msgs/gpg3_msgs/srv/detail/sound__functions.h
[0.839s] -- Up-to-date: /home/ubuntu/gopi5go_desk/simws/install/gpg3_msgs/include/gpg3_msgs/gpg3_msgs/srv/detail/sound__struct.h
[0.839s] -- Up-to-date: /home/ubuntu/gopi5go_desk/simws/install/gpg3_msgs/include/gpg3_msgs/gpg3_msgs/srv/detail/sound__functions.c
[0.840s] -- Up-to-date: /home/ubuntu/gopi5go_desk/simws/install/gpg3_msgs/include/gpg3_msgs/gpg3_msgs/srv/detail/dqn__struct.h
[0.840s] -- Up-to-date: /home/ubuntu/gopi5go_desk/simws/install/gpg3_msgs/include/gpg3_msgs/gpg3_msgs/srv/detail/sound__type_support.h
[0.840s] -- Up-to-date: /home/ubuntu/gopi5go_desk/simws/install/gpg3_msgs/include/gpg3_msgs/gpg3_msgs/srv/detail/dqn__functions.c
[0.840s] -- Up-to-date: /home/ubuntu/gopi5go_desk/simws/install/gpg3_msgs/include/gpg3_msgs/gpg3_msgs/srv/detail/dqn__functions.h
[0.840s] -- Up-to-date: /home/ubuntu/gopi5go_desk/simws/install/gpg3_msgs/include/gpg3_msgs/gpg3_msgs/srv/dqn.h
[0.840s] -- Up-to-date: /home/ubuntu/gopi5go_desk/simws/install/gpg3_msgs/include/gpg3_msgs/gpg3_msgs/srv/sound.h
[0.840s] -- Up-to-date: /home/ubuntu/gopi5go_desk/simws/install/gpg3_msgs/share/gpg3_msgs/environment/library_path.sh
[0.840s] -- Up-to-date: /home/ubuntu/gopi5go_desk/simws/install/gpg3_msgs/share/gpg3_msgs/environment/library_path.dsv
[0.840s] -- Up-to-date: /home/ubuntu/gopi5go_desk/simws/install/gpg3_msgs/lib/libgpg3_msgs__rosidl_generator_c.so
[0.840s] -- Up-to-date: /home/ubuntu/gopi5go_desk/simws/install/gpg3_msgs/include/gpg3_msgs/gpg3_msgs
[0.840s] -- Up-to-date: /home/ubuntu/gopi5go_desk/simws/install/gpg3_msgs/include/gpg3_msgs/gpg3_msgs/action
[0.840s] -- Up-to-date: /home/ubuntu/gopi5go_desk/simws/install/gpg3_msgs/include/gpg3_msgs/gpg3_msgs/action/detail
[0.840s] -- Up-to-date: /home/ubuntu/gopi5go_desk/simws/install/gpg3_msgs/include/gpg3_msgs/gpg3_msgs/action/detail/patrol__rosidl_typesupport_fastrtps_c.h
[0.840s] -- Up-to-date: /home/ubuntu/gopi5go_desk/simws/install/gpg3_msgs/include/gpg3_msgs/gpg3_msgs/msg
[0.841s] -- Up-to-date: /home/ubuntu/gopi5go_desk/simws/install/gpg3_msgs/include/gpg3_msgs/gpg3_msgs/msg/detail
[0.841s] -- Up-to-date: /home/ubuntu/gopi5go_desk/simws/install/gpg3_msgs/include/gpg3_msgs/gpg3_msgs/msg/detail/version_info__rosidl_typesupport_fastrtps_c.h
[0.841s] -- Up-to-date: /home/ubuntu/gopi5go_desk/simws/install/gpg3_msgs/include/gpg3_msgs/gpg3_msgs/msg/detail/sensor_state__rosidl_typesupport_fastrtps_c.h
[0.841s] -- Up-to-date: /home/ubuntu/gopi5go_desk/simws/install/gpg3_msgs/include/gpg3_msgs/gpg3_msgs/msg/detail/sound__rosidl_typesupport_fastrtps_c.h
[0.841s] -- Up-to-date: /home/ubuntu/gopi5go_desk/simws/install/gpg3_msgs/include/gpg3_msgs/gpg3_msgs/msg/rosidl_typesupport_fastrtps_c__visibility_control.h
[0.841s] -- Up-to-date: /home/ubuntu/gopi5go_desk/simws/install/gpg3_msgs/include/gpg3_msgs/gpg3_msgs/srv
[0.841s] -- Up-to-date: /home/ubuntu/gopi5go_desk/simws/install/gpg3_msgs/include/gpg3_msgs/gpg3_msgs/srv/detail
[0.842s] -- Up-to-date: /home/ubuntu/gopi5go_desk/simws/install/gpg3_msgs/include/gpg3_msgs/gpg3_msgs/srv/detail/dqn__rosidl_typesupport_fastrtps_c.h
[0.842s] -- Up-to-date: /home/ubuntu/gopi5go_desk/simws/install/gpg3_msgs/include/gpg3_msgs/gpg3_msgs/srv/detail/sound__rosidl_typesupport_fastrtps_c.h
[0.842s] -- Up-to-date: /home/ubuntu/gopi5go_desk/simws/install/gpg3_msgs/lib/libgpg3_msgs__rosidl_typesupport_fastrtps_c.so
[0.842s] -- Up-to-date: /home/ubuntu/gopi5go_desk/simws/install/gpg3_msgs/include/gpg3_msgs/gpg3_msgs
[0.842s] -- Up-to-date: /home/ubuntu/gopi5go_desk/simws/install/gpg3_msgs/include/gpg3_msgs/gpg3_msgs/action
[0.842s] -- Up-to-date: /home/ubuntu/gopi5go_desk/simws/install/gpg3_msgs/include/gpg3_msgs/gpg3_msgs/action/detail
[0.842s] -- Up-to-date: /home/ubuntu/gopi5go_desk/simws/install/gpg3_msgs/include/gpg3_msgs/gpg3_msgs/action/detail/patrol__builder.hpp
[0.843s] -- Up-to-date: /home/ubuntu/gopi5go_desk/simws/install/gpg3_msgs/include/gpg3_msgs/gpg3_msgs/action/detail/patrol__traits.hpp
[0.843s] -- Up-to-date: /home/ubuntu/gopi5go_desk/simws/install/gpg3_msgs/include/gpg3_msgs/gpg3_msgs/action/detail/patrol__struct.hpp
[0.843s] -- Up-to-date: /home/ubuntu/gopi5go_desk/simws/install/gpg3_msgs/include/gpg3_msgs/gpg3_msgs/action/patrol.hpp
[0.843s] -- Up-to-date: /home/ubuntu/gopi5go_desk/simws/install/gpg3_msgs/include/gpg3_msgs/gpg3_msgs/msg
[0.843s] -- Up-to-date: /home/ubuntu/gopi5go_desk/simws/install/gpg3_msgs/include/gpg3_msgs/gpg3_msgs/msg/detail
[0.844s] -- Up-to-date: /home/ubuntu/gopi5go_desk/simws/install/gpg3_msgs/include/gpg3_msgs/gpg3_msgs/msg/detail/sensor_state__builder.hpp
[0.844s] -- Up-to-date: /home/ubuntu/gopi5go_desk/simws/install/gpg3_msgs/include/gpg3_msgs/gpg3_msgs/msg/detail/version_info__builder.hpp
[0.844s] -- Up-to-date: /home/ubuntu/gopi5go_desk/simws/install/gpg3_msgs/include/gpg3_msgs/gpg3_msgs/msg/detail/version_info__traits.hpp
[0.844s] -- Up-to-date: /home/ubuntu/gopi5go_desk/simws/install/gpg3_msgs/include/gpg3_msgs/gpg3_msgs/msg/detail/sound__traits.hpp
[0.844s] -- Up-to-date: /home/ubuntu/gopi5go_desk/simws/install/gpg3_msgs/include/gpg3_msgs/gpg3_msgs/msg/detail/sound__builder.hpp
[0.844s] -- Up-to-date: /home/ubuntu/gopi5go_desk/simws/install/gpg3_msgs/include/gpg3_msgs/gpg3_msgs/msg/detail/sensor_state__traits.hpp
[0.845s] -- Up-to-date: /home/ubuntu/gopi5go_desk/simws/install/gpg3_msgs/include/gpg3_msgs/gpg3_msgs/msg/detail/sound__struct.hpp
[0.845s] -- Up-to-date: /home/ubuntu/gopi5go_desk/simws/install/gpg3_msgs/include/gpg3_msgs/gpg3_msgs/msg/detail/sensor_state__struct.hpp
[0.846s] -- Up-to-date: /home/ubuntu/gopi5go_desk/simws/install/gpg3_msgs/include/gpg3_msgs/gpg3_msgs/msg/detail/version_info__struct.hpp
[0.846s] -- Up-to-date: /home/ubuntu/gopi5go_desk/simws/install/gpg3_msgs/include/gpg3_msgs/gpg3_msgs/msg/sound.hpp
[0.846s] -- Up-to-date: /home/ubuntu/gopi5go_desk/simws/install/gpg3_msgs/include/gpg3_msgs/gpg3_msgs/msg/version_info.hpp
[0.846s] -- Up-to-date: /home/ubuntu/gopi5go_desk/simws/install/gpg3_msgs/include/gpg3_msgs/gpg3_msgs/msg/sensor_state.hpp
[0.846s] -- Up-to-date: /home/ubuntu/gopi5go_desk/simws/install/gpg3_msgs/include/gpg3_msgs/gpg3_msgs/srv
[0.846s] -- Up-to-date: /home/ubuntu/gopi5go_desk/simws/install/gpg3_msgs/include/gpg3_msgs/gpg3_msgs/srv/detail
[0.846s] -- Up-to-date: /home/ubuntu/gopi5go_desk/simws/install/gpg3_msgs/include/gpg3_msgs/gpg3_msgs/srv/detail/dqn__builder.hpp
[0.846s] -- Up-to-date: /home/ubuntu/gopi5go_desk/simws/install/gpg3_msgs/include/gpg3_msgs/gpg3_msgs/srv/detail/dqn__struct.hpp
[0.847s] -- Up-to-date: /home/ubuntu/gopi5go_desk/simws/install/gpg3_msgs/include/gpg3_msgs/gpg3_msgs/srv/detail/sound__traits.hpp
[0.847s] -- Up-to-date: /home/ubuntu/gopi5go_desk/simws/install/gpg3_msgs/include/gpg3_msgs/gpg3_msgs/srv/detail/dqn__traits.hpp
[0.847s] -- Up-to-date: /home/ubuntu/gopi5go_desk/simws/install/gpg3_msgs/include/gpg3_msgs/gpg3_msgs/srv/detail/sound__builder.hpp
[0.847s] -- Up-to-date: /home/ubuntu/gopi5go_desk/simws/install/gpg3_msgs/include/gpg3_msgs/gpg3_msgs/srv/detail/sound__struct.hpp
[0.847s] -- Up-to-date: /home/ubuntu/gopi5go_desk/simws/install/gpg3_msgs/include/gpg3_msgs/gpg3_msgs/srv/dqn.hpp
[0.847s] -- Up-to-date: /home/ubuntu/gopi5go_desk/simws/install/gpg3_msgs/include/gpg3_msgs/gpg3_msgs/srv/sound.hpp
[0.847s] -- Up-to-date: /home/ubuntu/gopi5go_desk/simws/install/gpg3_msgs/include/gpg3_msgs/gpg3_msgs
[0.847s] -- Up-to-date: /home/ubuntu/gopi5go_desk/simws/install/gpg3_msgs/include/gpg3_msgs/gpg3_msgs/action
[0.847s] -- Up-to-date: /home/ubuntu/gopi5go_desk/simws/install/gpg3_msgs/include/gpg3_msgs/gpg3_msgs/action/detail
[0.847s] -- Up-to-date: /home/ubuntu/gopi5go_desk/simws/install/gpg3_msgs/include/gpg3_msgs/gpg3_msgs/action/detail/patrol__rosidl_typesupport_fastrtps_cpp.hpp
[0.847s] -- Up-to-date: /home/ubuntu/gopi5go_desk/simws/install/gpg3_msgs/include/gpg3_msgs/gpg3_msgs/action/detail/dds_fastrtps
[0.847s] -- Up-to-date: /home/ubuntu/gopi5go_desk/simws/install/gpg3_msgs/include/gpg3_msgs/gpg3_msgs/msg
[0.847s] -- Up-to-date: /home/ubuntu/gopi5go_desk/simws/install/gpg3_msgs/include/gpg3_msgs/gpg3_msgs/msg/detail
[0.847s] -- Up-to-date: /home/ubuntu/gopi5go_desk/simws/install/gpg3_msgs/include/gpg3_msgs/gpg3_msgs/msg/detail/sound__rosidl_typesupport_fastrtps_cpp.hpp
[0.847s] -- Up-to-date: /home/ubuntu/gopi5go_desk/simws/install/gpg3_msgs/include/gpg3_msgs/gpg3_msgs/msg/detail/dds_fastrtps
[0.847s] -- Up-to-date: /home/ubuntu/gopi5go_desk/simws/install/gpg3_msgs/include/gpg3_msgs/gpg3_msgs/msg/detail/sensor_state__rosidl_typesupport_fastrtps_cpp.hpp
[0.848s] -- Up-to-date: /home/ubuntu/gopi5go_desk/simws/install/gpg3_msgs/include/gpg3_msgs/gpg3_msgs/msg/detail/version_info__rosidl_typesupport_fastrtps_cpp.hpp
[0.848s] -- Up-to-date: /home/ubuntu/gopi5go_desk/simws/install/gpg3_msgs/include/gpg3_msgs/gpg3_msgs/msg/rosidl_typesupport_fastrtps_cpp__visibility_control.h
[0.848s] -- Up-to-date: /home/ubuntu/gopi5go_desk/simws/install/gpg3_msgs/include/gpg3_msgs/gpg3_msgs/srv
[0.848s] -- Up-to-date: /home/ubuntu/gopi5go_desk/simws/install/gpg3_msgs/include/gpg3_msgs/gpg3_msgs/srv/detail
[0.848s] -- Up-to-date: /home/ubuntu/gopi5go_desk/simws/install/gpg3_msgs/include/gpg3_msgs/gpg3_msgs/srv/detail/dqn__rosidl_typesupport_fastrtps_cpp.hpp
[0.848s] -- Up-to-date: /home/ubuntu/gopi5go_desk/simws/install/gpg3_msgs/include/gpg3_msgs/gpg3_msgs/srv/detail/sound__rosidl_typesupport_fastrtps_cpp.hpp
[0.848s] -- Up-to-date: /home/ubuntu/gopi5go_desk/simws/install/gpg3_msgs/include/gpg3_msgs/gpg3_msgs/srv/detail/dds_fastrtps
[0.848s] -- Up-to-date: /home/ubuntu/gopi5go_desk/simws/install/gpg3_msgs/lib/libgpg3_msgs__rosidl_typesupport_fastrtps_cpp.so
[0.848s] -- Up-to-date: /home/ubuntu/gopi5go_desk/simws/install/gpg3_msgs/include/gpg3_msgs/gpg3_msgs
[0.848s] -- Up-to-date: /home/ubuntu/gopi5go_desk/simws/install/gpg3_msgs/include/gpg3_msgs/gpg3_msgs/action
[0.848s] -- Up-to-date: /home/ubuntu/gopi5go_desk/simws/install/gpg3_msgs/include/gpg3_msgs/gpg3_msgs/action/detail
[0.848s] -- Up-to-date: /home/ubuntu/gopi5go_desk/simws/install/gpg3_msgs/include/gpg3_msgs/gpg3_msgs/action/detail/patrol__type_support.c
[0.848s] -- Up-to-date: /home/ubuntu/gopi5go_desk/simws/install/gpg3_msgs/include/gpg3_msgs/gpg3_msgs/action/detail/patrol__rosidl_typesupport_introspection_c.h
[0.848s] -- Up-to-date: /home/ubuntu/gopi5go_desk/simws/install/gpg3_msgs/include/gpg3_msgs/gpg3_msgs/msg
[0.848s] -- Up-to-date: /home/ubuntu/gopi5go_desk/simws/install/gpg3_msgs/include/gpg3_msgs/gpg3_msgs/msg/detail
[0.849s] -- Up-to-date: /home/ubuntu/gopi5go_desk/simws/install/gpg3_msgs/include/gpg3_msgs/gpg3_msgs/msg/detail/version_info__type_support.c
[0.849s] -- Up-to-date: /home/ubuntu/gopi5go_desk/simws/install/gpg3_msgs/include/gpg3_msgs/gpg3_msgs/msg/detail/sound__rosidl_typesupport_introspection_c.h
[0.849s] -- Up-to-date: /home/ubuntu/gopi5go_desk/simws/install/gpg3_msgs/include/gpg3_msgs/gpg3_msgs/msg/detail/sensor_state__rosidl_typesupport_introspection_c.h
[0.849s] -- Up-to-date: /home/ubuntu/gopi5go_desk/simws/install/gpg3_msgs/include/gpg3_msgs/gpg3_msgs/msg/detail/sound__type_support.c
[0.849s] -- Up-to-date: /home/ubuntu/gopi5go_desk/simws/install/gpg3_msgs/include/gpg3_msgs/gpg3_msgs/msg/detail/sensor_state__type_support.c
[0.849s] -- Up-to-date: /home/ubuntu/gopi5go_desk/simws/install/gpg3_msgs/include/gpg3_msgs/gpg3_msgs/msg/detail/version_info__rosidl_typesupport_introspection_c.h
[0.849s] -- Up-to-date: /home/ubuntu/gopi5go_desk/simws/install/gpg3_msgs/include/gpg3_msgs/gpg3_msgs/msg/rosidl_typesupport_introspection_c__visibility_control.h
[0.849s] -- Up-to-date: /home/ubuntu/gopi5go_desk/simws/install/gpg3_msgs/include/gpg3_msgs/gpg3_msgs/srv
[0.849s] -- Up-to-date: /home/ubuntu/gopi5go_desk/simws/install/gpg3_msgs/include/gpg3_msgs/gpg3_msgs/srv/detail
[0.849s] -- Up-to-date: /home/ubuntu/gopi5go_desk/simws/install/gpg3_msgs/include/gpg3_msgs/gpg3_msgs/srv/detail/sound__rosidl_typesupport_introspection_c.h
[0.849s] -- Up-to-date: /home/ubuntu/gopi5go_desk/simws/install/gpg3_msgs/include/gpg3_msgs/gpg3_msgs/srv/detail/dqn__type_support.c
[0.849s] -- Up-to-date: /home/ubuntu/gopi5go_desk/simws/install/gpg3_msgs/include/gpg3_msgs/gpg3_msgs/srv/detail/sound__type_support.c
[0.849s] -- Up-to-date: /home/ubuntu/gopi5go_desk/simws/install/gpg3_msgs/include/gpg3_msgs/gpg3_msgs/srv/detail/dqn__rosidl_typesupport_introspection_c.h
[0.849s] -- Up-to-date: /home/ubuntu/gopi5go_desk/simws/install/gpg3_msgs/lib/libgpg3_msgs__rosidl_typesupport_introspection_c.so
[0.849s] -- Up-to-date: /home/ubuntu/gopi5go_desk/simws/install/gpg3_msgs/lib/libgpg3_msgs__rosidl_typesupport_c.so
[0.849s] -- Up-to-date: /home/ubuntu/gopi5go_desk/simws/install/gpg3_msgs/include/gpg3_msgs/gpg3_msgs
[0.849s] -- Up-to-date: /home/ubuntu/gopi5go_desk/simws/install/gpg3_msgs/include/gpg3_msgs/gpg3_msgs/action
[0.850s] -- Up-to-date: /home/ubuntu/gopi5go_desk/simws/install/gpg3_msgs/include/gpg3_msgs/gpg3_msgs/action/detail
[0.850s] -- Up-to-date: /home/ubuntu/gopi5go_desk/simws/install/gpg3_msgs/include/gpg3_msgs/gpg3_msgs/action/detail/patrol__rosidl_typesupport_introspection_cpp.hpp
[0.850s] -- Up-to-date: /home/ubuntu/gopi5go_desk/simws/install/gpg3_msgs/include/gpg3_msgs/gpg3_msgs/action/detail/patrol__type_support.cpp
[0.850s] -- Up-to-date: /home/ubuntu/gopi5go_desk/simws/install/gpg3_msgs/include/gpg3_msgs/gpg3_msgs/msg
[0.850s] -- Up-to-date: /home/ubuntu/gopi5go_desk/simws/install/gpg3_msgs/include/gpg3_msgs/gpg3_msgs/msg/detail
[0.850s] -- Up-to-date: /home/ubuntu/gopi5go_desk/simws/install/gpg3_msgs/include/gpg3_msgs/gpg3_msgs/msg/detail/sound__rosidl_typesupport_introspection_cpp.hpp
[0.850s] -- Up-to-date: /home/ubuntu/gopi5go_desk/simws/install/gpg3_msgs/include/gpg3_msgs/gpg3_msgs/msg/detail/sound__type_support.cpp
[0.850s] -- Up-to-date: /home/ubuntu/gopi5go_desk/simws/install/gpg3_msgs/include/gpg3_msgs/gpg3_msgs/msg/detail/version_info__type_support.cpp
[0.850s] -- Up-to-date: /home/ubuntu/gopi5go_desk/simws/install/gpg3_msgs/include/gpg3_msgs/gpg3_msgs/msg/detail/version_info__rosidl_typesupport_introspection_cpp.hpp
[0.850s] -- Up-to-date: /home/ubuntu/gopi5go_desk/simws/install/gpg3_msgs/include/gpg3_msgs/gpg3_msgs/msg/detail/sensor_state__type_support.cpp
[0.850s] -- Up-to-date: /home/ubuntu/gopi5go_desk/simws/install/gpg3_msgs/include/gpg3_msgs/gpg3_msgs/msg/detail/sensor_state__rosidl_typesupport_introspection_cpp.hpp
[0.850s] -- Up-to-date: /home/ubuntu/gopi5go_desk/simws/install/gpg3_msgs/include/gpg3_msgs/gpg3_msgs/srv
[0.850s] -- Up-to-date: /home/ubuntu/gopi5go_desk/simws/install/gpg3_msgs/include/gpg3_msgs/gpg3_msgs/srv/detail
[0.850s] -- Up-to-date: /home/ubuntu/gopi5go_desk/simws/install/gpg3_msgs/include/gpg3_msgs/gpg3_msgs/srv/detail/sound__rosidl_typesupport_introspection_cpp.hpp
[0.850s] -- Up-to-date: /home/ubuntu/gopi5go_desk/simws/install/gpg3_msgs/include/gpg3_msgs/gpg3_msgs/srv/detail/sound__type_support.cpp
[0.850s] -- Up-to-date: /home/ubuntu/gopi5go_desk/simws/install/gpg3_msgs/include/gpg3_msgs/gpg3_msgs/srv/detail/dqn__rosidl_typesupport_introspection_cpp.hpp
[0.850s] -- Up-to-date: /home/ubuntu/gopi5go_desk/simws/install/gpg3_msgs/include/gpg3_msgs/gpg3_msgs/srv/detail/dqn__type_support.cpp
[0.851s] -- Up-to-date: /home/ubuntu/gopi5go_desk/simws/install/gpg3_msgs/lib/libgpg3_msgs__rosidl_typesupport_introspection_cpp.so
[0.851s] -- Up-to-date: /home/ubuntu/gopi5go_desk/simws/install/gpg3_msgs/lib/libgpg3_msgs__rosidl_typesupport_cpp.so
[0.851s] -- Up-to-date: /home/ubuntu/gopi5go_desk/simws/install/gpg3_msgs/share/gpg3_msgs/environment/pythonpath.sh
[0.851s] -- Up-to-date: /home/ubuntu/gopi5go_desk/simws/install/gpg3_msgs/share/gpg3_msgs/environment/pythonpath.dsv
[0.851s] -- Up-to-date: /home/ubuntu/gopi5go_desk/simws/install/gpg3_msgs/local/lib/python3.10/dist-packages/gpg3_msgs-2.2.3-py3.10.egg-info
[0.851s] -- Installing: /home/ubuntu/gopi5go_desk/simws/install/gpg3_msgs/local/lib/python3.10/dist-packages/gpg3_msgs-2.2.3-py3.10.egg-info/SOURCES.txt
[0.851s] -- Installing: /home/ubuntu/gopi5go_desk/simws/install/gpg3_msgs/local/lib/python3.10/dist-packages/gpg3_msgs-2.2.3-py3.10.egg-info/PKG-INFO
[0.851s] -- Installing: /home/ubuntu/gopi5go_desk/simws/install/gpg3_msgs/local/lib/python3.10/dist-packages/gpg3_msgs-2.2.3-py3.10.egg-info/dependency_links.txt
[0.851s] -- Installing: /home/ubuntu/gopi5go_desk/simws/install/gpg3_msgs/local/lib/python3.10/dist-packages/gpg3_msgs-2.2.3-py3.10.egg-info/top_level.txt
[0.851s] -- Up-to-date: /home/ubuntu/gopi5go_desk/simws/install/gpg3_msgs/local/lib/python3.10/dist-packages/gpg3_msgs
[0.851s] -- Up-to-date: /home/ubuntu/gopi5go_desk/simws/install/gpg3_msgs/local/lib/python3.10/dist-packages/gpg3_msgs/gpg3_msgs_s__rosidl_typesupport_c.cpython-310-x86_64-linux-gnu.so
[0.851s] -- Up-to-date: /home/ubuntu/gopi5go_desk/simws/install/gpg3_msgs/local/lib/python3.10/dist-packages/gpg3_msgs/libgpg3_msgs__rosidl_generator_py.so
[0.851s] -- Up-to-date: /home/ubuntu/gopi5go_desk/simws/install/gpg3_msgs/local/lib/python3.10/dist-packages/gpg3_msgs/_gpg3_msgs_s.ep.rosidl_typesupport_c.c
[0.851s] -- Up-to-date: /home/ubuntu/gopi5go_desk/simws/install/gpg3_msgs/local/lib/python3.10/dist-packages/gpg3_msgs/__init__.py
[0.851s] -- Up-to-date: /home/ubuntu/gopi5go_desk/simws/install/gpg3_msgs/local/lib/python3.10/dist-packages/gpg3_msgs/_gpg3_msgs_s.ep.rosidl_typesupport_introspection_c.c
[0.851s] -- Up-to-date: /home/ubuntu/gopi5go_desk/simws/install/gpg3_msgs/local/lib/python3.10/dist-packages/gpg3_msgs/action
[0.851s] -- Up-to-date: /home/ubuntu/gopi5go_desk/simws/install/gpg3_msgs/local/lib/python3.10/dist-packages/gpg3_msgs/action/_patrol.py
[0.852s] -- Up-to-date: /home/ubuntu/gopi5go_desk/simws/install/gpg3_msgs/local/lib/python3.10/dist-packages/gpg3_msgs/action/__init__.py
[0.852s] -- Up-to-date: /home/ubuntu/gopi5go_desk/simws/install/gpg3_msgs/local/lib/python3.10/dist-packages/gpg3_msgs/action/_patrol_s.c
[0.852s] -- Up-to-date: /home/ubuntu/gopi5go_desk/simws/install/gpg3_msgs/local/lib/python3.10/dist-packages/gpg3_msgs/msg
[0.852s] -- Up-to-date: /home/ubuntu/gopi5go_desk/simws/install/gpg3_msgs/local/lib/python3.10/dist-packages/gpg3_msgs/msg/_sensor_state.py
[0.852s] -- Up-to-date: /home/ubuntu/gopi5go_desk/simws/install/gpg3_msgs/local/lib/python3.10/dist-packages/gpg3_msgs/msg/_sound.py
[0.852s] -- Up-to-date: /home/ubuntu/gopi5go_desk/simws/install/gpg3_msgs/local/lib/python3.10/dist-packages/gpg3_msgs/msg/__init__.py
[0.852s] -- Up-to-date: /home/ubuntu/gopi5go_desk/simws/install/gpg3_msgs/local/lib/python3.10/dist-packages/gpg3_msgs/msg/_version_info_s.c
[0.852s] -- Up-to-date: /home/ubuntu/gopi5go_desk/simws/install/gpg3_msgs/local/lib/python3.10/dist-packages/gpg3_msgs/msg/_version_info.py
[0.852s] -- Up-to-date: /home/ubuntu/gopi5go_desk/simws/install/gpg3_msgs/local/lib/python3.10/dist-packages/gpg3_msgs/msg/_sound_s.c
[0.852s] -- Up-to-date: /home/ubuntu/gopi5go_desk/simws/install/gpg3_msgs/local/lib/python3.10/dist-packages/gpg3_msgs/msg/_sensor_state_s.c
[0.852s] -- Up-to-date: /home/ubuntu/gopi5go_desk/simws/install/gpg3_msgs/local/lib/python3.10/dist-packages/gpg3_msgs/_gpg3_msgs_s.ep.rosidl_typesupport_fastrtps_c.c
[0.852s] -- Up-to-date: /home/ubuntu/gopi5go_desk/simws/install/gpg3_msgs/local/lib/python3.10/dist-packages/gpg3_msgs/srv
[0.852s] -- Up-to-date: /home/ubuntu/gopi5go_desk/simws/install/gpg3_msgs/local/lib/python3.10/dist-packages/gpg3_msgs/srv/_sound.py
[0.852s] -- Up-to-date: /home/ubuntu/gopi5go_desk/simws/install/gpg3_msgs/local/lib/python3.10/dist-packages/gpg3_msgs/srv/_dqn_s.c
[0.852s] -- Up-to-date: /home/ubuntu/gopi5go_desk/simws/install/gpg3_msgs/local/lib/python3.10/dist-packages/gpg3_msgs/srv/__init__.py
[0.852s] -- Up-to-date: /home/ubuntu/gopi5go_desk/simws/install/gpg3_msgs/local/lib/python3.10/dist-packages/gpg3_msgs/srv/_sound_s.c
[0.852s] -- Up-to-date: /home/ubuntu/gopi5go_desk/simws/install/gpg3_msgs/local/lib/python3.10/dist-packages/gpg3_msgs/srv/_dqn.py
[0.853s] -- Up-to-date: /home/ubuntu/gopi5go_desk/simws/install/gpg3_msgs/local/lib/python3.10/dist-packages/gpg3_msgs/gpg3_msgs_s__rosidl_typesupport_fastrtps_c.cpython-310-x86_64-linux-gnu.so
[0.853s] -- Up-to-date: /home/ubuntu/gopi5go_desk/simws/install/gpg3_msgs/local/lib/python3.10/dist-packages/gpg3_msgs/gpg3_msgs_s__rosidl_typesupport_introspection_c.cpython-310-x86_64-linux-gnu.so
[0.883s] Listing '/home/ubuntu/gopi5go_desk/simws/install/gpg3_msgs/local/lib/python3.10/dist-packages/gpg3_msgs'...
[0.883s] Listing '/home/ubuntu/gopi5go_desk/simws/install/gpg3_msgs/local/lib/python3.10/dist-packages/gpg3_msgs/action'...
[0.883s] Listing '/home/ubuntu/gopi5go_desk/simws/install/gpg3_msgs/local/lib/python3.10/dist-packages/gpg3_msgs/msg'...
[0.883s] Listing '/home/ubuntu/gopi5go_desk/simws/install/gpg3_msgs/local/lib/python3.10/dist-packages/gpg3_msgs/srv'...
[0.886s] -- Up-to-date: /home/ubuntu/gopi5go_desk/simws/install/gpg3_msgs/local/lib/python3.10/dist-packages/gpg3_msgs/gpg3_msgs_s__rosidl_typesupport_fastrtps_c.cpython-310-x86_64-linux-gnu.so
[0.887s] -- Up-to-date: /home/ubuntu/gopi5go_desk/simws/install/gpg3_msgs/local/lib/python3.10/dist-packages/gpg3_msgs/gpg3_msgs_s__rosidl_typesupport_introspection_c.cpython-310-x86_64-linux-gnu.so
[0.887s] -- Up-to-date: /home/ubuntu/gopi5go_desk/simws/install/gpg3_msgs/local/lib/python3.10/dist-packages/gpg3_msgs/gpg3_msgs_s__rosidl_typesupport_c.cpython-310-x86_64-linux-gnu.so
[0.888s] -- Up-to-date: /home/ubuntu/gopi5go_desk/simws/install/gpg3_msgs/lib/libgpg3_msgs__rosidl_generator_py.so
[0.888s] -- Up-to-date: /home/ubuntu/gopi5go_desk/simws/install/gpg3_msgs/share/gpg3_msgs/msg/SensorState.idl
[0.888s] -- Up-to-date: /home/ubuntu/gopi5go_desk/simws/install/gpg3_msgs/share/gpg3_msgs/msg/Sound.idl
[0.888s] -- Up-to-date: /home/ubuntu/gopi5go_desk/simws/install/gpg3_msgs/share/gpg3_msgs/msg/VersionInfo.idl
[0.888s] -- Up-to-date: /home/ubuntu/gopi5go_desk/simws/install/gpg3_msgs/share/gpg3_msgs/srv/Sound.idl
[0.888s] -- Up-to-date: /home/ubuntu/gopi5go_desk/simws/install/gpg3_msgs/share/gpg3_msgs/srv/Dqn.idl
[0.889s] -- Up-to-date: /home/ubuntu/gopi5go_desk/simws/install/gpg3_msgs/share/gpg3_msgs/action/Patrol.idl
[0.889s] -- Up-to-date: /home/ubuntu/gopi5go_desk/simws/install/gpg3_msgs/share/gpg3_msgs/msg/SensorState.msg
[0.889s] -- Up-to-date: /home/ubuntu/gopi5go_desk/simws/install/gpg3_msgs/share/gpg3_msgs/msg/Sound.msg
[0.889s] -- Up-to-date: /home/ubuntu/gopi5go_desk/simws/install/gpg3_msgs/share/gpg3_msgs/msg/VersionInfo.msg
[0.889s] -- Up-to-date: /home/ubuntu/gopi5go_desk/simws/install/gpg3_msgs/share/gpg3_msgs/srv/Sound.srv
[0.889s] -- Up-to-date: /home/ubuntu/gopi5go_desk/simws/install/gpg3_msgs/share/gpg3_msgs/srv/Sound_Request.msg
[0.890s] -- Up-to-date: /home/ubuntu/gopi5go_desk/simws/install/gpg3_msgs/share/gpg3_msgs/srv/Sound_Response.msg
[0.890s] -- Up-to-date: /home/ubuntu/gopi5go_desk/simws/install/gpg3_msgs/share/gpg3_msgs/srv/Dqn.srv
[0.890s] -- Up-to-date: /home/ubuntu/gopi5go_desk/simws/install/gpg3_msgs/share/gpg3_msgs/srv/Dqn_Request.msg
[0.890s] -- Up-to-date: /home/ubuntu/gopi5go_desk/simws/install/gpg3_msgs/share/gpg3_msgs/srv/Dqn_Response.msg
[0.890s] -- Up-to-date: /home/ubuntu/gopi5go_desk/simws/install/gpg3_msgs/share/gpg3_msgs/action/Patrol.action
[0.890s] -- Up-to-date: /home/ubuntu/gopi5go_desk/simws/install/gpg3_msgs/share/ament_index/resource_index/package_run_dependencies/gpg3_msgs
[0.890s] -- Up-to-date: /home/ubuntu/gopi5go_desk/simws/install/gpg3_msgs/share/ament_index/resource_index/parent_prefix_path/gpg3_msgs
[0.890s] -- Up-to-date: /home/ubuntu/gopi5go_desk/simws/install/gpg3_msgs/share/gpg3_msgs/environment/ament_prefix_path.sh
[0.890s] -- Up-to-date: /home/ubuntu/gopi5go_desk/simws/install/gpg3_msgs/share/gpg3_msgs/environment/ament_prefix_path.dsv
[0.891s] -- Up-to-date: /home/ubuntu/gopi5go_desk/simws/install/gpg3_msgs/share/gpg3_msgs/environment/path.sh
[0.891s] -- Up-to-date: /home/ubuntu/gopi5go_desk/simws/install/gpg3_msgs/share/gpg3_msgs/environment/path.dsv
[0.891s] -- Up-to-date: /home/ubuntu/gopi5go_desk/simws/install/gpg3_msgs/share/gpg3_msgs/local_setup.bash
[0.891s] -- Up-to-date: /home/ubuntu/gopi5go_desk/simws/install/gpg3_msgs/share/gpg3_msgs/local_setup.sh
[0.891s] -- Up-to-date: /home/ubuntu/gopi5go_desk/simws/install/gpg3_msgs/share/gpg3_msgs/local_setup.zsh
[0.891s] -- Up-to-date: /home/ubuntu/gopi5go_desk/simws/install/gpg3_msgs/share/gpg3_msgs/local_setup.dsv
[0.891s] -- Installing: /home/ubuntu/gopi5go_desk/simws/install/gpg3_msgs/share/gpg3_msgs/package.dsv
[0.891s] -- Up-to-date: /home/ubuntu/gopi5go_desk/simws/install/gpg3_msgs/share/ament_index/resource_index/packages/gpg3_msgs
[0.891s] -- Up-to-date: /home/ubuntu/gopi5go_desk/simws/install/gpg3_msgs/share/gpg3_msgs/cmake/export_gpg3_msgs__rosidl_generator_cExport.cmake
[0.892s] -- Up-to-date: /home/ubuntu/gopi5go_desk/simws/install/gpg3_msgs/share/gpg3_msgs/cmake/export_gpg3_msgs__rosidl_generator_cExport-noconfig.cmake
[0.892s] -- Up-to-date: /home/ubuntu/gopi5go_desk/simws/install/gpg3_msgs/share/gpg3_msgs/cmake/export_gpg3_msgs__rosidl_typesupport_fastrtps_cExport.cmake
[0.892s] -- Up-to-date: /home/ubuntu/gopi5go_desk/simws/install/gpg3_msgs/share/gpg3_msgs/cmake/export_gpg3_msgs__rosidl_typesupport_fastrtps_cExport-noconfig.cmake
[0.892s] -- Up-to-date: /home/ubuntu/gopi5go_desk/simws/install/gpg3_msgs/share/gpg3_msgs/cmake/export_gpg3_msgs__rosidl_generator_cppExport.cmake
[0.892s] -- Up-to-date: /home/ubuntu/gopi5go_desk/simws/install/gpg3_msgs/share/gpg3_msgs/cmake/export_gpg3_msgs__rosidl_typesupport_fastrtps_cppExport.cmake
[0.892s] -- Up-to-date: /home/ubuntu/gopi5go_desk/simws/install/gpg3_msgs/share/gpg3_msgs/cmake/export_gpg3_msgs__rosidl_typesupport_fastrtps_cppExport-noconfig.cmake
[0.892s] -- Up-to-date: /home/ubuntu/gopi5go_desk/simws/install/gpg3_msgs/share/gpg3_msgs/cmake/gpg3_msgs__rosidl_typesupport_introspection_cExport.cmake
[0.892s] -- Up-to-date: /home/ubuntu/gopi5go_desk/simws/install/gpg3_msgs/share/gpg3_msgs/cmake/gpg3_msgs__rosidl_typesupport_introspection_cExport-noconfig.cmake
[0.892s] -- Up-to-date: /home/ubuntu/gopi5go_desk/simws/install/gpg3_msgs/share/gpg3_msgs/cmake/gpg3_msgs__rosidl_typesupport_cExport.cmake
[0.892s] -- Up-to-date: /home/ubuntu/gopi5go_desk/simws/install/gpg3_msgs/share/gpg3_msgs/cmake/gpg3_msgs__rosidl_typesupport_cExport-noconfig.cmake
[0.892s] -- Up-to-date: /home/ubuntu/gopi5go_desk/simws/install/gpg3_msgs/share/gpg3_msgs/cmake/gpg3_msgs__rosidl_typesupport_introspection_cppExport.cmake
[0.892s] -- Up-to-date: /home/ubuntu/gopi5go_desk/simws/install/gpg3_msgs/share/gpg3_msgs/cmake/gpg3_msgs__rosidl_typesupport_introspection_cppExport-noconfig.cmake
[0.892s] -- Up-to-date: /home/ubuntu/gopi5go_desk/simws/install/gpg3_msgs/share/gpg3_msgs/cmake/gpg3_msgs__rosidl_typesupport_cppExport.cmake
[0.892s] -- Up-to-date: /home/ubuntu/gopi5go_desk/simws/install/gpg3_msgs/share/gpg3_msgs/cmake/gpg3_msgs__rosidl_typesupport_cppExport-noconfig.cmake
[0.893s] -- Up-to-date: /home/ubuntu/gopi5go_desk/simws/install/gpg3_msgs/share/gpg3_msgs/cmake/export_gpg3_msgs__rosidl_generator_pyExport.cmake
[0.893s] -- Up-to-date: /home/ubuntu/gopi5go_desk/simws/install/gpg3_msgs/share/gpg3_msgs/cmake/export_gpg3_msgs__rosidl_generator_pyExport-noconfig.cmake
[0.893s] -- Up-to-date: /home/ubuntu/gopi5go_desk/simws/install/gpg3_msgs/share/gpg3_msgs/cmake/rosidl_cmake-extras.cmake
[0.893s] -- Up-to-date: /home/ubuntu/gopi5go_desk/simws/install/gpg3_msgs/share/gpg3_msgs/cmake/ament_cmake_export_dependencies-extras.cmake
[0.893s] -- Up-to-date: /home/ubuntu/gopi5go_desk/simws/install/gpg3_msgs/share/gpg3_msgs/cmake/ament_cmake_export_include_directories-extras.cmake
[0.893s] -- Up-to-date: /home/ubuntu/gopi5go_desk/simws/install/gpg3_msgs/share/gpg3_msgs/cmake/ament_cmake_export_libraries-extras.cmake
[0.893s] -- Up-to-date: /home/ubuntu/gopi5go_desk/simws/install/gpg3_msgs/share/gpg3_msgs/cmake/ament_cmake_export_targets-extras.cmake
[0.893s] -- Up-to-date: /home/ubuntu/gopi5go_desk/simws/install/gpg3_msgs/share/gpg3_msgs/cmake/rosidl_cmake_export_typesupport_targets-extras.cmake
[0.893s] -- Up-to-date: /home/ubuntu/gopi5go_desk/simws/install/gpg3_msgs/share/gpg3_msgs/cmake/rosidl_cmake_export_typesupport_libraries-extras.cmake
[0.893s] -- Up-to-date: /home/ubuntu/gopi5go_desk/simws/install/gpg3_msgs/share/gpg3_msgs/cmake/gpg3_msgsConfig.cmake
[0.893s] -- Up-to-date: /home/ubuntu/gopi5go_desk/simws/install/gpg3_msgs/share/gpg3_msgs/cmake/gpg3_msgsConfig-version.cmake
[0.893s] -- Up-to-date: /home/ubuntu/gopi5go_desk/simws/install/gpg3_msgs/share/gpg3_msgs/package.xml
[0.895s] Invoked command in '/home/ubuntu/gopi5go_desk/simws/build/gpg3_msgs' returned '0': CMAKE_PREFIX_PATH=${CMAKE_PREFIX_PATH}:/home/ubuntu/gopi5go_desk/ros2ws/install/teleop_gopigo3_keyboard:/home/ubuntu/gopi5go_desk/ros2ws/install/scan_client:/home/ubuntu/gopi5go_desk/ros2ws/install/gopi5go_dave:/home/ubuntu/gopi5go_desk/ros2ws/install/explorer_wanderer:/opt/ros/humble /usr/bin/cmake --install /home/ubuntu/gopi5go_desk/simws/build/gpg3_msgs
