[0.012s] Invoking command in '/home/ubuntu/gopi5go_desk/ros2ws/build/dave_interfaces': CMAKE_PREFIX_PATH=/opt/ros/humble /usr/bin/cmake /home/ubuntu/gopi5go_desk/ros2ws/src/dave_interfaces -DCMAKE_INSTALL_PREFIX=/home/ubuntu/gopi5go_desk/ros2ws/install/dave_interfaces
[0.079s] -- The C compiler identification is GNU 11.4.0
[0.142s] -- The CXX compiler identification is GNU 11.4.0
[0.151s] -- Detecting C compiler ABI info
[0.232s] -- Detecting C compiler ABI info - done
[0.241s] -- Check for working C compiler: /usr/bin/cc - skipped
[0.241s] -- Detecting C compile features
[0.241s] -- Detecting C compile features - done
[0.244s] -- Detecting CXX compiler ABI info
[0.337s] -- Detecting CXX compiler ABI info - done
[0.347s] -- Check for working CXX compiler: /usr/bin/c++ - skipped
[0.347s] -- Detecting CXX compile features
[0.348s] -- Detecting CXX compile features - done
[0.351s] -- Found ament_cmake: 1.3.10 (/opt/ros/humble/share/ament_cmake/cmake)
[0.533s] -- Found Python3: /usr/bin/python3 (found version "3.10.12") found components: Interpreter 
[0.626s] -- Found rosidl_default_generators: 1.2.0 (/opt/ros/humble/share/rosidl_default_generators/cmake)
[0.630s] -- Using all available rosidl_typesupport_c: rosidl_typesupport_fastrtps_c;rosidl_typesupport_introspection_c
[0.641s] -- Found rosidl_adapter: 3.1.5 (/opt/ros/humble/share/rosidl_adapter/cmake)
[0.690s] -- Using all available rosidl_typesupport_cpp: rosidl_typesupport_fastrtps_cpp;rosidl_typesupport_introspection_cpp
[0.741s] -- Found std_msgs: 4.2.4 (/opt/ros/humble/share/std_msgs/cmake)
[1.161s] -- Found ament_cmake_ros: 0.10.0 (/opt/ros/humble/share/ament_cmake_ros/cmake)
[1.403s] -- Using all available rosidl_typesupport_c: rosidl_typesupport_fastrtps_c;rosidl_typesupport_introspection_c
[1.696s] -- Using all available rosidl_typesupport_cpp: rosidl_typesupport_fastrtps_cpp;rosidl_typesupport_introspection_cpp
[1.725s] -- Found PythonInterp: /usr/bin/python3 (found suitable version "3.10.12", minimum required is "3.6") 
[1.727s] -- Found python_cmake_module: 0.10.0 (/opt/ros/humble/share/python_cmake_module/cmake)
[1.754s] -- Found PythonLibs: /usr/lib/x86_64-linux-gnu/libpython3.10.so (found suitable version "3.10.12", minimum required is "3.5") 
[1.754s] -- Using PYTHON_EXECUTABLE: /usr/bin/python3
[1.754s] -- Using PYTHON_INCLUDE_DIRS: /usr/include/python3.10
[1.754s] -- Using PYTHON_LIBRARIES: /usr/lib/x86_64-linux-gnu/libpython3.10.so
[1.774s] -- Found PythonExtra: .so  
[1.825s] -- Found ament_lint_auto: 0.12.11 (/opt/ros/humble/share/ament_lint_auto/cmake)
[1.849s] -- Added test 'lint_cmake' to check CMake code style
[1.851s] -- Added test 'xmllint' to check XML markup files
[1.855s] -- Configuring done
[1.911s] -- Generating done
[1.914s] -- Build files have been written to: /home/ubuntu/gopi5go_desk/ros2ws/build/dave_interfaces
[1.921s] Invoked command in '/home/ubuntu/gopi5go_desk/ros2ws/build/dave_interfaces' returned '0': CMAKE_PREFIX_PATH=/opt/ros/humble /usr/bin/cmake /home/ubuntu/gopi5go_desk/ros2ws/src/dave_interfaces -DCMAKE_INSTALL_PREFIX=/home/ubuntu/gopi5go_desk/ros2ws/install/dave_interfaces
[1.924s] Invoking command in '/home/ubuntu/gopi5go_desk/ros2ws/build/dave_interfaces': CMAKE_PREFIX_PATH=/opt/ros/humble /usr/bin/cmake --build /home/ubuntu/gopi5go_desk/ros2ws/build/dave_interfaces -- -j4 -l4
[1.976s] [  1%] [34m[1mGenerating C code for ROS interfaces[0m
[1.992s] [  3%] [34m[1mGenerating C++ code for ROS interfaces[0m
[2.006s] [  3%] Built target ament_cmake_python_copy_dave_interfaces
[2.357s] running egg_info
[2.357s] creating dave_interfaces.egg-info
[2.357s] writing dave_interfaces.egg-info/PKG-INFO
[2.357s] writing dependency_links to dave_interfaces.egg-info/dependency_links.txt
[2.358s] writing top-level names to dave_interfaces.egg-info/top_level.txt
[2.359s] writing manifest file 'dave_interfaces.egg-info/SOURCES.txt'
[2.361s] reading manifest file 'dave_interfaces.egg-info/SOURCES.txt'
[2.362s] writing manifest file 'dave_interfaces.egg-info/SOURCES.txt'
[2.403s] [  3%] Built target ament_cmake_python_build_dave_interfaces_egg
[2.821s] [  3%] Built target dave_interfaces__cpp
[2.847s] [  6%] [34m[1mGenerating C++ type support for eProsima Fast-RTPS[0m
[2.848s] [  6%] [34m[1mGenerating C++ type support dispatch for ROS interfaces[0m
[2.852s] [  7%] [34m[1mGenerating C++ introspection for ROS interfaces[0m
[2.861s] [  9%] [32mBuilding C object CMakeFiles/dave_interfaces__rosidl_generator_c.dir/rosidl_generator_c/dave_interfaces/srv/detail/say__functions.c.o[0m
[2.962s] [ 11%] [32mBuilding C object CMakeFiles/dave_interfaces__rosidl_generator_c.dir/rosidl_generator_c/dave_interfaces/srv/detail/dock__functions.c.o[0m
[3.052s] [ 12%] [32mBuilding C object CMakeFiles/dave_interfaces__rosidl_generator_c.dir/rosidl_generator_c/dave_interfaces/srv/detail/undock__functions.c.o[0m
[3.137s] [ 14%] [32mBuilding C object CMakeFiles/dave_interfaces__rosidl_generator_c.dir/rosidl_generator_c/dave_interfaces/msg/detail/battery_state__functions.c.o[0m
[3.221s] [ 15%] [32mBuilding C object CMakeFiles/dave_interfaces__rosidl_generator_c.dir/rosidl_generator_c/dave_interfaces/msg/detail/dock_status__functions.c.o[0m
[3.304s] [ 17%] [32m[1mLinking C shared library libdave_interfaces__rosidl_generator_c.so[0m
[3.372s] [ 17%] Built target dave_interfaces__rosidl_generator_c
[3.394s] [ 19%] [34m[1mGenerating C type support for eProsima Fast-RTPS[0m
[3.478s] [ 20%] [32mBuilding CXX object CMakeFiles/dave_interfaces__rosidl_typesupport_cpp.dir/rosidl_typesupport_cpp/dave_interfaces/srv/say__type_support.cpp.o[0m
[3.667s] [ 22%] [32mBuilding CXX object CMakeFiles/dave_interfaces__rosidl_typesupport_introspection_cpp.dir/rosidl_typesupport_introspection_cpp/dave_interfaces/srv/detail/say__type_support.cpp.o[0m
[3.751s] [ 23%] [32mBuilding CXX object CMakeFiles/dave_interfaces__rosidl_typesupport_fastrtps_cpp.dir/rosidl_typesupport_fastrtps_cpp/dave_interfaces/srv/detail/dds_fastrtps/say__type_support.cpp.o[0m
[3.888s] [ 25%] [32mBuilding CXX object CMakeFiles/dave_interfaces__rosidl_typesupport_cpp.dir/rosidl_typesupport_cpp/dave_interfaces/srv/dock__type_support.cpp.o[0m
[4.241s] [ 26%] [32mBuilding CXX object CMakeFiles/dave_interfaces__rosidl_typesupport_introspection_cpp.dir/rosidl_typesupport_introspection_cpp/dave_interfaces/srv/detail/dock__type_support.cpp.o[0m
[4.244s] [ 28%] [32mBuilding CXX object CMakeFiles/dave_interfaces__rosidl_typesupport_fastrtps_c.dir/rosidl_typesupport_fastrtps_c/dave_interfaces/srv/detail/say__type_support_c.cpp.o[0m
[4.301s] [ 30%] [32mBuilding CXX object CMakeFiles/dave_interfaces__rosidl_typesupport_cpp.dir/rosidl_typesupport_cpp/dave_interfaces/srv/undock__type_support.cpp.o[0m
[4.377s] [ 31%] [32mBuilding CXX object CMakeFiles/dave_interfaces__rosidl_typesupport_fastrtps_cpp.dir/rosidl_typesupport_fastrtps_cpp/dave_interfaces/srv/detail/dds_fastrtps/dock__type_support.cpp.o[0m
[4.681s] [ 33%] [32mBuilding CXX object CMakeFiles/dave_interfaces__rosidl_typesupport_cpp.dir/rosidl_typesupport_cpp/dave_interfaces/msg/battery_state__type_support.cpp.o[0m
[4.738s] [ 34%] [32mBuilding CXX object CMakeFiles/dave_interfaces__rosidl_typesupport_fastrtps_c.dir/rosidl_typesupport_fastrtps_c/dave_interfaces/srv/detail/dock__type_support_c.cpp.o[0m
[4.785s] [ 36%] [32mBuilding CXX object CMakeFiles/dave_interfaces__rosidl_typesupport_introspection_cpp.dir/rosidl_typesupport_introspection_cpp/dave_interfaces/srv/detail/undock__type_support.cpp.o[0m
[4.974s] [ 38%] [32mBuilding CXX object CMakeFiles/dave_interfaces__rosidl_typesupport_fastrtps_cpp.dir/rosidl_typesupport_fastrtps_cpp/dave_interfaces/srv/detail/dds_fastrtps/undock__type_support.cpp.o[0m
[5.072s] [ 39%] [32mBuilding CXX object CMakeFiles/dave_interfaces__rosidl_typesupport_cpp.dir/rosidl_typesupport_cpp/dave_interfaces/msg/dock_status__type_support.cpp.o[0m
[5.231s] [ 41%] [32mBuilding CXX object CMakeFiles/dave_interfaces__rosidl_typesupport_fastrtps_c.dir/rosidl_typesupport_fastrtps_c/dave_interfaces/srv/detail/undock__type_support_c.cpp.o[0m
[5.318s] [ 42%] [32mBuilding CXX object CMakeFiles/dave_interfaces__rosidl_typesupport_introspection_cpp.dir/rosidl_typesupport_introspection_cpp/dave_interfaces/msg/detail/battery_state__type_support.cpp.o[0m
[5.435s] [ 44%] [32m[1mLinking CXX shared library libdave_interfaces__rosidl_typesupport_cpp.so[0m
[5.514s] [ 44%] Built target dave_interfaces__rosidl_typesupport_cpp
[5.532s] [ 46%] [34m[1mGenerating C introspection for ROS interfaces[0m
[5.562s] [ 47%] [32mBuilding CXX object CMakeFiles/dave_interfaces__rosidl_typesupport_fastrtps_cpp.dir/rosidl_typesupport_fastrtps_cpp/dave_interfaces/msg/detail/dds_fastrtps/battery_state__type_support.cpp.o[0m
[5.746s] [ 49%] [32mBuilding CXX object CMakeFiles/dave_interfaces__rosidl_typesupport_fastrtps_c.dir/rosidl_typesupport_fastrtps_c/dave_interfaces/msg/detail/battery_state__type_support_c.cpp.o[0m
[5.907s] [ 50%] [32mBuilding CXX object CMakeFiles/dave_interfaces__rosidl_typesupport_introspection_cpp.dir/rosidl_typesupport_introspection_cpp/dave_interfaces/msg/detail/dock_status__type_support.cpp.o[0m
[6.191s] [ 52%] [32mBuilding CXX object CMakeFiles/dave_interfaces__rosidl_typesupport_fastrtps_cpp.dir/rosidl_typesupport_fastrtps_cpp/dave_interfaces/msg/detail/dds_fastrtps/dock_status__type_support.cpp.o[0m
[6.264s] [ 53%] [32mBuilding CXX object CMakeFiles/dave_interfaces__rosidl_typesupport_fastrtps_c.dir/rosidl_typesupport_fastrtps_c/dave_interfaces/msg/detail/dock_status__type_support_c.cpp.o[0m
[6.341s] [ 55%] [32mBuilding C object CMakeFiles/dave_interfaces__rosidl_typesupport_introspection_c.dir/rosidl_typesupport_introspection_c/dave_interfaces/srv/detail/say__type_support.c.o[0m
[6.407s] [ 57%] [32mBuilding C object CMakeFiles/dave_interfaces__rosidl_typesupport_introspection_c.dir/rosidl_typesupport_introspection_c/dave_interfaces/srv/detail/dock__type_support.c.o[0m
[6.464s] [ 58%] [32mBuilding C object CMakeFiles/dave_interfaces__rosidl_typesupport_introspection_c.dir/rosidl_typesupport_introspection_c/dave_interfaces/srv/detail/undock__type_support.c.o[0m
[6.476s] [ 60%] [32m[1mLinking CXX shared library libdave_interfaces__rosidl_typesupport_introspection_cpp.so[0m
[6.518s] [ 61%] [32mBuilding C object CMakeFiles/dave_interfaces__rosidl_typesupport_introspection_c.dir/rosidl_typesupport_introspection_c/dave_interfaces/msg/detail/battery_state__type_support.c.o[0m
[6.571s] [ 61%] Built target dave_interfaces__rosidl_typesupport_introspection_cpp
[6.578s] [ 63%] [32mBuilding C object CMakeFiles/dave_interfaces__rosidl_typesupport_introspection_c.dir/rosidl_typesupport_introspection_c/dave_interfaces/msg/detail/dock_status__type_support.c.o[0m
[6.591s] [ 65%] [34m[1mGenerating C type support dispatch for ROS interfaces[0m
[6.632s] [ 66%] [32m[1mLinking C shared library libdave_interfaces__rosidl_typesupport_introspection_c.so[0m
[6.688s] [ 66%] Built target dave_interfaces__rosidl_typesupport_introspection_c
[6.720s] [ 68%] [32m[1mLinking CXX shared library libdave_interfaces__rosidl_typesupport_fastrtps_c.so[0m
[6.748s] [ 69%] [32m[1mLinking CXX shared library libdave_interfaces__rosidl_typesupport_fastrtps_cpp.so[0m
[6.839s] [ 69%] Built target dave_interfaces__rosidl_typesupport_fastrtps_c
[6.870s] [ 69%] Built target dave_interfaces__rosidl_typesupport_fastrtps_cpp
[7.065s] [ 71%] [32mBuilding CXX object CMakeFiles/dave_interfaces__rosidl_typesupport_c.dir/rosidl_typesupport_c/dave_interfaces/srv/say__type_support.cpp.o[0m
[7.067s] [ 74%] [32mBuilding CXX object CMakeFiles/dave_interfaces__rosidl_typesupport_c.dir/rosidl_typesupport_c/dave_interfaces/srv/undock__type_support.cpp.o[0m
[7.067s] [ 74%] [32mBuilding CXX object CMakeFiles/dave_interfaces__rosidl_typesupport_c.dir/rosidl_typesupport_c/dave_interfaces/srv/dock__type_support.cpp.o[0m
[7.068s] [ 76%] [32mBuilding CXX object CMakeFiles/dave_interfaces__rosidl_typesupport_c.dir/rosidl_typesupport_c/dave_interfaces/msg/battery_state__type_support.cpp.o[0m
[7.120s] [ 77%] [32mBuilding CXX object CMakeFiles/dave_interfaces__rosidl_typesupport_c.dir/rosidl_typesupport_c/dave_interfaces/msg/dock_status__type_support.cpp.o[0m
[7.162s] [ 79%] [32m[1mLinking CXX shared library libdave_interfaces__rosidl_typesupport_c.so[0m
[7.213s] [ 79%] Built target dave_interfaces__rosidl_typesupport_c
[7.237s] [ 79%] Built target dave_interfaces
[7.264s] [ 80%] [34m[1mGenerating Python code for ROS interfaces[0m
[8.351s] [ 80%] Built target dave_interfaces__py
[8.382s] [ 85%] [32mBuilding C object CMakeFiles/dave_interfaces__rosidl_generator_py.dir/rosidl_generator_py/dave_interfaces/srv/_say_s.c.o[0m
[8.382s] [ 85%] [32mBuilding C object CMakeFiles/dave_interfaces__rosidl_generator_py.dir/rosidl_generator_py/dave_interfaces/msg/_battery_state_s.c.o[0m
[8.382s] [ 85%] [32mBuilding C object CMakeFiles/dave_interfaces__rosidl_generator_py.dir/rosidl_generator_py/dave_interfaces/srv/_dock_s.c.o[0m
[8.383s] [ 87%] [32mBuilding C object CMakeFiles/dave_interfaces__rosidl_generator_py.dir/rosidl_generator_py/dave_interfaces/srv/_undock_s.c.o[0m
[8.542s] [ 88%] [32mBuilding C object CMakeFiles/dave_interfaces__rosidl_generator_py.dir/rosidl_generator_py/dave_interfaces/msg/_dock_status_s.c.o[0m
[8.649s] [ 90%] [32m[1mLinking C shared library rosidl_generator_py/dave_interfaces/libdave_interfaces__rosidl_generator_py.so[0m
[8.702s] [ 90%] Built target dave_interfaces__rosidl_generator_py
[8.736s] [ 92%] [32mBuilding C object CMakeFiles/dave_interfaces__rosidl_typesupport_introspection_c__pyext.dir/rosidl_generator_py/dave_interfaces/_dave_interfaces_s.ep.rosidl_typesupport_introspection_c.c.o[0m
[8.737s] [ 93%] [32mBuilding C object CMakeFiles/dave_interfaces__rosidl_typesupport_fastrtps_c__pyext.dir/rosidl_generator_py/dave_interfaces/_dave_interfaces_s.ep.rosidl_typesupport_fastrtps_c.c.o[0m
[8.737s] [ 95%] [32mBuilding C object CMakeFiles/dave_interfaces__rosidl_typesupport_c__pyext.dir/rosidl_generator_py/dave_interfaces/_dave_interfaces_s.ep.rosidl_typesupport_c.c.o[0m
[8.907s] [ 96%] [32m[1mLinking C shared library rosidl_generator_py/dave_interfaces/dave_interfaces_s__rosidl_typesupport_c.cpython-310-x86_64-linux-gnu.so[0m
[8.909s] [ 98%] [32m[1mLinking C shared library rosidl_generator_py/dave_interfaces/dave_interfaces_s__rosidl_typesupport_fastrtps_c.cpython-310-x86_64-linux-gnu.so[0m
[8.921s] [100%] [32m[1mLinking C shared library rosidl_generator_py/dave_interfaces/dave_interfaces_s__rosidl_typesupport_introspection_c.cpython-310-x86_64-linux-gnu.so[0m
[8.982s] [100%] Built target dave_interfaces__rosidl_typesupport_c__pyext
[8.982s] [100%] Built target dave_interfaces__rosidl_typesupport_fastrtps_c__pyext
[8.992s] [100%] Built target dave_interfaces__rosidl_typesupport_introspection_c__pyext
[9.006s] Invoked command in '/home/ubuntu/gopi5go_desk/ros2ws/build/dave_interfaces' returned '0': CMAKE_PREFIX_PATH=/opt/ros/humble /usr/bin/cmake --build /home/ubuntu/gopi5go_desk/ros2ws/build/dave_interfaces -- -j4 -l4
[9.295s] Invoking command in '/home/ubuntu/gopi5go_desk/ros2ws/build/dave_interfaces': CMAKE_PREFIX_PATH=/opt/ros/humble /usr/bin/cmake --install /home/ubuntu/gopi5go_desk/ros2ws/build/dave_interfaces
[9.305s] -- Install configuration: ""
[9.306s] -- Installing: /home/ubuntu/gopi5go_desk/ros2ws/install/dave_interfaces/share/ament_index/resource_index/rosidl_interfaces/dave_interfaces
[9.306s] -- Installing: /home/ubuntu/gopi5go_desk/ros2ws/install/dave_interfaces/include/dave_interfaces/dave_interfaces
[9.306s] -- Installing: /home/ubuntu/gopi5go_desk/ros2ws/install/dave_interfaces/include/dave_interfaces/dave_interfaces/msg
[9.306s] -- Installing: /home/ubuntu/gopi5go_desk/ros2ws/install/dave_interfaces/include/dave_interfaces/dave_interfaces/msg/rosidl_generator_c__visibility_control.h
[9.306s] -- Installing: /home/ubuntu/gopi5go_desk/ros2ws/install/dave_interfaces/include/dave_interfaces/dave_interfaces/msg/detail
[9.306s] -- Installing: /home/ubuntu/gopi5go_desk/ros2ws/install/dave_interfaces/include/dave_interfaces/dave_interfaces/msg/detail/battery_state__struct.h
[9.306s] -- Installing: /home/ubuntu/gopi5go_desk/ros2ws/install/dave_interfaces/include/dave_interfaces/dave_interfaces/msg/detail/dock_status__functions.c
[9.307s] -- Installing: /home/ubuntu/gopi5go_desk/ros2ws/install/dave_interfaces/include/dave_interfaces/dave_interfaces/msg/detail/dock_status__struct.h
[9.307s] -- Installing: /home/ubuntu/gopi5go_desk/ros2ws/install/dave_interfaces/include/dave_interfaces/dave_interfaces/msg/detail/battery_state__type_support.h
[9.307s] -- Installing: /home/ubuntu/gopi5go_desk/ros2ws/install/dave_interfaces/include/dave_interfaces/dave_interfaces/msg/detail/dock_status__type_support.h
[9.307s] -- Installing: /home/ubuntu/gopi5go_desk/ros2ws/install/dave_interfaces/include/dave_interfaces/dave_interfaces/msg/detail/dock_status__functions.h
[9.307s] -- Installing: /home/ubuntu/gopi5go_desk/ros2ws/install/dave_interfaces/include/dave_interfaces/dave_interfaces/msg/detail/battery_state__functions.h
[9.307s] -- Installing: /home/ubuntu/gopi5go_desk/ros2ws/install/dave_interfaces/include/dave_interfaces/dave_interfaces/msg/detail/battery_state__functions.c
[9.307s] -- Installing: /home/ubuntu/gopi5go_desk/ros2ws/install/dave_interfaces/include/dave_interfaces/dave_interfaces/msg/dock_status.h
[9.307s] -- Installing: /home/ubuntu/gopi5go_desk/ros2ws/install/dave_interfaces/include/dave_interfaces/dave_interfaces/msg/battery_state.h
[9.308s] -- Installing: /home/ubuntu/gopi5go_desk/ros2ws/install/dave_interfaces/include/dave_interfaces/dave_interfaces/srv
[9.308s] -- Installing: /home/ubuntu/gopi5go_desk/ros2ws/install/dave_interfaces/include/dave_interfaces/dave_interfaces/srv/undock.h
[9.308s] -- Installing: /home/ubuntu/gopi5go_desk/ros2ws/install/dave_interfaces/include/dave_interfaces/dave_interfaces/srv/detail
[9.308s] -- Installing: /home/ubuntu/gopi5go_desk/ros2ws/install/dave_interfaces/include/dave_interfaces/dave_interfaces/srv/detail/undock__type_support.h
[9.308s] -- Installing: /home/ubuntu/gopi5go_desk/ros2ws/install/dave_interfaces/include/dave_interfaces/dave_interfaces/srv/detail/dock__type_support.h
[9.308s] -- Installing: /home/ubuntu/gopi5go_desk/ros2ws/install/dave_interfaces/include/dave_interfaces/dave_interfaces/srv/detail/undock__functions.h
[9.308s] -- Installing: /home/ubuntu/gopi5go_desk/ros2ws/install/dave_interfaces/include/dave_interfaces/dave_interfaces/srv/detail/undock__functions.c
[9.309s] -- Installing: /home/ubuntu/gopi5go_desk/ros2ws/install/dave_interfaces/include/dave_interfaces/dave_interfaces/srv/detail/undock__struct.h
[9.309s] -- Installing: /home/ubuntu/gopi5go_desk/ros2ws/install/dave_interfaces/include/dave_interfaces/dave_interfaces/srv/detail/say__struct.h
[9.309s] -- Installing: /home/ubuntu/gopi5go_desk/ros2ws/install/dave_interfaces/include/dave_interfaces/dave_interfaces/srv/detail/dock__functions.h
[9.309s] -- Installing: /home/ubuntu/gopi5go_desk/ros2ws/install/dave_interfaces/include/dave_interfaces/dave_interfaces/srv/detail/dock__functions.c
[9.309s] -- Installing: /home/ubuntu/gopi5go_desk/ros2ws/install/dave_interfaces/include/dave_interfaces/dave_interfaces/srv/detail/say__functions.h
[9.309s] -- Installing: /home/ubuntu/gopi5go_desk/ros2ws/install/dave_interfaces/include/dave_interfaces/dave_interfaces/srv/detail/say__functions.c
[9.309s] -- Installing: /home/ubuntu/gopi5go_desk/ros2ws/install/dave_interfaces/include/dave_interfaces/dave_interfaces/srv/detail/dock__struct.h
[9.310s] -- Installing: /home/ubuntu/gopi5go_desk/ros2ws/install/dave_interfaces/include/dave_interfaces/dave_interfaces/srv/detail/say__type_support.h
[9.310s] -- Installing: /home/ubuntu/gopi5go_desk/ros2ws/install/dave_interfaces/include/dave_interfaces/dave_interfaces/srv/dock.h
[9.310s] -- Installing: /home/ubuntu/gopi5go_desk/ros2ws/install/dave_interfaces/include/dave_interfaces/dave_interfaces/srv/say.h
[9.310s] -- Installing: /home/ubuntu/gopi5go_desk/ros2ws/install/dave_interfaces/share/dave_interfaces/environment/library_path.sh
[9.310s] -- Installing: /home/ubuntu/gopi5go_desk/ros2ws/install/dave_interfaces/share/dave_interfaces/environment/library_path.dsv
[9.311s] -- Installing: /home/ubuntu/gopi5go_desk/ros2ws/install/dave_interfaces/lib/libdave_interfaces__rosidl_generator_c.so
[9.312s] -- Set runtime path of "/home/ubuntu/gopi5go_desk/ros2ws/install/dave_interfaces/lib/libdave_interfaces__rosidl_generator_c.so" to ""
[9.312s] -- Up-to-date: /home/ubuntu/gopi5go_desk/ros2ws/install/dave_interfaces/include/dave_interfaces/dave_interfaces
[9.312s] -- Up-to-date: /home/ubuntu/gopi5go_desk/ros2ws/install/dave_interfaces/include/dave_interfaces/dave_interfaces/msg
[9.312s] -- Up-to-date: /home/ubuntu/gopi5go_desk/ros2ws/install/dave_interfaces/include/dave_interfaces/dave_interfaces/msg/detail
[9.312s] -- Installing: /home/ubuntu/gopi5go_desk/ros2ws/install/dave_interfaces/include/dave_interfaces/dave_interfaces/msg/detail/dock_status__rosidl_typesupport_fastrtps_c.h
[9.312s] -- Installing: /home/ubuntu/gopi5go_desk/ros2ws/install/dave_interfaces/include/dave_interfaces/dave_interfaces/msg/detail/battery_state__rosidl_typesupport_fastrtps_c.h
[9.313s] -- Installing: /home/ubuntu/gopi5go_desk/ros2ws/install/dave_interfaces/include/dave_interfaces/dave_interfaces/msg/rosidl_typesupport_fastrtps_c__visibility_control.h
[9.313s] -- Up-to-date: /home/ubuntu/gopi5go_desk/ros2ws/install/dave_interfaces/include/dave_interfaces/dave_interfaces/srv
[9.313s] -- Up-to-date: /home/ubuntu/gopi5go_desk/ros2ws/install/dave_interfaces/include/dave_interfaces/dave_interfaces/srv/detail
[9.313s] -- Installing: /home/ubuntu/gopi5go_desk/ros2ws/install/dave_interfaces/include/dave_interfaces/dave_interfaces/srv/detail/undock__rosidl_typesupport_fastrtps_c.h
[9.313s] -- Installing: /home/ubuntu/gopi5go_desk/ros2ws/install/dave_interfaces/include/dave_interfaces/dave_interfaces/srv/detail/say__rosidl_typesupport_fastrtps_c.h
[9.314s] -- Installing: /home/ubuntu/gopi5go_desk/ros2ws/install/dave_interfaces/include/dave_interfaces/dave_interfaces/srv/detail/dock__rosidl_typesupport_fastrtps_c.h
[9.314s] -- Installing: /home/ubuntu/gopi5go_desk/ros2ws/install/dave_interfaces/lib/libdave_interfaces__rosidl_typesupport_fastrtps_c.so
[9.314s] -- Set runtime path of "/home/ubuntu/gopi5go_desk/ros2ws/install/dave_interfaces/lib/libdave_interfaces__rosidl_typesupport_fastrtps_c.so" to ""
[9.314s] -- Up-to-date: /home/ubuntu/gopi5go_desk/ros2ws/install/dave_interfaces/include/dave_interfaces/dave_interfaces
[9.314s] -- Up-to-date: /home/ubuntu/gopi5go_desk/ros2ws/install/dave_interfaces/include/dave_interfaces/dave_interfaces/msg
[9.314s] -- Up-to-date: /home/ubuntu/gopi5go_desk/ros2ws/install/dave_interfaces/include/dave_interfaces/dave_interfaces/msg/detail
[9.314s] -- Installing: /home/ubuntu/gopi5go_desk/ros2ws/install/dave_interfaces/include/dave_interfaces/dave_interfaces/msg/detail/dock_status__type_support.c
[9.315s] -- Installing: /home/ubuntu/gopi5go_desk/ros2ws/install/dave_interfaces/include/dave_interfaces/dave_interfaces/msg/detail/battery_state__type_support.c
[9.315s] -- Installing: /home/ubuntu/gopi5go_desk/ros2ws/install/dave_interfaces/include/dave_interfaces/dave_interfaces/msg/detail/battery_state__rosidl_typesupport_introspection_c.h
[9.315s] -- Installing: /home/ubuntu/gopi5go_desk/ros2ws/install/dave_interfaces/include/dave_interfaces/dave_interfaces/msg/detail/dock_status__rosidl_typesupport_introspection_c.h
[9.315s] -- Installing: /home/ubuntu/gopi5go_desk/ros2ws/install/dave_interfaces/include/dave_interfaces/dave_interfaces/msg/rosidl_typesupport_introspection_c__visibility_control.h
[9.315s] -- Up-to-date: /home/ubuntu/gopi5go_desk/ros2ws/install/dave_interfaces/include/dave_interfaces/dave_interfaces/srv
[9.315s] -- Up-to-date: /home/ubuntu/gopi5go_desk/ros2ws/install/dave_interfaces/include/dave_interfaces/dave_interfaces/srv/detail
[9.316s] -- Installing: /home/ubuntu/gopi5go_desk/ros2ws/install/dave_interfaces/include/dave_interfaces/dave_interfaces/srv/detail/undock__type_support.c
[9.316s] -- Installing: /home/ubuntu/gopi5go_desk/ros2ws/install/dave_interfaces/include/dave_interfaces/dave_interfaces/srv/detail/undock__rosidl_typesupport_introspection_c.h
[9.316s] -- Installing: /home/ubuntu/gopi5go_desk/ros2ws/install/dave_interfaces/include/dave_interfaces/dave_interfaces/srv/detail/say__rosidl_typesupport_introspection_c.h
[9.316s] -- Installing: /home/ubuntu/gopi5go_desk/ros2ws/install/dave_interfaces/include/dave_interfaces/dave_interfaces/srv/detail/dock__rosidl_typesupport_introspection_c.h
[9.316s] -- Installing: /home/ubuntu/gopi5go_desk/ros2ws/install/dave_interfaces/include/dave_interfaces/dave_interfaces/srv/detail/say__type_support.c
[9.316s] -- Installing: /home/ubuntu/gopi5go_desk/ros2ws/install/dave_interfaces/include/dave_interfaces/dave_interfaces/srv/detail/dock__type_support.c
[9.316s] -- Installing: /home/ubuntu/gopi5go_desk/ros2ws/install/dave_interfaces/lib/libdave_interfaces__rosidl_typesupport_introspection_c.so
[9.317s] -- Set runtime path of "/home/ubuntu/gopi5go_desk/ros2ws/install/dave_interfaces/lib/libdave_interfaces__rosidl_typesupport_introspection_c.so" to ""
[9.317s] -- Installing: /home/ubuntu/gopi5go_desk/ros2ws/install/dave_interfaces/lib/libdave_interfaces__rosidl_typesupport_c.so
[9.317s] -- Set runtime path of "/home/ubuntu/gopi5go_desk/ros2ws/install/dave_interfaces/lib/libdave_interfaces__rosidl_typesupport_c.so" to ""
[9.318s] -- Up-to-date: /home/ubuntu/gopi5go_desk/ros2ws/install/dave_interfaces/include/dave_interfaces/dave_interfaces
[9.318s] -- Up-to-date: /home/ubuntu/gopi5go_desk/ros2ws/install/dave_interfaces/include/dave_interfaces/dave_interfaces/msg
[9.318s] -- Installing: /home/ubuntu/gopi5go_desk/ros2ws/install/dave_interfaces/include/dave_interfaces/dave_interfaces/msg/dock_status.hpp
[9.318s] -- Up-to-date: /home/ubuntu/gopi5go_desk/ros2ws/install/dave_interfaces/include/dave_interfaces/dave_interfaces/msg/detail
[9.318s] -- Installing: /home/ubuntu/gopi5go_desk/ros2ws/install/dave_interfaces/include/dave_interfaces/dave_interfaces/msg/detail/dock_status__struct.hpp
[9.318s] -- Installing: /home/ubuntu/gopi5go_desk/ros2ws/install/dave_interfaces/include/dave_interfaces/dave_interfaces/msg/detail/battery_state__traits.hpp
[9.319s] -- Installing: /home/ubuntu/gopi5go_desk/ros2ws/install/dave_interfaces/include/dave_interfaces/dave_interfaces/msg/detail/dock_status__builder.hpp
[9.319s] -- Installing: /home/ubuntu/gopi5go_desk/ros2ws/install/dave_interfaces/include/dave_interfaces/dave_interfaces/msg/detail/dock_status__traits.hpp
[9.319s] -- Installing: /home/ubuntu/gopi5go_desk/ros2ws/install/dave_interfaces/include/dave_interfaces/dave_interfaces/msg/detail/battery_state__struct.hpp
[9.319s] -- Installing: /home/ubuntu/gopi5go_desk/ros2ws/install/dave_interfaces/include/dave_interfaces/dave_interfaces/msg/detail/battery_state__builder.hpp
[9.319s] -- Installing: /home/ubuntu/gopi5go_desk/ros2ws/install/dave_interfaces/include/dave_interfaces/dave_interfaces/msg/battery_state.hpp
[9.319s] -- Up-to-date: /home/ubuntu/gopi5go_desk/ros2ws/install/dave_interfaces/include/dave_interfaces/dave_interfaces/srv
[9.320s] -- Installing: /home/ubuntu/gopi5go_desk/ros2ws/install/dave_interfaces/include/dave_interfaces/dave_interfaces/srv/dock.hpp
[9.320s] -- Installing: /home/ubuntu/gopi5go_desk/ros2ws/install/dave_interfaces/include/dave_interfaces/dave_interfaces/srv/undock.hpp
[9.320s] -- Up-to-date: /home/ubuntu/gopi5go_desk/ros2ws/install/dave_interfaces/include/dave_interfaces/dave_interfaces/srv/detail
[9.320s] -- Installing: /home/ubuntu/gopi5go_desk/ros2ws/install/dave_interfaces/include/dave_interfaces/dave_interfaces/srv/detail/say__struct.hpp
[9.320s] -- Installing: /home/ubuntu/gopi5go_desk/ros2ws/install/dave_interfaces/include/dave_interfaces/dave_interfaces/srv/detail/dock__traits.hpp
[9.320s] -- Installing: /home/ubuntu/gopi5go_desk/ros2ws/install/dave_interfaces/include/dave_interfaces/dave_interfaces/srv/detail/dock__struct.hpp
[9.321s] -- Installing: /home/ubuntu/gopi5go_desk/ros2ws/install/dave_interfaces/include/dave_interfaces/dave_interfaces/srv/detail/say__builder.hpp
[9.321s] -- Installing: /home/ubuntu/gopi5go_desk/ros2ws/install/dave_interfaces/include/dave_interfaces/dave_interfaces/srv/detail/undock__builder.hpp
[9.321s] -- Installing: /home/ubuntu/gopi5go_desk/ros2ws/install/dave_interfaces/include/dave_interfaces/dave_interfaces/srv/detail/dock__builder.hpp
[9.321s] -- Installing: /home/ubuntu/gopi5go_desk/ros2ws/install/dave_interfaces/include/dave_interfaces/dave_interfaces/srv/detail/say__traits.hpp
[9.321s] -- Installing: /home/ubuntu/gopi5go_desk/ros2ws/install/dave_interfaces/include/dave_interfaces/dave_interfaces/srv/detail/undock__traits.hpp
[9.321s] -- Installing: /home/ubuntu/gopi5go_desk/ros2ws/install/dave_interfaces/include/dave_interfaces/dave_interfaces/srv/detail/undock__struct.hpp
[9.321s] -- Installing: /home/ubuntu/gopi5go_desk/ros2ws/install/dave_interfaces/include/dave_interfaces/dave_interfaces/srv/say.hpp
[9.322s] -- Up-to-date: /home/ubuntu/gopi5go_desk/ros2ws/install/dave_interfaces/include/dave_interfaces/dave_interfaces
[9.322s] -- Up-to-date: /home/ubuntu/gopi5go_desk/ros2ws/install/dave_interfaces/include/dave_interfaces/dave_interfaces/msg
[9.322s] -- Up-to-date: /home/ubuntu/gopi5go_desk/ros2ws/install/dave_interfaces/include/dave_interfaces/dave_interfaces/msg/detail
[9.322s] -- Installing: /home/ubuntu/gopi5go_desk/ros2ws/install/dave_interfaces/include/dave_interfaces/dave_interfaces/msg/detail/dds_fastrtps
[9.322s] -- Installing: /home/ubuntu/gopi5go_desk/ros2ws/install/dave_interfaces/include/dave_interfaces/dave_interfaces/msg/detail/battery_state__rosidl_typesupport_fastrtps_cpp.hpp
[9.322s] -- Installing: /home/ubuntu/gopi5go_desk/ros2ws/install/dave_interfaces/include/dave_interfaces/dave_interfaces/msg/detail/dock_status__rosidl_typesupport_fastrtps_cpp.hpp
[9.323s] -- Installing: /home/ubuntu/gopi5go_desk/ros2ws/install/dave_interfaces/include/dave_interfaces/dave_interfaces/msg/rosidl_typesupport_fastrtps_cpp__visibility_control.h
[9.323s] -- Up-to-date: /home/ubuntu/gopi5go_desk/ros2ws/install/dave_interfaces/include/dave_interfaces/dave_interfaces/srv
[9.323s] -- Up-to-date: /home/ubuntu/gopi5go_desk/ros2ws/install/dave_interfaces/include/dave_interfaces/dave_interfaces/srv/detail
[9.323s] -- Installing: /home/ubuntu/gopi5go_desk/ros2ws/install/dave_interfaces/include/dave_interfaces/dave_interfaces/srv/detail/dock__rosidl_typesupport_fastrtps_cpp.hpp
[9.323s] -- Installing: /home/ubuntu/gopi5go_desk/ros2ws/install/dave_interfaces/include/dave_interfaces/dave_interfaces/srv/detail/dds_fastrtps
[9.323s] -- Installing: /home/ubuntu/gopi5go_desk/ros2ws/install/dave_interfaces/include/dave_interfaces/dave_interfaces/srv/detail/undock__rosidl_typesupport_fastrtps_cpp.hpp
[9.323s] -- Installing: /home/ubuntu/gopi5go_desk/ros2ws/install/dave_interfaces/include/dave_interfaces/dave_interfaces/srv/detail/say__rosidl_typesupport_fastrtps_cpp.hpp
[9.323s] -- Installing: /home/ubuntu/gopi5go_desk/ros2ws/install/dave_interfaces/lib/libdave_interfaces__rosidl_typesupport_fastrtps_cpp.so
[9.324s] -- Set runtime path of "/home/ubuntu/gopi5go_desk/ros2ws/install/dave_interfaces/lib/libdave_interfaces__rosidl_typesupport_fastrtps_cpp.so" to ""
[9.324s] -- Up-to-date: /home/ubuntu/gopi5go_desk/ros2ws/install/dave_interfaces/include/dave_interfaces/dave_interfaces
[9.324s] -- Up-to-date: /home/ubuntu/gopi5go_desk/ros2ws/install/dave_interfaces/include/dave_interfaces/dave_interfaces/msg
[9.324s] -- Up-to-date: /home/ubuntu/gopi5go_desk/ros2ws/install/dave_interfaces/include/dave_interfaces/dave_interfaces/msg/detail
[9.324s] -- Installing: /home/ubuntu/gopi5go_desk/ros2ws/install/dave_interfaces/include/dave_interfaces/dave_interfaces/msg/detail/dock_status__type_support.cpp
[9.325s] -- Installing: /home/ubuntu/gopi5go_desk/ros2ws/install/dave_interfaces/include/dave_interfaces/dave_interfaces/msg/detail/dock_status__rosidl_typesupport_introspection_cpp.hpp
[9.325s] -- Installing: /home/ubuntu/gopi5go_desk/ros2ws/install/dave_interfaces/include/dave_interfaces/dave_interfaces/msg/detail/battery_state__type_support.cpp
[9.325s] -- Installing: /home/ubuntu/gopi5go_desk/ros2ws/install/dave_interfaces/include/dave_interfaces/dave_interfaces/msg/detail/battery_state__rosidl_typesupport_introspection_cpp.hpp
[9.325s] -- Up-to-date: /home/ubuntu/gopi5go_desk/ros2ws/install/dave_interfaces/include/dave_interfaces/dave_interfaces/srv
[9.325s] -- Up-to-date: /home/ubuntu/gopi5go_desk/ros2ws/install/dave_interfaces/include/dave_interfaces/dave_interfaces/srv/detail
[9.325s] -- Installing: /home/ubuntu/gopi5go_desk/ros2ws/install/dave_interfaces/include/dave_interfaces/dave_interfaces/srv/detail/undock__rosidl_typesupport_introspection_cpp.hpp
[9.326s] -- Installing: /home/ubuntu/gopi5go_desk/ros2ws/install/dave_interfaces/include/dave_interfaces/dave_interfaces/srv/detail/say__type_support.cpp
[9.326s] -- Installing: /home/ubuntu/gopi5go_desk/ros2ws/install/dave_interfaces/include/dave_interfaces/dave_interfaces/srv/detail/say__rosidl_typesupport_introspection_cpp.hpp
[9.326s] -- Installing: /home/ubuntu/gopi5go_desk/ros2ws/install/dave_interfaces/include/dave_interfaces/dave_interfaces/srv/detail/undock__type_support.cpp
[9.326s] -- Installing: /home/ubuntu/gopi5go_desk/ros2ws/install/dave_interfaces/include/dave_interfaces/dave_interfaces/srv/detail/dock__rosidl_typesupport_introspection_cpp.hpp
[9.326s] -- Installing: /home/ubuntu/gopi5go_desk/ros2ws/install/dave_interfaces/include/dave_interfaces/dave_interfaces/srv/detail/dock__type_support.cpp
[9.326s] -- Installing: /home/ubuntu/gopi5go_desk/ros2ws/install/dave_interfaces/lib/libdave_interfaces__rosidl_typesupport_introspection_cpp.so
[9.326s] -- Set runtime path of "/home/ubuntu/gopi5go_desk/ros2ws/install/dave_interfaces/lib/libdave_interfaces__rosidl_typesupport_introspection_cpp.so" to ""
[9.326s] -- Installing: /home/ubuntu/gopi5go_desk/ros2ws/install/dave_interfaces/lib/libdave_interfaces__rosidl_typesupport_cpp.so
[9.327s] -- Set runtime path of "/home/ubuntu/gopi5go_desk/ros2ws/install/dave_interfaces/lib/libdave_interfaces__rosidl_typesupport_cpp.so" to ""
[9.327s] -- Installing: /home/ubuntu/gopi5go_desk/ros2ws/install/dave_interfaces/share/dave_interfaces/environment/pythonpath.sh
[9.327s] -- Installing: /home/ubuntu/gopi5go_desk/ros2ws/install/dave_interfaces/share/dave_interfaces/environment/pythonpath.dsv
[9.327s] -- Installing: /home/ubuntu/gopi5go_desk/ros2ws/install/dave_interfaces/local/lib/python3.10/dist-packages/dave_interfaces-0.0.1-py3.10.egg-info
[9.327s] -- Installing: /home/ubuntu/gopi5go_desk/ros2ws/install/dave_interfaces/local/lib/python3.10/dist-packages/dave_interfaces-0.0.1-py3.10.egg-info/SOURCES.txt
[9.327s] -- Installing: /home/ubuntu/gopi5go_desk/ros2ws/install/dave_interfaces/local/lib/python3.10/dist-packages/dave_interfaces-0.0.1-py3.10.egg-info/PKG-INFO
[9.327s] -- Installing: /home/ubuntu/gopi5go_desk/ros2ws/install/dave_interfaces/local/lib/python3.10/dist-packages/dave_interfaces-0.0.1-py3.10.egg-info/dependency_links.txt
[9.328s] -- Installing: /home/ubuntu/gopi5go_desk/ros2ws/install/dave_interfaces/local/lib/python3.10/dist-packages/dave_interfaces-0.0.1-py3.10.egg-info/top_level.txt
[9.328s] -- Installing: /home/ubuntu/gopi5go_desk/ros2ws/install/dave_interfaces/local/lib/python3.10/dist-packages/dave_interfaces
[9.328s] -- Installing: /home/ubuntu/gopi5go_desk/ros2ws/install/dave_interfaces/local/lib/python3.10/dist-packages/dave_interfaces/__init__.py
[9.328s] -- Installing: /home/ubuntu/gopi5go_desk/ros2ws/install/dave_interfaces/local/lib/python3.10/dist-packages/dave_interfaces/_dave_interfaces_s.ep.rosidl_typesupport_fastrtps_c.c
[9.329s] -- Installing: /home/ubuntu/gopi5go_desk/ros2ws/install/dave_interfaces/local/lib/python3.10/dist-packages/dave_interfaces/dave_interfaces_s__rosidl_typesupport_fastrtps_c.cpython-310-x86_64-linux-gnu.so
[9.329s] -- Installing: /home/ubuntu/gopi5go_desk/ros2ws/install/dave_interfaces/local/lib/python3.10/dist-packages/dave_interfaces/_dave_interfaces_s.ep.rosidl_typesupport_introspection_c.c
[9.329s] -- Installing: /home/ubuntu/gopi5go_desk/ros2ws/install/dave_interfaces/local/lib/python3.10/dist-packages/dave_interfaces/_dave_interfaces_s.ep.rosidl_typesupport_c.c
[9.329s] -- Installing: /home/ubuntu/gopi5go_desk/ros2ws/install/dave_interfaces/local/lib/python3.10/dist-packages/dave_interfaces/msg
[9.329s] -- Installing: /home/ubuntu/gopi5go_desk/ros2ws/install/dave_interfaces/local/lib/python3.10/dist-packages/dave_interfaces/msg/_dock_status_s.c
[9.330s] -- Installing: /home/ubuntu/gopi5go_desk/ros2ws/install/dave_interfaces/local/lib/python3.10/dist-packages/dave_interfaces/msg/__init__.py
[9.330s] -- Installing: /home/ubuntu/gopi5go_desk/ros2ws/install/dave_interfaces/local/lib/python3.10/dist-packages/dave_interfaces/msg/_battery_state.py
[9.330s] -- Installing: /home/ubuntu/gopi5go_desk/ros2ws/install/dave_interfaces/local/lib/python3.10/dist-packages/dave_interfaces/msg/_dock_status.py
[9.330s] -- Installing: /home/ubuntu/gopi5go_desk/ros2ws/install/dave_interfaces/local/lib/python3.10/dist-packages/dave_interfaces/msg/_battery_state_s.c
[9.330s] -- Installing: /home/ubuntu/gopi5go_desk/ros2ws/install/dave_interfaces/local/lib/python3.10/dist-packages/dave_interfaces/dave_interfaces_s__rosidl_typesupport_c.cpython-310-x86_64-linux-gnu.so
[9.330s] -- Installing: /home/ubuntu/gopi5go_desk/ros2ws/install/dave_interfaces/local/lib/python3.10/dist-packages/dave_interfaces/srv
[9.331s] -- Installing: /home/ubuntu/gopi5go_desk/ros2ws/install/dave_interfaces/local/lib/python3.10/dist-packages/dave_interfaces/srv/_undock_s.c
[9.331s] -- Installing: /home/ubuntu/gopi5go_desk/ros2ws/install/dave_interfaces/local/lib/python3.10/dist-packages/dave_interfaces/srv/__init__.py
[9.331s] -- Installing: /home/ubuntu/gopi5go_desk/ros2ws/install/dave_interfaces/local/lib/python3.10/dist-packages/dave_interfaces/srv/_say_s.c
[9.331s] -- Installing: /home/ubuntu/gopi5go_desk/ros2ws/install/dave_interfaces/local/lib/python3.10/dist-packages/dave_interfaces/srv/_dock_s.c
[9.332s] -- Installing: /home/ubuntu/gopi5go_desk/ros2ws/install/dave_interfaces/local/lib/python3.10/dist-packages/dave_interfaces/srv/_say.py
[9.332s] -- Installing: /home/ubuntu/gopi5go_desk/ros2ws/install/dave_interfaces/local/lib/python3.10/dist-packages/dave_interfaces/srv/_dock.py
[9.332s] -- Installing: /home/ubuntu/gopi5go_desk/ros2ws/install/dave_interfaces/local/lib/python3.10/dist-packages/dave_interfaces/srv/_undock.py
[9.332s] -- Installing: /home/ubuntu/gopi5go_desk/ros2ws/install/dave_interfaces/local/lib/python3.10/dist-packages/dave_interfaces/libdave_interfaces__rosidl_generator_py.so
[9.332s] -- Installing: /home/ubuntu/gopi5go_desk/ros2ws/install/dave_interfaces/local/lib/python3.10/dist-packages/dave_interfaces/dave_interfaces_s__rosidl_typesupport_introspection_c.cpython-310-x86_64-linux-gnu.so
[9.385s] Listing '/home/ubuntu/gopi5go_desk/ros2ws/install/dave_interfaces/local/lib/python3.10/dist-packages/dave_interfaces'...
[9.385s] Compiling '/home/ubuntu/gopi5go_desk/ros2ws/install/dave_interfaces/local/lib/python3.10/dist-packages/dave_interfaces/__init__.py'...
[9.385s] Listing '/home/ubuntu/gopi5go_desk/ros2ws/install/dave_interfaces/local/lib/python3.10/dist-packages/dave_interfaces/msg'...
[9.385s] Compiling '/home/ubuntu/gopi5go_desk/ros2ws/install/dave_interfaces/local/lib/python3.10/dist-packages/dave_interfaces/msg/__init__.py'...
[9.386s] Compiling '/home/ubuntu/gopi5go_desk/ros2ws/install/dave_interfaces/local/lib/python3.10/dist-packages/dave_interfaces/msg/_battery_state.py'...
[9.386s] Compiling '/home/ubuntu/gopi5go_desk/ros2ws/install/dave_interfaces/local/lib/python3.10/dist-packages/dave_interfaces/msg/_dock_status.py'...
[9.386s] Listing '/home/ubuntu/gopi5go_desk/ros2ws/install/dave_interfaces/local/lib/python3.10/dist-packages/dave_interfaces/srv'...
[9.386s] Compiling '/home/ubuntu/gopi5go_desk/ros2ws/install/dave_interfaces/local/lib/python3.10/dist-packages/dave_interfaces/srv/__init__.py'...
[9.386s] Compiling '/home/ubuntu/gopi5go_desk/ros2ws/install/dave_interfaces/local/lib/python3.10/dist-packages/dave_interfaces/srv/_dock.py'...
[9.386s] Compiling '/home/ubuntu/gopi5go_desk/ros2ws/install/dave_interfaces/local/lib/python3.10/dist-packages/dave_interfaces/srv/_say.py'...
[9.386s] Compiling '/home/ubuntu/gopi5go_desk/ros2ws/install/dave_interfaces/local/lib/python3.10/dist-packages/dave_interfaces/srv/_undock.py'...
[9.390s] -- Installing: /home/ubuntu/gopi5go_desk/ros2ws/install/dave_interfaces/local/lib/python3.10/dist-packages/dave_interfaces/dave_interfaces_s__rosidl_typesupport_fastrtps_c.cpython-310-x86_64-linux-gnu.so
[9.391s] -- Set runtime path of "/home/ubuntu/gopi5go_desk/ros2ws/install/dave_interfaces/local/lib/python3.10/dist-packages/dave_interfaces/dave_interfaces_s__rosidl_typesupport_fastrtps_c.cpython-310-x86_64-linux-gnu.so" to ""
[9.391s] -- Installing: /home/ubuntu/gopi5go_desk/ros2ws/install/dave_interfaces/local/lib/python3.10/dist-packages/dave_interfaces/dave_interfaces_s__rosidl_typesupport_introspection_c.cpython-310-x86_64-linux-gnu.so
[9.392s] -- Set runtime path of "/home/ubuntu/gopi5go_desk/ros2ws/install/dave_interfaces/local/lib/python3.10/dist-packages/dave_interfaces/dave_interfaces_s__rosidl_typesupport_introspection_c.cpython-310-x86_64-linux-gnu.so" to ""
[9.392s] -- Installing: /home/ubuntu/gopi5go_desk/ros2ws/install/dave_interfaces/local/lib/python3.10/dist-packages/dave_interfaces/dave_interfaces_s__rosidl_typesupport_c.cpython-310-x86_64-linux-gnu.so
[9.392s] -- Set runtime path of "/home/ubuntu/gopi5go_desk/ros2ws/install/dave_interfaces/local/lib/python3.10/dist-packages/dave_interfaces/dave_interfaces_s__rosidl_typesupport_c.cpython-310-x86_64-linux-gnu.so" to ""
[9.393s] -- Installing: /home/ubuntu/gopi5go_desk/ros2ws/install/dave_interfaces/lib/libdave_interfaces__rosidl_generator_py.so
[9.393s] -- Set runtime path of "/home/ubuntu/gopi5go_desk/ros2ws/install/dave_interfaces/lib/libdave_interfaces__rosidl_generator_py.so" to ""
[9.393s] -- Installing: /home/ubuntu/gopi5go_desk/ros2ws/install/dave_interfaces/share/dave_interfaces/srv/Say.idl
[9.394s] -- Installing: /home/ubuntu/gopi5go_desk/ros2ws/install/dave_interfaces/share/dave_interfaces/srv/Dock.idl
[9.394s] -- Installing: /home/ubuntu/gopi5go_desk/ros2ws/install/dave_interfaces/share/dave_interfaces/srv/Undock.idl
[9.394s] -- Installing: /home/ubuntu/gopi5go_desk/ros2ws/install/dave_interfaces/share/dave_interfaces/msg/BatteryState.idl
[9.394s] -- Installing: /home/ubuntu/gopi5go_desk/ros2ws/install/dave_interfaces/share/dave_interfaces/msg/DockStatus.idl
[9.394s] -- Installing: /home/ubuntu/gopi5go_desk/ros2ws/install/dave_interfaces/share/dave_interfaces/srv/Say.srv
[9.394s] -- Installing: /home/ubuntu/gopi5go_desk/ros2ws/install/dave_interfaces/share/dave_interfaces/srv/Say_Request.msg
[9.395s] -- Installing: /home/ubuntu/gopi5go_desk/ros2ws/install/dave_interfaces/share/dave_interfaces/srv/Say_Response.msg
[9.395s] -- Installing: /home/ubuntu/gopi5go_desk/ros2ws/install/dave_interfaces/share/dave_interfaces/srv/Dock.srv
[9.395s] -- Installing: /home/ubuntu/gopi5go_desk/ros2ws/install/dave_interfaces/share/dave_interfaces/srv/Dock_Request.msg
[9.395s] -- Installing: /home/ubuntu/gopi5go_desk/ros2ws/install/dave_interfaces/share/dave_interfaces/srv/Dock_Response.msg
[9.395s] -- Installing: /home/ubuntu/gopi5go_desk/ros2ws/install/dave_interfaces/share/dave_interfaces/srv/Undock.srv
[9.396s] -- Installing: /home/ubuntu/gopi5go_desk/ros2ws/install/dave_interfaces/share/dave_interfaces/srv/Undock_Request.msg
[9.396s] -- Installing: /home/ubuntu/gopi5go_desk/ros2ws/install/dave_interfaces/share/dave_interfaces/srv/Undock_Response.msg
[9.396s] -- Installing: /home/ubuntu/gopi5go_desk/ros2ws/install/dave_interfaces/share/dave_interfaces/msg/BatteryState.msg
[9.396s] -- Installing: /home/ubuntu/gopi5go_desk/ros2ws/install/dave_interfaces/share/dave_interfaces/msg/DockStatus.msg
[9.396s] -- Installing: /home/ubuntu/gopi5go_desk/ros2ws/install/dave_interfaces/share/ament_index/resource_index/package_run_dependencies/dave_interfaces
[9.397s] -- Installing: /home/ubuntu/gopi5go_desk/ros2ws/install/dave_interfaces/share/ament_index/resource_index/parent_prefix_path/dave_interfaces
[9.397s] -- Installing: /home/ubuntu/gopi5go_desk/ros2ws/install/dave_interfaces/share/dave_interfaces/environment/ament_prefix_path.sh
[9.397s] -- Installing: /home/ubuntu/gopi5go_desk/ros2ws/install/dave_interfaces/share/dave_interfaces/environment/ament_prefix_path.dsv
[9.397s] -- Installing: /home/ubuntu/gopi5go_desk/ros2ws/install/dave_interfaces/share/dave_interfaces/environment/path.sh
[9.398s] -- Installing: /home/ubuntu/gopi5go_desk/ros2ws/install/dave_interfaces/share/dave_interfaces/environment/path.dsv
[9.398s] -- Installing: /home/ubuntu/gopi5go_desk/ros2ws/install/dave_interfaces/share/dave_interfaces/local_setup.bash
[9.398s] -- Installing: /home/ubuntu/gopi5go_desk/ros2ws/install/dave_interfaces/share/dave_interfaces/local_setup.sh
[9.398s] -- Installing: /home/ubuntu/gopi5go_desk/ros2ws/install/dave_interfaces/share/dave_interfaces/local_setup.zsh
[9.398s] -- Installing: /home/ubuntu/gopi5go_desk/ros2ws/install/dave_interfaces/share/dave_interfaces/local_setup.dsv
[9.399s] -- Installing: /home/ubuntu/gopi5go_desk/ros2ws/install/dave_interfaces/share/dave_interfaces/package.dsv
[9.399s] -- Installing: /home/ubuntu/gopi5go_desk/ros2ws/install/dave_interfaces/share/ament_index/resource_index/packages/dave_interfaces
[9.399s] -- Installing: /home/ubuntu/gopi5go_desk/ros2ws/install/dave_interfaces/share/dave_interfaces/cmake/export_dave_interfaces__rosidl_generator_cExport.cmake
[9.400s] -- Installing: /home/ubuntu/gopi5go_desk/ros2ws/install/dave_interfaces/share/dave_interfaces/cmake/export_dave_interfaces__rosidl_generator_cExport-noconfig.cmake
[9.400s] -- Installing: /home/ubuntu/gopi5go_desk/ros2ws/install/dave_interfaces/share/dave_interfaces/cmake/export_dave_interfaces__rosidl_typesupport_fastrtps_cExport.cmake
[9.400s] -- Installing: /home/ubuntu/gopi5go_desk/ros2ws/install/dave_interfaces/share/dave_interfaces/cmake/export_dave_interfaces__rosidl_typesupport_fastrtps_cExport-noconfig.cmake
[9.401s] -- Installing: /home/ubuntu/gopi5go_desk/ros2ws/install/dave_interfaces/share/dave_interfaces/cmake/dave_interfaces__rosidl_typesupport_introspection_cExport.cmake
[9.401s] -- Installing: /home/ubuntu/gopi5go_desk/ros2ws/install/dave_interfaces/share/dave_interfaces/cmake/dave_interfaces__rosidl_typesupport_introspection_cExport-noconfig.cmake
[9.401s] -- Installing: /home/ubuntu/gopi5go_desk/ros2ws/install/dave_interfaces/share/dave_interfaces/cmake/dave_interfaces__rosidl_typesupport_cExport.cmake
[9.402s] -- Installing: /home/ubuntu/gopi5go_desk/ros2ws/install/dave_interfaces/share/dave_interfaces/cmake/dave_interfaces__rosidl_typesupport_cExport-noconfig.cmake
[9.402s] -- Installing: /home/ubuntu/gopi5go_desk/ros2ws/install/dave_interfaces/share/dave_interfaces/cmake/export_dave_interfaces__rosidl_generator_cppExport.cmake
[9.402s] -- Installing: /home/ubuntu/gopi5go_desk/ros2ws/install/dave_interfaces/share/dave_interfaces/cmake/export_dave_interfaces__rosidl_typesupport_fastrtps_cppExport.cmake
[9.402s] -- Installing: /home/ubuntu/gopi5go_desk/ros2ws/install/dave_interfaces/share/dave_interfaces/cmake/export_dave_interfaces__rosidl_typesupport_fastrtps_cppExport-noconfig.cmake
[9.402s] -- Installing: /home/ubuntu/gopi5go_desk/ros2ws/install/dave_interfaces/share/dave_interfaces/cmake/dave_interfaces__rosidl_typesupport_introspection_cppExport.cmake
[9.402s] -- Installing: /home/ubuntu/gopi5go_desk/ros2ws/install/dave_interfaces/share/dave_interfaces/cmake/dave_interfaces__rosidl_typesupport_introspection_cppExport-noconfig.cmake
[9.402s] -- Installing: /home/ubuntu/gopi5go_desk/ros2ws/install/dave_interfaces/share/dave_interfaces/cmake/dave_interfaces__rosidl_typesupport_cppExport.cmake
[9.403s] -- Installing: /home/ubuntu/gopi5go_desk/ros2ws/install/dave_interfaces/share/dave_interfaces/cmake/dave_interfaces__rosidl_typesupport_cppExport-noconfig.cmake
[9.404s] -- Installing: /home/ubuntu/gopi5go_desk/ros2ws/install/dave_interfaces/share/dave_interfaces/cmake/export_dave_interfaces__rosidl_generator_pyExport.cmake
[9.404s] -- Installing: /home/ubuntu/gopi5go_desk/ros2ws/install/dave_interfaces/share/dave_interfaces/cmake/export_dave_interfaces__rosidl_generator_pyExport-noconfig.cmake
[9.404s] -- Installing: /home/ubuntu/gopi5go_desk/ros2ws/install/dave_interfaces/share/dave_interfaces/cmake/rosidl_cmake-extras.cmake
[9.404s] -- Installing: /home/ubuntu/gopi5go_desk/ros2ws/install/dave_interfaces/share/dave_interfaces/cmake/ament_cmake_export_dependencies-extras.cmake
[9.404s] -- Installing: /home/ubuntu/gopi5go_desk/ros2ws/install/dave_interfaces/share/dave_interfaces/cmake/ament_cmake_export_include_directories-extras.cmake
[9.404s] -- Installing: /home/ubuntu/gopi5go_desk/ros2ws/install/dave_interfaces/share/dave_interfaces/cmake/ament_cmake_export_libraries-extras.cmake
[9.405s] -- Installing: /home/ubuntu/gopi5go_desk/ros2ws/install/dave_interfaces/share/dave_interfaces/cmake/ament_cmake_export_targets-extras.cmake
[9.405s] -- Installing: /home/ubuntu/gopi5go_desk/ros2ws/install/dave_interfaces/share/dave_interfaces/cmake/rosidl_cmake_export_typesupport_targets-extras.cmake
[9.405s] -- Installing: /home/ubuntu/gopi5go_desk/ros2ws/install/dave_interfaces/share/dave_interfaces/cmake/rosidl_cmake_export_typesupport_libraries-extras.cmake
[9.405s] -- Installing: /home/ubuntu/gopi5go_desk/ros2ws/install/dave_interfaces/share/dave_interfaces/cmake/dave_interfacesConfig.cmake
[9.405s] -- Installing: /home/ubuntu/gopi5go_desk/ros2ws/install/dave_interfaces/share/dave_interfaces/cmake/dave_interfacesConfig-version.cmake
[9.405s] -- Installing: /home/ubuntu/gopi5go_desk/ros2ws/install/dave_interfaces/share/dave_interfaces/package.xml
[9.408s] Invoked command in '/home/ubuntu/gopi5go_desk/ros2ws/build/dave_interfaces' returned '0': CMAKE_PREFIX_PATH=/opt/ros/humble /usr/bin/cmake --install /home/ubuntu/gopi5go_desk/ros2ws/build/dave_interfaces
