[0.013s] Invoking command in '/home/ubuntu/gopi5go_desk/simws/build/gpg3_cartographer': CMAKE_PREFIX_PATH=${CMAKE_PREFIX_PATH}:/home/ubuntu/gopi5go_desk/ros2ws/install/teleop_gopigo3_keyboard:/home/ubuntu/gopi5go_desk/ros2ws/install/scan_client:/home/ubuntu/gopi5go_desk/ros2ws/install/gopi5go_dave:/home/ubuntu/gopi5go_desk/ros2ws/install/explorer_wanderer:/opt/ros/humble /usr/bin/cmake /home/ubuntu/gopi5go_desk/simws/src/gpg3_cartographer -DCMAKE_INSTALL_PREFIX=/home/ubuntu/gopi5go_desk/simws/install/gpg3_cartographer
[0.083s] -- The C compiler identification is GNU 11.4.0
[0.153s] -- The CXX compiler identification is GNU 11.4.0
[0.162s] -- Detecting C compiler ABI info
[0.250s] -- Detecting C compiler ABI info - done
[0.257s] -- Check for working C compiler: /usr/bin/cc - skipped
[0.257s] -- Detecting C compile features
[0.258s] -- Detecting C compile features - done
[0.262s] -- Detecting CXX compiler ABI info
[0.366s] -- Detecting CXX compiler ABI info - done
[0.373s] -- Check for working CXX compiler: /usr/bin/c++ - skipped
[0.374s] -- Detecting CXX compile features
[0.375s] -- Detecting CXX compile features - done
[0.380s] -- Found ament_cmake: 1.3.10 (/opt/ros/humble/share/ament_cmake/cmake)
[0.562s] -- Found Python3: /usr/bin/python3 (found version "3.10.12") found components: Interpreter 
[0.747s] -- Configuring done
[0.749s] -- Generating done
[0.750s] -- Build files have been written to: /home/ubuntu/gopi5go_desk/simws/build/gpg3_cartographer
[0.757s] Invoked command in '/home/ubuntu/gopi5go_desk/simws/build/gpg3_cartographer' returned '0': CMAKE_PREFIX_PATH=${CMAKE_PREFIX_PATH}:/home/ubuntu/gopi5go_desk/ros2ws/install/teleop_gopigo3_keyboard:/home/ubuntu/gopi5go_desk/ros2ws/install/scan_client:/home/ubuntu/gopi5go_desk/ros2ws/install/gopi5go_dave:/home/ubuntu/gopi5go_desk/ros2ws/install/explorer_wanderer:/opt/ros/humble /usr/bin/cmake /home/ubuntu/gopi5go_desk/simws/src/gpg3_cartographer -DCMAKE_INSTALL_PREFIX=/home/ubuntu/gopi5go_desk/simws/install/gpg3_cartographer
[0.757s] Invoking command in '/home/ubuntu/gopi5go_desk/simws/build/gpg3_cartographer': CMAKE_PREFIX_PATH=${CMAKE_PREFIX_PATH}:/home/ubuntu/gopi5go_desk/ros2ws/install/teleop_gopigo3_keyboard:/home/ubuntu/gopi5go_desk/ros2ws/install/scan_client:/home/ubuntu/gopi5go_desk/ros2ws/install/gopi5go_dave:/home/ubuntu/gopi5go_desk/ros2ws/install/explorer_wanderer:/opt/ros/humble /usr/bin/cmake --build /home/ubuntu/gopi5go_desk/simws/build/gpg3_cartographer -- -j4 -l4
[0.807s] Invoked command in '/home/ubuntu/gopi5go_desk/simws/build/gpg3_cartographer' returned '0': CMAKE_PREFIX_PATH=${CMAKE_PREFIX_PATH}:/home/ubuntu/gopi5go_desk/ros2ws/install/teleop_gopigo3_keyboard:/home/ubuntu/gopi5go_desk/ros2ws/install/scan_client:/home/ubuntu/gopi5go_desk/ros2ws/install/gopi5go_dave:/home/ubuntu/gopi5go_desk/ros2ws/install/explorer_wanderer:/opt/ros/humble /usr/bin/cmake --build /home/ubuntu/gopi5go_desk/simws/build/gpg3_cartographer -- -j4 -l4
[0.859s] Invoking command in '/home/ubuntu/gopi5go_desk/simws/build/gpg3_cartographer': CMAKE_PREFIX_PATH=${CMAKE_PREFIX_PATH}:/home/ubuntu/gopi5go_desk/ros2ws/install/teleop_gopigo3_keyboard:/home/ubuntu/gopi5go_desk/ros2ws/install/scan_client:/home/ubuntu/gopi5go_desk/ros2ws/install/gopi5go_dave:/home/ubuntu/gopi5go_desk/ros2ws/install/explorer_wanderer:/opt/ros/humble /usr/bin/cmake --install /home/ubuntu/gopi5go_desk/simws/build/gpg3_cartographer
[0.868s] -- Install configuration: ""
[0.868s] -- Installing: /home/ubuntu/gopi5go_desk/simws/install/gpg3_cartographer/share/gpg3_cartographer/config
[0.868s] -- Installing: /home/ubuntu/gopi5go_desk/simws/install/gpg3_cartographer/share/gpg3_cartographer/config/gpg3_2d.lua
[0.868s] -- Installing: /home/ubuntu/gopi5go_desk/simws/install/gpg3_cartographer/share/gpg3_cartographer/launch
[0.869s] -- Installing: /home/ubuntu/gopi5go_desk/simws/install/gpg3_cartographer/share/gpg3_cartographer/launch/cartographer.launch.py
[0.869s] -- Installing: /home/ubuntu/gopi5go_desk/simws/install/gpg3_cartographer/share/gpg3_cartographer/rviz
[0.869s] -- Installing: /home/ubuntu/gopi5go_desk/simws/install/gpg3_cartographer/share/gpg3_cartographer/rviz/cartographer.rviz
[0.869s] -- Installing: /home/ubuntu/gopi5go_desk/simws/install/gpg3_cartographer/share/ament_index/resource_index/package_run_dependencies/gpg3_cartographer
[0.869s] -- Installing: /home/ubuntu/gopi5go_desk/simws/install/gpg3_cartographer/share/ament_index/resource_index/parent_prefix_path/gpg3_cartographer
[0.869s] -- Installing: /home/ubuntu/gopi5go_desk/simws/install/gpg3_cartographer/share/gpg3_cartographer/environment/ament_prefix_path.sh
[0.869s] -- Installing: /home/ubuntu/gopi5go_desk/simws/install/gpg3_cartographer/share/gpg3_cartographer/environment/ament_prefix_path.dsv
[0.870s] -- Installing: /home/ubuntu/gopi5go_desk/simws/install/gpg3_cartographer/share/gpg3_cartographer/environment/path.sh
[0.870s] -- Installing: /home/ubuntu/gopi5go_desk/simws/install/gpg3_cartographer/share/gpg3_cartographer/environment/path.dsv
[0.870s] -- Installing: /home/ubuntu/gopi5go_desk/simws/install/gpg3_cartographer/share/gpg3_cartographer/local_setup.bash
[0.870s] -- Installing: /home/ubuntu/gopi5go_desk/simws/install/gpg3_cartographer/share/gpg3_cartographer/local_setup.sh
[0.870s] -- Installing: /home/ubuntu/gopi5go_desk/simws/install/gpg3_cartographer/share/gpg3_cartographer/local_setup.zsh
[0.870s] -- Installing: /home/ubuntu/gopi5go_desk/simws/install/gpg3_cartographer/share/gpg3_cartographer/local_setup.dsv
[0.871s] -- Installing: /home/ubuntu/gopi5go_desk/simws/install/gpg3_cartographer/share/gpg3_cartographer/package.dsv
[0.871s] -- Installing: /home/ubuntu/gopi5go_desk/simws/install/gpg3_cartographer/share/ament_index/resource_index/packages/gpg3_cartographer
[0.871s] -- Installing: /home/ubuntu/gopi5go_desk/simws/install/gpg3_cartographer/share/gpg3_cartographer/cmake/gpg3_cartographerConfig.cmake
[0.872s] -- Installing: /home/ubuntu/gopi5go_desk/simws/install/gpg3_cartographer/share/gpg3_cartographer/cmake/gpg3_cartographerConfig-version.cmake
[0.872s] -- Installing: /home/ubuntu/gopi5go_desk/simws/install/gpg3_cartographer/share/gpg3_cartographer/package.xml
[0.874s] Invoked command in '/home/ubuntu/gopi5go_desk/simws/build/gpg3_cartographer' returned '0': CMAKE_PREFIX_PATH=${CMAKE_PREFIX_PATH}:/home/ubuntu/gopi5go_desk/ros2ws/install/teleop_gopigo3_keyboard:/home/ubuntu/gopi5go_desk/ros2ws/install/scan_client:/home/ubuntu/gopi5go_desk/ros2ws/install/gopi5go_dave:/home/ubuntu/gopi5go_desk/ros2ws/install/explorer_wanderer:/opt/ros/humble /usr/bin/cmake --install /home/ubuntu/gopi5go_desk/simws/build/gpg3_cartographer
