[0.012s] Invoking command in '/home/ubuntu/gopi5go_desk/simws/build/gpg3_navigation2': CMAKE_PREFIX_PATH=${CMAKE_PREFIX_PATH}:/home/ubuntu/gopi5go_desk/ros2ws/install/teleop_gopigo3_keyboard:/home/ubuntu/gopi5go_desk/ros2ws/install/scan_client:/home/ubuntu/gopi5go_desk/ros2ws/install/gopi5go_dave:/home/ubuntu/gopi5go_desk/ros2ws/install/explorer_wanderer:/opt/ros/humble /usr/bin/cmake /home/ubuntu/gopi5go_desk/simws/src/gpg3_navigation2 -DCMAKE_INSTALL_PREFIX=/home/ubuntu/gopi5go_desk/simws/install/gpg3_navigation2
[0.084s] -- The C compiler identification is GNU 11.4.0
[0.149s] -- The CXX compiler identification is GNU 11.4.0
[0.158s] -- Detecting C compiler ABI info
[0.247s] -- Detecting C compiler ABI info - done
[0.257s] -- Check for working C compiler: /usr/bin/cc - skipped
[0.258s] -- Detecting C compile features
[0.258s] -- Detecting C compile features - done
[0.261s] -- Detecting CXX compiler ABI info
[0.357s] -- Detecting CXX compiler ABI info - done
[0.366s] -- Check for working CXX compiler: /usr/bin/c++ - skipped
[0.366s] -- Detecting CXX compile features
[0.367s] -- Detecting CXX compile features - done
[0.372s] -- Found ament_cmake: 1.3.10 (/opt/ros/humble/share/ament_cmake/cmake)
[0.574s] -- Found Python3: /usr/bin/python3 (found version "3.10.12") found components: Interpreter 
[0.789s] -- Configuring done
[0.792s] -- Generating done
[0.793s] -- Build files have been written to: /home/ubuntu/gopi5go_desk/simws/build/gpg3_navigation2
[0.798s] Invoked command in '/home/ubuntu/gopi5go_desk/simws/build/gpg3_navigation2' returned '0': CMAKE_PREFIX_PATH=${CMAKE_PREFIX_PATH}:/home/ubuntu/gopi5go_desk/ros2ws/install/teleop_gopigo3_keyboard:/home/ubuntu/gopi5go_desk/ros2ws/install/scan_client:/home/ubuntu/gopi5go_desk/ros2ws/install/gopi5go_dave:/home/ubuntu/gopi5go_desk/ros2ws/install/explorer_wanderer:/opt/ros/humble /usr/bin/cmake /home/ubuntu/gopi5go_desk/simws/src/gpg3_navigation2 -DCMAKE_INSTALL_PREFIX=/home/ubuntu/gopi5go_desk/simws/install/gpg3_navigation2
[0.801s] Invoking command in '/home/ubuntu/gopi5go_desk/simws/build/gpg3_navigation2': CMAKE_PREFIX_PATH=${CMAKE_PREFIX_PATH}:/home/ubuntu/gopi5go_desk/ros2ws/install/teleop_gopigo3_keyboard:/home/ubuntu/gopi5go_desk/ros2ws/install/scan_client:/home/ubuntu/gopi5go_desk/ros2ws/install/gopi5go_dave:/home/ubuntu/gopi5go_desk/ros2ws/install/explorer_wanderer:/opt/ros/humble /usr/bin/cmake --build /home/ubuntu/gopi5go_desk/simws/build/gpg3_navigation2 -- -j4 -l4
[0.856s] Invoked command in '/home/ubuntu/gopi5go_desk/simws/build/gpg3_navigation2' returned '0': CMAKE_PREFIX_PATH=${CMAKE_PREFIX_PATH}:/home/ubuntu/gopi5go_desk/ros2ws/install/teleop_gopigo3_keyboard:/home/ubuntu/gopi5go_desk/ros2ws/install/scan_client:/home/ubuntu/gopi5go_desk/ros2ws/install/gopi5go_dave:/home/ubuntu/gopi5go_desk/ros2ws/install/explorer_wanderer:/opt/ros/humble /usr/bin/cmake --build /home/ubuntu/gopi5go_desk/simws/build/gpg3_navigation2 -- -j4 -l4
[0.916s] Invoking command in '/home/ubuntu/gopi5go_desk/simws/build/gpg3_navigation2': CMAKE_PREFIX_PATH=${CMAKE_PREFIX_PATH}:/home/ubuntu/gopi5go_desk/ros2ws/install/teleop_gopigo3_keyboard:/home/ubuntu/gopi5go_desk/ros2ws/install/scan_client:/home/ubuntu/gopi5go_desk/ros2ws/install/gopi5go_dave:/home/ubuntu/gopi5go_desk/ros2ws/install/explorer_wanderer:/opt/ros/humble /usr/bin/cmake --install /home/ubuntu/gopi5go_desk/simws/build/gpg3_navigation2
[0.925s] -- Install configuration: ""
[0.926s] -- Installing: /home/ubuntu/gopi5go_desk/simws/install/gpg3_navigation2/share/gpg3_navigation2/launch
[0.926s] -- Installing: /home/ubuntu/gopi5go_desk/simws/install/gpg3_navigation2/share/gpg3_navigation2/launch/navigation2_use_sim_time.launch.py
[0.926s] -- Installing: /home/ubuntu/gopi5go_desk/simws/install/gpg3_navigation2/share/gpg3_navigation2/launch/navigation2.launch.py
[0.926s] -- Installing: /home/ubuntu/gopi5go_desk/simws/install/gpg3_navigation2/share/gpg3_navigation2/map
[0.926s] -- Installing: /home/ubuntu/gopi5go_desk/simws/install/gpg3_navigation2/share/gpg3_navigation2/map/gpg3_world.pgm
[0.927s] -- Installing: /home/ubuntu/gopi5go_desk/simws/install/gpg3_navigation2/share/gpg3_navigation2/map/gpg3_world.yaml
[0.927s] -- Installing: /home/ubuntu/gopi5go_desk/simws/install/gpg3_navigation2/share/gpg3_navigation2/param
[0.927s] -- Installing: /home/ubuntu/gopi5go_desk/simws/install/gpg3_navigation2/share/gpg3_navigation2/param/gopigo3_use_sim_time.yaml
[0.927s] -- Installing: /home/ubuntu/gopi5go_desk/simws/install/gpg3_navigation2/share/gpg3_navigation2/param/waffle_pi.yaml
[0.927s] -- Installing: /home/ubuntu/gopi5go_desk/simws/install/gpg3_navigation2/share/gpg3_navigation2/param/waffle_pi_use_sim_time.yaml
[0.927s] -- Installing: /home/ubuntu/gopi5go_desk/simws/install/gpg3_navigation2/share/gpg3_navigation2/param/burger_use_sim_time.yaml
[0.928s] -- Installing: /home/ubuntu/gopi5go_desk/simws/install/gpg3_navigation2/share/gpg3_navigation2/param/gopigo3.yaml
[0.928s] -- Installing: /home/ubuntu/gopi5go_desk/simws/install/gpg3_navigation2/share/gpg3_navigation2/param/burger.yaml
[0.928s] -- Installing: /home/ubuntu/gopi5go_desk/simws/install/gpg3_navigation2/share/gpg3_navigation2/rviz
[0.929s] -- Installing: /home/ubuntu/gopi5go_desk/simws/install/gpg3_navigation2/share/gpg3_navigation2/rviz/navigation2.rviz
[0.929s] -- Installing: /home/ubuntu/gopi5go_desk/simws/install/gpg3_navigation2/share/ament_index/resource_index/package_run_dependencies/gpg3_navigation2
[0.929s] -- Installing: /home/ubuntu/gopi5go_desk/simws/install/gpg3_navigation2/share/ament_index/resource_index/parent_prefix_path/gpg3_navigation2
[0.929s] -- Installing: /home/ubuntu/gopi5go_desk/simws/install/gpg3_navigation2/share/gpg3_navigation2/environment/ament_prefix_path.sh
[0.929s] -- Installing: /home/ubuntu/gopi5go_desk/simws/install/gpg3_navigation2/share/gpg3_navigation2/environment/ament_prefix_path.dsv
[0.929s] -- Installing: /home/ubuntu/gopi5go_desk/simws/install/gpg3_navigation2/share/gpg3_navigation2/environment/path.sh
[0.929s] -- Installing: /home/ubuntu/gopi5go_desk/simws/install/gpg3_navigation2/share/gpg3_navigation2/environment/path.dsv
[0.929s] -- Installing: /home/ubuntu/gopi5go_desk/simws/install/gpg3_navigation2/share/gpg3_navigation2/local_setup.bash
[0.929s] -- Installing: /home/ubuntu/gopi5go_desk/simws/install/gpg3_navigation2/share/gpg3_navigation2/local_setup.sh
[0.929s] -- Installing: /home/ubuntu/gopi5go_desk/simws/install/gpg3_navigation2/share/gpg3_navigation2/local_setup.zsh
[0.930s] -- Installing: /home/ubuntu/gopi5go_desk/simws/install/gpg3_navigation2/share/gpg3_navigation2/local_setup.dsv
[0.930s] -- Installing: /home/ubuntu/gopi5go_desk/simws/install/gpg3_navigation2/share/gpg3_navigation2/package.dsv
[0.930s] -- Installing: /home/ubuntu/gopi5go_desk/simws/install/gpg3_navigation2/share/ament_index/resource_index/packages/gpg3_navigation2
[0.930s] -- Installing: /home/ubuntu/gopi5go_desk/simws/install/gpg3_navigation2/share/gpg3_navigation2/cmake/gpg3_navigation2Config.cmake
[0.931s] -- Installing: /home/ubuntu/gopi5go_desk/simws/install/gpg3_navigation2/share/gpg3_navigation2/cmake/gpg3_navigation2Config-version.cmake
[0.931s] -- Installing: /home/ubuntu/gopi5go_desk/simws/install/gpg3_navigation2/share/gpg3_navigation2/package.xml
[0.934s] Invoked command in '/home/ubuntu/gopi5go_desk/simws/build/gpg3_navigation2' returned '0': CMAKE_PREFIX_PATH=${CMAKE_PREFIX_PATH}:/home/ubuntu/gopi5go_desk/ros2ws/install/teleop_gopigo3_keyboard:/home/ubuntu/gopi5go_desk/ros2ws/install/scan_client:/home/ubuntu/gopi5go_desk/ros2ws/install/gopi5go_dave:/home/ubuntu/gopi5go_desk/ros2ws/install/explorer_wanderer:/opt/ros/humble /usr/bin/cmake --install /home/ubuntu/gopi5go_desk/simws/build/gpg3_navigation2
