[ 25%] Built target gpg3_drive
[ 75%] Built target obstacle1
[ 75%] Built target obstacles
[100%] Built target obstacle2
-- Install configuration: ""
-- Up-to-date: /home/ubuntu/gopi5go_desk/simws/install/gpg3_gazebo/lib/gpg3_gazebo/gpg3_drive
-- Up-to-date: /home/ubuntu/gopi5go_desk/simws/install/gpg3_gazebo/share/gpg3_gazebo//launch
-- Up-to-date: /home/ubuntu/gopi5go_desk/simws/install/gpg3_gazebo/share/gpg3_gazebo//launch/spawn_gpg3.launch.py
-- Up-to-date: /home/ubuntu/gopi5go_desk/simws/install/gpg3_gazebo/share/gpg3_gazebo//launch/gpg3_dqn_stage4.launch.py
-- Up-to-date: /home/ubuntu/gopi5go_desk/simws/install/gpg3_gazebo/share/gpg3_gazebo//launch/empty_world.launch.py
-- Up-to-date: /home/ubuntu/gopi5go_desk/simws/install/gpg3_gazebo/share/gpg3_gazebo//launch/gpg3_dqn_stage2.launch.py
-- Up-to-date: /home/ubuntu/gopi5go_desk/simws/install/gpg3_gazebo/share/gpg3_gazebo//launch/gpg3_dqn_stage1.launch.py
-- Up-to-date: /home/ubuntu/gopi5go_desk/simws/install/gpg3_gazebo/share/gpg3_gazebo//launch/robot_state_publisher.launch.py
-- Up-to-date: /home/ubuntu/gopi5go_desk/simws/install/gpg3_gazebo/share/gpg3_gazebo//launch/gpg3_house.launch.py
-- Up-to-date: /home/ubuntu/gopi5go_desk/simws/install/gpg3_gazebo/share/gpg3_gazebo//launch/gpg3_world.launch.py
-- Up-to-date: /home/ubuntu/gopi5go_desk/simws/install/gpg3_gazebo/share/gpg3_gazebo//launch/gpg3_dqn_stage3.launch.py
-- Up-to-date: /home/ubuntu/gopi5go_desk/simws/install/gpg3_gazebo/share/gpg3_gazebo//models
-- Up-to-date: /home/ubuntu/gopi5go_desk/simws/install/gpg3_gazebo/share/gpg3_gazebo//models/gpg3_world
-- Up-to-date: /home/ubuntu/gopi5go_desk/simws/install/gpg3_gazebo/share/gpg3_gazebo//models/gpg3_world/model-1_4.sdf
-- Up-to-date: /home/ubuntu/gopi5go_desk/simws/install/gpg3_gazebo/share/gpg3_gazebo//models/gpg3_world/model.sdf
-- Up-to-date: /home/ubuntu/gopi5go_desk/simws/install/gpg3_gazebo/share/gpg3_gazebo//models/gpg3_world/model.config
-- Up-to-date: /home/ubuntu/gopi5go_desk/simws/install/gpg3_gazebo/share/gpg3_gazebo//models/gpg3_world/meshes
-- Up-to-date: /home/ubuntu/gopi5go_desk/simws/install/gpg3_gazebo/share/gpg3_gazebo//models/gpg3_world/meshes/wall.dae
-- Up-to-date: /home/ubuntu/gopi5go_desk/simws/install/gpg3_gazebo/share/gpg3_gazebo//models/gpg3_world/meshes/hexagon.dae
-- Up-to-date: /home/ubuntu/gopi5go_desk/simws/install/gpg3_gazebo/share/gpg3_gazebo//models/turtlebot3_waffle_pi
-- Up-to-date: /home/ubuntu/gopi5go_desk/simws/install/gpg3_gazebo/share/gpg3_gazebo//models/turtlebot3_waffle_pi/model-1_4_.sdf
-- Up-to-date: /home/ubuntu/gopi5go_desk/simws/install/gpg3_gazebo/share/gpg3_gazebo//models/turtlebot3_waffle_pi/model.sdf
-- Up-to-date: /home/ubuntu/gopi5go_desk/simws/install/gpg3_gazebo/share/gpg3_gazebo//models/turtlebot3_waffle_pi/model.config
-- Up-to-date: /home/ubuntu/gopi5go_desk/simws/install/gpg3_gazebo/share/gpg3_gazebo//models/turtlebot3_burger
-- Up-to-date: /home/ubuntu/gopi5go_desk/simws/install/gpg3_gazebo/share/gpg3_gazebo//models/turtlebot3_burger/model-1_4.sdf
-- Up-to-date: /home/ubuntu/gopi5go_desk/simws/install/gpg3_gazebo/share/gpg3_gazebo//models/turtlebot3_burger/model.sdf
-- Up-to-date: /home/ubuntu/gopi5go_desk/simws/install/gpg3_gazebo/share/gpg3_gazebo//models/turtlebot3_burger/model.config
-- Up-to-date: /home/ubuntu/gopi5go_desk/simws/install/gpg3_gazebo/share/gpg3_gazebo//models/turtlebot3_house
-- Up-to-date: /home/ubuntu/gopi5go_desk/simws/install/gpg3_gazebo/share/gpg3_gazebo//models/turtlebot3_house/model.sdf
-- Up-to-date: /home/ubuntu/gopi5go_desk/simws/install/gpg3_gazebo/share/gpg3_gazebo//models/turtlebot3_house/model.config
-- Up-to-date: /home/ubuntu/gopi5go_desk/simws/install/gpg3_gazebo/share/gpg3_gazebo//models/gpg3_dqn_world
-- Up-to-date: /home/ubuntu/gopi5go_desk/simws/install/gpg3_gazebo/share/gpg3_gazebo//models/gpg3_dqn_world/goal_box
-- Up-to-date: /home/ubuntu/gopi5go_desk/simws/install/gpg3_gazebo/share/gpg3_gazebo//models/gpg3_dqn_world/goal_box/model.sdf
-- Up-to-date: /home/ubuntu/gopi5go_desk/simws/install/gpg3_gazebo/share/gpg3_gazebo//models/gpg3_dqn_world/goal_box/model.config
-- Up-to-date: /home/ubuntu/gopi5go_desk/simws/install/gpg3_gazebo/share/gpg3_gazebo//models/gpg3_dqn_world/obstacle1
-- Up-to-date: /home/ubuntu/gopi5go_desk/simws/install/gpg3_gazebo/share/gpg3_gazebo//models/gpg3_dqn_world/obstacle1/model.sdf
-- Up-to-date: /home/ubuntu/gopi5go_desk/simws/install/gpg3_gazebo/share/gpg3_gazebo//models/gpg3_dqn_world/obstacle1/model.config
-- Up-to-date: /home/ubuntu/gopi5go_desk/simws/install/gpg3_gazebo/share/gpg3_gazebo//models/gpg3_dqn_world/obstacle2
-- Up-to-date: /home/ubuntu/gopi5go_desk/simws/install/gpg3_gazebo/share/gpg3_gazebo//models/gpg3_dqn_world/obstacle2/model.sdf
-- Up-to-date: /home/ubuntu/gopi5go_desk/simws/install/gpg3_gazebo/share/gpg3_gazebo//models/gpg3_dqn_world/obstacle2/model.config
-- Up-to-date: /home/ubuntu/gopi5go_desk/simws/install/gpg3_gazebo/share/gpg3_gazebo//models/gpg3_dqn_world/obstacles
-- Up-to-date: /home/ubuntu/gopi5go_desk/simws/install/gpg3_gazebo/share/gpg3_gazebo//models/gpg3_dqn_world/obstacles/model.sdf
-- Up-to-date: /home/ubuntu/gopi5go_desk/simws/install/gpg3_gazebo/share/gpg3_gazebo//models/gpg3_dqn_world/obstacles/model.config
-- Up-to-date: /home/ubuntu/gopi5go_desk/simws/install/gpg3_gazebo/share/gpg3_gazebo//models/gpg3_dqn_world/inner_walls
-- Up-to-date: /home/ubuntu/gopi5go_desk/simws/install/gpg3_gazebo/share/gpg3_gazebo//models/gpg3_dqn_world/inner_walls/model.sdf
-- Up-to-date: /home/ubuntu/gopi5go_desk/simws/install/gpg3_gazebo/share/gpg3_gazebo//models/gpg3_dqn_world/inner_walls/model.config
-- Up-to-date: /home/ubuntu/gopi5go_desk/simws/install/gpg3_gazebo/share/gpg3_gazebo//models/gpg3_dqn_world/model.sdf
-- Up-to-date: /home/ubuntu/gopi5go_desk/simws/install/gpg3_gazebo/share/gpg3_gazebo//models/gpg3_dqn_world/model.config
-- Up-to-date: /home/ubuntu/gopi5go_desk/simws/install/gpg3_gazebo/share/gpg3_gazebo//models/gpg3_dqn_world/obstacle_plugin
-- Up-to-date: /home/ubuntu/gopi5go_desk/simws/install/gpg3_gazebo/share/gpg3_gazebo//models/gpg3_dqn_world/obstacle_plugin/obstacle1.cc
-- Up-to-date: /home/ubuntu/gopi5go_desk/simws/install/gpg3_gazebo/share/gpg3_gazebo//models/gpg3_dqn_world/obstacle_plugin/obstacle2.cc
-- Up-to-date: /home/ubuntu/gopi5go_desk/simws/install/gpg3_gazebo/share/gpg3_gazebo//models/gpg3_dqn_world/obstacle_plugin/obstacles.cc
-- Up-to-date: /home/ubuntu/gopi5go_desk/simws/install/gpg3_gazebo/share/gpg3_gazebo//models/gpg3_dqn_world/obstacle_plugin/CMakeLists.txt
-- Up-to-date: /home/ubuntu/gopi5go_desk/simws/install/gpg3_gazebo/share/gpg3_gazebo//models/gpg3_house
-- Up-to-date: /home/ubuntu/gopi5go_desk/simws/install/gpg3_gazebo/share/gpg3_gazebo//models/gpg3_house/model.sdf
-- Up-to-date: /home/ubuntu/gopi5go_desk/simws/install/gpg3_gazebo/share/gpg3_gazebo//models/gpg3_house/model.config
-- Up-to-date: /home/ubuntu/gopi5go_desk/simws/install/gpg3_gazebo/share/gpg3_gazebo//models/turtlebot3_world
-- Up-to-date: /home/ubuntu/gopi5go_desk/simws/install/gpg3_gazebo/share/gpg3_gazebo//models/turtlebot3_world/model-1_4.sdf
-- Up-to-date: /home/ubuntu/gopi5go_desk/simws/install/gpg3_gazebo/share/gpg3_gazebo//models/turtlebot3_world/model.sdf
-- Up-to-date: /home/ubuntu/gopi5go_desk/simws/install/gpg3_gazebo/share/gpg3_gazebo//models/turtlebot3_world/model.config
-- Up-to-date: /home/ubuntu/gopi5go_desk/simws/install/gpg3_gazebo/share/gpg3_gazebo//models/turtlebot3_world/meshes
-- Up-to-date: /home/ubuntu/gopi5go_desk/simws/install/gpg3_gazebo/share/gpg3_gazebo//models/turtlebot3_world/meshes/wall.dae
-- Up-to-date: /home/ubuntu/gopi5go_desk/simws/install/gpg3_gazebo/share/gpg3_gazebo//models/turtlebot3_world/meshes/hexagon.dae
-- Up-to-date: /home/ubuntu/gopi5go_desk/simws/install/gpg3_gazebo/share/gpg3_gazebo//models/turtlebot3_dqn_world
-- Up-to-date: /home/ubuntu/gopi5go_desk/simws/install/gpg3_gazebo/share/gpg3_gazebo//models/turtlebot3_dqn_world/goal_box
-- Up-to-date: /home/ubuntu/gopi5go_desk/simws/install/gpg3_gazebo/share/gpg3_gazebo//models/turtlebot3_dqn_world/goal_box/model.sdf
-- Up-to-date: /home/ubuntu/gopi5go_desk/simws/install/gpg3_gazebo/share/gpg3_gazebo//models/turtlebot3_dqn_world/goal_box/model.config
-- Up-to-date: /home/ubuntu/gopi5go_desk/simws/install/gpg3_gazebo/share/gpg3_gazebo//models/turtlebot3_dqn_world/obstacle1
-- Up-to-date: /home/ubuntu/gopi5go_desk/simws/install/gpg3_gazebo/share/gpg3_gazebo//models/turtlebot3_dqn_world/obstacle1/model.sdf
-- Up-to-date: /home/ubuntu/gopi5go_desk/simws/install/gpg3_gazebo/share/gpg3_gazebo//models/turtlebot3_dqn_world/obstacle1/model.config
-- Up-to-date: /home/ubuntu/gopi5go_desk/simws/install/gpg3_gazebo/share/gpg3_gazebo//models/turtlebot3_dqn_world/obstacle2
-- Up-to-date: /home/ubuntu/gopi5go_desk/simws/install/gpg3_gazebo/share/gpg3_gazebo//models/turtlebot3_dqn_world/obstacle2/model.sdf
-- Up-to-date: /home/ubuntu/gopi5go_desk/simws/install/gpg3_gazebo/share/gpg3_gazebo//models/turtlebot3_dqn_world/obstacle2/model.config
-- Up-to-date: /home/ubuntu/gopi5go_desk/simws/install/gpg3_gazebo/share/gpg3_gazebo//models/turtlebot3_dqn_world/obstacles
-- Up-to-date: /home/ubuntu/gopi5go_desk/simws/install/gpg3_gazebo/share/gpg3_gazebo//models/turtlebot3_dqn_world/obstacles/model.sdf
-- Up-to-date: /home/ubuntu/gopi5go_desk/simws/install/gpg3_gazebo/share/gpg3_gazebo//models/turtlebot3_dqn_world/obstacles/model.config
-- Up-to-date: /home/ubuntu/gopi5go_desk/simws/install/gpg3_gazebo/share/gpg3_gazebo//models/turtlebot3_dqn_world/inner_walls
-- Up-to-date: /home/ubuntu/gopi5go_desk/simws/install/gpg3_gazebo/share/gpg3_gazebo//models/turtlebot3_dqn_world/inner_walls/model.sdf
-- Up-to-date: /home/ubuntu/gopi5go_desk/simws/install/gpg3_gazebo/share/gpg3_gazebo//models/turtlebot3_dqn_world/inner_walls/model.config
-- Up-to-date: /home/ubuntu/gopi5go_desk/simws/install/gpg3_gazebo/share/gpg3_gazebo//models/turtlebot3_dqn_world/model.sdf
-- Up-to-date: /home/ubuntu/gopi5go_desk/simws/install/gpg3_gazebo/share/gpg3_gazebo//models/turtlebot3_dqn_world/model.config
-- Up-to-date: /home/ubuntu/gopi5go_desk/simws/install/gpg3_gazebo/share/gpg3_gazebo//models/turtlebot3_dqn_world/obstacle_plugin
-- Up-to-date: /home/ubuntu/gopi5go_desk/simws/install/gpg3_gazebo/share/gpg3_gazebo//models/turtlebot3_dqn_world/obstacle_plugin/obstacle1.cc
-- Up-to-date: /home/ubuntu/gopi5go_desk/simws/install/gpg3_gazebo/share/gpg3_gazebo//models/turtlebot3_dqn_world/obstacle_plugin/obstacle2.cc
-- Up-to-date: /home/ubuntu/gopi5go_desk/simws/install/gpg3_gazebo/share/gpg3_gazebo//models/turtlebot3_dqn_world/obstacle_plugin/obstacles.cc
-- Up-to-date: /home/ubuntu/gopi5go_desk/simws/install/gpg3_gazebo/share/gpg3_gazebo//models/turtlebot3_dqn_world/obstacle_plugin/CMakeLists.txt
-- Up-to-date: /home/ubuntu/gopi5go_desk/simws/install/gpg3_gazebo/share/gpg3_gazebo//models/turtlebot3_waffle
-- Up-to-date: /home/ubuntu/gopi5go_desk/simws/install/gpg3_gazebo/share/gpg3_gazebo//models/turtlebot3_waffle/model-1_4.sdf
-- Up-to-date: /home/ubuntu/gopi5go_desk/simws/install/gpg3_gazebo/share/gpg3_gazebo//models/turtlebot3_waffle/model.sdf
-- Up-to-date: /home/ubuntu/gopi5go_desk/simws/install/gpg3_gazebo/share/gpg3_gazebo//models/turtlebot3_waffle/model.config
-- Up-to-date: /home/ubuntu/gopi5go_desk/simws/install/gpg3_gazebo/share/gpg3_gazebo//models/turtlebot3_common
-- Up-to-date: /home/ubuntu/gopi5go_desk/simws/install/gpg3_gazebo/share/gpg3_gazebo//models/turtlebot3_common/model.config
-- Up-to-date: /home/ubuntu/gopi5go_desk/simws/install/gpg3_gazebo/share/gpg3_gazebo//models/turtlebot3_common/meshes
-- Up-to-date: /home/ubuntu/gopi5go_desk/simws/install/gpg3_gazebo/share/gpg3_gazebo//models/turtlebot3_common/meshes/waffle_base.dae
-- Up-to-date: /home/ubuntu/gopi5go_desk/simws/install/gpg3_gazebo/share/gpg3_gazebo//models/turtlebot3_common/meshes/tire.dae
-- Up-to-date: /home/ubuntu/gopi5go_desk/simws/install/gpg3_gazebo/share/gpg3_gazebo//models/turtlebot3_common/meshes/burger_base.dae
-- Up-to-date: /home/ubuntu/gopi5go_desk/simws/install/gpg3_gazebo/share/gpg3_gazebo//models/turtlebot3_common/meshes/r200.dae
-- Up-to-date: /home/ubuntu/gopi5go_desk/simws/install/gpg3_gazebo/share/gpg3_gazebo//models/turtlebot3_common/meshes/waffle_pi_base.dae
-- Up-to-date: /home/ubuntu/gopi5go_desk/simws/install/gpg3_gazebo/share/gpg3_gazebo//models/turtlebot3_common/meshes/lds.dae
-- Up-to-date: /home/ubuntu/gopi5go_desk/simws/install/gpg3_gazebo/share/gpg3_gazebo//models/gpg3_gopigo3
-- Up-to-date: /home/ubuntu/gopi5go_desk/simws/install/gpg3_gazebo/share/gpg3_gazebo//models/gpg3_gopigo3/model-1_4.sdf
-- Up-to-date: /home/ubuntu/gopi5go_desk/simws/install/gpg3_gazebo/share/gpg3_gazebo//models/gpg3_gopigo3/model.sdf
-- Up-to-date: /home/ubuntu/gopi5go_desk/simws/install/gpg3_gazebo/share/gpg3_gazebo//models/gpg3_gopigo3/model.config
-- Up-to-date: /home/ubuntu/gopi5go_desk/simws/install/gpg3_gazebo/share/gpg3_gazebo//models/gpg3_common
-- Up-to-date: /home/ubuntu/gopi5go_desk/simws/install/gpg3_gazebo/share/gpg3_gazebo//models/gpg3_common/model.config
-- Up-to-date: /home/ubuntu/gopi5go_desk/simws/install/gpg3_gazebo/share/gpg3_gazebo//models/gpg3_common/meshes
-- Up-to-date: /home/ubuntu/gopi5go_desk/simws/install/gpg3_gazebo/share/gpg3_gazebo//models/gpg3_common/meshes/waffle_base.dae
-- Up-to-date: /home/ubuntu/gopi5go_desk/simws/install/gpg3_gazebo/share/gpg3_gazebo//models/gpg3_common/meshes/gopigo3_base.dae
-- Up-to-date: /home/ubuntu/gopi5go_desk/simws/install/gpg3_gazebo/share/gpg3_gazebo//models/gpg3_common/meshes/tire.dae
-- Up-to-date: /home/ubuntu/gopi5go_desk/simws/install/gpg3_gazebo/share/gpg3_gazebo//models/gpg3_common/meshes/burger_base.dae
-- Up-to-date: /home/ubuntu/gopi5go_desk/simws/install/gpg3_gazebo/share/gpg3_gazebo//models/gpg3_common/meshes/r200.dae
-- Up-to-date: /home/ubuntu/gopi5go_desk/simws/install/gpg3_gazebo/share/gpg3_gazebo//models/gpg3_common/meshes/waffle_pi_base.dae
-- Up-to-date: /home/ubuntu/gopi5go_desk/simws/install/gpg3_gazebo/share/gpg3_gazebo//models/gpg3_common/meshes/lds.dae
-- Up-to-date: /home/ubuntu/gopi5go_desk/simws/install/gpg3_gazebo/share/gpg3_gazebo//rviz
-- Up-to-date: /home/ubuntu/gopi5go_desk/simws/install/gpg3_gazebo/share/gpg3_gazebo//rviz/gpg3_gazebo.rviz
-- Up-to-date: /home/ubuntu/gopi5go_desk/simws/install/gpg3_gazebo/share/gpg3_gazebo//urdf
-- Up-to-date: /home/ubuntu/gopi5go_desk/simws/install/gpg3_gazebo/share/gpg3_gazebo//urdf/common_properties.urdf
-- Up-to-date: /home/ubuntu/gopi5go_desk/simws/install/gpg3_gazebo/share/gpg3_gazebo//urdf/turtlebot3_waffle_pi.urdf
-- Up-to-date: /home/ubuntu/gopi5go_desk/simws/install/gpg3_gazebo/share/gpg3_gazebo//urdf/turtlebot3_waffle.urdf
-- Up-to-date: /home/ubuntu/gopi5go_desk/simws/install/gpg3_gazebo/share/gpg3_gazebo//urdf/turtlebot3_burger.urdf
-- Up-to-date: /home/ubuntu/gopi5go_desk/simws/install/gpg3_gazebo/share/gpg3_gazebo//urdf/gpg3_gopigo3.urdf
-- Up-to-date: /home/ubuntu/gopi5go_desk/simws/install/gpg3_gazebo/share/gpg3_gazebo//worlds
-- Up-to-date: /home/ubuntu/gopi5go_desk/simws/install/gpg3_gazebo/share/gpg3_gazebo//worlds/turtlebot3_dqn_stage4.world
-- Up-to-date: /home/ubuntu/gopi5go_desk/simws/install/gpg3_gazebo/share/gpg3_gazebo//worlds/gpg3_dqn_stage3.world
-- Up-to-date: /home/ubuntu/gopi5go_desk/simws/install/gpg3_gazebo/share/gpg3_gazebo//worlds/turtlebot3_dqn_stage2.world
-- Up-to-date: /home/ubuntu/gopi5go_desk/simws/install/gpg3_gazebo/share/gpg3_gazebo//worlds/turtlebot3_world.world
-- Up-to-date: /home/ubuntu/gopi5go_desk/simws/install/gpg3_gazebo/share/gpg3_gazebo//worlds/empty_world.world
-- Up-to-date: /home/ubuntu/gopi5go_desk/simws/install/gpg3_gazebo/share/gpg3_gazebo//worlds/gpg3_house.world
-- Up-to-date: /home/ubuntu/gopi5go_desk/simws/install/gpg3_gazebo/share/gpg3_gazebo//worlds/gpg3_dqn_stage4.world
-- Up-to-date: /home/ubuntu/gopi5go_desk/simws/install/gpg3_gazebo/share/gpg3_gazebo//worlds/gpg3_world.world
-- Up-to-date: /home/ubuntu/gopi5go_desk/simws/install/gpg3_gazebo/share/gpg3_gazebo//worlds/turtlebot3_house.world
-- Up-to-date: /home/ubuntu/gopi5go_desk/simws/install/gpg3_gazebo/share/gpg3_gazebo//worlds/turtlebot3_dqn_stage1.world
-- Up-to-date: /home/ubuntu/gopi5go_desk/simws/install/gpg3_gazebo/share/gpg3_gazebo//worlds/turtlebot3_dqn_stage3.world
-- Up-to-date: /home/ubuntu/gopi5go_desk/simws/install/gpg3_gazebo/share/gpg3_gazebo//worlds/gpg3_dqn_stage1.world
-- Up-to-date: /home/ubuntu/gopi5go_desk/simws/install/gpg3_gazebo/share/gpg3_gazebo//worlds/gpg3_dqn_stage2.world
-- Up-to-date: /home/ubuntu/gopi5go_desk/simws/install/gpg3_gazebo/include/
-- Up-to-date: /home/ubuntu/gopi5go_desk/simws/install/gpg3_gazebo/include//gpg3_gazebo
-- Up-to-date: /home/ubuntu/gopi5go_desk/simws/install/gpg3_gazebo/include//gpg3_gazebo/gpg3_drive.hpp
-- Up-to-date: /home/ubuntu/gopi5go_desk/simws/install/gpg3_gazebo/share/ament_index/resource_index/package_run_dependencies/gpg3_gazebo
-- Up-to-date: /home/ubuntu/gopi5go_desk/simws/install/gpg3_gazebo/share/ament_index/resource_index/parent_prefix_path/gpg3_gazebo
-- Up-to-date: /home/ubuntu/gopi5go_desk/simws/install/gpg3_gazebo/share/gpg3_gazebo/environment/ament_prefix_path.sh
-- Up-to-date: /home/ubuntu/gopi5go_desk/simws/install/gpg3_gazebo/share/gpg3_gazebo/environment/ament_prefix_path.dsv
-- Up-to-date: /home/ubuntu/gopi5go_desk/simws/install/gpg3_gazebo/share/gpg3_gazebo/environment/path.sh
-- Up-to-date: /home/ubuntu/gopi5go_desk/simws/install/gpg3_gazebo/share/gpg3_gazebo/environment/path.dsv
-- Up-to-date: /home/ubuntu/gopi5go_desk/simws/install/gpg3_gazebo/share/gpg3_gazebo/local_setup.bash
-- Up-to-date: /home/ubuntu/gopi5go_desk/simws/install/gpg3_gazebo/share/gpg3_gazebo/local_setup.sh
-- Up-to-date: /home/ubuntu/gopi5go_desk/simws/install/gpg3_gazebo/share/gpg3_gazebo/local_setup.zsh
-- Up-to-date: /home/ubuntu/gopi5go_desk/simws/install/gpg3_gazebo/share/gpg3_gazebo/local_setup.dsv
-- Installing: /home/ubuntu/gopi5go_desk/simws/install/gpg3_gazebo/share/gpg3_gazebo/package.dsv
-- Up-to-date: /home/ubuntu/gopi5go_desk/simws/install/gpg3_gazebo/share/ament_index/resource_index/packages/gpg3_gazebo
-- Up-to-date: /home/ubuntu/gopi5go_desk/simws/install/gpg3_gazebo/share/gpg3_gazebo/cmake/ament_cmake_export_include_directories-extras.cmake
-- Up-to-date: /home/ubuntu/gopi5go_desk/simws/install/gpg3_gazebo/share/gpg3_gazebo/cmake/ament_cmake_export_dependencies-extras.cmake
-- Up-to-date: /home/ubuntu/gopi5go_desk/simws/install/gpg3_gazebo/share/gpg3_gazebo/cmake/gpg3_gazeboConfig.cmake
-- Up-to-date: /home/ubuntu/gopi5go_desk/simws/install/gpg3_gazebo/share/gpg3_gazebo/cmake/gpg3_gazeboConfig-version.cmake
-- Up-to-date: /home/ubuntu/gopi5go_desk/simws/install/gpg3_gazebo/share/gpg3_gazebo/package.xml
