[0.013s] Invoking command in '/home/ubuntu/gopi5go_desk/simws/build/gpg3_gazebo': CMAKE_PREFIX_PATH=${CMAKE_PREFIX_PATH}:/home/ubuntu/gopi5go_desk/ros2ws/install/teleop_gopigo3_keyboard:/home/ubuntu/gopi5go_desk/ros2ws/install/scan_client:/home/ubuntu/gopi5go_desk/ros2ws/install/gopi5go_dave:/home/ubuntu/gopi5go_desk/ros2ws/install/explorer_wanderer:/opt/ros/humble /usr/bin/cmake --build /home/ubuntu/gopi5go_desk/simws/build/gpg3_gazebo -- -j4 -l4
[0.102s] [ 25%] Built target gpg3_drive
[0.119s] [ 75%] Built target obstacle1
[0.120s] [ 75%] Built target obstacles
[0.121s] [100%] Built target obstacle2
[0.139s] Invoked command in '/home/ubuntu/gopi5go_desk/simws/build/gpg3_gazebo' returned '0': CMAKE_PREFIX_PATH=${CMAKE_PREFIX_PATH}:/home/ubuntu/gopi5go_desk/ros2ws/install/teleop_gopigo3_keyboard:/home/ubuntu/gopi5go_desk/ros2ws/install/scan_client:/home/ubuntu/gopi5go_desk/ros2ws/install/gopi5go_dave:/home/ubuntu/gopi5go_desk/ros2ws/install/explorer_wanderer:/opt/ros/humble /usr/bin/cmake --build /home/ubuntu/gopi5go_desk/simws/build/gpg3_gazebo -- -j4 -l4
[0.220s] Invoking command in '/home/ubuntu/gopi5go_desk/simws/build/gpg3_gazebo': CMAKE_PREFIX_PATH=${CMAKE_PREFIX_PATH}:/home/ubuntu/gopi5go_desk/ros2ws/install/teleop_gopigo3_keyboard:/home/ubuntu/gopi5go_desk/ros2ws/install/scan_client:/home/ubuntu/gopi5go_desk/ros2ws/install/gopi5go_dave:/home/ubuntu/gopi5go_desk/ros2ws/install/explorer_wanderer:/opt/ros/humble /usr/bin/cmake --install /home/ubuntu/gopi5go_desk/simws/build/gpg3_gazebo
[0.233s] -- Install configuration: ""
[0.234s] -- Up-to-date: /home/ubuntu/gopi5go_desk/simws/install/gpg3_gazebo/lib/gpg3_gazebo/gpg3_drive
[0.234s] -- Up-to-date: /home/ubuntu/gopi5go_desk/simws/install/gpg3_gazebo/share/gpg3_gazebo//launch
[0.234s] -- Up-to-date: /home/ubuntu/gopi5go_desk/simws/install/gpg3_gazebo/share/gpg3_gazebo//launch/spawn_gpg3.launch.py
[0.235s] -- Up-to-date: /home/ubuntu/gopi5go_desk/simws/install/gpg3_gazebo/share/gpg3_gazebo//launch/gpg3_dqn_stage4.launch.py
[0.236s] -- Up-to-date: /home/ubuntu/gopi5go_desk/simws/install/gpg3_gazebo/share/gpg3_gazebo//launch/empty_world.launch.py
[0.236s] -- Up-to-date: /home/ubuntu/gopi5go_desk/simws/install/gpg3_gazebo/share/gpg3_gazebo//launch/gpg3_dqn_stage2.launch.py
[0.236s] -- Up-to-date: /home/ubuntu/gopi5go_desk/simws/install/gpg3_gazebo/share/gpg3_gazebo//launch/gpg3_dqn_stage1.launch.py
[0.236s] -- Up-to-date: /home/ubuntu/gopi5go_desk/simws/install/gpg3_gazebo/share/gpg3_gazebo//launch/robot_state_publisher.launch.py
[0.236s] -- Up-to-date: /home/ubuntu/gopi5go_desk/simws/install/gpg3_gazebo/share/gpg3_gazebo//launch/gpg3_house.launch.py
[0.236s] -- Up-to-date: /home/ubuntu/gopi5go_desk/simws/install/gpg3_gazebo/share/gpg3_gazebo//launch/gpg3_world.launch.py
[0.236s] -- Up-to-date: /home/ubuntu/gopi5go_desk/simws/install/gpg3_gazebo/share/gpg3_gazebo//launch/gpg3_dqn_stage3.launch.py
[0.236s] -- Up-to-date: /home/ubuntu/gopi5go_desk/simws/install/gpg3_gazebo/share/gpg3_gazebo//models
[0.236s] -- Up-to-date: /home/ubuntu/gopi5go_desk/simws/install/gpg3_gazebo/share/gpg3_gazebo//models/gpg3_world
[0.237s] -- Up-to-date: /home/ubuntu/gopi5go_desk/simws/install/gpg3_gazebo/share/gpg3_gazebo//models/gpg3_world/model-1_4.sdf
[0.237s] -- Up-to-date: /home/ubuntu/gopi5go_desk/simws/install/gpg3_gazebo/share/gpg3_gazebo//models/gpg3_world/model.sdf
[0.237s] -- Up-to-date: /home/ubuntu/gopi5go_desk/simws/install/gpg3_gazebo/share/gpg3_gazebo//models/gpg3_world/model.config
[0.237s] -- Up-to-date: /home/ubuntu/gopi5go_desk/simws/install/gpg3_gazebo/share/gpg3_gazebo//models/gpg3_world/meshes
[0.238s] -- Up-to-date: /home/ubuntu/gopi5go_desk/simws/install/gpg3_gazebo/share/gpg3_gazebo//models/gpg3_world/meshes/wall.dae
[0.238s] -- Up-to-date: /home/ubuntu/gopi5go_desk/simws/install/gpg3_gazebo/share/gpg3_gazebo//models/gpg3_world/meshes/hexagon.dae
[0.238s] -- Up-to-date: /home/ubuntu/gopi5go_desk/simws/install/gpg3_gazebo/share/gpg3_gazebo//models/turtlebot3_waffle_pi
[0.238s] -- Up-to-date: /home/ubuntu/gopi5go_desk/simws/install/gpg3_gazebo/share/gpg3_gazebo//models/turtlebot3_waffle_pi/model-1_4_.sdf
[0.238s] -- Up-to-date: /home/ubuntu/gopi5go_desk/simws/install/gpg3_gazebo/share/gpg3_gazebo//models/turtlebot3_waffle_pi/model.sdf
[0.238s] -- Up-to-date: /home/ubuntu/gopi5go_desk/simws/install/gpg3_gazebo/share/gpg3_gazebo//models/turtlebot3_waffle_pi/model.config
[0.238s] -- Up-to-date: /home/ubuntu/gopi5go_desk/simws/install/gpg3_gazebo/share/gpg3_gazebo//models/turtlebot3_burger
[0.238s] -- Up-to-date: /home/ubuntu/gopi5go_desk/simws/install/gpg3_gazebo/share/gpg3_gazebo//models/turtlebot3_burger/model-1_4.sdf
[0.239s] -- Up-to-date: /home/ubuntu/gopi5go_desk/simws/install/gpg3_gazebo/share/gpg3_gazebo//models/turtlebot3_burger/model.sdf
[0.239s] -- Up-to-date: /home/ubuntu/gopi5go_desk/simws/install/gpg3_gazebo/share/gpg3_gazebo//models/turtlebot3_burger/model.config
[0.239s] -- Up-to-date: /home/ubuntu/gopi5go_desk/simws/install/gpg3_gazebo/share/gpg3_gazebo//models/turtlebot3_house
[0.239s] -- Up-to-date: /home/ubuntu/gopi5go_desk/simws/install/gpg3_gazebo/share/gpg3_gazebo//models/turtlebot3_house/model.sdf
[0.239s] -- Up-to-date: /home/ubuntu/gopi5go_desk/simws/install/gpg3_gazebo/share/gpg3_gazebo//models/turtlebot3_house/model.config
[0.239s] -- Up-to-date: /home/ubuntu/gopi5go_desk/simws/install/gpg3_gazebo/share/gpg3_gazebo//models/gpg3_dqn_world
[0.240s] -- Up-to-date: /home/ubuntu/gopi5go_desk/simws/install/gpg3_gazebo/share/gpg3_gazebo//models/gpg3_dqn_world/goal_box
[0.240s] -- Up-to-date: /home/ubuntu/gopi5go_desk/simws/install/gpg3_gazebo/share/gpg3_gazebo//models/gpg3_dqn_world/goal_box/model.sdf
[0.240s] -- Up-to-date: /home/ubuntu/gopi5go_desk/simws/install/gpg3_gazebo/share/gpg3_gazebo//models/gpg3_dqn_world/goal_box/model.config
[0.240s] -- Up-to-date: /home/ubuntu/gopi5go_desk/simws/install/gpg3_gazebo/share/gpg3_gazebo//models/gpg3_dqn_world/obstacle1
[0.240s] -- Up-to-date: /home/ubuntu/gopi5go_desk/simws/install/gpg3_gazebo/share/gpg3_gazebo//models/gpg3_dqn_world/obstacle1/model.sdf
[0.240s] -- Up-to-date: /home/ubuntu/gopi5go_desk/simws/install/gpg3_gazebo/share/gpg3_gazebo//models/gpg3_dqn_world/obstacle1/model.config
[0.240s] -- Up-to-date: /home/ubuntu/gopi5go_desk/simws/install/gpg3_gazebo/share/gpg3_gazebo//models/gpg3_dqn_world/obstacle2
[0.241s] -- Up-to-date: /home/ubuntu/gopi5go_desk/simws/install/gpg3_gazebo/share/gpg3_gazebo//models/gpg3_dqn_world/obstacle2/model.sdf
[0.241s] -- Up-to-date: /home/ubuntu/gopi5go_desk/simws/install/gpg3_gazebo/share/gpg3_gazebo//models/gpg3_dqn_world/obstacle2/model.config
[0.241s] -- Up-to-date: /home/ubuntu/gopi5go_desk/simws/install/gpg3_gazebo/share/gpg3_gazebo//models/gpg3_dqn_world/obstacles
[0.241s] -- Up-to-date: /home/ubuntu/gopi5go_desk/simws/install/gpg3_gazebo/share/gpg3_gazebo//models/gpg3_dqn_world/obstacles/model.sdf
[0.242s] -- Up-to-date: /home/ubuntu/gopi5go_desk/simws/install/gpg3_gazebo/share/gpg3_gazebo//models/gpg3_dqn_world/obstacles/model.config
[0.242s] -- Up-to-date: /home/ubuntu/gopi5go_desk/simws/install/gpg3_gazebo/share/gpg3_gazebo//models/gpg3_dqn_world/inner_walls
[0.242s] -- Up-to-date: /home/ubuntu/gopi5go_desk/simws/install/gpg3_gazebo/share/gpg3_gazebo//models/gpg3_dqn_world/inner_walls/model.sdf
[0.242s] -- Up-to-date: /home/ubuntu/gopi5go_desk/simws/install/gpg3_gazebo/share/gpg3_gazebo//models/gpg3_dqn_world/inner_walls/model.config
[0.242s] -- Up-to-date: /home/ubuntu/gopi5go_desk/simws/install/gpg3_gazebo/share/gpg3_gazebo//models/gpg3_dqn_world/model.sdf
[0.242s] -- Up-to-date: /home/ubuntu/gopi5go_desk/simws/install/gpg3_gazebo/share/gpg3_gazebo//models/gpg3_dqn_world/model.config
[0.242s] -- Up-to-date: /home/ubuntu/gopi5go_desk/simws/install/gpg3_gazebo/share/gpg3_gazebo//models/gpg3_dqn_world/obstacle_plugin
[0.242s] -- Up-to-date: /home/ubuntu/gopi5go_desk/simws/install/gpg3_gazebo/share/gpg3_gazebo//models/gpg3_dqn_world/obstacle_plugin/obstacle1.cc
[0.242s] -- Up-to-date: /home/ubuntu/gopi5go_desk/simws/install/gpg3_gazebo/share/gpg3_gazebo//models/gpg3_dqn_world/obstacle_plugin/obstacle2.cc
[0.242s] -- Up-to-date: /home/ubuntu/gopi5go_desk/simws/install/gpg3_gazebo/share/gpg3_gazebo//models/gpg3_dqn_world/obstacle_plugin/obstacles.cc
[0.242s] -- Up-to-date: /home/ubuntu/gopi5go_desk/simws/install/gpg3_gazebo/share/gpg3_gazebo//models/gpg3_dqn_world/obstacle_plugin/CMakeLists.txt
[0.242s] -- Up-to-date: /home/ubuntu/gopi5go_desk/simws/install/gpg3_gazebo/share/gpg3_gazebo//models/gpg3_house
[0.242s] -- Up-to-date: /home/ubuntu/gopi5go_desk/simws/install/gpg3_gazebo/share/gpg3_gazebo//models/gpg3_house/model.sdf
[0.243s] -- Up-to-date: /home/ubuntu/gopi5go_desk/simws/install/gpg3_gazebo/share/gpg3_gazebo//models/gpg3_house/model.config
[0.243s] -- Up-to-date: /home/ubuntu/gopi5go_desk/simws/install/gpg3_gazebo/share/gpg3_gazebo//models/turtlebot3_world
[0.243s] -- Up-to-date: /home/ubuntu/gopi5go_desk/simws/install/gpg3_gazebo/share/gpg3_gazebo//models/turtlebot3_world/model-1_4.sdf
[0.243s] -- Up-to-date: /home/ubuntu/gopi5go_desk/simws/install/gpg3_gazebo/share/gpg3_gazebo//models/turtlebot3_world/model.sdf
[0.243s] -- Up-to-date: /home/ubuntu/gopi5go_desk/simws/install/gpg3_gazebo/share/gpg3_gazebo//models/turtlebot3_world/model.config
[0.243s] -- Up-to-date: /home/ubuntu/gopi5go_desk/simws/install/gpg3_gazebo/share/gpg3_gazebo//models/turtlebot3_world/meshes
[0.243s] -- Up-to-date: /home/ubuntu/gopi5go_desk/simws/install/gpg3_gazebo/share/gpg3_gazebo//models/turtlebot3_world/meshes/wall.dae
[0.243s] -- Up-to-date: /home/ubuntu/gopi5go_desk/simws/install/gpg3_gazebo/share/gpg3_gazebo//models/turtlebot3_world/meshes/hexagon.dae
[0.244s] -- Up-to-date: /home/ubuntu/gopi5go_desk/simws/install/gpg3_gazebo/share/gpg3_gazebo//models/turtlebot3_dqn_world
[0.244s] -- Up-to-date: /home/ubuntu/gopi5go_desk/simws/install/gpg3_gazebo/share/gpg3_gazebo//models/turtlebot3_dqn_world/goal_box
[0.244s] -- Up-to-date: /home/ubuntu/gopi5go_desk/simws/install/gpg3_gazebo/share/gpg3_gazebo//models/turtlebot3_dqn_world/goal_box/model.sdf
[0.244s] -- Up-to-date: /home/ubuntu/gopi5go_desk/simws/install/gpg3_gazebo/share/gpg3_gazebo//models/turtlebot3_dqn_world/goal_box/model.config
[0.245s] -- Up-to-date: /home/ubuntu/gopi5go_desk/simws/install/gpg3_gazebo/share/gpg3_gazebo//models/turtlebot3_dqn_world/obstacle1
[0.246s] -- Up-to-date: /home/ubuntu/gopi5go_desk/simws/install/gpg3_gazebo/share/gpg3_gazebo//models/turtlebot3_dqn_world/obstacle1/model.sdf
[0.246s] -- Up-to-date: /home/ubuntu/gopi5go_desk/simws/install/gpg3_gazebo/share/gpg3_gazebo//models/turtlebot3_dqn_world/obstacle1/model.config
[0.246s] -- Up-to-date: /home/ubuntu/gopi5go_desk/simws/install/gpg3_gazebo/share/gpg3_gazebo//models/turtlebot3_dqn_world/obstacle2
[0.246s] -- Up-to-date: /home/ubuntu/gopi5go_desk/simws/install/gpg3_gazebo/share/gpg3_gazebo//models/turtlebot3_dqn_world/obstacle2/model.sdf
[0.247s] -- Up-to-date: /home/ubuntu/gopi5go_desk/simws/install/gpg3_gazebo/share/gpg3_gazebo//models/turtlebot3_dqn_world/obstacle2/model.config
[0.247s] -- Up-to-date: /home/ubuntu/gopi5go_desk/simws/install/gpg3_gazebo/share/gpg3_gazebo//models/turtlebot3_dqn_world/obstacles
[0.247s] -- Up-to-date: /home/ubuntu/gopi5go_desk/simws/install/gpg3_gazebo/share/gpg3_gazebo//models/turtlebot3_dqn_world/obstacles/model.sdf
[0.248s] -- Up-to-date: /home/ubuntu/gopi5go_desk/simws/install/gpg3_gazebo/share/gpg3_gazebo//models/turtlebot3_dqn_world/obstacles/model.config
[0.248s] -- Up-to-date: /home/ubuntu/gopi5go_desk/simws/install/gpg3_gazebo/share/gpg3_gazebo//models/turtlebot3_dqn_world/inner_walls
[0.248s] -- Up-to-date: /home/ubuntu/gopi5go_desk/simws/install/gpg3_gazebo/share/gpg3_gazebo//models/turtlebot3_dqn_world/inner_walls/model.sdf
[0.249s] -- Up-to-date: /home/ubuntu/gopi5go_desk/simws/install/gpg3_gazebo/share/gpg3_gazebo//models/turtlebot3_dqn_world/inner_walls/model.config
[0.249s] -- Up-to-date: /home/ubuntu/gopi5go_desk/simws/install/gpg3_gazebo/share/gpg3_gazebo//models/turtlebot3_dqn_world/model.sdf
[0.249s] -- Up-to-date: /home/ubuntu/gopi5go_desk/simws/install/gpg3_gazebo/share/gpg3_gazebo//models/turtlebot3_dqn_world/model.config
[0.249s] -- Up-to-date: /home/ubuntu/gopi5go_desk/simws/install/gpg3_gazebo/share/gpg3_gazebo//models/turtlebot3_dqn_world/obstacle_plugin
[0.249s] -- Up-to-date: /home/ubuntu/gopi5go_desk/simws/install/gpg3_gazebo/share/gpg3_gazebo//models/turtlebot3_dqn_world/obstacle_plugin/obstacle1.cc
[0.250s] -- Up-to-date: /home/ubuntu/gopi5go_desk/simws/install/gpg3_gazebo/share/gpg3_gazebo//models/turtlebot3_dqn_world/obstacle_plugin/obstacle2.cc
[0.250s] -- Up-to-date: /home/ubuntu/gopi5go_desk/simws/install/gpg3_gazebo/share/gpg3_gazebo//models/turtlebot3_dqn_world/obstacle_plugin/obstacles.cc
[0.250s] -- Up-to-date: /home/ubuntu/gopi5go_desk/simws/install/gpg3_gazebo/share/gpg3_gazebo//models/turtlebot3_dqn_world/obstacle_plugin/CMakeLists.txt
[0.252s] -- Up-to-date: /home/ubuntu/gopi5go_desk/simws/install/gpg3_gazebo/share/gpg3_gazebo//models/turtlebot3_waffle
[0.252s] -- Up-to-date: /home/ubuntu/gopi5go_desk/simws/install/gpg3_gazebo/share/gpg3_gazebo//models/turtlebot3_waffle/model-1_4.sdf
[0.252s] -- Up-to-date: /home/ubuntu/gopi5go_desk/simws/install/gpg3_gazebo/share/gpg3_gazebo//models/turtlebot3_waffle/model.sdf
[0.252s] -- Up-to-date: /home/ubuntu/gopi5go_desk/simws/install/gpg3_gazebo/share/gpg3_gazebo//models/turtlebot3_waffle/model.config
[0.252s] -- Up-to-date: /home/ubuntu/gopi5go_desk/simws/install/gpg3_gazebo/share/gpg3_gazebo//models/turtlebot3_common
[0.253s] -- Up-to-date: /home/ubuntu/gopi5go_desk/simws/install/gpg3_gazebo/share/gpg3_gazebo//models/turtlebot3_common/model.config
[0.253s] -- Up-to-date: /home/ubuntu/gopi5go_desk/simws/install/gpg3_gazebo/share/gpg3_gazebo//models/turtlebot3_common/meshes
[0.253s] -- Up-to-date: /home/ubuntu/gopi5go_desk/simws/install/gpg3_gazebo/share/gpg3_gazebo//models/turtlebot3_common/meshes/waffle_base.dae
[0.253s] -- Up-to-date: /home/ubuntu/gopi5go_desk/simws/install/gpg3_gazebo/share/gpg3_gazebo//models/turtlebot3_common/meshes/tire.dae
[0.254s] -- Up-to-date: /home/ubuntu/gopi5go_desk/simws/install/gpg3_gazebo/share/gpg3_gazebo//models/turtlebot3_common/meshes/burger_base.dae
[0.254s] -- Up-to-date: /home/ubuntu/gopi5go_desk/simws/install/gpg3_gazebo/share/gpg3_gazebo//models/turtlebot3_common/meshes/r200.dae
[0.254s] -- Up-to-date: /home/ubuntu/gopi5go_desk/simws/install/gpg3_gazebo/share/gpg3_gazebo//models/turtlebot3_common/meshes/waffle_pi_base.dae
[0.254s] -- Up-to-date: /home/ubuntu/gopi5go_desk/simws/install/gpg3_gazebo/share/gpg3_gazebo//models/turtlebot3_common/meshes/lds.dae
[0.254s] -- Up-to-date: /home/ubuntu/gopi5go_desk/simws/install/gpg3_gazebo/share/gpg3_gazebo//models/gpg3_gopigo3
[0.254s] -- Up-to-date: /home/ubuntu/gopi5go_desk/simws/install/gpg3_gazebo/share/gpg3_gazebo//models/gpg3_gopigo3/model-1_4.sdf
[0.255s] -- Up-to-date: /home/ubuntu/gopi5go_desk/simws/install/gpg3_gazebo/share/gpg3_gazebo//models/gpg3_gopigo3/model.sdf
[0.255s] -- Up-to-date: /home/ubuntu/gopi5go_desk/simws/install/gpg3_gazebo/share/gpg3_gazebo//models/gpg3_gopigo3/model.config
[0.255s] -- Up-to-date: /home/ubuntu/gopi5go_desk/simws/install/gpg3_gazebo/share/gpg3_gazebo//models/gpg3_common
[0.255s] -- Up-to-date: /home/ubuntu/gopi5go_desk/simws/install/gpg3_gazebo/share/gpg3_gazebo//models/gpg3_common/model.config
[0.255s] -- Up-to-date: /home/ubuntu/gopi5go_desk/simws/install/gpg3_gazebo/share/gpg3_gazebo//models/gpg3_common/meshes
[0.256s] -- Up-to-date: /home/ubuntu/gopi5go_desk/simws/install/gpg3_gazebo/share/gpg3_gazebo//models/gpg3_common/meshes/waffle_base.dae
[0.256s] -- Up-to-date: /home/ubuntu/gopi5go_desk/simws/install/gpg3_gazebo/share/gpg3_gazebo//models/gpg3_common/meshes/gopigo3_base.dae
[0.256s] -- Up-to-date: /home/ubuntu/gopi5go_desk/simws/install/gpg3_gazebo/share/gpg3_gazebo//models/gpg3_common/meshes/tire.dae
[0.257s] -- Up-to-date: /home/ubuntu/gopi5go_desk/simws/install/gpg3_gazebo/share/gpg3_gazebo//models/gpg3_common/meshes/burger_base.dae
[0.257s] -- Up-to-date: /home/ubuntu/gopi5go_desk/simws/install/gpg3_gazebo/share/gpg3_gazebo//models/gpg3_common/meshes/r200.dae
[0.257s] -- Up-to-date: /home/ubuntu/gopi5go_desk/simws/install/gpg3_gazebo/share/gpg3_gazebo//models/gpg3_common/meshes/waffle_pi_base.dae
[0.257s] -- Up-to-date: /home/ubuntu/gopi5go_desk/simws/install/gpg3_gazebo/share/gpg3_gazebo//models/gpg3_common/meshes/lds.dae
[0.257s] -- Up-to-date: /home/ubuntu/gopi5go_desk/simws/install/gpg3_gazebo/share/gpg3_gazebo//rviz
[0.257s] -- Up-to-date: /home/ubuntu/gopi5go_desk/simws/install/gpg3_gazebo/share/gpg3_gazebo//rviz/gpg3_gazebo.rviz
[0.257s] -- Up-to-date: /home/ubuntu/gopi5go_desk/simws/install/gpg3_gazebo/share/gpg3_gazebo//urdf
[0.258s] -- Up-to-date: /home/ubuntu/gopi5go_desk/simws/install/gpg3_gazebo/share/gpg3_gazebo//urdf/common_properties.urdf
[0.258s] -- Up-to-date: /home/ubuntu/gopi5go_desk/simws/install/gpg3_gazebo/share/gpg3_gazebo//urdf/turtlebot3_waffle_pi.urdf
[0.258s] -- Up-to-date: /home/ubuntu/gopi5go_desk/simws/install/gpg3_gazebo/share/gpg3_gazebo//urdf/turtlebot3_waffle.urdf
[0.259s] -- Up-to-date: /home/ubuntu/gopi5go_desk/simws/install/gpg3_gazebo/share/gpg3_gazebo//urdf/turtlebot3_burger.urdf
[0.259s] -- Up-to-date: /home/ubuntu/gopi5go_desk/simws/install/gpg3_gazebo/share/gpg3_gazebo//urdf/gpg3_gopigo3.urdf
[0.259s] -- Up-to-date: /home/ubuntu/gopi5go_desk/simws/install/gpg3_gazebo/share/gpg3_gazebo//worlds
[0.259s] -- Up-to-date: /home/ubuntu/gopi5go_desk/simws/install/gpg3_gazebo/share/gpg3_gazebo//worlds/turtlebot3_dqn_stage4.world
[0.259s] -- Up-to-date: /home/ubuntu/gopi5go_desk/simws/install/gpg3_gazebo/share/gpg3_gazebo//worlds/gpg3_dqn_stage3.world
[0.260s] -- Up-to-date: /home/ubuntu/gopi5go_desk/simws/install/gpg3_gazebo/share/gpg3_gazebo//worlds/turtlebot3_dqn_stage2.world
[0.260s] -- Up-to-date: /home/ubuntu/gopi5go_desk/simws/install/gpg3_gazebo/share/gpg3_gazebo//worlds/turtlebot3_world.world
[0.260s] -- Up-to-date: /home/ubuntu/gopi5go_desk/simws/install/gpg3_gazebo/share/gpg3_gazebo//worlds/empty_world.world
[0.260s] -- Up-to-date: /home/ubuntu/gopi5go_desk/simws/install/gpg3_gazebo/share/gpg3_gazebo//worlds/gpg3_house.world
[0.261s] -- Up-to-date: /home/ubuntu/gopi5go_desk/simws/install/gpg3_gazebo/share/gpg3_gazebo//worlds/gpg3_dqn_stage4.world
[0.261s] -- Up-to-date: /home/ubuntu/gopi5go_desk/simws/install/gpg3_gazebo/share/gpg3_gazebo//worlds/gpg3_world.world
[0.261s] -- Up-to-date: /home/ubuntu/gopi5go_desk/simws/install/gpg3_gazebo/share/gpg3_gazebo//worlds/turtlebot3_house.world
[0.261s] -- Up-to-date: /home/ubuntu/gopi5go_desk/simws/install/gpg3_gazebo/share/gpg3_gazebo//worlds/turtlebot3_dqn_stage1.world
[0.261s] -- Up-to-date: /home/ubuntu/gopi5go_desk/simws/install/gpg3_gazebo/share/gpg3_gazebo//worlds/turtlebot3_dqn_stage3.world
[0.261s] -- Up-to-date: /home/ubuntu/gopi5go_desk/simws/install/gpg3_gazebo/share/gpg3_gazebo//worlds/gpg3_dqn_stage1.world
[0.262s] -- Up-to-date: /home/ubuntu/gopi5go_desk/simws/install/gpg3_gazebo/share/gpg3_gazebo//worlds/gpg3_dqn_stage2.world
[0.262s] -- Up-to-date: /home/ubuntu/gopi5go_desk/simws/install/gpg3_gazebo/include/
[0.262s] -- Up-to-date: /home/ubuntu/gopi5go_desk/simws/install/gpg3_gazebo/include//gpg3_gazebo
[0.262s] -- Up-to-date: /home/ubuntu/gopi5go_desk/simws/install/gpg3_gazebo/include//gpg3_gazebo/gpg3_drive.hpp
[0.262s] -- Up-to-date: /home/ubuntu/gopi5go_desk/simws/install/gpg3_gazebo/share/ament_index/resource_index/package_run_dependencies/gpg3_gazebo
[0.263s] -- Up-to-date: /home/ubuntu/gopi5go_desk/simws/install/gpg3_gazebo/share/ament_index/resource_index/parent_prefix_path/gpg3_gazebo
[0.263s] -- Up-to-date: /home/ubuntu/gopi5go_desk/simws/install/gpg3_gazebo/share/gpg3_gazebo/environment/ament_prefix_path.sh
[0.263s] -- Up-to-date: /home/ubuntu/gopi5go_desk/simws/install/gpg3_gazebo/share/gpg3_gazebo/environment/ament_prefix_path.dsv
[0.264s] -- Up-to-date: /home/ubuntu/gopi5go_desk/simws/install/gpg3_gazebo/share/gpg3_gazebo/environment/path.sh
[0.264s] -- Up-to-date: /home/ubuntu/gopi5go_desk/simws/install/gpg3_gazebo/share/gpg3_gazebo/environment/path.dsv
[0.264s] -- Up-to-date: /home/ubuntu/gopi5go_desk/simws/install/gpg3_gazebo/share/gpg3_gazebo/local_setup.bash
[0.264s] -- Up-to-date: /home/ubuntu/gopi5go_desk/simws/install/gpg3_gazebo/share/gpg3_gazebo/local_setup.sh
[0.264s] -- Up-to-date: /home/ubuntu/gopi5go_desk/simws/install/gpg3_gazebo/share/gpg3_gazebo/local_setup.zsh
[0.265s] -- Up-to-date: /home/ubuntu/gopi5go_desk/simws/install/gpg3_gazebo/share/gpg3_gazebo/local_setup.dsv
[0.265s] -- Installing: /home/ubuntu/gopi5go_desk/simws/install/gpg3_gazebo/share/gpg3_gazebo/package.dsv
[0.265s] -- Up-to-date: /home/ubuntu/gopi5go_desk/simws/install/gpg3_gazebo/share/ament_index/resource_index/packages/gpg3_gazebo
[0.265s] -- Up-to-date: /home/ubuntu/gopi5go_desk/simws/install/gpg3_gazebo/share/gpg3_gazebo/cmake/ament_cmake_export_include_directories-extras.cmake
[0.265s] -- Up-to-date: /home/ubuntu/gopi5go_desk/simws/install/gpg3_gazebo/share/gpg3_gazebo/cmake/ament_cmake_export_dependencies-extras.cmake
[0.266s] -- Up-to-date: /home/ubuntu/gopi5go_desk/simws/install/gpg3_gazebo/share/gpg3_gazebo/cmake/gpg3_gazeboConfig.cmake
[0.266s] -- Up-to-date: /home/ubuntu/gopi5go_desk/simws/install/gpg3_gazebo/share/gpg3_gazebo/cmake/gpg3_gazeboConfig-version.cmake
[0.266s] -- Up-to-date: /home/ubuntu/gopi5go_desk/simws/install/gpg3_gazebo/share/gpg3_gazebo/package.xml
[0.266s] Invoked command in '/home/ubuntu/gopi5go_desk/simws/build/gpg3_gazebo' returned '0': CMAKE_PREFIX_PATH=${CMAKE_PREFIX_PATH}:/home/ubuntu/gopi5go_desk/ros2ws/install/teleop_gopigo3_keyboard:/home/ubuntu/gopi5go_desk/ros2ws/install/scan_client:/home/ubuntu/gopi5go_desk/ros2ws/install/gopi5go_dave:/home/ubuntu/gopi5go_desk/ros2ws/install/explorer_wanderer:/opt/ros/humble /usr/bin/cmake --install /home/ubuntu/gopi5go_desk/simws/build/gpg3_gazebo
