-- The C compiler identification is GNU 11.4.0
-- The CXX compiler identification is GNU 11.4.0
-- Detecting C compiler ABI info
-- Detecting C compiler ABI info - done
-- Check for working C compiler: /usr/bin/cc - skipped
-- Detecting C compile features
-- Detecting C compile features - done
-- Detecting CXX compiler ABI info
-- Detecting CXX compiler ABI info - done
-- Check for working CXX compiler: /usr/bin/c++ - skipped
-- Detecting CXX compile features
-- Detecting CXX compile features - done
-- Found action_msgs: 1.2.1 (/opt/ros/humble/share/action_msgs/cmake)
-- Found Python3: /usr/bin/python3 (found version "3.10.12") found components: Interpreter 
-- Found rosidl_generator_c: 3.1.5 (/opt/ros/humble/share/rosidl_generator_c/cmake)
-- Found rosidl_adapter: 3.1.5 (/opt/ros/humble/share/rosidl_adapter/cmake)
-- Found rosidl_generator_cpp: 3.1.5 (/opt/ros/humble/share/rosidl_generator_cpp/cmake)
-- Using all available rosidl_typesupport_c: rosidl_typesupport_fastrtps_c;rosidl_typesupport_introspection_c
-- Using all available rosidl_typesupport_cpp: rosidl_typesupport_fastrtps_cpp;rosidl_typesupport_introspection_cpp
-- Found rosidl_default_generators: 1.2.0 (/opt/ros/humble/share/rosidl_default_generators/cmake)
-- Found std_msgs: 4.2.4 (/opt/ros/humble/share/std_msgs/cmake)
-- Found ament_cmake_cppcheck: 0.12.11 (/opt/ros/humble/share/ament_cmake_cppcheck/cmake)
-- Found ament_cmake_cpplint: 0.12.11 (/opt/ros/humble/share/ament_cmake_cpplint/cmake)
-- Found ament_cmake_uncrustify: 0.12.11 (/opt/ros/humble/share/ament_cmake_uncrustify/cmake)
-- Found ament_cmake_ros: 0.10.0 (/opt/ros/humble/share/ament_cmake_ros/cmake)
-- Using all available rosidl_typesupport_c: rosidl_typesupport_fastrtps_c;rosidl_typesupport_introspection_c
-- Using all available rosidl_typesupport_cpp: rosidl_typesupport_fastrtps_cpp;rosidl_typesupport_introspection_cpp
-- Found PythonInterp: /usr/bin/python3 (found suitable version "3.10.12", minimum required is "3.6") 
-- Found python_cmake_module: 0.10.0 (/opt/ros/humble/share/python_cmake_module/cmake)
-- Found PythonLibs: /usr/lib/x86_64-linux-gnu/libpython3.10.so (found suitable version "3.10.12", minimum required is "3.5") 
-- Using PYTHON_EXECUTABLE: /usr/bin/python3
-- Using PYTHON_INCLUDE_DIRS: /usr/include/python3.10
-- Using PYTHON_LIBRARIES: /usr/lib/x86_64-linux-gnu/libpython3.10.so
-- Found PythonExtra: .so  
-- Found ament_cmake_flake8: 0.12.11 (/opt/ros/humble/share/ament_cmake_flake8/cmake)
-- Found ament_cmake_pep257: 0.12.11 (/opt/ros/humble/share/ament_cmake_pep257/cmake)
-- Configuring done
-- Generating done
-- Build files have been written to: /home/ubuntu/gopi5go_desk/simws/build/gpg3_msgs
[  1%] [34m[1mGenerating C code for ROS interfaces[0m
[  2%] [34m[1mGenerating C++ code for ROS interfaces[0m
[  2%] Built target ament_cmake_python_copy_gpg3_msgs
running egg_info
creating gpg3_msgs.egg-info
writing gpg3_msgs.egg-info/PKG-INFO
writing dependency_links to gpg3_msgs.egg-info/dependency_links.txt
writing top-level names to gpg3_msgs.egg-info/top_level.txt
writing manifest file 'gpg3_msgs.egg-info/SOURCES.txt'
reading manifest file 'gpg3_msgs.egg-info/SOURCES.txt'
writing manifest file 'gpg3_msgs.egg-info/SOURCES.txt'
[  2%] Built target ament_cmake_python_build_gpg3_msgs_egg
[  4%] [32mBuilding C object CMakeFiles/gpg3_msgs__rosidl_generator_c.dir/rosidl_generator_c/gpg3_msgs/msg/detail/sensor_state__functions.c.o[0m
[  7%] [32mBuilding C object CMakeFiles/gpg3_msgs__rosidl_generator_c.dir/rosidl_generator_c/gpg3_msgs/msg/detail/version_info__functions.c.o[0m
[  7%] [32mBuilding C object CMakeFiles/gpg3_msgs__rosidl_generator_c.dir/rosidl_generator_c/gpg3_msgs/msg/detail/sound__functions.c.o[0m
[  7%] Built target gpg3_msgs__cpp
[  8%] [32mBuilding C object CMakeFiles/gpg3_msgs__rosidl_generator_c.dir/rosidl_generator_c/gpg3_msgs/srv/detail/sound__functions.c.o[0m
[  9%] [32mBuilding C object CMakeFiles/gpg3_msgs__rosidl_generator_c.dir/rosidl_generator_c/gpg3_msgs/srv/detail/dqn__functions.c.o[0m
[ 11%] [32mBuilding C object CMakeFiles/gpg3_msgs__rosidl_generator_c.dir/rosidl_generator_c/gpg3_msgs/action/detail/patrol__functions.c.o[0m
[ 12%] [34m[1mGenerating C++ type support dispatch for ROS interfaces[0m
[ 14%] [34m[1mGenerating C++ type support for eProsima Fast-RTPS[0m
[ 15%] [34m[1mGenerating C++ introspection for ROS interfaces[0m
[ 16%] [32m[1mLinking C shared library libgpg3_msgs__rosidl_generator_c.so[0m
[ 16%] Built target gpg3_msgs__rosidl_generator_c
[ 18%] [34m[1mGenerating C type support for eProsima Fast-RTPS[0m
[ 19%] [32mBuilding CXX object CMakeFiles/gpg3_msgs__rosidl_typesupport_cpp.dir/rosidl_typesupport_cpp/gpg3_msgs/msg/sensor_state__type_support.cpp.o[0m
[ 21%] [32mBuilding CXX object CMakeFiles/gpg3_msgs__rosidl_typesupport_introspection_cpp.dir/rosidl_typesupport_introspection_cpp/gpg3_msgs/msg/detail/sensor_state__type_support.cpp.o[0m
[ 22%] [32mBuilding CXX object CMakeFiles/gpg3_msgs__rosidl_typesupport_cpp.dir/rosidl_typesupport_cpp/gpg3_msgs/msg/sound__type_support.cpp.o[0m
[ 23%] [32mBuilding CXX object CMakeFiles/gpg3_msgs__rosidl_typesupport_fastrtps_cpp.dir/rosidl_typesupport_fastrtps_cpp/gpg3_msgs/msg/detail/dds_fastrtps/sensor_state__type_support.cpp.o[0m
[ 25%] [32mBuilding CXX object CMakeFiles/gpg3_msgs__rosidl_typesupport_fastrtps_c.dir/rosidl_typesupport_fastrtps_c/gpg3_msgs/msg/detail/sensor_state__type_support_c.cpp.o[0m
[ 26%] [32mBuilding CXX object CMakeFiles/gpg3_msgs__rosidl_typesupport_cpp.dir/rosidl_typesupport_cpp/gpg3_msgs/msg/version_info__type_support.cpp.o[0m
[ 28%] [32mBuilding CXX object CMakeFiles/gpg3_msgs__rosidl_typesupport_introspection_cpp.dir/rosidl_typesupport_introspection_cpp/gpg3_msgs/msg/detail/sound__type_support.cpp.o[0m
[ 29%] [32mBuilding CXX object CMakeFiles/gpg3_msgs__rosidl_typesupport_fastrtps_c.dir/rosidl_typesupport_fastrtps_c/gpg3_msgs/msg/detail/sound__type_support_c.cpp.o[0m
[ 30%] [32mBuilding CXX object CMakeFiles/gpg3_msgs__rosidl_typesupport_fastrtps_cpp.dir/rosidl_typesupport_fastrtps_cpp/gpg3_msgs/msg/detail/dds_fastrtps/sound__type_support.cpp.o[0m
[ 32%] [32mBuilding CXX object CMakeFiles/gpg3_msgs__rosidl_typesupport_cpp.dir/rosidl_typesupport_cpp/gpg3_msgs/srv/sound__type_support.cpp.o[0m
[ 33%] [32mBuilding CXX object CMakeFiles/gpg3_msgs__rosidl_typesupport_introspection_cpp.dir/rosidl_typesupport_introspection_cpp/gpg3_msgs/msg/detail/version_info__type_support.cpp.o[0m
[ 35%] [32mBuilding CXX object CMakeFiles/gpg3_msgs__rosidl_typesupport_cpp.dir/rosidl_typesupport_cpp/gpg3_msgs/srv/dqn__type_support.cpp.o[0m
[ 36%] [32mBuilding CXX object CMakeFiles/gpg3_msgs__rosidl_typesupport_fastrtps_c.dir/rosidl_typesupport_fastrtps_c/gpg3_msgs/msg/detail/version_info__type_support_c.cpp.o[0m
[ 38%] [32mBuilding CXX object CMakeFiles/gpg3_msgs__rosidl_typesupport_fastrtps_cpp.dir/rosidl_typesupport_fastrtps_cpp/gpg3_msgs/msg/detail/dds_fastrtps/version_info__type_support.cpp.o[0m
[ 39%] [32mBuilding CXX object CMakeFiles/gpg3_msgs__rosidl_typesupport_cpp.dir/rosidl_typesupport_cpp/gpg3_msgs/action/patrol__type_support.cpp.o[0m
[ 40%] [32mBuilding CXX object CMakeFiles/gpg3_msgs__rosidl_typesupport_introspection_cpp.dir/rosidl_typesupport_introspection_cpp/gpg3_msgs/srv/detail/sound__type_support.cpp.o[0m
[ 42%] [32mBuilding CXX object CMakeFiles/gpg3_msgs__rosidl_typesupport_fastrtps_c.dir/rosidl_typesupport_fastrtps_c/gpg3_msgs/srv/detail/sound__type_support_c.cpp.o[0m
[ 43%] [32mBuilding CXX object CMakeFiles/gpg3_msgs__rosidl_typesupport_fastrtps_cpp.dir/rosidl_typesupport_fastrtps_cpp/gpg3_msgs/srv/detail/dds_fastrtps/sound__type_support.cpp.o[0m
[ 45%] [32mBuilding CXX object CMakeFiles/gpg3_msgs__rosidl_typesupport_introspection_cpp.dir/rosidl_typesupport_introspection_cpp/gpg3_msgs/srv/detail/dqn__type_support.cpp.o[0m
[ 46%] [32mBuilding CXX object CMakeFiles/gpg3_msgs__rosidl_typesupport_fastrtps_c.dir/rosidl_typesupport_fastrtps_c/gpg3_msgs/srv/detail/dqn__type_support_c.cpp.o[0m
[ 47%] [32m[1mLinking CXX shared library libgpg3_msgs__rosidl_typesupport_cpp.so[0m
[ 47%] Built target gpg3_msgs__rosidl_typesupport_cpp
[ 49%] [32mBuilding CXX object CMakeFiles/gpg3_msgs__rosidl_typesupport_introspection_cpp.dir/rosidl_typesupport_introspection_cpp/gpg3_msgs/action/detail/patrol__type_support.cpp.o[0m
[ 50%] [32mBuilding CXX object CMakeFiles/gpg3_msgs__rosidl_typesupport_fastrtps_cpp.dir/rosidl_typesupport_fastrtps_cpp/gpg3_msgs/srv/detail/dds_fastrtps/dqn__type_support.cpp.o[0m
[ 52%] [32mBuilding CXX object CMakeFiles/gpg3_msgs__rosidl_typesupport_fastrtps_c.dir/rosidl_typesupport_fastrtps_c/gpg3_msgs/action/detail/patrol__type_support_c.cpp.o[0m
[ 53%] [34m[1mGenerating C introspection for ROS interfaces[0m
[ 54%] [32m[1mLinking CXX shared library libgpg3_msgs__rosidl_typesupport_introspection_cpp.so[0m
[ 56%] [32mBuilding CXX object CMakeFiles/gpg3_msgs__rosidl_typesupport_fastrtps_cpp.dir/rosidl_typesupport_fastrtps_cpp/gpg3_msgs/action/detail/dds_fastrtps/patrol__type_support.cpp.o[0m
[ 57%] [32m[1mLinking CXX shared library libgpg3_msgs__rosidl_typesupport_fastrtps_c.so[0m
[ 57%] Built target gpg3_msgs__rosidl_typesupport_introspection_cpp
[ 59%] [34m[1mGenerating C type support dispatch for ROS interfaces[0m
[ 59%] Built target gpg3_msgs__rosidl_typesupport_fastrtps_c
[ 61%] [32mBuilding C object CMakeFiles/gpg3_msgs__rosidl_typesupport_introspection_c.dir/rosidl_typesupport_introspection_c/gpg3_msgs/msg/detail/sound__type_support.c.o[0m
[ 61%] [32mBuilding C object CMakeFiles/gpg3_msgs__rosidl_typesupport_introspection_c.dir/rosidl_typesupport_introspection_c/gpg3_msgs/msg/detail/sensor_state__type_support.c.o[0m
[ 63%] [32m[1mLinking CXX shared library libgpg3_msgs__rosidl_typesupport_fastrtps_cpp.so[0m
[ 64%] [32mBuilding C object CMakeFiles/gpg3_msgs__rosidl_typesupport_introspection_c.dir/rosidl_typesupport_introspection_c/gpg3_msgs/msg/detail/version_info__type_support.c.o[0m
[ 66%] [32mBuilding C object CMakeFiles/gpg3_msgs__rosidl_typesupport_introspection_c.dir/rosidl_typesupport_introspection_c/gpg3_msgs/srv/detail/sound__type_support.c.o[0m
[ 67%] [32mBuilding C object CMakeFiles/gpg3_msgs__rosidl_typesupport_introspection_c.dir/rosidl_typesupport_introspection_c/gpg3_msgs/srv/detail/dqn__type_support.c.o[0m
[ 69%] [32mBuilding C object CMakeFiles/gpg3_msgs__rosidl_typesupport_introspection_c.dir/rosidl_typesupport_introspection_c/gpg3_msgs/action/detail/patrol__type_support.c.o[0m
[ 69%] Built target gpg3_msgs__rosidl_typesupport_fastrtps_cpp
[ 70%] [32m[1mLinking C shared library libgpg3_msgs__rosidl_typesupport_introspection_c.so[0m
[ 70%] Built target gpg3_msgs__rosidl_typesupport_introspection_c
[ 73%] [32mBuilding CXX object CMakeFiles/gpg3_msgs__rosidl_typesupport_c.dir/rosidl_typesupport_c/gpg3_msgs/msg/sensor_state__type_support.cpp.o[0m
[ 73%] [32mBuilding CXX object CMakeFiles/gpg3_msgs__rosidl_typesupport_c.dir/rosidl_typesupport_c/gpg3_msgs/msg/sound__type_support.cpp.o[0m
[ 74%] [32mBuilding CXX object CMakeFiles/gpg3_msgs__rosidl_typesupport_c.dir/rosidl_typesupport_c/gpg3_msgs/msg/version_info__type_support.cpp.o[0m
[ 76%] [32mBuilding CXX object CMakeFiles/gpg3_msgs__rosidl_typesupport_c.dir/rosidl_typesupport_c/gpg3_msgs/srv/sound__type_support.cpp.o[0m
[ 77%] [32mBuilding CXX object CMakeFiles/gpg3_msgs__rosidl_typesupport_c.dir/rosidl_typesupport_c/gpg3_msgs/action/patrol__type_support.cpp.o[0m
[ 78%] [32mBuilding CXX object CMakeFiles/gpg3_msgs__rosidl_typesupport_c.dir/rosidl_typesupport_c/gpg3_msgs/srv/dqn__type_support.cpp.o[0m
[ 80%] [32m[1mLinking CXX shared library libgpg3_msgs__rosidl_typesupport_c.so[0m
[ 80%] Built target gpg3_msgs__rosidl_typesupport_c
[ 80%] Built target gpg3_msgs
[ 81%] [34m[1mGenerating Python code for ROS interfaces[0m
[ 81%] Built target gpg3_msgs__py
[ 84%] [32mBuilding C object CMakeFiles/gpg3_msgs__rosidl_generator_py.dir/rosidl_generator_py/gpg3_msgs/msg/_sound_s.c.o[0m
[ 85%] [32mBuilding C object CMakeFiles/gpg3_msgs__rosidl_generator_py.dir/rosidl_generator_py/gpg3_msgs/msg/_sensor_state_s.c.o[0m
[ 85%] [32mBuilding C object CMakeFiles/gpg3_msgs__rosidl_generator_py.dir/rosidl_generator_py/gpg3_msgs/srv/_sound_s.c.o[0m
[ 87%] [32mBuilding C object CMakeFiles/gpg3_msgs__rosidl_generator_py.dir/rosidl_generator_py/gpg3_msgs/msg/_version_info_s.c.o[0m
[ 88%] [32mBuilding C object CMakeFiles/gpg3_msgs__rosidl_generator_py.dir/rosidl_generator_py/gpg3_msgs/srv/_dqn_s.c.o[0m
[ 90%] [32mBuilding C object CMakeFiles/gpg3_msgs__rosidl_generator_py.dir/rosidl_generator_py/gpg3_msgs/action/_patrol_s.c.o[0m
[ 91%] [32m[1mLinking C shared library rosidl_generator_py/gpg3_msgs/libgpg3_msgs__rosidl_generator_py.so[0m
[ 91%] Built target gpg3_msgs__rosidl_generator_py
[ 92%] [32mBuilding C object CMakeFiles/gpg3_msgs__rosidl_typesupport_fastrtps_c__pyext.dir/rosidl_generator_py/gpg3_msgs/_gpg3_msgs_s.ep.rosidl_typesupport_fastrtps_c.c.o[0m
[ 94%] [32mBuilding C object CMakeFiles/gpg3_msgs__rosidl_typesupport_introspection_c__pyext.dir/rosidl_generator_py/gpg3_msgs/_gpg3_msgs_s.ep.rosidl_typesupport_introspection_c.c.o[0m
[ 95%] [32mBuilding C object CMakeFiles/gpg3_msgs__rosidl_typesupport_c__pyext.dir/rosidl_generator_py/gpg3_msgs/_gpg3_msgs_s.ep.rosidl_typesupport_c.c.o[0m
[ 97%] [32m[1mLinking C shared library rosidl_generator_py/gpg3_msgs/gpg3_msgs_s__rosidl_typesupport_introspection_c.cpython-310-x86_64-linux-gnu.so[0m
[100%] [32m[1mLinking C shared library rosidl_generator_py/gpg3_msgs/gpg3_msgs_s__rosidl_typesupport_fastrtps_c.cpython-310-x86_64-linux-gnu.so[0m
[100%] [32m[1mLinking C shared library rosidl_generator_py/gpg3_msgs/gpg3_msgs_s__rosidl_typesupport_c.cpython-310-x86_64-linux-gnu.so[0m
[100%] Built target gpg3_msgs__rosidl_typesupport_c__pyext
[100%] Built target gpg3_msgs__rosidl_typesupport_fastrtps_c__pyext
[100%] Built target gpg3_msgs__rosidl_typesupport_introspection_c__pyext
-- Install configuration: ""
-- Installing: /home/ubuntu/gopi5go_desk/simws/install/gpg3_msgs/share/ament_index/resource_index/rosidl_interfaces/gpg3_msgs
-- Installing: /home/ubuntu/gopi5go_desk/simws/install/gpg3_msgs/include/gpg3_msgs/gpg3_msgs
-- Installing: /home/ubuntu/gopi5go_desk/simws/install/gpg3_msgs/include/gpg3_msgs/gpg3_msgs/action
-- Installing: /home/ubuntu/gopi5go_desk/simws/install/gpg3_msgs/include/gpg3_msgs/gpg3_msgs/action/detail
-- Installing: /home/ubuntu/gopi5go_desk/simws/install/gpg3_msgs/include/gpg3_msgs/gpg3_msgs/action/detail/patrol__struct.h
-- Installing: /home/ubuntu/gopi5go_desk/simws/install/gpg3_msgs/include/gpg3_msgs/gpg3_msgs/action/detail/patrol__type_support.h
-- Installing: /home/ubuntu/gopi5go_desk/simws/install/gpg3_msgs/include/gpg3_msgs/gpg3_msgs/action/detail/patrol__functions.h
-- Installing: /home/ubuntu/gopi5go_desk/simws/install/gpg3_msgs/include/gpg3_msgs/gpg3_msgs/action/detail/patrol__functions.c
-- Installing: /home/ubuntu/gopi5go_desk/simws/install/gpg3_msgs/include/gpg3_msgs/gpg3_msgs/action/patrol.h
-- Installing: /home/ubuntu/gopi5go_desk/simws/install/gpg3_msgs/include/gpg3_msgs/gpg3_msgs/msg
-- Installing: /home/ubuntu/gopi5go_desk/simws/install/gpg3_msgs/include/gpg3_msgs/gpg3_msgs/msg/rosidl_generator_c__visibility_control.h
-- Installing: /home/ubuntu/gopi5go_desk/simws/install/gpg3_msgs/include/gpg3_msgs/gpg3_msgs/msg/sensor_state.h
-- Installing: /home/ubuntu/gopi5go_desk/simws/install/gpg3_msgs/include/gpg3_msgs/gpg3_msgs/msg/detail
-- Installing: /home/ubuntu/gopi5go_desk/simws/install/gpg3_msgs/include/gpg3_msgs/gpg3_msgs/msg/detail/sound__functions.h
-- Installing: /home/ubuntu/gopi5go_desk/simws/install/gpg3_msgs/include/gpg3_msgs/gpg3_msgs/msg/detail/sensor_state__functions.h
-- Installing: /home/ubuntu/gopi5go_desk/simws/install/gpg3_msgs/include/gpg3_msgs/gpg3_msgs/msg/detail/sound__struct.h
-- Installing: /home/ubuntu/gopi5go_desk/simws/install/gpg3_msgs/include/gpg3_msgs/gpg3_msgs/msg/detail/sound__functions.c
-- Installing: /home/ubuntu/gopi5go_desk/simws/install/gpg3_msgs/include/gpg3_msgs/gpg3_msgs/msg/detail/version_info__functions.c
-- Installing: /home/ubuntu/gopi5go_desk/simws/install/gpg3_msgs/include/gpg3_msgs/gpg3_msgs/msg/detail/version_info__functions.h
-- Installing: /home/ubuntu/gopi5go_desk/simws/install/gpg3_msgs/include/gpg3_msgs/gpg3_msgs/msg/detail/sensor_state__struct.h
-- Installing: /home/ubuntu/gopi5go_desk/simws/install/gpg3_msgs/include/gpg3_msgs/gpg3_msgs/msg/detail/version_info__type_support.h
-- Installing: /home/ubuntu/gopi5go_desk/simws/install/gpg3_msgs/include/gpg3_msgs/gpg3_msgs/msg/detail/sound__type_support.h
-- Installing: /home/ubuntu/gopi5go_desk/simws/install/gpg3_msgs/include/gpg3_msgs/gpg3_msgs/msg/detail/version_info__struct.h
-- Installing: /home/ubuntu/gopi5go_desk/simws/install/gpg3_msgs/include/gpg3_msgs/gpg3_msgs/msg/detail/sensor_state__functions.c
-- Installing: /home/ubuntu/gopi5go_desk/simws/install/gpg3_msgs/include/gpg3_msgs/gpg3_msgs/msg/detail/sensor_state__type_support.h
-- Installing: /home/ubuntu/gopi5go_desk/simws/install/gpg3_msgs/include/gpg3_msgs/gpg3_msgs/msg/version_info.h
-- Installing: /home/ubuntu/gopi5go_desk/simws/install/gpg3_msgs/include/gpg3_msgs/gpg3_msgs/msg/sound.h
-- Installing: /home/ubuntu/gopi5go_desk/simws/install/gpg3_msgs/include/gpg3_msgs/gpg3_msgs/srv
-- Installing: /home/ubuntu/gopi5go_desk/simws/install/gpg3_msgs/include/gpg3_msgs/gpg3_msgs/srv/detail
-- Installing: /home/ubuntu/gopi5go_desk/simws/install/gpg3_msgs/include/gpg3_msgs/gpg3_msgs/srv/detail/dqn__type_support.h
-- Installing: /home/ubuntu/gopi5go_desk/simws/install/gpg3_msgs/include/gpg3_msgs/gpg3_msgs/srv/detail/sound__functions.h
-- Installing: /home/ubuntu/gopi5go_desk/simws/install/gpg3_msgs/include/gpg3_msgs/gpg3_msgs/srv/detail/sound__struct.h
-- Installing: /home/ubuntu/gopi5go_desk/simws/install/gpg3_msgs/include/gpg3_msgs/gpg3_msgs/srv/detail/sound__functions.c
-- Installing: /home/ubuntu/gopi5go_desk/simws/install/gpg3_msgs/include/gpg3_msgs/gpg3_msgs/srv/detail/dqn__struct.h
-- Installing: /home/ubuntu/gopi5go_desk/simws/install/gpg3_msgs/include/gpg3_msgs/gpg3_msgs/srv/detail/sound__type_support.h
-- Installing: /home/ubuntu/gopi5go_desk/simws/install/gpg3_msgs/include/gpg3_msgs/gpg3_msgs/srv/detail/dqn__functions.c
-- Installing: /home/ubuntu/gopi5go_desk/simws/install/gpg3_msgs/include/gpg3_msgs/gpg3_msgs/srv/detail/dqn__functions.h
-- Installing: /home/ubuntu/gopi5go_desk/simws/install/gpg3_msgs/include/gpg3_msgs/gpg3_msgs/srv/dqn.h
-- Installing: /home/ubuntu/gopi5go_desk/simws/install/gpg3_msgs/include/gpg3_msgs/gpg3_msgs/srv/sound.h
-- Installing: /home/ubuntu/gopi5go_desk/simws/install/gpg3_msgs/share/gpg3_msgs/environment/library_path.sh
-- Installing: /home/ubuntu/gopi5go_desk/simws/install/gpg3_msgs/share/gpg3_msgs/environment/library_path.dsv
-- Installing: /home/ubuntu/gopi5go_desk/simws/install/gpg3_msgs/lib/libgpg3_msgs__rosidl_generator_c.so
-- Set runtime path of "/home/ubuntu/gopi5go_desk/simws/install/gpg3_msgs/lib/libgpg3_msgs__rosidl_generator_c.so" to ""
-- Up-to-date: /home/ubuntu/gopi5go_desk/simws/install/gpg3_msgs/include/gpg3_msgs/gpg3_msgs
-- Up-to-date: /home/ubuntu/gopi5go_desk/simws/install/gpg3_msgs/include/gpg3_msgs/gpg3_msgs/action
-- Up-to-date: /home/ubuntu/gopi5go_desk/simws/install/gpg3_msgs/include/gpg3_msgs/gpg3_msgs/action/detail
-- Installing: /home/ubuntu/gopi5go_desk/simws/install/gpg3_msgs/include/gpg3_msgs/gpg3_msgs/action/detail/patrol__rosidl_typesupport_fastrtps_c.h
-- Up-to-date: /home/ubuntu/gopi5go_desk/simws/install/gpg3_msgs/include/gpg3_msgs/gpg3_msgs/msg
-- Up-to-date: /home/ubuntu/gopi5go_desk/simws/install/gpg3_msgs/include/gpg3_msgs/gpg3_msgs/msg/detail
-- Installing: /home/ubuntu/gopi5go_desk/simws/install/gpg3_msgs/include/gpg3_msgs/gpg3_msgs/msg/detail/version_info__rosidl_typesupport_fastrtps_c.h
-- Installing: /home/ubuntu/gopi5go_desk/simws/install/gpg3_msgs/include/gpg3_msgs/gpg3_msgs/msg/detail/sensor_state__rosidl_typesupport_fastrtps_c.h
-- Installing: /home/ubuntu/gopi5go_desk/simws/install/gpg3_msgs/include/gpg3_msgs/gpg3_msgs/msg/detail/sound__rosidl_typesupport_fastrtps_c.h
-- Installing: /home/ubuntu/gopi5go_desk/simws/install/gpg3_msgs/include/gpg3_msgs/gpg3_msgs/msg/rosidl_typesupport_fastrtps_c__visibility_control.h
-- Up-to-date: /home/ubuntu/gopi5go_desk/simws/install/gpg3_msgs/include/gpg3_msgs/gpg3_msgs/srv
-- Up-to-date: /home/ubuntu/gopi5go_desk/simws/install/gpg3_msgs/include/gpg3_msgs/gpg3_msgs/srv/detail
-- Installing: /home/ubuntu/gopi5go_desk/simws/install/gpg3_msgs/include/gpg3_msgs/gpg3_msgs/srv/detail/dqn__rosidl_typesupport_fastrtps_c.h
-- Installing: /home/ubuntu/gopi5go_desk/simws/install/gpg3_msgs/include/gpg3_msgs/gpg3_msgs/srv/detail/sound__rosidl_typesupport_fastrtps_c.h
-- Installing: /home/ubuntu/gopi5go_desk/simws/install/gpg3_msgs/lib/libgpg3_msgs__rosidl_typesupport_fastrtps_c.so
-- Set runtime path of "/home/ubuntu/gopi5go_desk/simws/install/gpg3_msgs/lib/libgpg3_msgs__rosidl_typesupport_fastrtps_c.so" to ""
-- Up-to-date: /home/ubuntu/gopi5go_desk/simws/install/gpg3_msgs/include/gpg3_msgs/gpg3_msgs
-- Up-to-date: /home/ubuntu/gopi5go_desk/simws/install/gpg3_msgs/include/gpg3_msgs/gpg3_msgs/action
-- Up-to-date: /home/ubuntu/gopi5go_desk/simws/install/gpg3_msgs/include/gpg3_msgs/gpg3_msgs/action/detail
-- Installing: /home/ubuntu/gopi5go_desk/simws/install/gpg3_msgs/include/gpg3_msgs/gpg3_msgs/action/detail/patrol__builder.hpp
-- Installing: /home/ubuntu/gopi5go_desk/simws/install/gpg3_msgs/include/gpg3_msgs/gpg3_msgs/action/detail/patrol__traits.hpp
-- Installing: /home/ubuntu/gopi5go_desk/simws/install/gpg3_msgs/include/gpg3_msgs/gpg3_msgs/action/detail/patrol__struct.hpp
-- Installing: /home/ubuntu/gopi5go_desk/simws/install/gpg3_msgs/include/gpg3_msgs/gpg3_msgs/action/patrol.hpp
-- Up-to-date: /home/ubuntu/gopi5go_desk/simws/install/gpg3_msgs/include/gpg3_msgs/gpg3_msgs/msg
-- Up-to-date: /home/ubuntu/gopi5go_desk/simws/install/gpg3_msgs/include/gpg3_msgs/gpg3_msgs/msg/detail
-- Installing: /home/ubuntu/gopi5go_desk/simws/install/gpg3_msgs/include/gpg3_msgs/gpg3_msgs/msg/detail/sensor_state__builder.hpp
-- Installing: /home/ubuntu/gopi5go_desk/simws/install/gpg3_msgs/include/gpg3_msgs/gpg3_msgs/msg/detail/version_info__builder.hpp
-- Installing: /home/ubuntu/gopi5go_desk/simws/install/gpg3_msgs/include/gpg3_msgs/gpg3_msgs/msg/detail/version_info__traits.hpp
-- Installing: /home/ubuntu/gopi5go_desk/simws/install/gpg3_msgs/include/gpg3_msgs/gpg3_msgs/msg/detail/sound__traits.hpp
-- Installing: /home/ubuntu/gopi5go_desk/simws/install/gpg3_msgs/include/gpg3_msgs/gpg3_msgs/msg/detail/sound__builder.hpp
-- Installing: /home/ubuntu/gopi5go_desk/simws/install/gpg3_msgs/include/gpg3_msgs/gpg3_msgs/msg/detail/sensor_state__traits.hpp
-- Installing: /home/ubuntu/gopi5go_desk/simws/install/gpg3_msgs/include/gpg3_msgs/gpg3_msgs/msg/detail/sound__struct.hpp
-- Installing: /home/ubuntu/gopi5go_desk/simws/install/gpg3_msgs/include/gpg3_msgs/gpg3_msgs/msg/detail/sensor_state__struct.hpp
-- Installing: /home/ubuntu/gopi5go_desk/simws/install/gpg3_msgs/include/gpg3_msgs/gpg3_msgs/msg/detail/version_info__struct.hpp
-- Installing: /home/ubuntu/gopi5go_desk/simws/install/gpg3_msgs/include/gpg3_msgs/gpg3_msgs/msg/sound.hpp
-- Installing: /home/ubuntu/gopi5go_desk/simws/install/gpg3_msgs/include/gpg3_msgs/gpg3_msgs/msg/version_info.hpp
-- Installing: /home/ubuntu/gopi5go_desk/simws/install/gpg3_msgs/include/gpg3_msgs/gpg3_msgs/msg/sensor_state.hpp
-- Up-to-date: /home/ubuntu/gopi5go_desk/simws/install/gpg3_msgs/include/gpg3_msgs/gpg3_msgs/srv
-- Up-to-date: /home/ubuntu/gopi5go_desk/simws/install/gpg3_msgs/include/gpg3_msgs/gpg3_msgs/srv/detail
-- Installing: /home/ubuntu/gopi5go_desk/simws/install/gpg3_msgs/include/gpg3_msgs/gpg3_msgs/srv/detail/dqn__builder.hpp
-- Installing: /home/ubuntu/gopi5go_desk/simws/install/gpg3_msgs/include/gpg3_msgs/gpg3_msgs/srv/detail/dqn__struct.hpp
-- Installing: /home/ubuntu/gopi5go_desk/simws/install/gpg3_msgs/include/gpg3_msgs/gpg3_msgs/srv/detail/sound__traits.hpp
-- Installing: /home/ubuntu/gopi5go_desk/simws/install/gpg3_msgs/include/gpg3_msgs/gpg3_msgs/srv/detail/dqn__traits.hpp
-- Installing: /home/ubuntu/gopi5go_desk/simws/install/gpg3_msgs/include/gpg3_msgs/gpg3_msgs/srv/detail/sound__builder.hpp
-- Installing: /home/ubuntu/gopi5go_desk/simws/install/gpg3_msgs/include/gpg3_msgs/gpg3_msgs/srv/detail/sound__struct.hpp
-- Installing: /home/ubuntu/gopi5go_desk/simws/install/gpg3_msgs/include/gpg3_msgs/gpg3_msgs/srv/dqn.hpp
-- Installing: /home/ubuntu/gopi5go_desk/simws/install/gpg3_msgs/include/gpg3_msgs/gpg3_msgs/srv/sound.hpp
-- Up-to-date: /home/ubuntu/gopi5go_desk/simws/install/gpg3_msgs/include/gpg3_msgs/gpg3_msgs
-- Up-to-date: /home/ubuntu/gopi5go_desk/simws/install/gpg3_msgs/include/gpg3_msgs/gpg3_msgs/action
-- Up-to-date: /home/ubuntu/gopi5go_desk/simws/install/gpg3_msgs/include/gpg3_msgs/gpg3_msgs/action/detail
-- Installing: /home/ubuntu/gopi5go_desk/simws/install/gpg3_msgs/include/gpg3_msgs/gpg3_msgs/action/detail/patrol__rosidl_typesupport_fastrtps_cpp.hpp
-- Installing: /home/ubuntu/gopi5go_desk/simws/install/gpg3_msgs/include/gpg3_msgs/gpg3_msgs/action/detail/dds_fastrtps
-- Up-to-date: /home/ubuntu/gopi5go_desk/simws/install/gpg3_msgs/include/gpg3_msgs/gpg3_msgs/msg
-- Up-to-date: /home/ubuntu/gopi5go_desk/simws/install/gpg3_msgs/include/gpg3_msgs/gpg3_msgs/msg/detail
-- Installing: /home/ubuntu/gopi5go_desk/simws/install/gpg3_msgs/include/gpg3_msgs/gpg3_msgs/msg/detail/sound__rosidl_typesupport_fastrtps_cpp.hpp
-- Installing: /home/ubuntu/gopi5go_desk/simws/install/gpg3_msgs/include/gpg3_msgs/gpg3_msgs/msg/detail/dds_fastrtps
-- Installing: /home/ubuntu/gopi5go_desk/simws/install/gpg3_msgs/include/gpg3_msgs/gpg3_msgs/msg/detail/sensor_state__rosidl_typesupport_fastrtps_cpp.hpp
-- Installing: /home/ubuntu/gopi5go_desk/simws/install/gpg3_msgs/include/gpg3_msgs/gpg3_msgs/msg/detail/version_info__rosidl_typesupport_fastrtps_cpp.hpp
-- Installing: /home/ubuntu/gopi5go_desk/simws/install/gpg3_msgs/include/gpg3_msgs/gpg3_msgs/msg/rosidl_typesupport_fastrtps_cpp__visibility_control.h
-- Up-to-date: /home/ubuntu/gopi5go_desk/simws/install/gpg3_msgs/include/gpg3_msgs/gpg3_msgs/srv
-- Up-to-date: /home/ubuntu/gopi5go_desk/simws/install/gpg3_msgs/include/gpg3_msgs/gpg3_msgs/srv/detail
-- Installing: /home/ubuntu/gopi5go_desk/simws/install/gpg3_msgs/include/gpg3_msgs/gpg3_msgs/srv/detail/dqn__rosidl_typesupport_fastrtps_cpp.hpp
-- Installing: /home/ubuntu/gopi5go_desk/simws/install/gpg3_msgs/include/gpg3_msgs/gpg3_msgs/srv/detail/sound__rosidl_typesupport_fastrtps_cpp.hpp
-- Installing: /home/ubuntu/gopi5go_desk/simws/install/gpg3_msgs/include/gpg3_msgs/gpg3_msgs/srv/detail/dds_fastrtps
-- Installing: /home/ubuntu/gopi5go_desk/simws/install/gpg3_msgs/lib/libgpg3_msgs__rosidl_typesupport_fastrtps_cpp.so
-- Set runtime path of "/home/ubuntu/gopi5go_desk/simws/install/gpg3_msgs/lib/libgpg3_msgs__rosidl_typesupport_fastrtps_cpp.so" to ""
-- Up-to-date: /home/ubuntu/gopi5go_desk/simws/install/gpg3_msgs/include/gpg3_msgs/gpg3_msgs
-- Up-to-date: /home/ubuntu/gopi5go_desk/simws/install/gpg3_msgs/include/gpg3_msgs/gpg3_msgs/action
-- Up-to-date: /home/ubuntu/gopi5go_desk/simws/install/gpg3_msgs/include/gpg3_msgs/gpg3_msgs/action/detail
-- Installing: /home/ubuntu/gopi5go_desk/simws/install/gpg3_msgs/include/gpg3_msgs/gpg3_msgs/action/detail/patrol__type_support.c
-- Installing: /home/ubuntu/gopi5go_desk/simws/install/gpg3_msgs/include/gpg3_msgs/gpg3_msgs/action/detail/patrol__rosidl_typesupport_introspection_c.h
-- Up-to-date: /home/ubuntu/gopi5go_desk/simws/install/gpg3_msgs/include/gpg3_msgs/gpg3_msgs/msg
-- Up-to-date: /home/ubuntu/gopi5go_desk/simws/install/gpg3_msgs/include/gpg3_msgs/gpg3_msgs/msg/detail
-- Installing: /home/ubuntu/gopi5go_desk/simws/install/gpg3_msgs/include/gpg3_msgs/gpg3_msgs/msg/detail/version_info__type_support.c
-- Installing: /home/ubuntu/gopi5go_desk/simws/install/gpg3_msgs/include/gpg3_msgs/gpg3_msgs/msg/detail/sound__rosidl_typesupport_introspection_c.h
-- Installing: /home/ubuntu/gopi5go_desk/simws/install/gpg3_msgs/include/gpg3_msgs/gpg3_msgs/msg/detail/sensor_state__rosidl_typesupport_introspection_c.h
-- Installing: /home/ubuntu/gopi5go_desk/simws/install/gpg3_msgs/include/gpg3_msgs/gpg3_msgs/msg/detail/sound__type_support.c
-- Installing: /home/ubuntu/gopi5go_desk/simws/install/gpg3_msgs/include/gpg3_msgs/gpg3_msgs/msg/detail/sensor_state__type_support.c
-- Installing: /home/ubuntu/gopi5go_desk/simws/install/gpg3_msgs/include/gpg3_msgs/gpg3_msgs/msg/detail/version_info__rosidl_typesupport_introspection_c.h
-- Installing: /home/ubuntu/gopi5go_desk/simws/install/gpg3_msgs/include/gpg3_msgs/gpg3_msgs/msg/rosidl_typesupport_introspection_c__visibility_control.h
-- Up-to-date: /home/ubuntu/gopi5go_desk/simws/install/gpg3_msgs/include/gpg3_msgs/gpg3_msgs/srv
-- Up-to-date: /home/ubuntu/gopi5go_desk/simws/install/gpg3_msgs/include/gpg3_msgs/gpg3_msgs/srv/detail
-- Installing: /home/ubuntu/gopi5go_desk/simws/install/gpg3_msgs/include/gpg3_msgs/gpg3_msgs/srv/detail/sound__rosidl_typesupport_introspection_c.h
-- Installing: /home/ubuntu/gopi5go_desk/simws/install/gpg3_msgs/include/gpg3_msgs/gpg3_msgs/srv/detail/dqn__type_support.c
-- Installing: /home/ubuntu/gopi5go_desk/simws/install/gpg3_msgs/include/gpg3_msgs/gpg3_msgs/srv/detail/sound__type_support.c
-- Installing: /home/ubuntu/gopi5go_desk/simws/install/gpg3_msgs/include/gpg3_msgs/gpg3_msgs/srv/detail/dqn__rosidl_typesupport_introspection_c.h
-- Installing: /home/ubuntu/gopi5go_desk/simws/install/gpg3_msgs/lib/libgpg3_msgs__rosidl_typesupport_introspection_c.so
-- Set runtime path of "/home/ubuntu/gopi5go_desk/simws/install/gpg3_msgs/lib/libgpg3_msgs__rosidl_typesupport_introspection_c.so" to ""
-- Installing: /home/ubuntu/gopi5go_desk/simws/install/gpg3_msgs/lib/libgpg3_msgs__rosidl_typesupport_c.so
-- Set runtime path of "/home/ubuntu/gopi5go_desk/simws/install/gpg3_msgs/lib/libgpg3_msgs__rosidl_typesupport_c.so" to ""
-- Up-to-date: /home/ubuntu/gopi5go_desk/simws/install/gpg3_msgs/include/gpg3_msgs/gpg3_msgs
-- Up-to-date: /home/ubuntu/gopi5go_desk/simws/install/gpg3_msgs/include/gpg3_msgs/gpg3_msgs/action
-- Up-to-date: /home/ubuntu/gopi5go_desk/simws/install/gpg3_msgs/include/gpg3_msgs/gpg3_msgs/action/detail
-- Installing: /home/ubuntu/gopi5go_desk/simws/install/gpg3_msgs/include/gpg3_msgs/gpg3_msgs/action/detail/patrol__rosidl_typesupport_introspection_cpp.hpp
-- Installing: /home/ubuntu/gopi5go_desk/simws/install/gpg3_msgs/include/gpg3_msgs/gpg3_msgs/action/detail/patrol__type_support.cpp
-- Up-to-date: /home/ubuntu/gopi5go_desk/simws/install/gpg3_msgs/include/gpg3_msgs/gpg3_msgs/msg
-- Up-to-date: /home/ubuntu/gopi5go_desk/simws/install/gpg3_msgs/include/gpg3_msgs/gpg3_msgs/msg/detail
-- Installing: /home/ubuntu/gopi5go_desk/simws/install/gpg3_msgs/include/gpg3_msgs/gpg3_msgs/msg/detail/sound__rosidl_typesupport_introspection_cpp.hpp
-- Installing: /home/ubuntu/gopi5go_desk/simws/install/gpg3_msgs/include/gpg3_msgs/gpg3_msgs/msg/detail/sound__type_support.cpp
-- Installing: /home/ubuntu/gopi5go_desk/simws/install/gpg3_msgs/include/gpg3_msgs/gpg3_msgs/msg/detail/version_info__type_support.cpp
-- Installing: /home/ubuntu/gopi5go_desk/simws/install/gpg3_msgs/include/gpg3_msgs/gpg3_msgs/msg/detail/version_info__rosidl_typesupport_introspection_cpp.hpp
-- Installing: /home/ubuntu/gopi5go_desk/simws/install/gpg3_msgs/include/gpg3_msgs/gpg3_msgs/msg/detail/sensor_state__type_support.cpp
-- Installing: /home/ubuntu/gopi5go_desk/simws/install/gpg3_msgs/include/gpg3_msgs/gpg3_msgs/msg/detail/sensor_state__rosidl_typesupport_introspection_cpp.hpp
-- Up-to-date: /home/ubuntu/gopi5go_desk/simws/install/gpg3_msgs/include/gpg3_msgs/gpg3_msgs/srv
-- Up-to-date: /home/ubuntu/gopi5go_desk/simws/install/gpg3_msgs/include/gpg3_msgs/gpg3_msgs/srv/detail
-- Installing: /home/ubuntu/gopi5go_desk/simws/install/gpg3_msgs/include/gpg3_msgs/gpg3_msgs/srv/detail/sound__rosidl_typesupport_introspection_cpp.hpp
-- Installing: /home/ubuntu/gopi5go_desk/simws/install/gpg3_msgs/include/gpg3_msgs/gpg3_msgs/srv/detail/sound__type_support.cpp
-- Installing: /home/ubuntu/gopi5go_desk/simws/install/gpg3_msgs/include/gpg3_msgs/gpg3_msgs/srv/detail/dqn__rosidl_typesupport_introspection_cpp.hpp
-- Installing: /home/ubuntu/gopi5go_desk/simws/install/gpg3_msgs/include/gpg3_msgs/gpg3_msgs/srv/detail/dqn__type_support.cpp
-- Installing: /home/ubuntu/gopi5go_desk/simws/install/gpg3_msgs/lib/libgpg3_msgs__rosidl_typesupport_introspection_cpp.so
-- Set runtime path of "/home/ubuntu/gopi5go_desk/simws/install/gpg3_msgs/lib/libgpg3_msgs__rosidl_typesupport_introspection_cpp.so" to ""
-- Installing: /home/ubuntu/gopi5go_desk/simws/install/gpg3_msgs/lib/libgpg3_msgs__rosidl_typesupport_cpp.so
-- Set runtime path of "/home/ubuntu/gopi5go_desk/simws/install/gpg3_msgs/lib/libgpg3_msgs__rosidl_typesupport_cpp.so" to ""
-- Installing: /home/ubuntu/gopi5go_desk/simws/install/gpg3_msgs/share/gpg3_msgs/environment/pythonpath.sh
-- Installing: /home/ubuntu/gopi5go_desk/simws/install/gpg3_msgs/share/gpg3_msgs/environment/pythonpath.dsv
-- Installing: /home/ubuntu/gopi5go_desk/simws/install/gpg3_msgs/local/lib/python3.10/dist-packages/gpg3_msgs-2.2.3-py3.10.egg-info
-- Installing: /home/ubuntu/gopi5go_desk/simws/install/gpg3_msgs/local/lib/python3.10/dist-packages/gpg3_msgs-2.2.3-py3.10.egg-info/SOURCES.txt
-- Installing: /home/ubuntu/gopi5go_desk/simws/install/gpg3_msgs/local/lib/python3.10/dist-packages/gpg3_msgs-2.2.3-py3.10.egg-info/PKG-INFO
-- Installing: /home/ubuntu/gopi5go_desk/simws/install/gpg3_msgs/local/lib/python3.10/dist-packages/gpg3_msgs-2.2.3-py3.10.egg-info/dependency_links.txt
-- Installing: /home/ubuntu/gopi5go_desk/simws/install/gpg3_msgs/local/lib/python3.10/dist-packages/gpg3_msgs-2.2.3-py3.10.egg-info/top_level.txt
-- Installing: /home/ubuntu/gopi5go_desk/simws/install/gpg3_msgs/local/lib/python3.10/dist-packages/gpg3_msgs
-- Installing: /home/ubuntu/gopi5go_desk/simws/install/gpg3_msgs/local/lib/python3.10/dist-packages/gpg3_msgs/gpg3_msgs_s__rosidl_typesupport_c.cpython-310-x86_64-linux-gnu.so
-- Installing: /home/ubuntu/gopi5go_desk/simws/install/gpg3_msgs/local/lib/python3.10/dist-packages/gpg3_msgs/libgpg3_msgs__rosidl_generator_py.so
-- Installing: /home/ubuntu/gopi5go_desk/simws/install/gpg3_msgs/local/lib/python3.10/dist-packages/gpg3_msgs/_gpg3_msgs_s.ep.rosidl_typesupport_c.c
-- Installing: /home/ubuntu/gopi5go_desk/simws/install/gpg3_msgs/local/lib/python3.10/dist-packages/gpg3_msgs/__init__.py
-- Installing: /home/ubuntu/gopi5go_desk/simws/install/gpg3_msgs/local/lib/python3.10/dist-packages/gpg3_msgs/_gpg3_msgs_s.ep.rosidl_typesupport_introspection_c.c
-- Installing: /home/ubuntu/gopi5go_desk/simws/install/gpg3_msgs/local/lib/python3.10/dist-packages/gpg3_msgs/action
-- Installing: /home/ubuntu/gopi5go_desk/simws/install/gpg3_msgs/local/lib/python3.10/dist-packages/gpg3_msgs/action/_patrol.py
-- Installing: /home/ubuntu/gopi5go_desk/simws/install/gpg3_msgs/local/lib/python3.10/dist-packages/gpg3_msgs/action/__init__.py
-- Installing: /home/ubuntu/gopi5go_desk/simws/install/gpg3_msgs/local/lib/python3.10/dist-packages/gpg3_msgs/action/_patrol_s.c
-- Installing: /home/ubuntu/gopi5go_desk/simws/install/gpg3_msgs/local/lib/python3.10/dist-packages/gpg3_msgs/msg
-- Installing: /home/ubuntu/gopi5go_desk/simws/install/gpg3_msgs/local/lib/python3.10/dist-packages/gpg3_msgs/msg/_sensor_state.py
-- Installing: /home/ubuntu/gopi5go_desk/simws/install/gpg3_msgs/local/lib/python3.10/dist-packages/gpg3_msgs/msg/_sound.py
-- Installing: /home/ubuntu/gopi5go_desk/simws/install/gpg3_msgs/local/lib/python3.10/dist-packages/gpg3_msgs/msg/__init__.py
-- Installing: /home/ubuntu/gopi5go_desk/simws/install/gpg3_msgs/local/lib/python3.10/dist-packages/gpg3_msgs/msg/_version_info_s.c
-- Installing: /home/ubuntu/gopi5go_desk/simws/install/gpg3_msgs/local/lib/python3.10/dist-packages/gpg3_msgs/msg/_version_info.py
-- Installing: /home/ubuntu/gopi5go_desk/simws/install/gpg3_msgs/local/lib/python3.10/dist-packages/gpg3_msgs/msg/_sound_s.c
-- Installing: /home/ubuntu/gopi5go_desk/simws/install/gpg3_msgs/local/lib/python3.10/dist-packages/gpg3_msgs/msg/_sensor_state_s.c
-- Installing: /home/ubuntu/gopi5go_desk/simws/install/gpg3_msgs/local/lib/python3.10/dist-packages/gpg3_msgs/_gpg3_msgs_s.ep.rosidl_typesupport_fastrtps_c.c
-- Installing: /home/ubuntu/gopi5go_desk/simws/install/gpg3_msgs/local/lib/python3.10/dist-packages/gpg3_msgs/srv
-- Installing: /home/ubuntu/gopi5go_desk/simws/install/gpg3_msgs/local/lib/python3.10/dist-packages/gpg3_msgs/srv/_sound.py
-- Installing: /home/ubuntu/gopi5go_desk/simws/install/gpg3_msgs/local/lib/python3.10/dist-packages/gpg3_msgs/srv/_dqn_s.c
-- Installing: /home/ubuntu/gopi5go_desk/simws/install/gpg3_msgs/local/lib/python3.10/dist-packages/gpg3_msgs/srv/__init__.py
-- Installing: /home/ubuntu/gopi5go_desk/simws/install/gpg3_msgs/local/lib/python3.10/dist-packages/gpg3_msgs/srv/_sound_s.c
-- Installing: /home/ubuntu/gopi5go_desk/simws/install/gpg3_msgs/local/lib/python3.10/dist-packages/gpg3_msgs/srv/_dqn.py
-- Installing: /home/ubuntu/gopi5go_desk/simws/install/gpg3_msgs/local/lib/python3.10/dist-packages/gpg3_msgs/gpg3_msgs_s__rosidl_typesupport_fastrtps_c.cpython-310-x86_64-linux-gnu.so
-- Installing: /home/ubuntu/gopi5go_desk/simws/install/gpg3_msgs/local/lib/python3.10/dist-packages/gpg3_msgs/gpg3_msgs_s__rosidl_typesupport_introspection_c.cpython-310-x86_64-linux-gnu.so
Listing '/home/ubuntu/gopi5go_desk/simws/install/gpg3_msgs/local/lib/python3.10/dist-packages/gpg3_msgs'...
Compiling '/home/ubuntu/gopi5go_desk/simws/install/gpg3_msgs/local/lib/python3.10/dist-packages/gpg3_msgs/__init__.py'...
Listing '/home/ubuntu/gopi5go_desk/simws/install/gpg3_msgs/local/lib/python3.10/dist-packages/gpg3_msgs/action'...
Compiling '/home/ubuntu/gopi5go_desk/simws/install/gpg3_msgs/local/lib/python3.10/dist-packages/gpg3_msgs/action/__init__.py'...
Compiling '/home/ubuntu/gopi5go_desk/simws/install/gpg3_msgs/local/lib/python3.10/dist-packages/gpg3_msgs/action/_patrol.py'...
Listing '/home/ubuntu/gopi5go_desk/simws/install/gpg3_msgs/local/lib/python3.10/dist-packages/gpg3_msgs/msg'...
Compiling '/home/ubuntu/gopi5go_desk/simws/install/gpg3_msgs/local/lib/python3.10/dist-packages/gpg3_msgs/msg/__init__.py'...
Compiling '/home/ubuntu/gopi5go_desk/simws/install/gpg3_msgs/local/lib/python3.10/dist-packages/gpg3_msgs/msg/_sensor_state.py'...
Compiling '/home/ubuntu/gopi5go_desk/simws/install/gpg3_msgs/local/lib/python3.10/dist-packages/gpg3_msgs/msg/_sound.py'...
Compiling '/home/ubuntu/gopi5go_desk/simws/install/gpg3_msgs/local/lib/python3.10/dist-packages/gpg3_msgs/msg/_version_info.py'...
Listing '/home/ubuntu/gopi5go_desk/simws/install/gpg3_msgs/local/lib/python3.10/dist-packages/gpg3_msgs/srv'...
Compiling '/home/ubuntu/gopi5go_desk/simws/install/gpg3_msgs/local/lib/python3.10/dist-packages/gpg3_msgs/srv/__init__.py'...
Compiling '/home/ubuntu/gopi5go_desk/simws/install/gpg3_msgs/local/lib/python3.10/dist-packages/gpg3_msgs/srv/_dqn.py'...
Compiling '/home/ubuntu/gopi5go_desk/simws/install/gpg3_msgs/local/lib/python3.10/dist-packages/gpg3_msgs/srv/_sound.py'...
-- Installing: /home/ubuntu/gopi5go_desk/simws/install/gpg3_msgs/local/lib/python3.10/dist-packages/gpg3_msgs/gpg3_msgs_s__rosidl_typesupport_fastrtps_c.cpython-310-x86_64-linux-gnu.so
-- Set runtime path of "/home/ubuntu/gopi5go_desk/simws/install/gpg3_msgs/local/lib/python3.10/dist-packages/gpg3_msgs/gpg3_msgs_s__rosidl_typesupport_fastrtps_c.cpython-310-x86_64-linux-gnu.so" to ""
-- Installing: /home/ubuntu/gopi5go_desk/simws/install/gpg3_msgs/local/lib/python3.10/dist-packages/gpg3_msgs/gpg3_msgs_s__rosidl_typesupport_introspection_c.cpython-310-x86_64-linux-gnu.so
-- Set runtime path of "/home/ubuntu/gopi5go_desk/simws/install/gpg3_msgs/local/lib/python3.10/dist-packages/gpg3_msgs/gpg3_msgs_s__rosidl_typesupport_introspection_c.cpython-310-x86_64-linux-gnu.so" to ""
-- Installing: /home/ubuntu/gopi5go_desk/simws/install/gpg3_msgs/local/lib/python3.10/dist-packages/gpg3_msgs/gpg3_msgs_s__rosidl_typesupport_c.cpython-310-x86_64-linux-gnu.so
-- Set runtime path of "/home/ubuntu/gopi5go_desk/simws/install/gpg3_msgs/local/lib/python3.10/dist-packages/gpg3_msgs/gpg3_msgs_s__rosidl_typesupport_c.cpython-310-x86_64-linux-gnu.so" to ""
-- Installing: /home/ubuntu/gopi5go_desk/simws/install/gpg3_msgs/lib/libgpg3_msgs__rosidl_generator_py.so
-- Set runtime path of "/home/ubuntu/gopi5go_desk/simws/install/gpg3_msgs/lib/libgpg3_msgs__rosidl_generator_py.so" to ""
-- Installing: /home/ubuntu/gopi5go_desk/simws/install/gpg3_msgs/share/gpg3_msgs/msg/SensorState.idl
-- Installing: /home/ubuntu/gopi5go_desk/simws/install/gpg3_msgs/share/gpg3_msgs/msg/Sound.idl
-- Installing: /home/ubuntu/gopi5go_desk/simws/install/gpg3_msgs/share/gpg3_msgs/msg/VersionInfo.idl
-- Installing: /home/ubuntu/gopi5go_desk/simws/install/gpg3_msgs/share/gpg3_msgs/srv/Sound.idl
-- Installing: /home/ubuntu/gopi5go_desk/simws/install/gpg3_msgs/share/gpg3_msgs/srv/Dqn.idl
-- Installing: /home/ubuntu/gopi5go_desk/simws/install/gpg3_msgs/share/gpg3_msgs/action/Patrol.idl
-- Installing: /home/ubuntu/gopi5go_desk/simws/install/gpg3_msgs/share/gpg3_msgs/msg/SensorState.msg
-- Installing: /home/ubuntu/gopi5go_desk/simws/install/gpg3_msgs/share/gpg3_msgs/msg/Sound.msg
-- Installing: /home/ubuntu/gopi5go_desk/simws/install/gpg3_msgs/share/gpg3_msgs/msg/VersionInfo.msg
-- Installing: /home/ubuntu/gopi5go_desk/simws/install/gpg3_msgs/share/gpg3_msgs/srv/Sound.srv
-- Installing: /home/ubuntu/gopi5go_desk/simws/install/gpg3_msgs/share/gpg3_msgs/srv/Sound_Request.msg
-- Installing: /home/ubuntu/gopi5go_desk/simws/install/gpg3_msgs/share/gpg3_msgs/srv/Sound_Response.msg
-- Installing: /home/ubuntu/gopi5go_desk/simws/install/gpg3_msgs/share/gpg3_msgs/srv/Dqn.srv
-- Installing: /home/ubuntu/gopi5go_desk/simws/install/gpg3_msgs/share/gpg3_msgs/srv/Dqn_Request.msg
-- Installing: /home/ubuntu/gopi5go_desk/simws/install/gpg3_msgs/share/gpg3_msgs/srv/Dqn_Response.msg
-- Installing: /home/ubuntu/gopi5go_desk/simws/install/gpg3_msgs/share/gpg3_msgs/action/Patrol.action
-- Installing: /home/ubuntu/gopi5go_desk/simws/install/gpg3_msgs/share/ament_index/resource_index/package_run_dependencies/gpg3_msgs
-- Installing: /home/ubuntu/gopi5go_desk/simws/install/gpg3_msgs/share/ament_index/resource_index/parent_prefix_path/gpg3_msgs
-- Installing: /home/ubuntu/gopi5go_desk/simws/install/gpg3_msgs/share/gpg3_msgs/environment/ament_prefix_path.sh
-- Installing: /home/ubuntu/gopi5go_desk/simws/install/gpg3_msgs/share/gpg3_msgs/environment/ament_prefix_path.dsv
-- Installing: /home/ubuntu/gopi5go_desk/simws/install/gpg3_msgs/share/gpg3_msgs/environment/path.sh
-- Installing: /home/ubuntu/gopi5go_desk/simws/install/gpg3_msgs/share/gpg3_msgs/environment/path.dsv
-- Installing: /home/ubuntu/gopi5go_desk/simws/install/gpg3_msgs/share/gpg3_msgs/local_setup.bash
-- Installing: /home/ubuntu/gopi5go_desk/simws/install/gpg3_msgs/share/gpg3_msgs/local_setup.sh
-- Installing: /home/ubuntu/gopi5go_desk/simws/install/gpg3_msgs/share/gpg3_msgs/local_setup.zsh
-- Installing: /home/ubuntu/gopi5go_desk/simws/install/gpg3_msgs/share/gpg3_msgs/local_setup.dsv
-- Installing: /home/ubuntu/gopi5go_desk/simws/install/gpg3_msgs/share/gpg3_msgs/package.dsv
-- Installing: /home/ubuntu/gopi5go_desk/simws/install/gpg3_msgs/share/ament_index/resource_index/packages/gpg3_msgs
-- Installing: /home/ubuntu/gopi5go_desk/simws/install/gpg3_msgs/share/gpg3_msgs/cmake/export_gpg3_msgs__rosidl_generator_cExport.cmake
-- Installing: /home/ubuntu/gopi5go_desk/simws/install/gpg3_msgs/share/gpg3_msgs/cmake/export_gpg3_msgs__rosidl_generator_cExport-noconfig.cmake
-- Installing: /home/ubuntu/gopi5go_desk/simws/install/gpg3_msgs/share/gpg3_msgs/cmake/export_gpg3_msgs__rosidl_typesupport_fastrtps_cExport.cmake
-- Installing: /home/ubuntu/gopi5go_desk/simws/install/gpg3_msgs/share/gpg3_msgs/cmake/export_gpg3_msgs__rosidl_typesupport_fastrtps_cExport-noconfig.cmake
-- Installing: /home/ubuntu/gopi5go_desk/simws/install/gpg3_msgs/share/gpg3_msgs/cmake/export_gpg3_msgs__rosidl_generator_cppExport.cmake
-- Installing: /home/ubuntu/gopi5go_desk/simws/install/gpg3_msgs/share/gpg3_msgs/cmake/export_gpg3_msgs__rosidl_typesupport_fastrtps_cppExport.cmake
-- Installing: /home/ubuntu/gopi5go_desk/simws/install/gpg3_msgs/share/gpg3_msgs/cmake/export_gpg3_msgs__rosidl_typesupport_fastrtps_cppExport-noconfig.cmake
-- Installing: /home/ubuntu/gopi5go_desk/simws/install/gpg3_msgs/share/gpg3_msgs/cmake/gpg3_msgs__rosidl_typesupport_introspection_cExport.cmake
-- Installing: /home/ubuntu/gopi5go_desk/simws/install/gpg3_msgs/share/gpg3_msgs/cmake/gpg3_msgs__rosidl_typesupport_introspection_cExport-noconfig.cmake
-- Installing: /home/ubuntu/gopi5go_desk/simws/install/gpg3_msgs/share/gpg3_msgs/cmake/gpg3_msgs__rosidl_typesupport_cExport.cmake
-- Installing: /home/ubuntu/gopi5go_desk/simws/install/gpg3_msgs/share/gpg3_msgs/cmake/gpg3_msgs__rosidl_typesupport_cExport-noconfig.cmake
-- Installing: /home/ubuntu/gopi5go_desk/simws/install/gpg3_msgs/share/gpg3_msgs/cmake/gpg3_msgs__rosidl_typesupport_introspection_cppExport.cmake
-- Installing: /home/ubuntu/gopi5go_desk/simws/install/gpg3_msgs/share/gpg3_msgs/cmake/gpg3_msgs__rosidl_typesupport_introspection_cppExport-noconfig.cmake
-- Installing: /home/ubuntu/gopi5go_desk/simws/install/gpg3_msgs/share/gpg3_msgs/cmake/gpg3_msgs__rosidl_typesupport_cppExport.cmake
-- Installing: /home/ubuntu/gopi5go_desk/simws/install/gpg3_msgs/share/gpg3_msgs/cmake/gpg3_msgs__rosidl_typesupport_cppExport-noconfig.cmake
-- Installing: /home/ubuntu/gopi5go_desk/simws/install/gpg3_msgs/share/gpg3_msgs/cmake/export_gpg3_msgs__rosidl_generator_pyExport.cmake
-- Installing: /home/ubuntu/gopi5go_desk/simws/install/gpg3_msgs/share/gpg3_msgs/cmake/export_gpg3_msgs__rosidl_generator_pyExport-noconfig.cmake
-- Installing: /home/ubuntu/gopi5go_desk/simws/install/gpg3_msgs/share/gpg3_msgs/cmake/rosidl_cmake-extras.cmake
-- Installing: /home/ubuntu/gopi5go_desk/simws/install/gpg3_msgs/share/gpg3_msgs/cmake/ament_cmake_export_dependencies-extras.cmake
-- Installing: /home/ubuntu/gopi5go_desk/simws/install/gpg3_msgs/share/gpg3_msgs/cmake/ament_cmake_export_include_directories-extras.cmake
-- Installing: /home/ubuntu/gopi5go_desk/simws/install/gpg3_msgs/share/gpg3_msgs/cmake/ament_cmake_export_libraries-extras.cmake
-- Installing: /home/ubuntu/gopi5go_desk/simws/install/gpg3_msgs/share/gpg3_msgs/cmake/ament_cmake_export_targets-extras.cmake
-- Installing: /home/ubuntu/gopi5go_desk/simws/install/gpg3_msgs/share/gpg3_msgs/cmake/rosidl_cmake_export_typesupport_targets-extras.cmake
-- Installing: /home/ubuntu/gopi5go_desk/simws/install/gpg3_msgs/share/gpg3_msgs/cmake/rosidl_cmake_export_typesupport_libraries-extras.cmake
-- Installing: /home/ubuntu/gopi5go_desk/simws/install/gpg3_msgs/share/gpg3_msgs/cmake/gpg3_msgsConfig.cmake
-- Installing: /home/ubuntu/gopi5go_desk/simws/install/gpg3_msgs/share/gpg3_msgs/cmake/gpg3_msgsConfig-version.cmake
-- Installing: /home/ubuntu/gopi5go_desk/simws/install/gpg3_msgs/share/gpg3_msgs/package.xml
