[0.011s] Invoking command in '/home/ubuntu/gopi5go_desk/simws/build/gpg3_msgs': CMAKE_PREFIX_PATH=${CMAKE_PREFIX_PATH}:/opt/ros/humble /usr/bin/cmake /home/ubuntu/gopi5go_desk/simws/src/gpg3_msgs -DCMAKE_INSTALL_PREFIX=/home/ubuntu/gopi5go_desk/simws/install/gpg3_msgs
[0.079s] -- The C compiler identification is GNU 11.4.0
[0.145s] -- The CXX compiler identification is GNU 11.4.0
[0.153s] -- Detecting C compiler ABI info
[0.236s] -- Detecting C compiler ABI info - done
[0.246s] -- Check for working C compiler: /usr/bin/cc - skipped
[0.249s] -- Detecting C compile features
[0.249s] -- Detecting C compile features - done
[0.250s] -- Detecting CXX compiler ABI info
[0.338s] -- Detecting CXX compiler ABI info - done
[0.347s] -- Check for working CXX compiler: /usr/bin/c++ - skipped
[0.347s] -- Detecting CXX compile features
[0.347s] -- Detecting CXX compile features - done
[0.351s] -- Found action_msgs: 1.2.1 (/opt/ros/humble/share/action_msgs/cmake)
[0.500s] -- Found Python3: /usr/bin/python3 (found version "3.10.12") found components: Interpreter 
[0.625s] -- Found rosidl_generator_c: 3.1.5 (/opt/ros/humble/share/rosidl_generator_c/cmake)
[0.631s] -- Found rosidl_adapter: 3.1.5 (/opt/ros/humble/share/rosidl_adapter/cmake)
[0.640s] -- Found rosidl_generator_cpp: 3.1.5 (/opt/ros/humble/share/rosidl_generator_cpp/cmake)
[0.653s] -- Using all available rosidl_typesupport_c: rosidl_typesupport_fastrtps_c;rosidl_typesupport_introspection_c
[0.667s] -- Using all available rosidl_typesupport_cpp: rosidl_typesupport_fastrtps_cpp;rosidl_typesupport_introspection_cpp
[0.711s] -- Found rosidl_default_generators: 1.2.0 (/opt/ros/humble/share/rosidl_default_generators/cmake)
[0.723s] -- Found std_msgs: 4.2.4 (/opt/ros/humble/share/std_msgs/cmake)
[1.044s] -- Found ament_cmake_cppcheck: 0.12.11 (/opt/ros/humble/share/ament_cmake_cppcheck/cmake)
[1.047s] -- Found ament_cmake_cpplint: 0.12.11 (/opt/ros/humble/share/ament_cmake_cpplint/cmake)
[1.049s] -- Found ament_cmake_uncrustify: 0.12.11 (/opt/ros/humble/share/ament_cmake_uncrustify/cmake)
[1.051s] -- Found ament_cmake_ros: 0.10.0 (/opt/ros/humble/share/ament_cmake_ros/cmake)
[1.453s] -- Using all available rosidl_typesupport_c: rosidl_typesupport_fastrtps_c;rosidl_typesupport_introspection_c
[1.609s] -- Using all available rosidl_typesupport_cpp: rosidl_typesupport_fastrtps_cpp;rosidl_typesupport_introspection_cpp
[1.633s] -- Found PythonInterp: /usr/bin/python3 (found suitable version "3.10.12", minimum required is "3.6") 
[1.635s] -- Found python_cmake_module: 0.10.0 (/opt/ros/humble/share/python_cmake_module/cmake)
[1.661s] -- Found PythonLibs: /usr/lib/x86_64-linux-gnu/libpython3.10.so (found suitable version "3.10.12", minimum required is "3.5") 
[1.662s] -- Using PYTHON_EXECUTABLE: /usr/bin/python3
[1.662s] -- Using PYTHON_INCLUDE_DIRS: /usr/include/python3.10
[1.662s] -- Using PYTHON_LIBRARIES: /usr/lib/x86_64-linux-gnu/libpython3.10.so
[1.686s] -- Found PythonExtra: .so  
[1.748s] -- Found ament_cmake_flake8: 0.12.11 (/opt/ros/humble/share/ament_cmake_flake8/cmake)
[1.751s] -- Found ament_cmake_pep257: 0.12.11 (/opt/ros/humble/share/ament_cmake_pep257/cmake)
[1.759s] -- Configuring done
[1.810s] -- Generating done
[1.813s] -- Build files have been written to: /home/ubuntu/gopi5go_desk/simws/build/gpg3_msgs
[1.822s] Invoked command in '/home/ubuntu/gopi5go_desk/simws/build/gpg3_msgs' returned '0': CMAKE_PREFIX_PATH=${CMAKE_PREFIX_PATH}:/opt/ros/humble /usr/bin/cmake /home/ubuntu/gopi5go_desk/simws/src/gpg3_msgs -DCMAKE_INSTALL_PREFIX=/home/ubuntu/gopi5go_desk/simws/install/gpg3_msgs
[1.824s] Invoking command in '/home/ubuntu/gopi5go_desk/simws/build/gpg3_msgs': CMAKE_PREFIX_PATH=${CMAKE_PREFIX_PATH}:/opt/ros/humble /usr/bin/cmake --build /home/ubuntu/gopi5go_desk/simws/build/gpg3_msgs -- -j4 -l4
[1.881s] [  1%] [34m[1mGenerating C code for ROS interfaces[0m
[1.898s] [  2%] [34m[1mGenerating C++ code for ROS interfaces[0m
[1.909s] [  2%] Built target ament_cmake_python_copy_gpg3_msgs
[2.238s] running egg_info
[2.238s] creating gpg3_msgs.egg-info
[2.238s] writing gpg3_msgs.egg-info/PKG-INFO
[2.239s] writing dependency_links to gpg3_msgs.egg-info/dependency_links.txt
[2.239s] writing top-level names to gpg3_msgs.egg-info/top_level.txt
[2.240s] writing manifest file 'gpg3_msgs.egg-info/SOURCES.txt'
[2.243s] reading manifest file 'gpg3_msgs.egg-info/SOURCES.txt'
[2.245s] writing manifest file 'gpg3_msgs.egg-info/SOURCES.txt'
[2.278s] [  2%] Built target ament_cmake_python_build_gpg3_msgs_egg
[3.185s] [  4%] [32mBuilding C object CMakeFiles/gpg3_msgs__rosidl_generator_c.dir/rosidl_generator_c/gpg3_msgs/msg/detail/sensor_state__functions.c.o[0m
[3.193s] [  7%] [32mBuilding C object CMakeFiles/gpg3_msgs__rosidl_generator_c.dir/rosidl_generator_c/gpg3_msgs/msg/detail/version_info__functions.c.o[0m
[3.193s] [  7%] [32mBuilding C object CMakeFiles/gpg3_msgs__rosidl_generator_c.dir/rosidl_generator_c/gpg3_msgs/msg/detail/sound__functions.c.o[0m
[3.202s] [  7%] Built target gpg3_msgs__cpp
[3.218s] [  8%] [32mBuilding C object CMakeFiles/gpg3_msgs__rosidl_generator_c.dir/rosidl_generator_c/gpg3_msgs/srv/detail/sound__functions.c.o[0m
[3.264s] [  9%] [32mBuilding C object CMakeFiles/gpg3_msgs__rosidl_generator_c.dir/rosidl_generator_c/gpg3_msgs/srv/detail/dqn__functions.c.o[0m
[3.273s] [ 11%] [32mBuilding C object CMakeFiles/gpg3_msgs__rosidl_generator_c.dir/rosidl_generator_c/gpg3_msgs/action/detail/patrol__functions.c.o[0m
[3.275s] [ 12%] [34m[1mGenerating C++ type support dispatch for ROS interfaces[0m
[3.319s] [ 14%] [34m[1mGenerating C++ type support for eProsima Fast-RTPS[0m
[3.364s] [ 15%] [34m[1mGenerating C++ introspection for ROS interfaces[0m
[3.456s] [ 16%] [32m[1mLinking C shared library libgpg3_msgs__rosidl_generator_c.so[0m
[3.516s] [ 16%] Built target gpg3_msgs__rosidl_generator_c
[3.536s] [ 18%] [34m[1mGenerating C type support for eProsima Fast-RTPS[0m
[4.260s] [ 19%] [32mBuilding CXX object CMakeFiles/gpg3_msgs__rosidl_typesupport_cpp.dir/rosidl_typesupport_cpp/gpg3_msgs/msg/sensor_state__type_support.cpp.o[0m
[4.624s] [ 21%] [32mBuilding CXX object CMakeFiles/gpg3_msgs__rosidl_typesupport_introspection_cpp.dir/rosidl_typesupport_introspection_cpp/gpg3_msgs/msg/detail/sensor_state__type_support.cpp.o[0m
[4.691s] [ 22%] [32mBuilding CXX object CMakeFiles/gpg3_msgs__rosidl_typesupport_cpp.dir/rosidl_typesupport_cpp/gpg3_msgs/msg/sound__type_support.cpp.o[0m
[4.829s] [ 23%] [32mBuilding CXX object CMakeFiles/gpg3_msgs__rosidl_typesupport_fastrtps_cpp.dir/rosidl_typesupport_fastrtps_cpp/gpg3_msgs/msg/detail/dds_fastrtps/sensor_state__type_support.cpp.o[0m
[4.917s] [ 25%] [32mBuilding CXX object CMakeFiles/gpg3_msgs__rosidl_typesupport_fastrtps_c.dir/rosidl_typesupport_fastrtps_c/gpg3_msgs/msg/detail/sensor_state__type_support_c.cpp.o[0m
[5.146s] [ 26%] [32mBuilding CXX object CMakeFiles/gpg3_msgs__rosidl_typesupport_cpp.dir/rosidl_typesupport_cpp/gpg3_msgs/msg/version_info__type_support.cpp.o[0m
[5.294s] [ 28%] [32mBuilding CXX object CMakeFiles/gpg3_msgs__rosidl_typesupport_introspection_cpp.dir/rosidl_typesupport_introspection_cpp/gpg3_msgs/msg/detail/sound__type_support.cpp.o[0m
[5.577s] [ 29%] [32mBuilding CXX object CMakeFiles/gpg3_msgs__rosidl_typesupport_fastrtps_c.dir/rosidl_typesupport_fastrtps_c/gpg3_msgs/msg/detail/sound__type_support_c.cpp.o[0m
[5.636s] [ 30%] [32mBuilding CXX object CMakeFiles/gpg3_msgs__rosidl_typesupport_fastrtps_cpp.dir/rosidl_typesupport_fastrtps_cpp/gpg3_msgs/msg/detail/dds_fastrtps/sound__type_support.cpp.o[0m
[5.674s] [ 32%] [32mBuilding CXX object CMakeFiles/gpg3_msgs__rosidl_typesupport_cpp.dir/rosidl_typesupport_cpp/gpg3_msgs/srv/sound__type_support.cpp.o[0m
[5.995s] [ 33%] [32mBuilding CXX object CMakeFiles/gpg3_msgs__rosidl_typesupport_introspection_cpp.dir/rosidl_typesupport_introspection_cpp/gpg3_msgs/msg/detail/version_info__type_support.cpp.o[0m
[6.194s] [ 35%] [32mBuilding CXX object CMakeFiles/gpg3_msgs__rosidl_typesupport_cpp.dir/rosidl_typesupport_cpp/gpg3_msgs/srv/dqn__type_support.cpp.o[0m
[6.201s] [ 36%] [32mBuilding CXX object CMakeFiles/gpg3_msgs__rosidl_typesupport_fastrtps_c.dir/rosidl_typesupport_fastrtps_c/gpg3_msgs/msg/detail/version_info__type_support_c.cpp.o[0m
[6.399s] [ 38%] [32mBuilding CXX object CMakeFiles/gpg3_msgs__rosidl_typesupport_fastrtps_cpp.dir/rosidl_typesupport_fastrtps_cpp/gpg3_msgs/msg/detail/dds_fastrtps/version_info__type_support.cpp.o[0m
[6.646s] [ 39%] [32mBuilding CXX object CMakeFiles/gpg3_msgs__rosidl_typesupport_cpp.dir/rosidl_typesupport_cpp/gpg3_msgs/action/patrol__type_support.cpp.o[0m
[6.686s] [ 40%] [32mBuilding CXX object CMakeFiles/gpg3_msgs__rosidl_typesupport_introspection_cpp.dir/rosidl_typesupport_introspection_cpp/gpg3_msgs/srv/detail/sound__type_support.cpp.o[0m
[6.736s] [ 42%] [32mBuilding CXX object CMakeFiles/gpg3_msgs__rosidl_typesupport_fastrtps_c.dir/rosidl_typesupport_fastrtps_c/gpg3_msgs/srv/detail/sound__type_support_c.cpp.o[0m
[6.978s] [ 43%] [32mBuilding CXX object CMakeFiles/gpg3_msgs__rosidl_typesupport_fastrtps_cpp.dir/rosidl_typesupport_fastrtps_cpp/gpg3_msgs/srv/detail/dds_fastrtps/sound__type_support.cpp.o[0m
[7.241s] [ 45%] [32mBuilding CXX object CMakeFiles/gpg3_msgs__rosidl_typesupport_introspection_cpp.dir/rosidl_typesupport_introspection_cpp/gpg3_msgs/srv/detail/dqn__type_support.cpp.o[0m
[7.258s] [ 46%] [32mBuilding CXX object CMakeFiles/gpg3_msgs__rosidl_typesupport_fastrtps_c.dir/rosidl_typesupport_fastrtps_c/gpg3_msgs/srv/detail/dqn__type_support_c.cpp.o[0m
[7.307s] [ 47%] [32m[1mLinking CXX shared library libgpg3_msgs__rosidl_typesupport_cpp.so[0m
[7.369s] [ 47%] Built target gpg3_msgs__rosidl_typesupport_cpp
[7.385s] [ 49%] [32mBuilding CXX object CMakeFiles/gpg3_msgs__rosidl_typesupport_introspection_cpp.dir/rosidl_typesupport_introspection_cpp/gpg3_msgs/action/detail/patrol__type_support.cpp.o[0m
[7.596s] [ 50%] [32mBuilding CXX object CMakeFiles/gpg3_msgs__rosidl_typesupport_fastrtps_cpp.dir/rosidl_typesupport_fastrtps_cpp/gpg3_msgs/srv/detail/dds_fastrtps/dqn__type_support.cpp.o[0m
[7.745s] [ 52%] [32mBuilding CXX object CMakeFiles/gpg3_msgs__rosidl_typesupport_fastrtps_c.dir/rosidl_typesupport_fastrtps_c/gpg3_msgs/action/detail/patrol__type_support_c.cpp.o[0m
[7.816s] [ 53%] [34m[1mGenerating C introspection for ROS interfaces[0m
[8.228s] [ 54%] [32m[1mLinking CXX shared library libgpg3_msgs__rosidl_typesupport_introspection_cpp.so[0m
[8.272s] [ 56%] [32mBuilding CXX object CMakeFiles/gpg3_msgs__rosidl_typesupport_fastrtps_cpp.dir/rosidl_typesupport_fastrtps_cpp/gpg3_msgs/action/detail/dds_fastrtps/patrol__type_support.cpp.o[0m
[8.331s] [ 57%] [32m[1mLinking CXX shared library libgpg3_msgs__rosidl_typesupport_fastrtps_c.so[0m
[8.344s] [ 57%] Built target gpg3_msgs__rosidl_typesupport_introspection_cpp
[8.360s] [ 59%] [34m[1mGenerating C type support dispatch for ROS interfaces[0m
[8.442s] [ 59%] Built target gpg3_msgs__rosidl_typesupport_fastrtps_c
[8.975s] [ 61%] [32mBuilding C object CMakeFiles/gpg3_msgs__rosidl_typesupport_introspection_c.dir/rosidl_typesupport_introspection_c/gpg3_msgs/msg/detail/sound__type_support.c.o[0m
[8.976s] [ 61%] [32mBuilding C object CMakeFiles/gpg3_msgs__rosidl_typesupport_introspection_c.dir/rosidl_typesupport_introspection_c/gpg3_msgs/msg/detail/sensor_state__type_support.c.o[0m
[9.028s] [ 63%] [32m[1mLinking CXX shared library libgpg3_msgs__rosidl_typesupport_fastrtps_cpp.so[0m
[9.033s] [ 64%] [32mBuilding C object CMakeFiles/gpg3_msgs__rosidl_typesupport_introspection_c.dir/rosidl_typesupport_introspection_c/gpg3_msgs/msg/detail/version_info__type_support.c.o[0m
[9.036s] [ 66%] [32mBuilding C object CMakeFiles/gpg3_msgs__rosidl_typesupport_introspection_c.dir/rosidl_typesupport_introspection_c/gpg3_msgs/srv/detail/sound__type_support.c.o[0m
[9.095s] [ 67%] [32mBuilding C object CMakeFiles/gpg3_msgs__rosidl_typesupport_introspection_c.dir/rosidl_typesupport_introspection_c/gpg3_msgs/srv/detail/dqn__type_support.c.o[0m
[9.103s] [ 69%] [32mBuilding C object CMakeFiles/gpg3_msgs__rosidl_typesupport_introspection_c.dir/rosidl_typesupport_introspection_c/gpg3_msgs/action/detail/patrol__type_support.c.o[0m
[9.165s] [ 69%] Built target gpg3_msgs__rosidl_typesupport_fastrtps_cpp
[9.178s] [ 70%] [32m[1mLinking C shared library libgpg3_msgs__rosidl_typesupport_introspection_c.so[0m
[9.235s] [ 70%] Built target gpg3_msgs__rosidl_typesupport_introspection_c
[9.237s] [ 73%] [32mBuilding CXX object CMakeFiles/gpg3_msgs__rosidl_typesupport_c.dir/rosidl_typesupport_c/gpg3_msgs/msg/sensor_state__type_support.cpp.o[0m
[9.237s] [ 73%] [32mBuilding CXX object CMakeFiles/gpg3_msgs__rosidl_typesupport_c.dir/rosidl_typesupport_c/gpg3_msgs/msg/sound__type_support.cpp.o[0m
[9.237s] [ 74%] [32mBuilding CXX object CMakeFiles/gpg3_msgs__rosidl_typesupport_c.dir/rosidl_typesupport_c/gpg3_msgs/msg/version_info__type_support.cpp.o[0m
[9.254s] [ 76%] [32mBuilding CXX object CMakeFiles/gpg3_msgs__rosidl_typesupport_c.dir/rosidl_typesupport_c/gpg3_msgs/srv/sound__type_support.cpp.o[0m
[9.285s] [ 77%] [32mBuilding CXX object CMakeFiles/gpg3_msgs__rosidl_typesupport_c.dir/rosidl_typesupport_c/gpg3_msgs/action/patrol__type_support.cpp.o[0m
[9.285s] [ 78%] [32mBuilding CXX object CMakeFiles/gpg3_msgs__rosidl_typesupport_c.dir/rosidl_typesupport_c/gpg3_msgs/srv/dqn__type_support.cpp.o[0m
[9.348s] [ 80%] [32m[1mLinking CXX shared library libgpg3_msgs__rosidl_typesupport_c.so[0m
[9.408s] [ 80%] Built target gpg3_msgs__rosidl_typesupport_c
[9.436s] [ 80%] Built target gpg3_msgs
[9.463s] [ 81%] [34m[1mGenerating Python code for ROS interfaces[0m
[11.556s] [ 81%] Built target gpg3_msgs__py
[11.590s] [ 84%] [32mBuilding C object CMakeFiles/gpg3_msgs__rosidl_generator_py.dir/rosidl_generator_py/gpg3_msgs/msg/_sound_s.c.o[0m
[11.590s] [ 85%] [32mBuilding C object CMakeFiles/gpg3_msgs__rosidl_generator_py.dir/rosidl_generator_py/gpg3_msgs/msg/_sensor_state_s.c.o[0m
[11.590s] [ 85%] [32mBuilding C object CMakeFiles/gpg3_msgs__rosidl_generator_py.dir/rosidl_generator_py/gpg3_msgs/srv/_sound_s.c.o[0m
[11.590s] [ 87%] [32mBuilding C object CMakeFiles/gpg3_msgs__rosidl_generator_py.dir/rosidl_generator_py/gpg3_msgs/msg/_version_info_s.c.o[0m
[11.731s] [ 88%] [32mBuilding C object CMakeFiles/gpg3_msgs__rosidl_generator_py.dir/rosidl_generator_py/gpg3_msgs/srv/_dqn_s.c.o[0m
[11.743s] [ 90%] [32mBuilding C object CMakeFiles/gpg3_msgs__rosidl_generator_py.dir/rosidl_generator_py/gpg3_msgs/action/_patrol_s.c.o[0m
[11.930s] [ 91%] [32m[1mLinking C shared library rosidl_generator_py/gpg3_msgs/libgpg3_msgs__rosidl_generator_py.so[0m
[11.984s] [ 91%] Built target gpg3_msgs__rosidl_generator_py
[12.018s] [ 92%] [32mBuilding C object CMakeFiles/gpg3_msgs__rosidl_typesupport_fastrtps_c__pyext.dir/rosidl_generator_py/gpg3_msgs/_gpg3_msgs_s.ep.rosidl_typesupport_fastrtps_c.c.o[0m
[12.021s] [ 94%] [32mBuilding C object CMakeFiles/gpg3_msgs__rosidl_typesupport_introspection_c__pyext.dir/rosidl_generator_py/gpg3_msgs/_gpg3_msgs_s.ep.rosidl_typesupport_introspection_c.c.o[0m
[12.023s] [ 95%] [32mBuilding C object CMakeFiles/gpg3_msgs__rosidl_typesupport_c__pyext.dir/rosidl_generator_py/gpg3_msgs/_gpg3_msgs_s.ep.rosidl_typesupport_c.c.o[0m
[12.212s] [ 97%] [32m[1mLinking C shared library rosidl_generator_py/gpg3_msgs/gpg3_msgs_s__rosidl_typesupport_introspection_c.cpython-310-x86_64-linux-gnu.so[0m
[12.212s] [100%] [32m[1mLinking C shared library rosidl_generator_py/gpg3_msgs/gpg3_msgs_s__rosidl_typesupport_fastrtps_c.cpython-310-x86_64-linux-gnu.so[0m
[12.212s] [100%] [32m[1mLinking C shared library rosidl_generator_py/gpg3_msgs/gpg3_msgs_s__rosidl_typesupport_c.cpython-310-x86_64-linux-gnu.so[0m
[12.280s] [100%] Built target gpg3_msgs__rosidl_typesupport_c__pyext
[12.280s] [100%] Built target gpg3_msgs__rosidl_typesupport_fastrtps_c__pyext
[12.280s] [100%] Built target gpg3_msgs__rosidl_typesupport_introspection_c__pyext
[12.296s] Invoked command in '/home/ubuntu/gopi5go_desk/simws/build/gpg3_msgs' returned '0': CMAKE_PREFIX_PATH=${CMAKE_PREFIX_PATH}:/opt/ros/humble /usr/bin/cmake --build /home/ubuntu/gopi5go_desk/simws/build/gpg3_msgs -- -j4 -l4
[12.629s] Invoking command in '/home/ubuntu/gopi5go_desk/simws/build/gpg3_msgs': CMAKE_PREFIX_PATH=${CMAKE_PREFIX_PATH}:/opt/ros/humble /usr/bin/cmake --install /home/ubuntu/gopi5go_desk/simws/build/gpg3_msgs
[12.639s] -- Install configuration: ""
[12.639s] -- Installing: /home/ubuntu/gopi5go_desk/simws/install/gpg3_msgs/share/ament_index/resource_index/rosidl_interfaces/gpg3_msgs
[12.639s] -- Installing: /home/ubuntu/gopi5go_desk/simws/install/gpg3_msgs/include/gpg3_msgs/gpg3_msgs
[12.639s] -- Installing: /home/ubuntu/gopi5go_desk/simws/install/gpg3_msgs/include/gpg3_msgs/gpg3_msgs/action
[12.639s] -- Installing: /home/ubuntu/gopi5go_desk/simws/install/gpg3_msgs/include/gpg3_msgs/gpg3_msgs/action/detail
[12.640s] -- Installing: /home/ubuntu/gopi5go_desk/simws/install/gpg3_msgs/include/gpg3_msgs/gpg3_msgs/action/detail/patrol__struct.h
[12.640s] -- Installing: /home/ubuntu/gopi5go_desk/simws/install/gpg3_msgs/include/gpg3_msgs/gpg3_msgs/action/detail/patrol__type_support.h
[12.640s] -- Installing: /home/ubuntu/gopi5go_desk/simws/install/gpg3_msgs/include/gpg3_msgs/gpg3_msgs/action/detail/patrol__functions.h
[12.640s] -- Installing: /home/ubuntu/gopi5go_desk/simws/install/gpg3_msgs/include/gpg3_msgs/gpg3_msgs/action/detail/patrol__functions.c
[12.640s] -- Installing: /home/ubuntu/gopi5go_desk/simws/install/gpg3_msgs/include/gpg3_msgs/gpg3_msgs/action/patrol.h
[12.640s] -- Installing: /home/ubuntu/gopi5go_desk/simws/install/gpg3_msgs/include/gpg3_msgs/gpg3_msgs/msg
[12.641s] -- Installing: /home/ubuntu/gopi5go_desk/simws/install/gpg3_msgs/include/gpg3_msgs/gpg3_msgs/msg/rosidl_generator_c__visibility_control.h
[12.641s] -- Installing: /home/ubuntu/gopi5go_desk/simws/install/gpg3_msgs/include/gpg3_msgs/gpg3_msgs/msg/sensor_state.h
[12.641s] -- Installing: /home/ubuntu/gopi5go_desk/simws/install/gpg3_msgs/include/gpg3_msgs/gpg3_msgs/msg/detail
[12.641s] -- Installing: /home/ubuntu/gopi5go_desk/simws/install/gpg3_msgs/include/gpg3_msgs/gpg3_msgs/msg/detail/sound__functions.h
[12.641s] -- Installing: /home/ubuntu/gopi5go_desk/simws/install/gpg3_msgs/include/gpg3_msgs/gpg3_msgs/msg/detail/sensor_state__functions.h
[12.641s] -- Installing: /home/ubuntu/gopi5go_desk/simws/install/gpg3_msgs/include/gpg3_msgs/gpg3_msgs/msg/detail/sound__struct.h
[12.642s] -- Installing: /home/ubuntu/gopi5go_desk/simws/install/gpg3_msgs/include/gpg3_msgs/gpg3_msgs/msg/detail/sound__functions.c
[12.642s] -- Installing: /home/ubuntu/gopi5go_desk/simws/install/gpg3_msgs/include/gpg3_msgs/gpg3_msgs/msg/detail/version_info__functions.c
[12.642s] -- Installing: /home/ubuntu/gopi5go_desk/simws/install/gpg3_msgs/include/gpg3_msgs/gpg3_msgs/msg/detail/version_info__functions.h
[12.643s] -- Installing: /home/ubuntu/gopi5go_desk/simws/install/gpg3_msgs/include/gpg3_msgs/gpg3_msgs/msg/detail/sensor_state__struct.h
[12.643s] -- Installing: /home/ubuntu/gopi5go_desk/simws/install/gpg3_msgs/include/gpg3_msgs/gpg3_msgs/msg/detail/version_info__type_support.h
[12.643s] -- Installing: /home/ubuntu/gopi5go_desk/simws/install/gpg3_msgs/include/gpg3_msgs/gpg3_msgs/msg/detail/sound__type_support.h
[12.643s] -- Installing: /home/ubuntu/gopi5go_desk/simws/install/gpg3_msgs/include/gpg3_msgs/gpg3_msgs/msg/detail/version_info__struct.h
[12.643s] -- Installing: /home/ubuntu/gopi5go_desk/simws/install/gpg3_msgs/include/gpg3_msgs/gpg3_msgs/msg/detail/sensor_state__functions.c
[12.643s] -- Installing: /home/ubuntu/gopi5go_desk/simws/install/gpg3_msgs/include/gpg3_msgs/gpg3_msgs/msg/detail/sensor_state__type_support.h
[12.643s] -- Installing: /home/ubuntu/gopi5go_desk/simws/install/gpg3_msgs/include/gpg3_msgs/gpg3_msgs/msg/version_info.h
[12.644s] -- Installing: /home/ubuntu/gopi5go_desk/simws/install/gpg3_msgs/include/gpg3_msgs/gpg3_msgs/msg/sound.h
[12.644s] -- Installing: /home/ubuntu/gopi5go_desk/simws/install/gpg3_msgs/include/gpg3_msgs/gpg3_msgs/srv
[12.644s] -- Installing: /home/ubuntu/gopi5go_desk/simws/install/gpg3_msgs/include/gpg3_msgs/gpg3_msgs/srv/detail
[12.644s] -- Installing: /home/ubuntu/gopi5go_desk/simws/install/gpg3_msgs/include/gpg3_msgs/gpg3_msgs/srv/detail/dqn__type_support.h
[12.644s] -- Installing: /home/ubuntu/gopi5go_desk/simws/install/gpg3_msgs/include/gpg3_msgs/gpg3_msgs/srv/detail/sound__functions.h
[12.644s] -- Installing: /home/ubuntu/gopi5go_desk/simws/install/gpg3_msgs/include/gpg3_msgs/gpg3_msgs/srv/detail/sound__struct.h
[12.644s] -- Installing: /home/ubuntu/gopi5go_desk/simws/install/gpg3_msgs/include/gpg3_msgs/gpg3_msgs/srv/detail/sound__functions.c
[12.645s] -- Installing: /home/ubuntu/gopi5go_desk/simws/install/gpg3_msgs/include/gpg3_msgs/gpg3_msgs/srv/detail/dqn__struct.h
[12.645s] -- Installing: /home/ubuntu/gopi5go_desk/simws/install/gpg3_msgs/include/gpg3_msgs/gpg3_msgs/srv/detail/sound__type_support.h
[12.645s] -- Installing: /home/ubuntu/gopi5go_desk/simws/install/gpg3_msgs/include/gpg3_msgs/gpg3_msgs/srv/detail/dqn__functions.c
[12.645s] -- Installing: /home/ubuntu/gopi5go_desk/simws/install/gpg3_msgs/include/gpg3_msgs/gpg3_msgs/srv/detail/dqn__functions.h
[12.645s] -- Installing: /home/ubuntu/gopi5go_desk/simws/install/gpg3_msgs/include/gpg3_msgs/gpg3_msgs/srv/dqn.h
[12.645s] -- Installing: /home/ubuntu/gopi5go_desk/simws/install/gpg3_msgs/include/gpg3_msgs/gpg3_msgs/srv/sound.h
[12.646s] -- Installing: /home/ubuntu/gopi5go_desk/simws/install/gpg3_msgs/share/gpg3_msgs/environment/library_path.sh
[12.646s] -- Installing: /home/ubuntu/gopi5go_desk/simws/install/gpg3_msgs/share/gpg3_msgs/environment/library_path.dsv
[12.646s] -- Installing: /home/ubuntu/gopi5go_desk/simws/install/gpg3_msgs/lib/libgpg3_msgs__rosidl_generator_c.so
[12.647s] -- Set runtime path of "/home/ubuntu/gopi5go_desk/simws/install/gpg3_msgs/lib/libgpg3_msgs__rosidl_generator_c.so" to ""
[12.647s] -- Up-to-date: /home/ubuntu/gopi5go_desk/simws/install/gpg3_msgs/include/gpg3_msgs/gpg3_msgs
[12.647s] -- Up-to-date: /home/ubuntu/gopi5go_desk/simws/install/gpg3_msgs/include/gpg3_msgs/gpg3_msgs/action
[12.647s] -- Up-to-date: /home/ubuntu/gopi5go_desk/simws/install/gpg3_msgs/include/gpg3_msgs/gpg3_msgs/action/detail
[12.648s] -- Installing: /home/ubuntu/gopi5go_desk/simws/install/gpg3_msgs/include/gpg3_msgs/gpg3_msgs/action/detail/patrol__rosidl_typesupport_fastrtps_c.h
[12.648s] -- Up-to-date: /home/ubuntu/gopi5go_desk/simws/install/gpg3_msgs/include/gpg3_msgs/gpg3_msgs/msg
[12.648s] -- Up-to-date: /home/ubuntu/gopi5go_desk/simws/install/gpg3_msgs/include/gpg3_msgs/gpg3_msgs/msg/detail
[12.648s] -- Installing: /home/ubuntu/gopi5go_desk/simws/install/gpg3_msgs/include/gpg3_msgs/gpg3_msgs/msg/detail/version_info__rosidl_typesupport_fastrtps_c.h
[12.648s] -- Installing: /home/ubuntu/gopi5go_desk/simws/install/gpg3_msgs/include/gpg3_msgs/gpg3_msgs/msg/detail/sensor_state__rosidl_typesupport_fastrtps_c.h
[12.648s] -- Installing: /home/ubuntu/gopi5go_desk/simws/install/gpg3_msgs/include/gpg3_msgs/gpg3_msgs/msg/detail/sound__rosidl_typesupport_fastrtps_c.h
[12.649s] -- Installing: /home/ubuntu/gopi5go_desk/simws/install/gpg3_msgs/include/gpg3_msgs/gpg3_msgs/msg/rosidl_typesupport_fastrtps_c__visibility_control.h
[12.649s] -- Up-to-date: /home/ubuntu/gopi5go_desk/simws/install/gpg3_msgs/include/gpg3_msgs/gpg3_msgs/srv
[12.649s] -- Up-to-date: /home/ubuntu/gopi5go_desk/simws/install/gpg3_msgs/include/gpg3_msgs/gpg3_msgs/srv/detail
[12.649s] -- Installing: /home/ubuntu/gopi5go_desk/simws/install/gpg3_msgs/include/gpg3_msgs/gpg3_msgs/srv/detail/dqn__rosidl_typesupport_fastrtps_c.h
[12.649s] -- Installing: /home/ubuntu/gopi5go_desk/simws/install/gpg3_msgs/include/gpg3_msgs/gpg3_msgs/srv/detail/sound__rosidl_typesupport_fastrtps_c.h
[12.649s] -- Installing: /home/ubuntu/gopi5go_desk/simws/install/gpg3_msgs/lib/libgpg3_msgs__rosidl_typesupport_fastrtps_c.so
[12.649s] -- Set runtime path of "/home/ubuntu/gopi5go_desk/simws/install/gpg3_msgs/lib/libgpg3_msgs__rosidl_typesupport_fastrtps_c.so" to ""
[12.649s] -- Up-to-date: /home/ubuntu/gopi5go_desk/simws/install/gpg3_msgs/include/gpg3_msgs/gpg3_msgs
[12.650s] -- Up-to-date: /home/ubuntu/gopi5go_desk/simws/install/gpg3_msgs/include/gpg3_msgs/gpg3_msgs/action
[12.650s] -- Up-to-date: /home/ubuntu/gopi5go_desk/simws/install/gpg3_msgs/include/gpg3_msgs/gpg3_msgs/action/detail
[12.650s] -- Installing: /home/ubuntu/gopi5go_desk/simws/install/gpg3_msgs/include/gpg3_msgs/gpg3_msgs/action/detail/patrol__builder.hpp
[12.650s] -- Installing: /home/ubuntu/gopi5go_desk/simws/install/gpg3_msgs/include/gpg3_msgs/gpg3_msgs/action/detail/patrol__traits.hpp
[12.651s] -- Installing: /home/ubuntu/gopi5go_desk/simws/install/gpg3_msgs/include/gpg3_msgs/gpg3_msgs/action/detail/patrol__struct.hpp
[12.651s] -- Installing: /home/ubuntu/gopi5go_desk/simws/install/gpg3_msgs/include/gpg3_msgs/gpg3_msgs/action/patrol.hpp
[12.651s] -- Up-to-date: /home/ubuntu/gopi5go_desk/simws/install/gpg3_msgs/include/gpg3_msgs/gpg3_msgs/msg
[12.651s] -- Up-to-date: /home/ubuntu/gopi5go_desk/simws/install/gpg3_msgs/include/gpg3_msgs/gpg3_msgs/msg/detail
[12.651s] -- Installing: /home/ubuntu/gopi5go_desk/simws/install/gpg3_msgs/include/gpg3_msgs/gpg3_msgs/msg/detail/sensor_state__builder.hpp
[12.652s] -- Installing: /home/ubuntu/gopi5go_desk/simws/install/gpg3_msgs/include/gpg3_msgs/gpg3_msgs/msg/detail/version_info__builder.hpp
[12.652s] -- Installing: /home/ubuntu/gopi5go_desk/simws/install/gpg3_msgs/include/gpg3_msgs/gpg3_msgs/msg/detail/version_info__traits.hpp
[12.652s] -- Installing: /home/ubuntu/gopi5go_desk/simws/install/gpg3_msgs/include/gpg3_msgs/gpg3_msgs/msg/detail/sound__traits.hpp
[12.652s] -- Installing: /home/ubuntu/gopi5go_desk/simws/install/gpg3_msgs/include/gpg3_msgs/gpg3_msgs/msg/detail/sound__builder.hpp
[12.652s] -- Installing: /home/ubuntu/gopi5go_desk/simws/install/gpg3_msgs/include/gpg3_msgs/gpg3_msgs/msg/detail/sensor_state__traits.hpp
[12.652s] -- Installing: /home/ubuntu/gopi5go_desk/simws/install/gpg3_msgs/include/gpg3_msgs/gpg3_msgs/msg/detail/sound__struct.hpp
[12.652s] -- Installing: /home/ubuntu/gopi5go_desk/simws/install/gpg3_msgs/include/gpg3_msgs/gpg3_msgs/msg/detail/sensor_state__struct.hpp
[12.653s] -- Installing: /home/ubuntu/gopi5go_desk/simws/install/gpg3_msgs/include/gpg3_msgs/gpg3_msgs/msg/detail/version_info__struct.hpp
[12.653s] -- Installing: /home/ubuntu/gopi5go_desk/simws/install/gpg3_msgs/include/gpg3_msgs/gpg3_msgs/msg/sound.hpp
[12.653s] -- Installing: /home/ubuntu/gopi5go_desk/simws/install/gpg3_msgs/include/gpg3_msgs/gpg3_msgs/msg/version_info.hpp
[12.653s] -- Installing: /home/ubuntu/gopi5go_desk/simws/install/gpg3_msgs/include/gpg3_msgs/gpg3_msgs/msg/sensor_state.hpp
[12.653s] -- Up-to-date: /home/ubuntu/gopi5go_desk/simws/install/gpg3_msgs/include/gpg3_msgs/gpg3_msgs/srv
[12.654s] -- Up-to-date: /home/ubuntu/gopi5go_desk/simws/install/gpg3_msgs/include/gpg3_msgs/gpg3_msgs/srv/detail
[12.654s] -- Installing: /home/ubuntu/gopi5go_desk/simws/install/gpg3_msgs/include/gpg3_msgs/gpg3_msgs/srv/detail/dqn__builder.hpp
[12.654s] -- Installing: /home/ubuntu/gopi5go_desk/simws/install/gpg3_msgs/include/gpg3_msgs/gpg3_msgs/srv/detail/dqn__struct.hpp
[12.654s] -- Installing: /home/ubuntu/gopi5go_desk/simws/install/gpg3_msgs/include/gpg3_msgs/gpg3_msgs/srv/detail/sound__traits.hpp
[12.654s] -- Installing: /home/ubuntu/gopi5go_desk/simws/install/gpg3_msgs/include/gpg3_msgs/gpg3_msgs/srv/detail/dqn__traits.hpp
[12.654s] -- Installing: /home/ubuntu/gopi5go_desk/simws/install/gpg3_msgs/include/gpg3_msgs/gpg3_msgs/srv/detail/sound__builder.hpp
[12.654s] -- Installing: /home/ubuntu/gopi5go_desk/simws/install/gpg3_msgs/include/gpg3_msgs/gpg3_msgs/srv/detail/sound__struct.hpp
[12.654s] -- Installing: /home/ubuntu/gopi5go_desk/simws/install/gpg3_msgs/include/gpg3_msgs/gpg3_msgs/srv/dqn.hpp
[12.655s] -- Installing: /home/ubuntu/gopi5go_desk/simws/install/gpg3_msgs/include/gpg3_msgs/gpg3_msgs/srv/sound.hpp
[12.655s] -- Up-to-date: /home/ubuntu/gopi5go_desk/simws/install/gpg3_msgs/include/gpg3_msgs/gpg3_msgs
[12.655s] -- Up-to-date: /home/ubuntu/gopi5go_desk/simws/install/gpg3_msgs/include/gpg3_msgs/gpg3_msgs/action
[12.655s] -- Up-to-date: /home/ubuntu/gopi5go_desk/simws/install/gpg3_msgs/include/gpg3_msgs/gpg3_msgs/action/detail
[12.655s] -- Installing: /home/ubuntu/gopi5go_desk/simws/install/gpg3_msgs/include/gpg3_msgs/gpg3_msgs/action/detail/patrol__rosidl_typesupport_fastrtps_cpp.hpp
[12.655s] -- Installing: /home/ubuntu/gopi5go_desk/simws/install/gpg3_msgs/include/gpg3_msgs/gpg3_msgs/action/detail/dds_fastrtps
[12.655s] -- Up-to-date: /home/ubuntu/gopi5go_desk/simws/install/gpg3_msgs/include/gpg3_msgs/gpg3_msgs/msg
[12.655s] -- Up-to-date: /home/ubuntu/gopi5go_desk/simws/install/gpg3_msgs/include/gpg3_msgs/gpg3_msgs/msg/detail
[12.655s] -- Installing: /home/ubuntu/gopi5go_desk/simws/install/gpg3_msgs/include/gpg3_msgs/gpg3_msgs/msg/detail/sound__rosidl_typesupport_fastrtps_cpp.hpp
[12.655s] -- Installing: /home/ubuntu/gopi5go_desk/simws/install/gpg3_msgs/include/gpg3_msgs/gpg3_msgs/msg/detail/dds_fastrtps
[12.656s] -- Installing: /home/ubuntu/gopi5go_desk/simws/install/gpg3_msgs/include/gpg3_msgs/gpg3_msgs/msg/detail/sensor_state__rosidl_typesupport_fastrtps_cpp.hpp
[12.656s] -- Installing: /home/ubuntu/gopi5go_desk/simws/install/gpg3_msgs/include/gpg3_msgs/gpg3_msgs/msg/detail/version_info__rosidl_typesupport_fastrtps_cpp.hpp
[12.656s] -- Installing: /home/ubuntu/gopi5go_desk/simws/install/gpg3_msgs/include/gpg3_msgs/gpg3_msgs/msg/rosidl_typesupport_fastrtps_cpp__visibility_control.h
[12.656s] -- Up-to-date: /home/ubuntu/gopi5go_desk/simws/install/gpg3_msgs/include/gpg3_msgs/gpg3_msgs/srv
[12.656s] -- Up-to-date: /home/ubuntu/gopi5go_desk/simws/install/gpg3_msgs/include/gpg3_msgs/gpg3_msgs/srv/detail
[12.657s] -- Installing: /home/ubuntu/gopi5go_desk/simws/install/gpg3_msgs/include/gpg3_msgs/gpg3_msgs/srv/detail/dqn__rosidl_typesupport_fastrtps_cpp.hpp
[12.657s] -- Installing: /home/ubuntu/gopi5go_desk/simws/install/gpg3_msgs/include/gpg3_msgs/gpg3_msgs/srv/detail/sound__rosidl_typesupport_fastrtps_cpp.hpp
[12.657s] -- Installing: /home/ubuntu/gopi5go_desk/simws/install/gpg3_msgs/include/gpg3_msgs/gpg3_msgs/srv/detail/dds_fastrtps
[12.657s] -- Installing: /home/ubuntu/gopi5go_desk/simws/install/gpg3_msgs/lib/libgpg3_msgs__rosidl_typesupport_fastrtps_cpp.so
[12.658s] -- Set runtime path of "/home/ubuntu/gopi5go_desk/simws/install/gpg3_msgs/lib/libgpg3_msgs__rosidl_typesupport_fastrtps_cpp.so" to ""
[12.659s] -- Up-to-date: /home/ubuntu/gopi5go_desk/simws/install/gpg3_msgs/include/gpg3_msgs/gpg3_msgs
[12.659s] -- Up-to-date: /home/ubuntu/gopi5go_desk/simws/install/gpg3_msgs/include/gpg3_msgs/gpg3_msgs/action
[12.659s] -- Up-to-date: /home/ubuntu/gopi5go_desk/simws/install/gpg3_msgs/include/gpg3_msgs/gpg3_msgs/action/detail
[12.659s] -- Installing: /home/ubuntu/gopi5go_desk/simws/install/gpg3_msgs/include/gpg3_msgs/gpg3_msgs/action/detail/patrol__type_support.c
[12.659s] -- Installing: /home/ubuntu/gopi5go_desk/simws/install/gpg3_msgs/include/gpg3_msgs/gpg3_msgs/action/detail/patrol__rosidl_typesupport_introspection_c.h
[12.660s] -- Up-to-date: /home/ubuntu/gopi5go_desk/simws/install/gpg3_msgs/include/gpg3_msgs/gpg3_msgs/msg
[12.660s] -- Up-to-date: /home/ubuntu/gopi5go_desk/simws/install/gpg3_msgs/include/gpg3_msgs/gpg3_msgs/msg/detail
[12.660s] -- Installing: /home/ubuntu/gopi5go_desk/simws/install/gpg3_msgs/include/gpg3_msgs/gpg3_msgs/msg/detail/version_info__type_support.c
[12.660s] -- Installing: /home/ubuntu/gopi5go_desk/simws/install/gpg3_msgs/include/gpg3_msgs/gpg3_msgs/msg/detail/sound__rosidl_typesupport_introspection_c.h
[12.660s] -- Installing: /home/ubuntu/gopi5go_desk/simws/install/gpg3_msgs/include/gpg3_msgs/gpg3_msgs/msg/detail/sensor_state__rosidl_typesupport_introspection_c.h
[12.660s] -- Installing: /home/ubuntu/gopi5go_desk/simws/install/gpg3_msgs/include/gpg3_msgs/gpg3_msgs/msg/detail/sound__type_support.c
[12.660s] -- Installing: /home/ubuntu/gopi5go_desk/simws/install/gpg3_msgs/include/gpg3_msgs/gpg3_msgs/msg/detail/sensor_state__type_support.c
[12.660s] -- Installing: /home/ubuntu/gopi5go_desk/simws/install/gpg3_msgs/include/gpg3_msgs/gpg3_msgs/msg/detail/version_info__rosidl_typesupport_introspection_c.h
[12.661s] -- Installing: /home/ubuntu/gopi5go_desk/simws/install/gpg3_msgs/include/gpg3_msgs/gpg3_msgs/msg/rosidl_typesupport_introspection_c__visibility_control.h
[12.661s] -- Up-to-date: /home/ubuntu/gopi5go_desk/simws/install/gpg3_msgs/include/gpg3_msgs/gpg3_msgs/srv
[12.661s] -- Up-to-date: /home/ubuntu/gopi5go_desk/simws/install/gpg3_msgs/include/gpg3_msgs/gpg3_msgs/srv/detail
[12.661s] -- Installing: /home/ubuntu/gopi5go_desk/simws/install/gpg3_msgs/include/gpg3_msgs/gpg3_msgs/srv/detail/sound__rosidl_typesupport_introspection_c.h
[12.661s] -- Installing: /home/ubuntu/gopi5go_desk/simws/install/gpg3_msgs/include/gpg3_msgs/gpg3_msgs/srv/detail/dqn__type_support.c
[12.661s] -- Installing: /home/ubuntu/gopi5go_desk/simws/install/gpg3_msgs/include/gpg3_msgs/gpg3_msgs/srv/detail/sound__type_support.c
[12.661s] -- Installing: /home/ubuntu/gopi5go_desk/simws/install/gpg3_msgs/include/gpg3_msgs/gpg3_msgs/srv/detail/dqn__rosidl_typesupport_introspection_c.h
[12.662s] -- Installing: /home/ubuntu/gopi5go_desk/simws/install/gpg3_msgs/lib/libgpg3_msgs__rosidl_typesupport_introspection_c.so
[12.662s] -- Set runtime path of "/home/ubuntu/gopi5go_desk/simws/install/gpg3_msgs/lib/libgpg3_msgs__rosidl_typesupport_introspection_c.so" to ""
[12.662s] -- Installing: /home/ubuntu/gopi5go_desk/simws/install/gpg3_msgs/lib/libgpg3_msgs__rosidl_typesupport_c.so
[12.662s] -- Set runtime path of "/home/ubuntu/gopi5go_desk/simws/install/gpg3_msgs/lib/libgpg3_msgs__rosidl_typesupport_c.so" to ""
[12.662s] -- Up-to-date: /home/ubuntu/gopi5go_desk/simws/install/gpg3_msgs/include/gpg3_msgs/gpg3_msgs
[12.662s] -- Up-to-date: /home/ubuntu/gopi5go_desk/simws/install/gpg3_msgs/include/gpg3_msgs/gpg3_msgs/action
[12.662s] -- Up-to-date: /home/ubuntu/gopi5go_desk/simws/install/gpg3_msgs/include/gpg3_msgs/gpg3_msgs/action/detail
[12.663s] -- Installing: /home/ubuntu/gopi5go_desk/simws/install/gpg3_msgs/include/gpg3_msgs/gpg3_msgs/action/detail/patrol__rosidl_typesupport_introspection_cpp.hpp
[12.663s] -- Installing: /home/ubuntu/gopi5go_desk/simws/install/gpg3_msgs/include/gpg3_msgs/gpg3_msgs/action/detail/patrol__type_support.cpp
[12.663s] -- Up-to-date: /home/ubuntu/gopi5go_desk/simws/install/gpg3_msgs/include/gpg3_msgs/gpg3_msgs/msg
[12.663s] -- Up-to-date: /home/ubuntu/gopi5go_desk/simws/install/gpg3_msgs/include/gpg3_msgs/gpg3_msgs/msg/detail
[12.663s] -- Installing: /home/ubuntu/gopi5go_desk/simws/install/gpg3_msgs/include/gpg3_msgs/gpg3_msgs/msg/detail/sound__rosidl_typesupport_introspection_cpp.hpp
[12.663s] -- Installing: /home/ubuntu/gopi5go_desk/simws/install/gpg3_msgs/include/gpg3_msgs/gpg3_msgs/msg/detail/sound__type_support.cpp
[12.664s] -- Installing: /home/ubuntu/gopi5go_desk/simws/install/gpg3_msgs/include/gpg3_msgs/gpg3_msgs/msg/detail/version_info__type_support.cpp
[12.664s] -- Installing: /home/ubuntu/gopi5go_desk/simws/install/gpg3_msgs/include/gpg3_msgs/gpg3_msgs/msg/detail/version_info__rosidl_typesupport_introspection_cpp.hpp
[12.664s] -- Installing: /home/ubuntu/gopi5go_desk/simws/install/gpg3_msgs/include/gpg3_msgs/gpg3_msgs/msg/detail/sensor_state__type_support.cpp
[12.664s] -- Installing: /home/ubuntu/gopi5go_desk/simws/install/gpg3_msgs/include/gpg3_msgs/gpg3_msgs/msg/detail/sensor_state__rosidl_typesupport_introspection_cpp.hpp
[12.664s] -- Up-to-date: /home/ubuntu/gopi5go_desk/simws/install/gpg3_msgs/include/gpg3_msgs/gpg3_msgs/srv
[12.664s] -- Up-to-date: /home/ubuntu/gopi5go_desk/simws/install/gpg3_msgs/include/gpg3_msgs/gpg3_msgs/srv/detail
[12.664s] -- Installing: /home/ubuntu/gopi5go_desk/simws/install/gpg3_msgs/include/gpg3_msgs/gpg3_msgs/srv/detail/sound__rosidl_typesupport_introspection_cpp.hpp
[12.665s] -- Installing: /home/ubuntu/gopi5go_desk/simws/install/gpg3_msgs/include/gpg3_msgs/gpg3_msgs/srv/detail/sound__type_support.cpp
[12.665s] -- Installing: /home/ubuntu/gopi5go_desk/simws/install/gpg3_msgs/include/gpg3_msgs/gpg3_msgs/srv/detail/dqn__rosidl_typesupport_introspection_cpp.hpp
[12.665s] -- Installing: /home/ubuntu/gopi5go_desk/simws/install/gpg3_msgs/include/gpg3_msgs/gpg3_msgs/srv/detail/dqn__type_support.cpp
[12.665s] -- Installing: /home/ubuntu/gopi5go_desk/simws/install/gpg3_msgs/lib/libgpg3_msgs__rosidl_typesupport_introspection_cpp.so
[12.667s] -- Set runtime path of "/home/ubuntu/gopi5go_desk/simws/install/gpg3_msgs/lib/libgpg3_msgs__rosidl_typesupport_introspection_cpp.so" to ""
[12.667s] -- Installing: /home/ubuntu/gopi5go_desk/simws/install/gpg3_msgs/lib/libgpg3_msgs__rosidl_typesupport_cpp.so
[12.667s] -- Set runtime path of "/home/ubuntu/gopi5go_desk/simws/install/gpg3_msgs/lib/libgpg3_msgs__rosidl_typesupport_cpp.so" to ""
[12.667s] -- Installing: /home/ubuntu/gopi5go_desk/simws/install/gpg3_msgs/share/gpg3_msgs/environment/pythonpath.sh
[12.667s] -- Installing: /home/ubuntu/gopi5go_desk/simws/install/gpg3_msgs/share/gpg3_msgs/environment/pythonpath.dsv
[12.668s] -- Installing: /home/ubuntu/gopi5go_desk/simws/install/gpg3_msgs/local/lib/python3.10/dist-packages/gpg3_msgs-2.2.3-py3.10.egg-info
[12.668s] -- Installing: /home/ubuntu/gopi5go_desk/simws/install/gpg3_msgs/local/lib/python3.10/dist-packages/gpg3_msgs-2.2.3-py3.10.egg-info/SOURCES.txt
[12.668s] -- Installing: /home/ubuntu/gopi5go_desk/simws/install/gpg3_msgs/local/lib/python3.10/dist-packages/gpg3_msgs-2.2.3-py3.10.egg-info/PKG-INFO
[12.668s] -- Installing: /home/ubuntu/gopi5go_desk/simws/install/gpg3_msgs/local/lib/python3.10/dist-packages/gpg3_msgs-2.2.3-py3.10.egg-info/dependency_links.txt
[12.668s] -- Installing: /home/ubuntu/gopi5go_desk/simws/install/gpg3_msgs/local/lib/python3.10/dist-packages/gpg3_msgs-2.2.3-py3.10.egg-info/top_level.txt
[12.669s] -- Installing: /home/ubuntu/gopi5go_desk/simws/install/gpg3_msgs/local/lib/python3.10/dist-packages/gpg3_msgs
[12.669s] -- Installing: /home/ubuntu/gopi5go_desk/simws/install/gpg3_msgs/local/lib/python3.10/dist-packages/gpg3_msgs/gpg3_msgs_s__rosidl_typesupport_c.cpython-310-x86_64-linux-gnu.so
[12.669s] -- Installing: /home/ubuntu/gopi5go_desk/simws/install/gpg3_msgs/local/lib/python3.10/dist-packages/gpg3_msgs/libgpg3_msgs__rosidl_generator_py.so
[12.669s] -- Installing: /home/ubuntu/gopi5go_desk/simws/install/gpg3_msgs/local/lib/python3.10/dist-packages/gpg3_msgs/_gpg3_msgs_s.ep.rosidl_typesupport_c.c
[12.669s] -- Installing: /home/ubuntu/gopi5go_desk/simws/install/gpg3_msgs/local/lib/python3.10/dist-packages/gpg3_msgs/__init__.py
[12.670s] -- Installing: /home/ubuntu/gopi5go_desk/simws/install/gpg3_msgs/local/lib/python3.10/dist-packages/gpg3_msgs/_gpg3_msgs_s.ep.rosidl_typesupport_introspection_c.c
[12.670s] -- Installing: /home/ubuntu/gopi5go_desk/simws/install/gpg3_msgs/local/lib/python3.10/dist-packages/gpg3_msgs/action
[12.670s] -- Installing: /home/ubuntu/gopi5go_desk/simws/install/gpg3_msgs/local/lib/python3.10/dist-packages/gpg3_msgs/action/_patrol.py
[12.670s] -- Installing: /home/ubuntu/gopi5go_desk/simws/install/gpg3_msgs/local/lib/python3.10/dist-packages/gpg3_msgs/action/__init__.py
[12.670s] -- Installing: /home/ubuntu/gopi5go_desk/simws/install/gpg3_msgs/local/lib/python3.10/dist-packages/gpg3_msgs/action/_patrol_s.c
[12.670s] -- Installing: /home/ubuntu/gopi5go_desk/simws/install/gpg3_msgs/local/lib/python3.10/dist-packages/gpg3_msgs/msg
[12.671s] -- Installing: /home/ubuntu/gopi5go_desk/simws/install/gpg3_msgs/local/lib/python3.10/dist-packages/gpg3_msgs/msg/_sensor_state.py
[12.671s] -- Installing: /home/ubuntu/gopi5go_desk/simws/install/gpg3_msgs/local/lib/python3.10/dist-packages/gpg3_msgs/msg/_sound.py
[12.671s] -- Installing: /home/ubuntu/gopi5go_desk/simws/install/gpg3_msgs/local/lib/python3.10/dist-packages/gpg3_msgs/msg/__init__.py
[12.671s] -- Installing: /home/ubuntu/gopi5go_desk/simws/install/gpg3_msgs/local/lib/python3.10/dist-packages/gpg3_msgs/msg/_version_info_s.c
[12.671s] -- Installing: /home/ubuntu/gopi5go_desk/simws/install/gpg3_msgs/local/lib/python3.10/dist-packages/gpg3_msgs/msg/_version_info.py
[12.672s] -- Installing: /home/ubuntu/gopi5go_desk/simws/install/gpg3_msgs/local/lib/python3.10/dist-packages/gpg3_msgs/msg/_sound_s.c
[12.672s] -- Installing: /home/ubuntu/gopi5go_desk/simws/install/gpg3_msgs/local/lib/python3.10/dist-packages/gpg3_msgs/msg/_sensor_state_s.c
[12.672s] -- Installing: /home/ubuntu/gopi5go_desk/simws/install/gpg3_msgs/local/lib/python3.10/dist-packages/gpg3_msgs/_gpg3_msgs_s.ep.rosidl_typesupport_fastrtps_c.c
[12.672s] -- Installing: /home/ubuntu/gopi5go_desk/simws/install/gpg3_msgs/local/lib/python3.10/dist-packages/gpg3_msgs/srv
[12.672s] -- Installing: /home/ubuntu/gopi5go_desk/simws/install/gpg3_msgs/local/lib/python3.10/dist-packages/gpg3_msgs/srv/_sound.py
[12.672s] -- Installing: /home/ubuntu/gopi5go_desk/simws/install/gpg3_msgs/local/lib/python3.10/dist-packages/gpg3_msgs/srv/_dqn_s.c
[12.673s] -- Installing: /home/ubuntu/gopi5go_desk/simws/install/gpg3_msgs/local/lib/python3.10/dist-packages/gpg3_msgs/srv/__init__.py
[12.673s] -- Installing: /home/ubuntu/gopi5go_desk/simws/install/gpg3_msgs/local/lib/python3.10/dist-packages/gpg3_msgs/srv/_sound_s.c
[12.673s] -- Installing: /home/ubuntu/gopi5go_desk/simws/install/gpg3_msgs/local/lib/python3.10/dist-packages/gpg3_msgs/srv/_dqn.py
[12.673s] -- Installing: /home/ubuntu/gopi5go_desk/simws/install/gpg3_msgs/local/lib/python3.10/dist-packages/gpg3_msgs/gpg3_msgs_s__rosidl_typesupport_fastrtps_c.cpython-310-x86_64-linux-gnu.so
[12.673s] -- Installing: /home/ubuntu/gopi5go_desk/simws/install/gpg3_msgs/local/lib/python3.10/dist-packages/gpg3_msgs/gpg3_msgs_s__rosidl_typesupport_introspection_c.cpython-310-x86_64-linux-gnu.so
[12.726s] Listing '/home/ubuntu/gopi5go_desk/simws/install/gpg3_msgs/local/lib/python3.10/dist-packages/gpg3_msgs'...
[12.726s] Compiling '/home/ubuntu/gopi5go_desk/simws/install/gpg3_msgs/local/lib/python3.10/dist-packages/gpg3_msgs/__init__.py'...
[12.726s] Listing '/home/ubuntu/gopi5go_desk/simws/install/gpg3_msgs/local/lib/python3.10/dist-packages/gpg3_msgs/action'...
[12.726s] Compiling '/home/ubuntu/gopi5go_desk/simws/install/gpg3_msgs/local/lib/python3.10/dist-packages/gpg3_msgs/action/__init__.py'...
[12.726s] Compiling '/home/ubuntu/gopi5go_desk/simws/install/gpg3_msgs/local/lib/python3.10/dist-packages/gpg3_msgs/action/_patrol.py'...
[12.726s] Listing '/home/ubuntu/gopi5go_desk/simws/install/gpg3_msgs/local/lib/python3.10/dist-packages/gpg3_msgs/msg'...
[12.726s] Compiling '/home/ubuntu/gopi5go_desk/simws/install/gpg3_msgs/local/lib/python3.10/dist-packages/gpg3_msgs/msg/__init__.py'...
[12.726s] Compiling '/home/ubuntu/gopi5go_desk/simws/install/gpg3_msgs/local/lib/python3.10/dist-packages/gpg3_msgs/msg/_sensor_state.py'...
[12.726s] Compiling '/home/ubuntu/gopi5go_desk/simws/install/gpg3_msgs/local/lib/python3.10/dist-packages/gpg3_msgs/msg/_sound.py'...
[12.726s] Compiling '/home/ubuntu/gopi5go_desk/simws/install/gpg3_msgs/local/lib/python3.10/dist-packages/gpg3_msgs/msg/_version_info.py'...
[12.726s] Listing '/home/ubuntu/gopi5go_desk/simws/install/gpg3_msgs/local/lib/python3.10/dist-packages/gpg3_msgs/srv'...
[12.726s] Compiling '/home/ubuntu/gopi5go_desk/simws/install/gpg3_msgs/local/lib/python3.10/dist-packages/gpg3_msgs/srv/__init__.py'...
[12.726s] Compiling '/home/ubuntu/gopi5go_desk/simws/install/gpg3_msgs/local/lib/python3.10/dist-packages/gpg3_msgs/srv/_dqn.py'...
[12.726s] Compiling '/home/ubuntu/gopi5go_desk/simws/install/gpg3_msgs/local/lib/python3.10/dist-packages/gpg3_msgs/srv/_sound.py'...
[12.730s] -- Installing: /home/ubuntu/gopi5go_desk/simws/install/gpg3_msgs/local/lib/python3.10/dist-packages/gpg3_msgs/gpg3_msgs_s__rosidl_typesupport_fastrtps_c.cpython-310-x86_64-linux-gnu.so
[12.730s] -- Set runtime path of "/home/ubuntu/gopi5go_desk/simws/install/gpg3_msgs/local/lib/python3.10/dist-packages/gpg3_msgs/gpg3_msgs_s__rosidl_typesupport_fastrtps_c.cpython-310-x86_64-linux-gnu.so" to ""
[12.730s] -- Installing: /home/ubuntu/gopi5go_desk/simws/install/gpg3_msgs/local/lib/python3.10/dist-packages/gpg3_msgs/gpg3_msgs_s__rosidl_typesupport_introspection_c.cpython-310-x86_64-linux-gnu.so
[12.731s] -- Set runtime path of "/home/ubuntu/gopi5go_desk/simws/install/gpg3_msgs/local/lib/python3.10/dist-packages/gpg3_msgs/gpg3_msgs_s__rosidl_typesupport_introspection_c.cpython-310-x86_64-linux-gnu.so" to ""
[12.731s] -- Installing: /home/ubuntu/gopi5go_desk/simws/install/gpg3_msgs/local/lib/python3.10/dist-packages/gpg3_msgs/gpg3_msgs_s__rosidl_typesupport_c.cpython-310-x86_64-linux-gnu.so
[12.732s] -- Set runtime path of "/home/ubuntu/gopi5go_desk/simws/install/gpg3_msgs/local/lib/python3.10/dist-packages/gpg3_msgs/gpg3_msgs_s__rosidl_typesupport_c.cpython-310-x86_64-linux-gnu.so" to ""
[12.732s] -- Installing: /home/ubuntu/gopi5go_desk/simws/install/gpg3_msgs/lib/libgpg3_msgs__rosidl_generator_py.so
[12.732s] -- Set runtime path of "/home/ubuntu/gopi5go_desk/simws/install/gpg3_msgs/lib/libgpg3_msgs__rosidl_generator_py.so" to ""
[12.732s] -- Installing: /home/ubuntu/gopi5go_desk/simws/install/gpg3_msgs/share/gpg3_msgs/msg/SensorState.idl
[12.733s] -- Installing: /home/ubuntu/gopi5go_desk/simws/install/gpg3_msgs/share/gpg3_msgs/msg/Sound.idl
[12.733s] -- Installing: /home/ubuntu/gopi5go_desk/simws/install/gpg3_msgs/share/gpg3_msgs/msg/VersionInfo.idl
[12.733s] -- Installing: /home/ubuntu/gopi5go_desk/simws/install/gpg3_msgs/share/gpg3_msgs/srv/Sound.idl
[12.733s] -- Installing: /home/ubuntu/gopi5go_desk/simws/install/gpg3_msgs/share/gpg3_msgs/srv/Dqn.idl
[12.733s] -- Installing: /home/ubuntu/gopi5go_desk/simws/install/gpg3_msgs/share/gpg3_msgs/action/Patrol.idl
[12.734s] -- Installing: /home/ubuntu/gopi5go_desk/simws/install/gpg3_msgs/share/gpg3_msgs/msg/SensorState.msg
[12.734s] -- Installing: /home/ubuntu/gopi5go_desk/simws/install/gpg3_msgs/share/gpg3_msgs/msg/Sound.msg
[12.734s] -- Installing: /home/ubuntu/gopi5go_desk/simws/install/gpg3_msgs/share/gpg3_msgs/msg/VersionInfo.msg
[12.734s] -- Installing: /home/ubuntu/gopi5go_desk/simws/install/gpg3_msgs/share/gpg3_msgs/srv/Sound.srv
[12.734s] -- Installing: /home/ubuntu/gopi5go_desk/simws/install/gpg3_msgs/share/gpg3_msgs/srv/Sound_Request.msg
[12.734s] -- Installing: /home/ubuntu/gopi5go_desk/simws/install/gpg3_msgs/share/gpg3_msgs/srv/Sound_Response.msg
[12.735s] -- Installing: /home/ubuntu/gopi5go_desk/simws/install/gpg3_msgs/share/gpg3_msgs/srv/Dqn.srv
[12.735s] -- Installing: /home/ubuntu/gopi5go_desk/simws/install/gpg3_msgs/share/gpg3_msgs/srv/Dqn_Request.msg
[12.735s] -- Installing: /home/ubuntu/gopi5go_desk/simws/install/gpg3_msgs/share/gpg3_msgs/srv/Dqn_Response.msg
[12.735s] -- Installing: /home/ubuntu/gopi5go_desk/simws/install/gpg3_msgs/share/gpg3_msgs/action/Patrol.action
[12.735s] -- Installing: /home/ubuntu/gopi5go_desk/simws/install/gpg3_msgs/share/ament_index/resource_index/package_run_dependencies/gpg3_msgs
[12.736s] -- Installing: /home/ubuntu/gopi5go_desk/simws/install/gpg3_msgs/share/ament_index/resource_index/parent_prefix_path/gpg3_msgs
[12.736s] -- Installing: /home/ubuntu/gopi5go_desk/simws/install/gpg3_msgs/share/gpg3_msgs/environment/ament_prefix_path.sh
[12.736s] -- Installing: /home/ubuntu/gopi5go_desk/simws/install/gpg3_msgs/share/gpg3_msgs/environment/ament_prefix_path.dsv
[12.736s] -- Installing: /home/ubuntu/gopi5go_desk/simws/install/gpg3_msgs/share/gpg3_msgs/environment/path.sh
[12.736s] -- Installing: /home/ubuntu/gopi5go_desk/simws/install/gpg3_msgs/share/gpg3_msgs/environment/path.dsv
[12.736s] -- Installing: /home/ubuntu/gopi5go_desk/simws/install/gpg3_msgs/share/gpg3_msgs/local_setup.bash
[12.737s] -- Installing: /home/ubuntu/gopi5go_desk/simws/install/gpg3_msgs/share/gpg3_msgs/local_setup.sh
[12.737s] -- Installing: /home/ubuntu/gopi5go_desk/simws/install/gpg3_msgs/share/gpg3_msgs/local_setup.zsh
[12.737s] -- Installing: /home/ubuntu/gopi5go_desk/simws/install/gpg3_msgs/share/gpg3_msgs/local_setup.dsv
[12.737s] -- Installing: /home/ubuntu/gopi5go_desk/simws/install/gpg3_msgs/share/gpg3_msgs/package.dsv
[12.738s] -- Installing: /home/ubuntu/gopi5go_desk/simws/install/gpg3_msgs/share/ament_index/resource_index/packages/gpg3_msgs
[12.738s] -- Installing: /home/ubuntu/gopi5go_desk/simws/install/gpg3_msgs/share/gpg3_msgs/cmake/export_gpg3_msgs__rosidl_generator_cExport.cmake
[12.738s] -- Installing: /home/ubuntu/gopi5go_desk/simws/install/gpg3_msgs/share/gpg3_msgs/cmake/export_gpg3_msgs__rosidl_generator_cExport-noconfig.cmake
[12.738s] -- Installing: /home/ubuntu/gopi5go_desk/simws/install/gpg3_msgs/share/gpg3_msgs/cmake/export_gpg3_msgs__rosidl_typesupport_fastrtps_cExport.cmake
[12.738s] -- Installing: /home/ubuntu/gopi5go_desk/simws/install/gpg3_msgs/share/gpg3_msgs/cmake/export_gpg3_msgs__rosidl_typesupport_fastrtps_cExport-noconfig.cmake
[12.738s] -- Installing: /home/ubuntu/gopi5go_desk/simws/install/gpg3_msgs/share/gpg3_msgs/cmake/export_gpg3_msgs__rosidl_generator_cppExport.cmake
[12.739s] -- Installing: /home/ubuntu/gopi5go_desk/simws/install/gpg3_msgs/share/gpg3_msgs/cmake/export_gpg3_msgs__rosidl_typesupport_fastrtps_cppExport.cmake
[12.739s] -- Installing: /home/ubuntu/gopi5go_desk/simws/install/gpg3_msgs/share/gpg3_msgs/cmake/export_gpg3_msgs__rosidl_typesupport_fastrtps_cppExport-noconfig.cmake
[12.739s] -- Installing: /home/ubuntu/gopi5go_desk/simws/install/gpg3_msgs/share/gpg3_msgs/cmake/gpg3_msgs__rosidl_typesupport_introspection_cExport.cmake
[12.739s] -- Installing: /home/ubuntu/gopi5go_desk/simws/install/gpg3_msgs/share/gpg3_msgs/cmake/gpg3_msgs__rosidl_typesupport_introspection_cExport-noconfig.cmake
[12.740s] -- Installing: /home/ubuntu/gopi5go_desk/simws/install/gpg3_msgs/share/gpg3_msgs/cmake/gpg3_msgs__rosidl_typesupport_cExport.cmake
[12.740s] -- Installing: /home/ubuntu/gopi5go_desk/simws/install/gpg3_msgs/share/gpg3_msgs/cmake/gpg3_msgs__rosidl_typesupport_cExport-noconfig.cmake
[12.740s] -- Installing: /home/ubuntu/gopi5go_desk/simws/install/gpg3_msgs/share/gpg3_msgs/cmake/gpg3_msgs__rosidl_typesupport_introspection_cppExport.cmake
[12.740s] -- Installing: /home/ubuntu/gopi5go_desk/simws/install/gpg3_msgs/share/gpg3_msgs/cmake/gpg3_msgs__rosidl_typesupport_introspection_cppExport-noconfig.cmake
[12.740s] -- Installing: /home/ubuntu/gopi5go_desk/simws/install/gpg3_msgs/share/gpg3_msgs/cmake/gpg3_msgs__rosidl_typesupport_cppExport.cmake
[12.741s] -- Installing: /home/ubuntu/gopi5go_desk/simws/install/gpg3_msgs/share/gpg3_msgs/cmake/gpg3_msgs__rosidl_typesupport_cppExport-noconfig.cmake
[12.741s] -- Installing: /home/ubuntu/gopi5go_desk/simws/install/gpg3_msgs/share/gpg3_msgs/cmake/export_gpg3_msgs__rosidl_generator_pyExport.cmake
[12.741s] -- Installing: /home/ubuntu/gopi5go_desk/simws/install/gpg3_msgs/share/gpg3_msgs/cmake/export_gpg3_msgs__rosidl_generator_pyExport-noconfig.cmake
[12.741s] -- Installing: /home/ubuntu/gopi5go_desk/simws/install/gpg3_msgs/share/gpg3_msgs/cmake/rosidl_cmake-extras.cmake
[12.741s] -- Installing: /home/ubuntu/gopi5go_desk/simws/install/gpg3_msgs/share/gpg3_msgs/cmake/ament_cmake_export_dependencies-extras.cmake
[12.742s] -- Installing: /home/ubuntu/gopi5go_desk/simws/install/gpg3_msgs/share/gpg3_msgs/cmake/ament_cmake_export_include_directories-extras.cmake
[12.742s] -- Installing: /home/ubuntu/gopi5go_desk/simws/install/gpg3_msgs/share/gpg3_msgs/cmake/ament_cmake_export_libraries-extras.cmake
[12.742s] -- Installing: /home/ubuntu/gopi5go_desk/simws/install/gpg3_msgs/share/gpg3_msgs/cmake/ament_cmake_export_targets-extras.cmake
[12.742s] -- Installing: /home/ubuntu/gopi5go_desk/simws/install/gpg3_msgs/share/gpg3_msgs/cmake/rosidl_cmake_export_typesupport_targets-extras.cmake
[12.742s] -- Installing: /home/ubuntu/gopi5go_desk/simws/install/gpg3_msgs/share/gpg3_msgs/cmake/rosidl_cmake_export_typesupport_libraries-extras.cmake
[12.743s] -- Installing: /home/ubuntu/gopi5go_desk/simws/install/gpg3_msgs/share/gpg3_msgs/cmake/gpg3_msgsConfig.cmake
[12.743s] -- Installing: /home/ubuntu/gopi5go_desk/simws/install/gpg3_msgs/share/gpg3_msgs/cmake/gpg3_msgsConfig-version.cmake
[12.743s] -- Installing: /home/ubuntu/gopi5go_desk/simws/install/gpg3_msgs/share/gpg3_msgs/package.xml
[12.749s] Invoked command in '/home/ubuntu/gopi5go_desk/simws/build/gpg3_msgs' returned '0': CMAKE_PREFIX_PATH=${CMAKE_PREFIX_PATH}:/opt/ros/humble /usr/bin/cmake --install /home/ubuntu/gopi5go_desk/simws/build/gpg3_msgs
