[0.672s] Invoking command in '/home/ubuntu/gopi5go_desk/ros2ws/build/gopi5go_dave': PYTHONPATH=/home/ubuntu/gopi5go_desk/ros2ws/build/gopi5go_dave/prefix_override:/usr/lib/python3/dist-packages/colcon_core/task/python/colcon_distutils_commands:/home/ubuntu/gopi5go_desk/ros2ws/install/gopi5go_dave/lib/python3.10/site-packages:${PYTHONPATH} /usr/bin/python3 -W ignore:setup.py install is deprecated setup.py develop --editable --build-directory /home/ubuntu/gopi5go_desk/ros2ws/build/gopi5go_dave/build --no-deps symlink_data
[0.940s] running develop
[0.942s] /usr/lib/python3/dist-packages/setuptools/command/easy_install.py:158: EasyInstallDeprecationWarning: easy_install command is deprecated. Use build and pip and other standards-based tools.
[0.942s]   warnings.warn(
[1.121s] running egg_info
[1.121s] creating gopi5go_dave.egg-info
[1.121s] writing gopi5go_dave.egg-info/PKG-INFO
[1.122s] writing dependency_links to gopi5go_dave.egg-info/dependency_links.txt
[1.122s] writing entry points to gopi5go_dave.egg-info/entry_points.txt
[1.122s] writing requirements to gopi5go_dave.egg-info/requires.txt
[1.122s] writing top-level names to gopi5go_dave.egg-info/top_level.txt
[1.122s] writing manifest file 'gopi5go_dave.egg-info/SOURCES.txt'
[1.124s] reading manifest file 'gopi5go_dave.egg-info/SOURCES.txt'
[1.124s] writing manifest file 'gopi5go_dave.egg-info/SOURCES.txt'
[1.125s] running build_ext
[1.126s] Creating /home/ubuntu/gopi5go_desk/ros2ws/install/gopi5go_dave/lib/python3.10/site-packages/gopi5go-dave.egg-link (link to .)
[1.126s] Installing battery_node script to /home/ubuntu/gopi5go_desk/ros2ws/install/gopi5go_dave/lib/gopi5go_dave
[1.127s] Installing dave_node script to /home/ubuntu/gopi5go_desk/ros2ws/install/gopi5go_dave/lib/gopi5go_dave
[1.127s] Installing docking_node script to /home/ubuntu/gopi5go_desk/ros2ws/install/gopi5go_dave/lib/gopi5go_dave
[1.127s] Installing say_client script to /home/ubuntu/gopi5go_desk/ros2ws/install/gopi5go_dave/lib/gopi5go_dave
[1.127s] Installing say_node script to /home/ubuntu/gopi5go_desk/ros2ws/install/gopi5go_dave/lib/gopi5go_dave
[1.127s] Installing test_dock script to /home/ubuntu/gopi5go_desk/ros2ws/install/gopi5go_dave/lib/gopi5go_dave
[1.127s] 
[1.128s] Installed /home/ubuntu/gopi5go_desk/ros2ws/build/gopi5go_dave
[1.128s] running symlink_data
[1.128s] creating /home/ubuntu/gopi5go_desk/ros2ws/install/gopi5go_dave/share/ament_index
[1.128s] creating /home/ubuntu/gopi5go_desk/ros2ws/install/gopi5go_dave/share/ament_index/resource_index
[1.128s] creating /home/ubuntu/gopi5go_desk/ros2ws/install/gopi5go_dave/share/ament_index/resource_index/packages
[1.128s] symbolically linking /home/ubuntu/gopi5go_desk/ros2ws/build/gopi5go_dave/resource/gopi5go_dave -> /home/ubuntu/gopi5go_desk/ros2ws/install/gopi5go_dave/share/ament_index/resource_index/packages
[1.128s] symbolically linking /home/ubuntu/gopi5go_desk/ros2ws/build/gopi5go_dave/package.xml -> /home/ubuntu/gopi5go_desk/ros2ws/install/gopi5go_dave/share/gopi5go_dave
[1.156s] Invoked command in '/home/ubuntu/gopi5go_desk/ros2ws/build/gopi5go_dave' returned '0': PYTHONPATH=/home/ubuntu/gopi5go_desk/ros2ws/build/gopi5go_dave/prefix_override:/usr/lib/python3/dist-packages/colcon_core/task/python/colcon_distutils_commands:/home/ubuntu/gopi5go_desk/ros2ws/install/gopi5go_dave/lib/python3.10/site-packages:${PYTHONPATH} /usr/bin/python3 -W ignore:setup.py install is deprecated setup.py develop --editable --build-directory /home/ubuntu/gopi5go_desk/ros2ws/build/gopi5go_dave/build --no-deps symlink_data
