[0.020s] Invoking command in '/home/ubuntu/gopi5go_desk/simws/build/gpg3_gazebo': CMAKE_PREFIX_PATH=${CMAKE_PREFIX_PATH}:/opt/ros/humble /usr/bin/cmake /home/ubuntu/gopi5go_desk/simws/src/gpg3_gazebo -DCMAKE_INSTALL_PREFIX=/home/ubuntu/gopi5go_desk/simws/install/gpg3_gazebo
[0.086s] -- The C compiler identification is GNU 11.4.0
[0.151s] -- The CXX compiler identification is GNU 11.4.0
[0.160s] -- Detecting C compiler ABI info
[0.251s] -- Detecting C compiler ABI info - done
[0.258s] -- Check for working C compiler: /usr/bin/cc - skipped
[0.258s] -- Detecting C compile features
[0.258s] -- Detecting C compile features - done
[0.262s] -- Detecting CXX compiler ABI info
[0.357s] -- Detecting CXX compiler ABI info - done
[0.365s] -- Check for working CXX compiler: /usr/bin/c++ - skipped
[0.365s] -- Detecting CXX compile features
[0.366s] -- Detecting CXX compile features - done
[0.369s] -- Found ament_cmake: 1.3.10 (/opt/ros/humble/share/ament_cmake/cmake)
[0.525s] -- Found Python3: /usr/bin/python3 (found version "3.10.12") found components: Interpreter 
[0.622s] [33mCMake Warning (dev) at /usr/share/cmake-3.22/Modules/FindPackageHandleStandardArgs.cmake:438 (message):
[0.622s]   The package name passed to `find_package_handle_standard_args` (PkgConfig)
[0.622s]   does not match the name of the calling package (gazebo).  This can lead to
[0.622s]   problems in calling code that expects `find_package` result variables
[0.623s]   (e.g., `_FOUND`) to follow a certain pattern.
[0.623s] Call Stack (most recent call first):
[0.623s]   /usr/share/cmake-3.22/Modules/FindPkgConfig.cmake:99 (find_package_handle_standard_args)
[0.623s]   /usr/lib/x86_64-linux-gnu/cmake/gazebo/gazebo-config.cmake:72 (include)
[0.623s]   CMakeLists.txt:23 (find_package)
[0.623s] This warning is for project developers.  Use -Wno-dev to suppress it.
[0.623s] [0m
[0.623s] -- Found PkgConfig: /usr/bin/pkg-config (found version "0.29.2") 
[0.628s] -- Checking for module 'bullet>=2.82'
[0.647s] --   Found bullet, version 3.05
[0.777s] -- Found fcl: /usr/include (found suitable version "0.7.0", minimum required is "0.5.0") 
[0.842s] -- Found assimp: /usr/include (found version "5.2.0") 
[0.860s] -- Found DART: /usr/include (Required is at least version "6.6") found components: dart 
[1.067s] -- Found Boost: /usr/lib/x86_64-linux-gnu/cmake/Boost-1.74.0/BoostConfig.cmake (found suitable version "1.74.0", minimum required is "1.40.0") found components: thread system filesystem program_options regex iostreams date_time 
[1.088s] -- Found Protobuf: /usr/lib/x86_64-linux-gnu/libprotobuf.so (found version "3.12.4") 
[1.093s] -- Looking for ignition-math6 -- found version 6.15.1
[1.099s] -- Searching for dependencies of ignition-math6
[1.099s] -- Looking for OGRE...
[1.100s] -- OGRE_PREFIX_WATCH changed.
[1.107s] -- Checking for module 'OGRE'
[1.124s] --   Found OGRE, version 1.9.0
[1.168s] -- Found Ogre Ghadamon (1.9.0)
[1.179s] -- Found OGRE: optimized;/usr/lib/x86_64-linux-gnu/libOgreMain.so;debug;/usr/lib/x86_64-linux-gnu/libOgreMain.so
[1.192s] -- Looking for OGRE_Paging...
[1.199s] -- Found OGRE_Paging: optimized;/usr/lib/x86_64-linux-gnu/libOgrePaging.so;debug;/usr/lib/x86_64-linux-gnu/libOgrePaging.so
[1.199s] -- Looking for OGRE_Terrain...
[1.206s] -- Found OGRE_Terrain: optimized;/usr/lib/x86_64-linux-gnu/libOgreTerrain.so;debug;/usr/lib/x86_64-linux-gnu/libOgreTerrain.so
[1.206s] -- Looking for OGRE_Property...
[1.213s] -- Found OGRE_Property: optimized;/usr/lib/x86_64-linux-gnu/libOgreProperty.so;debug;/usr/lib/x86_64-linux-gnu/libOgreProperty.so
[1.213s] -- Looking for OGRE_RTShaderSystem...
[1.220s] -- Found OGRE_RTShaderSystem: optimized;/usr/lib/x86_64-linux-gnu/libOgreRTShaderSystem.so;debug;/usr/lib/x86_64-linux-gnu/libOgreRTShaderSystem.so
[1.220s] -- Looking for OGRE_Volume...
[1.228s] -- Found OGRE_Volume: optimized;/usr/lib/x86_64-linux-gnu/libOgreVolume.so;debug;/usr/lib/x86_64-linux-gnu/libOgreVolume.so
[1.228s] -- Looking for OGRE_Overlay...
[1.235s] -- Found OGRE_Overlay: optimized;/usr/lib/x86_64-linux-gnu/libOgreOverlay.so;debug;/usr/lib/x86_64-linux-gnu/libOgreOverlay.so
[1.350s] -- Looking for ignition-math6 -- found version 6.15.1
[1.353s] -- Looking for ignition-transport8 -- found version 8.2.1
[1.354s] -- Searching for dependencies of ignition-transport8
[1.373s] -- Found Protobuf: /usr/lib/x86_64-linux-gnu/libprotobuf.so (found suitable version "3.12.4", minimum required is "3") 
[1.385s] -- Config-file not installed for ZeroMQ -- checking for pkg-config
[1.391s] -- Checking for module 'libzmq >= 4'
[1.408s] --   Found libzmq , version 4.3.4
[1.458s] -- Found ZeroMQ: TRUE (Required is at least version "4") 
[1.465s] -- Checking for module 'uuid'
[1.481s] --   Found uuid, version 2.37.2
[1.523s] -- Found UUID: TRUE  
[1.525s] -- Looking for ignition-msgs5 -- found version 5.8.1
[1.526s] -- Searching for dependencies of ignition-msgs5
[1.547s] -- Looking for ignition-math6 -- found version 6.15.1
[1.555s] -- Checking for module 'tinyxml2'
[1.570s] --   Found tinyxml2, version 9.0.0
[1.617s] -- Looking for ignition-msgs5 -- found version 5.8.1
[1.618s] -- Looking for ignition-common3 -- found version 3.14.0
[1.620s] -- Searching for dependencies of ignition-common3
[1.620s] -- Looking for dlfcn.h - found
[1.620s] -- Looking for libdl - found
[1.620s] -- Found DL: TRUE  
[1.632s] -- Found tinyobjloader: /usr/lib/x86_64-linux-gnu/cmake/tinyobjloader/tinyobjloader-config.cmake (found version "2.0.0") 
[1.632s] -- Searching for <ignition-common3> component [graphics]
[1.634s] -- Looking for ignition-common3-graphics -- found version 3.14.0
[1.635s] -- Searching for dependencies of ignition-common3-graphics
[1.636s] -- Looking for ignition-math6 -- found version 6.15.1
[1.638s] -- Looking for ignition-fuel_tools4 -- found version 4.4.0
[1.639s] -- Searching for dependencies of ignition-fuel_tools4
[1.739s] -- Found CURL: /usr/lib/x86_64-linux-gnu/libcurl.so (found version "7.81.0")  
[1.751s] -- Checking for module 'jsoncpp'
[1.768s] --   Found jsoncpp, version 1.9.5
[1.811s] -- Found JSONCPP: TRUE  
[1.819s] -- Checking for module 'libzip'
[1.834s] --   Found libzip, version 1.7.3
[1.879s] -- Found ZIP: TRUE  
[1.879s] -- Looking for ignition-common3 -- found version 3.14.0
[1.880s] -- Looking for ignition-math6 -- found version 6.15.1
[1.882s] -- Looking for ignition-msgs5 -- found version 5.8.1
[1.885s] -- Found gazebo_ros_pkgs: 3.7.0 (/opt/ros/humble/share/gazebo_ros_pkgs/cmake)
[1.887s] -- Found geometry_msgs: 4.2.4 (/opt/ros/humble/share/geometry_msgs/cmake)
[1.920s] -- Found rosidl_generator_c: 3.1.5 (/opt/ros/humble/share/rosidl_generator_c/cmake)
[1.926s] -- Found rosidl_adapter: 3.1.5 (/opt/ros/humble/share/rosidl_adapter/cmake)
[1.936s] -- Found rosidl_generator_cpp: 3.1.5 (/opt/ros/humble/share/rosidl_generator_cpp/cmake)
[1.951s] -- Using all available rosidl_typesupport_c: rosidl_typesupport_fastrtps_c;rosidl_typesupport_introspection_c
[1.971s] -- Using all available rosidl_typesupport_cpp: rosidl_typesupport_fastrtps_cpp;rosidl_typesupport_introspection_cpp
[2.016s] -- Found nav_msgs: 4.2.4 (/opt/ros/humble/share/nav_msgs/cmake)
[2.036s] -- Found rclcpp: 16.0.10 (/opt/ros/humble/share/rclcpp/cmake)
[2.074s] -- Found rmw_implementation_cmake: 6.1.2 (/opt/ros/humble/share/rmw_implementation_cmake/cmake)
[2.077s] -- Found rmw_fastrtps_cpp: 6.2.7 (/opt/ros/humble/share/rmw_fastrtps_cpp/cmake)
[2.205s] -- Found OpenSSL: /usr/lib/x86_64-linux-gnu/libcrypto.so (found version "3.0.2")  
[2.233s] -- Found FastRTPS: /opt/ros/humble/include  
[2.284s] -- Using RMW implementation 'rmw_fastrtps_cpp' as default
[2.296s] -- Found Threads: TRUE  
[2.339s] -- Found sensor_msgs: 4.2.4 (/opt/ros/humble/share/sensor_msgs/cmake)
[2.358s] -- Found tf2: 0.25.7 (/opt/ros/humble/share/tf2/cmake)
[2.434s] -- Configuring done
[2.478s] -- Generating done
[2.481s] -- Build files have been written to: /home/ubuntu/gopi5go_desk/simws/build/gpg3_gazebo
[2.492s] Invoked command in '/home/ubuntu/gopi5go_desk/simws/build/gpg3_gazebo' returned '0': CMAKE_PREFIX_PATH=${CMAKE_PREFIX_PATH}:/opt/ros/humble /usr/bin/cmake /home/ubuntu/gopi5go_desk/simws/src/gpg3_gazebo -DCMAKE_INSTALL_PREFIX=/home/ubuntu/gopi5go_desk/simws/install/gpg3_gazebo
[2.494s] Invoking command in '/home/ubuntu/gopi5go_desk/simws/build/gpg3_gazebo': CMAKE_PREFIX_PATH=${CMAKE_PREFIX_PATH}:/opt/ros/humble /usr/bin/cmake --build /home/ubuntu/gopi5go_desk/simws/build/gpg3_gazebo -- -j4 -l4
[2.564s] [ 25%] [32mBuilding CXX object CMakeFiles/obstacle2.dir/models/gpg3_dqn_world/obstacle_plugin/obstacle2.cc.o[0m
[2.564s] [ 25%] [32mBuilding CXX object CMakeFiles/obstacle1.dir/models/gpg3_dqn_world/obstacle_plugin/obstacle1.cc.o[0m
[2.564s] [ 37%] [32mBuilding CXX object CMakeFiles/gpg3_drive.dir/src/gpg3_drive.cpp.o[0m
[2.566s] [ 50%] [32mBuilding CXX object CMakeFiles/obstacles.dir/models/gpg3_dqn_world/obstacle_plugin/obstacles.cc.o[0m
[18.470s] [ 62%] [32m[1mLinking CXX shared library libobstacle2.so[0m
[18.477s] [ 75%] [32m[1mLinking CXX shared library libobstacle1.so[0m
[18.786s] [ 87%] [32m[1mLinking CXX executable gpg3_drive[0m
[18.832s] [ 87%] Built target obstacle2
[18.841s] [ 87%] Built target obstacle1
[18.902s] [100%] [32m[1mLinking CXX shared library libobstacles.so[0m
[19.190s] [100%] Built target obstacles
[19.406s] [100%] Built target gpg3_drive
[19.420s] Invoked command in '/home/ubuntu/gopi5go_desk/simws/build/gpg3_gazebo' returned '0': CMAKE_PREFIX_PATH=${CMAKE_PREFIX_PATH}:/opt/ros/humble /usr/bin/cmake --build /home/ubuntu/gopi5go_desk/simws/build/gpg3_gazebo -- -j4 -l4
[19.494s] Invoking command in '/home/ubuntu/gopi5go_desk/simws/build/gpg3_gazebo': CMAKE_PREFIX_PATH=${CMAKE_PREFIX_PATH}:/opt/ros/humble /usr/bin/cmake --install /home/ubuntu/gopi5go_desk/simws/build/gpg3_gazebo
[19.503s] -- Install configuration: ""
[19.503s] -- Installing: /home/ubuntu/gopi5go_desk/simws/install/gpg3_gazebo/lib/gpg3_gazebo/gpg3_drive
[19.509s] -- Set runtime path of "/home/ubuntu/gopi5go_desk/simws/install/gpg3_gazebo/lib/gpg3_gazebo/gpg3_drive" to ""
[19.509s] -- Installing: /home/ubuntu/gopi5go_desk/simws/install/gpg3_gazebo/share/gpg3_gazebo//launch
[19.509s] -- Installing: /home/ubuntu/gopi5go_desk/simws/install/gpg3_gazebo/share/gpg3_gazebo//launch/spawn_gpg3.launch.py
[19.509s] -- Installing: /home/ubuntu/gopi5go_desk/simws/install/gpg3_gazebo/share/gpg3_gazebo//launch/gpg3_dqn_stage4.launch.py
[19.509s] -- Installing: /home/ubuntu/gopi5go_desk/simws/install/gpg3_gazebo/share/gpg3_gazebo//launch/empty_world.launch.py
[19.509s] -- Installing: /home/ubuntu/gopi5go_desk/simws/install/gpg3_gazebo/share/gpg3_gazebo//launch/gpg3_dqn_stage2.launch.py
[19.510s] -- Installing: /home/ubuntu/gopi5go_desk/simws/install/gpg3_gazebo/share/gpg3_gazebo//launch/gpg3_dqn_stage1.launch.py
[19.510s] -- Installing: /home/ubuntu/gopi5go_desk/simws/install/gpg3_gazebo/share/gpg3_gazebo//launch/robot_state_publisher.launch.py
[19.510s] -- Installing: /home/ubuntu/gopi5go_desk/simws/install/gpg3_gazebo/share/gpg3_gazebo//launch/gpg3_house.launch.py
[19.510s] -- Installing: /home/ubuntu/gopi5go_desk/simws/install/gpg3_gazebo/share/gpg3_gazebo//launch/gpg3_world.launch.py
[19.510s] -- Installing: /home/ubuntu/gopi5go_desk/simws/install/gpg3_gazebo/share/gpg3_gazebo//launch/gpg3_dqn_stage3.launch.py
[19.510s] -- Installing: /home/ubuntu/gopi5go_desk/simws/install/gpg3_gazebo/share/gpg3_gazebo//models
[19.510s] -- Installing: /home/ubuntu/gopi5go_desk/simws/install/gpg3_gazebo/share/gpg3_gazebo//models/gpg3_world
[19.511s] -- Installing: /home/ubuntu/gopi5go_desk/simws/install/gpg3_gazebo/share/gpg3_gazebo//models/gpg3_world/model-1_4.sdf
[19.511s] -- Installing: /home/ubuntu/gopi5go_desk/simws/install/gpg3_gazebo/share/gpg3_gazebo//models/gpg3_world/model.sdf
[19.511s] -- Installing: /home/ubuntu/gopi5go_desk/simws/install/gpg3_gazebo/share/gpg3_gazebo//models/gpg3_world/model.config
[19.511s] -- Installing: /home/ubuntu/gopi5go_desk/simws/install/gpg3_gazebo/share/gpg3_gazebo//models/gpg3_world/meshes
[19.511s] -- Installing: /home/ubuntu/gopi5go_desk/simws/install/gpg3_gazebo/share/gpg3_gazebo//models/gpg3_world/meshes/wall.dae
[19.511s] -- Installing: /home/ubuntu/gopi5go_desk/simws/install/gpg3_gazebo/share/gpg3_gazebo//models/gpg3_world/meshes/hexagon.dae
[19.511s] -- Installing: /home/ubuntu/gopi5go_desk/simws/install/gpg3_gazebo/share/gpg3_gazebo//models/turtlebot3_waffle_pi
[19.511s] -- Installing: /home/ubuntu/gopi5go_desk/simws/install/gpg3_gazebo/share/gpg3_gazebo//models/turtlebot3_waffle_pi/model-1_4_.sdf
[19.512s] -- Installing: /home/ubuntu/gopi5go_desk/simws/install/gpg3_gazebo/share/gpg3_gazebo//models/turtlebot3_waffle_pi/model.sdf
[19.512s] -- Installing: /home/ubuntu/gopi5go_desk/simws/install/gpg3_gazebo/share/gpg3_gazebo//models/turtlebot3_waffle_pi/model.config
[19.512s] -- Installing: /home/ubuntu/gopi5go_desk/simws/install/gpg3_gazebo/share/gpg3_gazebo//models/turtlebot3_burger
[19.512s] -- Installing: /home/ubuntu/gopi5go_desk/simws/install/gpg3_gazebo/share/gpg3_gazebo//models/turtlebot3_burger/model-1_4.sdf
[19.512s] -- Installing: /home/ubuntu/gopi5go_desk/simws/install/gpg3_gazebo/share/gpg3_gazebo//models/turtlebot3_burger/model.sdf
[19.512s] -- Installing: /home/ubuntu/gopi5go_desk/simws/install/gpg3_gazebo/share/gpg3_gazebo//models/turtlebot3_burger/model.config
[19.512s] -- Installing: /home/ubuntu/gopi5go_desk/simws/install/gpg3_gazebo/share/gpg3_gazebo//models/turtlebot3_house
[19.512s] -- Installing: /home/ubuntu/gopi5go_desk/simws/install/gpg3_gazebo/share/gpg3_gazebo//models/turtlebot3_house/model.sdf
[19.513s] -- Installing: /home/ubuntu/gopi5go_desk/simws/install/gpg3_gazebo/share/gpg3_gazebo//models/turtlebot3_house/model.config
[19.513s] -- Installing: /home/ubuntu/gopi5go_desk/simws/install/gpg3_gazebo/share/gpg3_gazebo//models/gpg3_dqn_world
[19.513s] -- Installing: /home/ubuntu/gopi5go_desk/simws/install/gpg3_gazebo/share/gpg3_gazebo//models/gpg3_dqn_world/goal_box
[19.513s] -- Installing: /home/ubuntu/gopi5go_desk/simws/install/gpg3_gazebo/share/gpg3_gazebo//models/gpg3_dqn_world/goal_box/model.sdf
[19.513s] -- Installing: /home/ubuntu/gopi5go_desk/simws/install/gpg3_gazebo/share/gpg3_gazebo//models/gpg3_dqn_world/goal_box/model.config
[19.514s] -- Installing: /home/ubuntu/gopi5go_desk/simws/install/gpg3_gazebo/share/gpg3_gazebo//models/gpg3_dqn_world/obstacle1
[19.514s] -- Installing: /home/ubuntu/gopi5go_desk/simws/install/gpg3_gazebo/share/gpg3_gazebo//models/gpg3_dqn_world/obstacle1/model.sdf
[19.514s] -- Installing: /home/ubuntu/gopi5go_desk/simws/install/gpg3_gazebo/share/gpg3_gazebo//models/gpg3_dqn_world/obstacle1/model.config
[19.514s] -- Installing: /home/ubuntu/gopi5go_desk/simws/install/gpg3_gazebo/share/gpg3_gazebo//models/gpg3_dqn_world/obstacle2
[19.514s] -- Installing: /home/ubuntu/gopi5go_desk/simws/install/gpg3_gazebo/share/gpg3_gazebo//models/gpg3_dqn_world/obstacle2/model.sdf
[19.514s] -- Installing: /home/ubuntu/gopi5go_desk/simws/install/gpg3_gazebo/share/gpg3_gazebo//models/gpg3_dqn_world/obstacle2/model.config
[19.514s] -- Installing: /home/ubuntu/gopi5go_desk/simws/install/gpg3_gazebo/share/gpg3_gazebo//models/gpg3_dqn_world/obstacles
[19.515s] -- Installing: /home/ubuntu/gopi5go_desk/simws/install/gpg3_gazebo/share/gpg3_gazebo//models/gpg3_dqn_world/obstacles/model.sdf
[19.515s] -- Installing: /home/ubuntu/gopi5go_desk/simws/install/gpg3_gazebo/share/gpg3_gazebo//models/gpg3_dqn_world/obstacles/model.config
[19.515s] -- Installing: /home/ubuntu/gopi5go_desk/simws/install/gpg3_gazebo/share/gpg3_gazebo//models/gpg3_dqn_world/inner_walls
[19.515s] -- Installing: /home/ubuntu/gopi5go_desk/simws/install/gpg3_gazebo/share/gpg3_gazebo//models/gpg3_dqn_world/inner_walls/model.sdf
[19.515s] -- Installing: /home/ubuntu/gopi5go_desk/simws/install/gpg3_gazebo/share/gpg3_gazebo//models/gpg3_dqn_world/inner_walls/model.config
[19.515s] -- Installing: /home/ubuntu/gopi5go_desk/simws/install/gpg3_gazebo/share/gpg3_gazebo//models/gpg3_dqn_world/model.sdf
[19.515s] -- Installing: /home/ubuntu/gopi5go_desk/simws/install/gpg3_gazebo/share/gpg3_gazebo//models/gpg3_dqn_world/model.config
[19.516s] -- Installing: /home/ubuntu/gopi5go_desk/simws/install/gpg3_gazebo/share/gpg3_gazebo//models/gpg3_dqn_world/obstacle_plugin
[19.516s] -- Installing: /home/ubuntu/gopi5go_desk/simws/install/gpg3_gazebo/share/gpg3_gazebo//models/gpg3_dqn_world/obstacle_plugin/obstacle1.cc
[19.516s] -- Installing: /home/ubuntu/gopi5go_desk/simws/install/gpg3_gazebo/share/gpg3_gazebo//models/gpg3_dqn_world/obstacle_plugin/obstacle2.cc
[19.516s] -- Installing: /home/ubuntu/gopi5go_desk/simws/install/gpg3_gazebo/share/gpg3_gazebo//models/gpg3_dqn_world/obstacle_plugin/obstacles.cc
[19.516s] -- Installing: /home/ubuntu/gopi5go_desk/simws/install/gpg3_gazebo/share/gpg3_gazebo//models/gpg3_dqn_world/obstacle_plugin/CMakeLists.txt
[19.516s] -- Installing: /home/ubuntu/gopi5go_desk/simws/install/gpg3_gazebo/share/gpg3_gazebo//models/gpg3_house
[19.516s] -- Installing: /home/ubuntu/gopi5go_desk/simws/install/gpg3_gazebo/share/gpg3_gazebo//models/gpg3_house/model.sdf
[19.517s] -- Installing: /home/ubuntu/gopi5go_desk/simws/install/gpg3_gazebo/share/gpg3_gazebo//models/gpg3_house/model.config
[19.517s] -- Installing: /home/ubuntu/gopi5go_desk/simws/install/gpg3_gazebo/share/gpg3_gazebo//models/turtlebot3_world
[19.517s] -- Installing: /home/ubuntu/gopi5go_desk/simws/install/gpg3_gazebo/share/gpg3_gazebo//models/turtlebot3_world/model-1_4.sdf
[19.517s] -- Installing: /home/ubuntu/gopi5go_desk/simws/install/gpg3_gazebo/share/gpg3_gazebo//models/turtlebot3_world/model.sdf
[19.517s] -- Installing: /home/ubuntu/gopi5go_desk/simws/install/gpg3_gazebo/share/gpg3_gazebo//models/turtlebot3_world/model.config
[19.517s] -- Installing: /home/ubuntu/gopi5go_desk/simws/install/gpg3_gazebo/share/gpg3_gazebo//models/turtlebot3_world/meshes
[19.518s] -- Installing: /home/ubuntu/gopi5go_desk/simws/install/gpg3_gazebo/share/gpg3_gazebo//models/turtlebot3_world/meshes/wall.dae
[19.518s] -- Installing: /home/ubuntu/gopi5go_desk/simws/install/gpg3_gazebo/share/gpg3_gazebo//models/turtlebot3_world/meshes/hexagon.dae
[19.518s] -- Installing: /home/ubuntu/gopi5go_desk/simws/install/gpg3_gazebo/share/gpg3_gazebo//models/turtlebot3_dqn_world
[19.518s] -- Installing: /home/ubuntu/gopi5go_desk/simws/install/gpg3_gazebo/share/gpg3_gazebo//models/turtlebot3_dqn_world/goal_box
[19.518s] -- Installing: /home/ubuntu/gopi5go_desk/simws/install/gpg3_gazebo/share/gpg3_gazebo//models/turtlebot3_dqn_world/goal_box/model.sdf
[19.518s] -- Installing: /home/ubuntu/gopi5go_desk/simws/install/gpg3_gazebo/share/gpg3_gazebo//models/turtlebot3_dqn_world/goal_box/model.config
[19.519s] -- Installing: /home/ubuntu/gopi5go_desk/simws/install/gpg3_gazebo/share/gpg3_gazebo//models/turtlebot3_dqn_world/obstacle1
[19.519s] -- Installing: /home/ubuntu/gopi5go_desk/simws/install/gpg3_gazebo/share/gpg3_gazebo//models/turtlebot3_dqn_world/obstacle1/model.sdf
[19.519s] -- Installing: /home/ubuntu/gopi5go_desk/simws/install/gpg3_gazebo/share/gpg3_gazebo//models/turtlebot3_dqn_world/obstacle1/model.config
[19.519s] -- Installing: /home/ubuntu/gopi5go_desk/simws/install/gpg3_gazebo/share/gpg3_gazebo//models/turtlebot3_dqn_world/obstacle2
[19.519s] -- Installing: /home/ubuntu/gopi5go_desk/simws/install/gpg3_gazebo/share/gpg3_gazebo//models/turtlebot3_dqn_world/obstacle2/model.sdf
[19.519s] -- Installing: /home/ubuntu/gopi5go_desk/simws/install/gpg3_gazebo/share/gpg3_gazebo//models/turtlebot3_dqn_world/obstacle2/model.config
[19.520s] -- Installing: /home/ubuntu/gopi5go_desk/simws/install/gpg3_gazebo/share/gpg3_gazebo//models/turtlebot3_dqn_world/obstacles
[19.520s] -- Installing: /home/ubuntu/gopi5go_desk/simws/install/gpg3_gazebo/share/gpg3_gazebo//models/turtlebot3_dqn_world/obstacles/model.sdf
[19.520s] -- Installing: /home/ubuntu/gopi5go_desk/simws/install/gpg3_gazebo/share/gpg3_gazebo//models/turtlebot3_dqn_world/obstacles/model.config
[19.520s] -- Installing: /home/ubuntu/gopi5go_desk/simws/install/gpg3_gazebo/share/gpg3_gazebo//models/turtlebot3_dqn_world/inner_walls
[19.520s] -- Installing: /home/ubuntu/gopi5go_desk/simws/install/gpg3_gazebo/share/gpg3_gazebo//models/turtlebot3_dqn_world/inner_walls/model.sdf
[19.520s] -- Installing: /home/ubuntu/gopi5go_desk/simws/install/gpg3_gazebo/share/gpg3_gazebo//models/turtlebot3_dqn_world/inner_walls/model.config
[19.521s] -- Installing: /home/ubuntu/gopi5go_desk/simws/install/gpg3_gazebo/share/gpg3_gazebo//models/turtlebot3_dqn_world/model.sdf
[19.521s] -- Installing: /home/ubuntu/gopi5go_desk/simws/install/gpg3_gazebo/share/gpg3_gazebo//models/turtlebot3_dqn_world/model.config
[19.521s] -- Installing: /home/ubuntu/gopi5go_desk/simws/install/gpg3_gazebo/share/gpg3_gazebo//models/turtlebot3_dqn_world/obstacle_plugin
[19.521s] -- Installing: /home/ubuntu/gopi5go_desk/simws/install/gpg3_gazebo/share/gpg3_gazebo//models/turtlebot3_dqn_world/obstacle_plugin/obstacle1.cc
[19.521s] -- Installing: /home/ubuntu/gopi5go_desk/simws/install/gpg3_gazebo/share/gpg3_gazebo//models/turtlebot3_dqn_world/obstacle_plugin/obstacle2.cc
[19.521s] -- Installing: /home/ubuntu/gopi5go_desk/simws/install/gpg3_gazebo/share/gpg3_gazebo//models/turtlebot3_dqn_world/obstacle_plugin/obstacles.cc
[19.521s] -- Installing: /home/ubuntu/gopi5go_desk/simws/install/gpg3_gazebo/share/gpg3_gazebo//models/turtlebot3_dqn_world/obstacle_plugin/CMakeLists.txt
[19.522s] -- Installing: /home/ubuntu/gopi5go_desk/simws/install/gpg3_gazebo/share/gpg3_gazebo//models/turtlebot3_waffle
[19.522s] -- Installing: /home/ubuntu/gopi5go_desk/simws/install/gpg3_gazebo/share/gpg3_gazebo//models/turtlebot3_waffle/model-1_4.sdf
[19.522s] -- Installing: /home/ubuntu/gopi5go_desk/simws/install/gpg3_gazebo/share/gpg3_gazebo//models/turtlebot3_waffle/model.sdf
[19.522s] -- Installing: /home/ubuntu/gopi5go_desk/simws/install/gpg3_gazebo/share/gpg3_gazebo//models/turtlebot3_waffle/model.config
[19.522s] -- Installing: /home/ubuntu/gopi5go_desk/simws/install/gpg3_gazebo/share/gpg3_gazebo//models/turtlebot3_common
[19.522s] -- Installing: /home/ubuntu/gopi5go_desk/simws/install/gpg3_gazebo/share/gpg3_gazebo//models/turtlebot3_common/model.config
[19.522s] -- Installing: /home/ubuntu/gopi5go_desk/simws/install/gpg3_gazebo/share/gpg3_gazebo//models/turtlebot3_common/meshes
[19.522s] -- Installing: /home/ubuntu/gopi5go_desk/simws/install/gpg3_gazebo/share/gpg3_gazebo//models/turtlebot3_common/meshes/waffle_base.dae
[19.523s] -- Installing: /home/ubuntu/gopi5go_desk/simws/install/gpg3_gazebo/share/gpg3_gazebo//models/turtlebot3_common/meshes/tire.dae
[19.523s] -- Installing: /home/ubuntu/gopi5go_desk/simws/install/gpg3_gazebo/share/gpg3_gazebo//models/turtlebot3_common/meshes/burger_base.dae
[19.523s] -- Installing: /home/ubuntu/gopi5go_desk/simws/install/gpg3_gazebo/share/gpg3_gazebo//models/turtlebot3_common/meshes/r200.dae
[19.523s] -- Installing: /home/ubuntu/gopi5go_desk/simws/install/gpg3_gazebo/share/gpg3_gazebo//models/turtlebot3_common/meshes/waffle_pi_base.dae
[19.523s] -- Installing: /home/ubuntu/gopi5go_desk/simws/install/gpg3_gazebo/share/gpg3_gazebo//models/turtlebot3_common/meshes/lds.dae
[19.523s] -- Installing: /home/ubuntu/gopi5go_desk/simws/install/gpg3_gazebo/share/gpg3_gazebo//models/gpg3_gopigo3
[19.523s] -- Installing: /home/ubuntu/gopi5go_desk/simws/install/gpg3_gazebo/share/gpg3_gazebo//models/gpg3_gopigo3/model-1_4.sdf
[19.524s] -- Installing: /home/ubuntu/gopi5go_desk/simws/install/gpg3_gazebo/share/gpg3_gazebo//models/gpg3_gopigo3/model.sdf
[19.524s] -- Installing: /home/ubuntu/gopi5go_desk/simws/install/gpg3_gazebo/share/gpg3_gazebo//models/gpg3_gopigo3/model.config
[19.524s] -- Installing: /home/ubuntu/gopi5go_desk/simws/install/gpg3_gazebo/share/gpg3_gazebo//models/gpg3_common
[19.524s] -- Installing: /home/ubuntu/gopi5go_desk/simws/install/gpg3_gazebo/share/gpg3_gazebo//models/gpg3_common/model.config
[19.524s] -- Installing: /home/ubuntu/gopi5go_desk/simws/install/gpg3_gazebo/share/gpg3_gazebo//models/gpg3_common/meshes
[19.524s] -- Installing: /home/ubuntu/gopi5go_desk/simws/install/gpg3_gazebo/share/gpg3_gazebo//models/gpg3_common/meshes/waffle_base.dae
[19.524s] -- Installing: /home/ubuntu/gopi5go_desk/simws/install/gpg3_gazebo/share/gpg3_gazebo//models/gpg3_common/meshes/gopigo3_base.dae
[19.524s] -- Installing: /home/ubuntu/gopi5go_desk/simws/install/gpg3_gazebo/share/gpg3_gazebo//models/gpg3_common/meshes/tire.dae
[19.524s] -- Installing: /home/ubuntu/gopi5go_desk/simws/install/gpg3_gazebo/share/gpg3_gazebo//models/gpg3_common/meshes/burger_base.dae
[19.525s] -- Installing: /home/ubuntu/gopi5go_desk/simws/install/gpg3_gazebo/share/gpg3_gazebo//models/gpg3_common/meshes/r200.dae
[19.525s] -- Installing: /home/ubuntu/gopi5go_desk/simws/install/gpg3_gazebo/share/gpg3_gazebo//models/gpg3_common/meshes/waffle_pi_base.dae
[19.525s] -- Installing: /home/ubuntu/gopi5go_desk/simws/install/gpg3_gazebo/share/gpg3_gazebo//models/gpg3_common/meshes/lds.dae
[19.525s] -- Installing: /home/ubuntu/gopi5go_desk/simws/install/gpg3_gazebo/share/gpg3_gazebo//rviz
[19.525s] -- Installing: /home/ubuntu/gopi5go_desk/simws/install/gpg3_gazebo/share/gpg3_gazebo//rviz/gpg3_gazebo.rviz
[19.525s] -- Installing: /home/ubuntu/gopi5go_desk/simws/install/gpg3_gazebo/share/gpg3_gazebo//urdf
[19.525s] -- Installing: /home/ubuntu/gopi5go_desk/simws/install/gpg3_gazebo/share/gpg3_gazebo//urdf/common_properties.urdf
[19.525s] -- Installing: /home/ubuntu/gopi5go_desk/simws/install/gpg3_gazebo/share/gpg3_gazebo//urdf/turtlebot3_waffle_pi.urdf
[19.526s] -- Installing: /home/ubuntu/gopi5go_desk/simws/install/gpg3_gazebo/share/gpg3_gazebo//urdf/turtlebot3_waffle.urdf
[19.526s] -- Installing: /home/ubuntu/gopi5go_desk/simws/install/gpg3_gazebo/share/gpg3_gazebo//urdf/turtlebot3_burger.urdf
[19.526s] -- Installing: /home/ubuntu/gopi5go_desk/simws/install/gpg3_gazebo/share/gpg3_gazebo//urdf/gpg3_gopigo3.urdf
[19.526s] -- Installing: /home/ubuntu/gopi5go_desk/simws/install/gpg3_gazebo/share/gpg3_gazebo//worlds
[19.526s] -- Installing: /home/ubuntu/gopi5go_desk/simws/install/gpg3_gazebo/share/gpg3_gazebo//worlds/turtlebot3_dqn_stage4.world
[19.526s] -- Installing: /home/ubuntu/gopi5go_desk/simws/install/gpg3_gazebo/share/gpg3_gazebo//worlds/gpg3_dqn_stage3.world
[19.526s] -- Installing: /home/ubuntu/gopi5go_desk/simws/install/gpg3_gazebo/share/gpg3_gazebo//worlds/turtlebot3_dqn_stage2.world
[19.527s] -- Installing: /home/ubuntu/gopi5go_desk/simws/install/gpg3_gazebo/share/gpg3_gazebo//worlds/turtlebot3_world.world
[19.527s] -- Installing: /home/ubuntu/gopi5go_desk/simws/install/gpg3_gazebo/share/gpg3_gazebo//worlds/empty_world.world
[19.527s] -- Installing: /home/ubuntu/gopi5go_desk/simws/install/gpg3_gazebo/share/gpg3_gazebo//worlds/gpg3_house.world
[19.527s] -- Installing: /home/ubuntu/gopi5go_desk/simws/install/gpg3_gazebo/share/gpg3_gazebo//worlds/gpg3_dqn_stage4.world
[19.527s] -- Installing: /home/ubuntu/gopi5go_desk/simws/install/gpg3_gazebo/share/gpg3_gazebo//worlds/gpg3_world.world
[19.527s] -- Installing: /home/ubuntu/gopi5go_desk/simws/install/gpg3_gazebo/share/gpg3_gazebo//worlds/turtlebot3_house.world
[19.528s] -- Installing: /home/ubuntu/gopi5go_desk/simws/install/gpg3_gazebo/share/gpg3_gazebo//worlds/turtlebot3_dqn_stage1.world
[19.528s] -- Installing: /home/ubuntu/gopi5go_desk/simws/install/gpg3_gazebo/share/gpg3_gazebo//worlds/turtlebot3_dqn_stage3.world
[19.528s] -- Installing: /home/ubuntu/gopi5go_desk/simws/install/gpg3_gazebo/share/gpg3_gazebo//worlds/gpg3_dqn_stage1.world
[19.528s] -- Installing: /home/ubuntu/gopi5go_desk/simws/install/gpg3_gazebo/share/gpg3_gazebo//worlds/gpg3_dqn_stage2.world
[19.528s] -- Installing: /home/ubuntu/gopi5go_desk/simws/install/gpg3_gazebo/include/
[19.528s] -- Installing: /home/ubuntu/gopi5go_desk/simws/install/gpg3_gazebo/include//gpg3_gazebo
[19.528s] -- Installing: /home/ubuntu/gopi5go_desk/simws/install/gpg3_gazebo/include//gpg3_gazebo/gpg3_drive.hpp
[19.528s] -- Installing: /home/ubuntu/gopi5go_desk/simws/install/gpg3_gazebo/share/ament_index/resource_index/package_run_dependencies/gpg3_gazebo
[19.528s] -- Installing: /home/ubuntu/gopi5go_desk/simws/install/gpg3_gazebo/share/ament_index/resource_index/parent_prefix_path/gpg3_gazebo
[19.529s] -- Installing: /home/ubuntu/gopi5go_desk/simws/install/gpg3_gazebo/share/gpg3_gazebo/environment/ament_prefix_path.sh
[19.529s] -- Installing: /home/ubuntu/gopi5go_desk/simws/install/gpg3_gazebo/share/gpg3_gazebo/environment/ament_prefix_path.dsv
[19.529s] -- Installing: /home/ubuntu/gopi5go_desk/simws/install/gpg3_gazebo/share/gpg3_gazebo/environment/path.sh
[19.529s] -- Installing: /home/ubuntu/gopi5go_desk/simws/install/gpg3_gazebo/share/gpg3_gazebo/environment/path.dsv
[19.529s] -- Installing: /home/ubuntu/gopi5go_desk/simws/install/gpg3_gazebo/share/gpg3_gazebo/local_setup.bash
[19.529s] -- Installing: /home/ubuntu/gopi5go_desk/simws/install/gpg3_gazebo/share/gpg3_gazebo/local_setup.sh
[19.529s] -- Installing: /home/ubuntu/gopi5go_desk/simws/install/gpg3_gazebo/share/gpg3_gazebo/local_setup.zsh
[19.529s] -- Installing: /home/ubuntu/gopi5go_desk/simws/install/gpg3_gazebo/share/gpg3_gazebo/local_setup.dsv
[19.529s] -- Installing: /home/ubuntu/gopi5go_desk/simws/install/gpg3_gazebo/share/gpg3_gazebo/package.dsv
[19.530s] -- Installing: /home/ubuntu/gopi5go_desk/simws/install/gpg3_gazebo/share/ament_index/resource_index/packages/gpg3_gazebo
[19.530s] -- Installing: /home/ubuntu/gopi5go_desk/simws/install/gpg3_gazebo/share/gpg3_gazebo/cmake/ament_cmake_export_include_directories-extras.cmake
[19.530s] -- Installing: /home/ubuntu/gopi5go_desk/simws/install/gpg3_gazebo/share/gpg3_gazebo/cmake/ament_cmake_export_dependencies-extras.cmake
[19.530s] -- Installing: /home/ubuntu/gopi5go_desk/simws/install/gpg3_gazebo/share/gpg3_gazebo/cmake/gpg3_gazeboConfig.cmake
[19.530s] -- Installing: /home/ubuntu/gopi5go_desk/simws/install/gpg3_gazebo/share/gpg3_gazebo/cmake/gpg3_gazeboConfig-version.cmake
[19.530s] -- Installing: /home/ubuntu/gopi5go_desk/simws/install/gpg3_gazebo/share/gpg3_gazebo/package.xml
[19.533s] Invoked command in '/home/ubuntu/gopi5go_desk/simws/build/gpg3_gazebo' returned '0': CMAKE_PREFIX_PATH=${CMAKE_PREFIX_PATH}:/opt/ros/humble /usr/bin/cmake --install /home/ubuntu/gopi5go_desk/simws/build/gpg3_gazebo
