[0.019s] Invoking command in '/home/ubuntu/gopi5go_desk/simws/build/gpg3_fake_node': CMAKE_PREFIX_PATH=/home/ubuntu/gopi5go_desk/simws/install/gpg3_msgs:/home/ubuntu/gopi5go_desk/simws/install/gpg3_cartographer:/home/ubuntu/gopi5go_desk/ros2ws/install/ros2_gopigo3_msg:/home/ubuntu/gopi5go_desk/ros2ws/install/dave_interfaces:/home/ubuntu/gopi5go_desk/simws/install/gpg3_simulations:/home/ubuntu/gopi5go_desk/simws/install/gpg3_fake_node:/home/ubuntu/gopi5go_desk/simws/install/gpg3_gazebo:/home/ubuntu/gopi5go_desk/ros2ws/install/teleop_gopigo3_keyboard:/home/ubuntu/gopi5go_desk/ros2ws/install/scan_client:/home/ubuntu/gopi5go_desk/ros2ws/install/gopi5go_dave:/home/ubuntu/gopi5go_desk/ros2ws/install/explorer_wanderer:/opt/ros/humble LD_LIBRARY_PATH=/home/ubuntu/gopi5go_desk/simws/install/gpg3_msgs/lib:/home/ubuntu/gopi5go_desk/ros2ws/install/ros2_gopigo3_msg/lib:/home/ubuntu/gopi5go_desk/ros2ws/install/dave_interfaces/lib:/usr/lib/x86_64-linux-gnu/gazebo-11/plugins:/opt/ros/humble/opt/rviz_ogre_vendor/lib:/opt/ros/humble/lib/x86_64-linux-gnu:/opt/ros/humble/lib /usr/bin/cmake --build /home/ubuntu/gopi5go_desk/simws/build/gpg3_fake_node -- -j4 -l4
[0.104s] [100%] Built target gpg3_fake_node
[0.119s] Invoked command in '/home/ubuntu/gopi5go_desk/simws/build/gpg3_fake_node' returned '0': CMAKE_PREFIX_PATH=/home/ubuntu/gopi5go_desk/simws/install/gpg3_msgs:/home/ubuntu/gopi5go_desk/simws/install/gpg3_cartographer:/home/ubuntu/gopi5go_desk/ros2ws/install/ros2_gopigo3_msg:/home/ubuntu/gopi5go_desk/ros2ws/install/dave_interfaces:/home/ubuntu/gopi5go_desk/simws/install/gpg3_simulations:/home/ubuntu/gopi5go_desk/simws/install/gpg3_fake_node:/home/ubuntu/gopi5go_desk/simws/install/gpg3_gazebo:/home/ubuntu/gopi5go_desk/ros2ws/install/teleop_gopigo3_keyboard:/home/ubuntu/gopi5go_desk/ros2ws/install/scan_client:/home/ubuntu/gopi5go_desk/ros2ws/install/gopi5go_dave:/home/ubuntu/gopi5go_desk/ros2ws/install/explorer_wanderer:/opt/ros/humble LD_LIBRARY_PATH=/home/ubuntu/gopi5go_desk/simws/install/gpg3_msgs/lib:/home/ubuntu/gopi5go_desk/ros2ws/install/ros2_gopigo3_msg/lib:/home/ubuntu/gopi5go_desk/ros2ws/install/dave_interfaces/lib:/usr/lib/x86_64-linux-gnu/gazebo-11/plugins:/opt/ros/humble/opt/rviz_ogre_vendor/lib:/opt/ros/humble/lib/x86_64-linux-gnu:/opt/ros/humble/lib /usr/bin/cmake --build /home/ubuntu/gopi5go_desk/simws/build/gpg3_fake_node -- -j4 -l4
[0.174s] Invoking command in '/home/ubuntu/gopi5go_desk/simws/build/gpg3_fake_node': CMAKE_PREFIX_PATH=/home/ubuntu/gopi5go_desk/simws/install/gpg3_msgs:/home/ubuntu/gopi5go_desk/simws/install/gpg3_cartographer:/home/ubuntu/gopi5go_desk/ros2ws/install/ros2_gopigo3_msg:/home/ubuntu/gopi5go_desk/ros2ws/install/dave_interfaces:/home/ubuntu/gopi5go_desk/simws/install/gpg3_simulations:/home/ubuntu/gopi5go_desk/simws/install/gpg3_fake_node:/home/ubuntu/gopi5go_desk/simws/install/gpg3_gazebo:/home/ubuntu/gopi5go_desk/ros2ws/install/teleop_gopigo3_keyboard:/home/ubuntu/gopi5go_desk/ros2ws/install/scan_client:/home/ubuntu/gopi5go_desk/ros2ws/install/gopi5go_dave:/home/ubuntu/gopi5go_desk/ros2ws/install/explorer_wanderer:/opt/ros/humble LD_LIBRARY_PATH=/home/ubuntu/gopi5go_desk/simws/install/gpg3_msgs/lib:/home/ubuntu/gopi5go_desk/ros2ws/install/ros2_gopigo3_msg/lib:/home/ubuntu/gopi5go_desk/ros2ws/install/dave_interfaces/lib:/usr/lib/x86_64-linux-gnu/gazebo-11/plugins:/opt/ros/humble/opt/rviz_ogre_vendor/lib:/opt/ros/humble/lib/x86_64-linux-gnu:/opt/ros/humble/lib /usr/bin/cmake --install /home/ubuntu/gopi5go_desk/simws/build/gpg3_fake_node
[0.184s] -- Install configuration: ""
[0.184s] -- Up-to-date: /home/ubuntu/gopi5go_desk/simws/install/gpg3_fake_node/lib/gpg3_fake_node/gpg3_fake_node
[0.184s] -- Up-to-date: /home/ubuntu/gopi5go_desk/simws/install/gpg3_fake_node/share/gpg3_fake_node/launch
[0.185s] -- Up-to-date: /home/ubuntu/gopi5go_desk/simws/install/gpg3_fake_node/share/gpg3_fake_node/launch/gpg3_fake_node.launch.py
[0.185s] -- Up-to-date: /home/ubuntu/gopi5go_desk/simws/install/gpg3_fake_node/share/gpg3_fake_node/launch/rviz2.launch.py
[0.185s] -- Up-to-date: /home/ubuntu/gopi5go_desk/simws/install/gpg3_fake_node/share/gpg3_fake_node/param
[0.185s] -- Up-to-date: /home/ubuntu/gopi5go_desk/simws/install/gpg3_fake_node/share/gpg3_fake_node/param/waffle_pi.yaml
[0.185s] -- Up-to-date: /home/ubuntu/gopi5go_desk/simws/install/gpg3_fake_node/share/gpg3_fake_node/param/gopigo3.yaml
[0.185s] -- Up-to-date: /home/ubuntu/gopi5go_desk/simws/install/gpg3_fake_node/share/gpg3_fake_node/param/burger.yaml
[0.185s] -- Up-to-date: /home/ubuntu/gopi5go_desk/simws/install/gpg3_fake_node/share/gpg3_fake_node/param/waffle.yaml
[0.185s] -- Up-to-date: /home/ubuntu/gopi5go_desk/simws/install/gpg3_fake_node/include/
[0.185s] -- Up-to-date: /home/ubuntu/gopi5go_desk/simws/install/gpg3_fake_node/include//gpg3_fake_node
[0.185s] -- Up-to-date: /home/ubuntu/gopi5go_desk/simws/install/gpg3_fake_node/include//gpg3_fake_node/gpg3_fake_node.hpp
[0.186s] -- Up-to-date: /home/ubuntu/gopi5go_desk/simws/install/gpg3_fake_node/share/ament_index/resource_index/package_run_dependencies/gpg3_fake_node
[0.186s] -- Up-to-date: /home/ubuntu/gopi5go_desk/simws/install/gpg3_fake_node/share/ament_index/resource_index/parent_prefix_path/gpg3_fake_node
[0.186s] -- Up-to-date: /home/ubuntu/gopi5go_desk/simws/install/gpg3_fake_node/share/gpg3_fake_node/environment/ament_prefix_path.sh
[0.186s] -- Up-to-date: /home/ubuntu/gopi5go_desk/simws/install/gpg3_fake_node/share/gpg3_fake_node/environment/ament_prefix_path.dsv
[0.186s] -- Up-to-date: /home/ubuntu/gopi5go_desk/simws/install/gpg3_fake_node/share/gpg3_fake_node/environment/path.sh
[0.186s] -- Up-to-date: /home/ubuntu/gopi5go_desk/simws/install/gpg3_fake_node/share/gpg3_fake_node/environment/path.dsv
[0.187s] -- Up-to-date: /home/ubuntu/gopi5go_desk/simws/install/gpg3_fake_node/share/gpg3_fake_node/local_setup.bash
[0.187s] -- Up-to-date: /home/ubuntu/gopi5go_desk/simws/install/gpg3_fake_node/share/gpg3_fake_node/local_setup.sh
[0.187s] -- Up-to-date: /home/ubuntu/gopi5go_desk/simws/install/gpg3_fake_node/share/gpg3_fake_node/local_setup.zsh
[0.187s] -- Up-to-date: /home/ubuntu/gopi5go_desk/simws/install/gpg3_fake_node/share/gpg3_fake_node/local_setup.dsv
[0.187s] -- Installing: /home/ubuntu/gopi5go_desk/simws/install/gpg3_fake_node/share/gpg3_fake_node/package.dsv
[0.187s] -- Up-to-date: /home/ubuntu/gopi5go_desk/simws/install/gpg3_fake_node/share/ament_index/resource_index/packages/gpg3_fake_node
[0.187s] -- Up-to-date: /home/ubuntu/gopi5go_desk/simws/install/gpg3_fake_node/share/gpg3_fake_node/cmake/ament_cmake_export_include_directories-extras.cmake
[0.187s] -- Up-to-date: /home/ubuntu/gopi5go_desk/simws/install/gpg3_fake_node/share/gpg3_fake_node/cmake/ament_cmake_export_dependencies-extras.cmake
[0.187s] -- Up-to-date: /home/ubuntu/gopi5go_desk/simws/install/gpg3_fake_node/share/gpg3_fake_node/cmake/gpg3_fake_nodeConfig.cmake
[0.188s] -- Up-to-date: /home/ubuntu/gopi5go_desk/simws/install/gpg3_fake_node/share/gpg3_fake_node/cmake/gpg3_fake_nodeConfig-version.cmake
[0.188s] -- Up-to-date: /home/ubuntu/gopi5go_desk/simws/install/gpg3_fake_node/share/gpg3_fake_node/package.xml
[0.190s] Invoked command in '/home/ubuntu/gopi5go_desk/simws/build/gpg3_fake_node' returned '0': CMAKE_PREFIX_PATH=/home/ubuntu/gopi5go_desk/simws/install/gpg3_msgs:/home/ubuntu/gopi5go_desk/simws/install/gpg3_cartographer:/home/ubuntu/gopi5go_desk/ros2ws/install/ros2_gopigo3_msg:/home/ubuntu/gopi5go_desk/ros2ws/install/dave_interfaces:/home/ubuntu/gopi5go_desk/simws/install/gpg3_simulations:/home/ubuntu/gopi5go_desk/simws/install/gpg3_fake_node:/home/ubuntu/gopi5go_desk/simws/install/gpg3_gazebo:/home/ubuntu/gopi5go_desk/ros2ws/install/teleop_gopigo3_keyboard:/home/ubuntu/gopi5go_desk/ros2ws/install/scan_client:/home/ubuntu/gopi5go_desk/ros2ws/install/gopi5go_dave:/home/ubuntu/gopi5go_desk/ros2ws/install/explorer_wanderer:/opt/ros/humble LD_LIBRARY_PATH=/home/ubuntu/gopi5go_desk/simws/install/gpg3_msgs/lib:/home/ubuntu/gopi5go_desk/ros2ws/install/ros2_gopigo3_msg/lib:/home/ubuntu/gopi5go_desk/ros2ws/install/dave_interfaces/lib:/usr/lib/x86_64-linux-gnu/gazebo-11/plugins:/opt/ros/humble/opt/rviz_ogre_vendor/lib:/opt/ros/humble/lib/x86_64-linux-gnu:/opt/ros/humble/lib /usr/bin/cmake --install /home/ubuntu/gopi5go_desk/simws/build/gpg3_fake_node
