[0.016s] Invoking command in '/home/ubuntu/gopi5go_desk/simws/build/gpg3_fake_node': CMAKE_PREFIX_PATH=/home/ubuntu/gopi5go_desk/simws/install/gpg3_msgs:/home/ubuntu/gopi5go_desk/simws/install/gpg3_simulations:/home/ubuntu/gopi5go_desk/simws/install/gpg3_fake_node:/home/ubuntu/gopi5go_desk/simws/install/gpg3_gazebo:/opt/ros/humble /usr/bin/cmake /home/ubuntu/gopi5go_desk/simws/src/gpg3_fake_node -DCMAKE_INSTALL_PREFIX=/home/ubuntu/gopi5go_desk/simws/install/gpg3_fake_node
[0.080s] -- The C compiler identification is GNU 11.4.0
[0.146s] -- The CXX compiler identification is GNU 11.4.0
[0.154s] -- Detecting C compiler ABI info
[0.243s] -- Detecting C compiler ABI info - done
[0.248s] -- Check for working C compiler: /usr/bin/cc - skipped
[0.249s] -- Detecting C compile features
[0.249s] -- Detecting C compile features - done
[0.252s] -- Detecting CXX compiler ABI info
[0.342s] -- Detecting CXX compiler ABI info - done
[0.352s] -- Check for working CXX compiler: /usr/bin/c++ - skipped
[0.352s] -- Detecting CXX compile features
[0.352s] -- Detecting CXX compile features - done
[0.353s] -- Found ament_cmake: 1.3.10 (/opt/ros/humble/share/ament_cmake/cmake)
[0.496s] -- Found Python3: /usr/bin/python3 (found version "3.10.12") found components: Interpreter 
[0.586s] -- Found geometry_msgs: 4.2.4 (/opt/ros/humble/share/geometry_msgs/cmake)
[0.629s] -- Found rosidl_generator_c: 3.1.5 (/opt/ros/humble/share/rosidl_generator_c/cmake)
[0.633s] -- Found rosidl_adapter: 3.1.5 (/opt/ros/humble/share/rosidl_adapter/cmake)
[0.645s] -- Found rosidl_generator_cpp: 3.1.5 (/opt/ros/humble/share/rosidl_generator_cpp/cmake)
[0.656s] -- Using all available rosidl_typesupport_c: rosidl_typesupport_fastrtps_c;rosidl_typesupport_introspection_c
[0.674s] -- Using all available rosidl_typesupport_cpp: rosidl_typesupport_fastrtps_cpp;rosidl_typesupport_introspection_cpp
[0.716s] -- Found nav_msgs: 4.2.4 (/opt/ros/humble/share/nav_msgs/cmake)
[0.737s] -- Found rclcpp: 16.0.10 (/opt/ros/humble/share/rclcpp/cmake)
[0.774s] -- Found rmw_implementation_cmake: 6.1.2 (/opt/ros/humble/share/rmw_implementation_cmake/cmake)
[0.776s] -- Found rmw_fastrtps_cpp: 6.2.7 (/opt/ros/humble/share/rmw_fastrtps_cpp/cmake)
[0.878s] -- Found OpenSSL: /usr/lib/x86_64-linux-gnu/libcrypto.so (found version "3.0.2")  
[0.905s] -- Found FastRTPS: /opt/ros/humble/include  
[0.963s] -- Using RMW implementation 'rmw_fastrtps_cpp' as default
[0.975s] -- Looking for pthread.h
[1.063s] -- Looking for pthread.h - found
[1.063s] -- Performing Test CMAKE_HAVE_LIBC_PTHREAD
[1.150s] -- Performing Test CMAKE_HAVE_LIBC_PTHREAD - Success
[1.151s] -- Found Threads: TRUE  
[1.204s] -- Found sensor_msgs: 4.2.4 (/opt/ros/humble/share/sensor_msgs/cmake)
[1.229s] -- Found tf2: 0.25.7 (/opt/ros/humble/share/tf2/cmake)
[1.246s] -- Found tf2_msgs: 0.25.7 (/opt/ros/humble/share/tf2_msgs/cmake)
[1.287s] -- Found gpg3_msgs: 2.2.3 (/home/ubuntu/gopi5go_desk/simws/install/gpg3_msgs/share/gpg3_msgs/cmake)
[1.369s] -- Configuring done
[1.383s] -- Generating done
[1.385s] -- Build files have been written to: /home/ubuntu/gopi5go_desk/simws/build/gpg3_fake_node
[1.396s] Invoked command in '/home/ubuntu/gopi5go_desk/simws/build/gpg3_fake_node' returned '0': CMAKE_PREFIX_PATH=/home/ubuntu/gopi5go_desk/simws/install/gpg3_msgs:/home/ubuntu/gopi5go_desk/simws/install/gpg3_simulations:/home/ubuntu/gopi5go_desk/simws/install/gpg3_fake_node:/home/ubuntu/gopi5go_desk/simws/install/gpg3_gazebo:/opt/ros/humble /usr/bin/cmake /home/ubuntu/gopi5go_desk/simws/src/gpg3_fake_node -DCMAKE_INSTALL_PREFIX=/home/ubuntu/gopi5go_desk/simws/install/gpg3_fake_node
[1.398s] Invoking command in '/home/ubuntu/gopi5go_desk/simws/build/gpg3_fake_node': CMAKE_PREFIX_PATH=/home/ubuntu/gopi5go_desk/simws/install/gpg3_msgs:/home/ubuntu/gopi5go_desk/simws/install/gpg3_simulations:/home/ubuntu/gopi5go_desk/simws/install/gpg3_fake_node:/home/ubuntu/gopi5go_desk/simws/install/gpg3_gazebo:/opt/ros/humble /usr/bin/cmake --build /home/ubuntu/gopi5go_desk/simws/build/gpg3_fake_node -- -j4 -l4
[1.460s] [ 50%] [32mBuilding CXX object CMakeFiles/gpg3_fake_node.dir/src/gpg3_fake_node.cpp.o[0m
[10.912s] [100%] [32m[1mLinking CXX executable gpg3_fake_node[0m
[11.409s] [100%] Built target gpg3_fake_node
[11.421s] Invoked command in '/home/ubuntu/gopi5go_desk/simws/build/gpg3_fake_node' returned '0': CMAKE_PREFIX_PATH=/home/ubuntu/gopi5go_desk/simws/install/gpg3_msgs:/home/ubuntu/gopi5go_desk/simws/install/gpg3_simulations:/home/ubuntu/gopi5go_desk/simws/install/gpg3_fake_node:/home/ubuntu/gopi5go_desk/simws/install/gpg3_gazebo:/opt/ros/humble /usr/bin/cmake --build /home/ubuntu/gopi5go_desk/simws/build/gpg3_fake_node -- -j4 -l4
[11.469s] Invoking command in '/home/ubuntu/gopi5go_desk/simws/build/gpg3_fake_node': CMAKE_PREFIX_PATH=/home/ubuntu/gopi5go_desk/simws/install/gpg3_msgs:/home/ubuntu/gopi5go_desk/simws/install/gpg3_simulations:/home/ubuntu/gopi5go_desk/simws/install/gpg3_fake_node:/home/ubuntu/gopi5go_desk/simws/install/gpg3_gazebo:/opt/ros/humble /usr/bin/cmake --install /home/ubuntu/gopi5go_desk/simws/build/gpg3_fake_node
[11.477s] -- Install configuration: ""
[11.477s] -- Installing: /home/ubuntu/gopi5go_desk/simws/install/gpg3_fake_node/lib/gpg3_fake_node/gpg3_fake_node
[11.481s] -- Set runtime path of "/home/ubuntu/gopi5go_desk/simws/install/gpg3_fake_node/lib/gpg3_fake_node/gpg3_fake_node" to ""
[11.481s] -- Installing: /home/ubuntu/gopi5go_desk/simws/install/gpg3_fake_node/share/gpg3_fake_node/launch
[11.481s] -- Installing: /home/ubuntu/gopi5go_desk/simws/install/gpg3_fake_node/share/gpg3_fake_node/launch/gpg3_fake_node.launch.py
[11.482s] -- Installing: /home/ubuntu/gopi5go_desk/simws/install/gpg3_fake_node/share/gpg3_fake_node/launch/rviz2.launch.py
[11.482s] -- Installing: /home/ubuntu/gopi5go_desk/simws/install/gpg3_fake_node/share/gpg3_fake_node/param
[11.482s] -- Installing: /home/ubuntu/gopi5go_desk/simws/install/gpg3_fake_node/share/gpg3_fake_node/param/waffle_pi.yaml
[11.482s] -- Installing: /home/ubuntu/gopi5go_desk/simws/install/gpg3_fake_node/share/gpg3_fake_node/param/gopigo3.yaml
[11.482s] -- Installing: /home/ubuntu/gopi5go_desk/simws/install/gpg3_fake_node/share/gpg3_fake_node/param/burger.yaml
[11.482s] -- Installing: /home/ubuntu/gopi5go_desk/simws/install/gpg3_fake_node/share/gpg3_fake_node/param/waffle.yaml
[11.482s] -- Installing: /home/ubuntu/gopi5go_desk/simws/install/gpg3_fake_node/include/
[11.482s] -- Installing: /home/ubuntu/gopi5go_desk/simws/install/gpg3_fake_node/include//gpg3_fake_node
[11.483s] -- Installing: /home/ubuntu/gopi5go_desk/simws/install/gpg3_fake_node/include//gpg3_fake_node/gpg3_fake_node.hpp
[11.483s] -- Installing: /home/ubuntu/gopi5go_desk/simws/install/gpg3_fake_node/share/ament_index/resource_index/package_run_dependencies/gpg3_fake_node
[11.483s] -- Installing: /home/ubuntu/gopi5go_desk/simws/install/gpg3_fake_node/share/ament_index/resource_index/parent_prefix_path/gpg3_fake_node
[11.483s] -- Installing: /home/ubuntu/gopi5go_desk/simws/install/gpg3_fake_node/share/gpg3_fake_node/environment/ament_prefix_path.sh
[11.483s] -- Installing: /home/ubuntu/gopi5go_desk/simws/install/gpg3_fake_node/share/gpg3_fake_node/environment/ament_prefix_path.dsv
[11.483s] -- Installing: /home/ubuntu/gopi5go_desk/simws/install/gpg3_fake_node/share/gpg3_fake_node/environment/path.sh
[11.483s] -- Installing: /home/ubuntu/gopi5go_desk/simws/install/gpg3_fake_node/share/gpg3_fake_node/environment/path.dsv
[11.483s] -- Installing: /home/ubuntu/gopi5go_desk/simws/install/gpg3_fake_node/share/gpg3_fake_node/local_setup.bash
[11.484s] -- Installing: /home/ubuntu/gopi5go_desk/simws/install/gpg3_fake_node/share/gpg3_fake_node/local_setup.sh
[11.484s] -- Installing: /home/ubuntu/gopi5go_desk/simws/install/gpg3_fake_node/share/gpg3_fake_node/local_setup.zsh
[11.484s] -- Installing: /home/ubuntu/gopi5go_desk/simws/install/gpg3_fake_node/share/gpg3_fake_node/local_setup.dsv
[11.484s] -- Installing: /home/ubuntu/gopi5go_desk/simws/install/gpg3_fake_node/share/gpg3_fake_node/package.dsv
[11.484s] -- Installing: /home/ubuntu/gopi5go_desk/simws/install/gpg3_fake_node/share/ament_index/resource_index/packages/gpg3_fake_node
[11.484s] -- Installing: /home/ubuntu/gopi5go_desk/simws/install/gpg3_fake_node/share/gpg3_fake_node/cmake/ament_cmake_export_include_directories-extras.cmake
[11.485s] -- Installing: /home/ubuntu/gopi5go_desk/simws/install/gpg3_fake_node/share/gpg3_fake_node/cmake/ament_cmake_export_dependencies-extras.cmake
[11.485s] -- Installing: /home/ubuntu/gopi5go_desk/simws/install/gpg3_fake_node/share/gpg3_fake_node/cmake/gpg3_fake_nodeConfig.cmake
[11.485s] -- Installing: /home/ubuntu/gopi5go_desk/simws/install/gpg3_fake_node/share/gpg3_fake_node/cmake/gpg3_fake_nodeConfig-version.cmake
[11.485s] -- Installing: /home/ubuntu/gopi5go_desk/simws/install/gpg3_fake_node/share/gpg3_fake_node/package.xml
[11.487s] Invoked command in '/home/ubuntu/gopi5go_desk/simws/build/gpg3_fake_node' returned '0': CMAKE_PREFIX_PATH=/home/ubuntu/gopi5go_desk/simws/install/gpg3_msgs:/home/ubuntu/gopi5go_desk/simws/install/gpg3_simulations:/home/ubuntu/gopi5go_desk/simws/install/gpg3_fake_node:/home/ubuntu/gopi5go_desk/simws/install/gpg3_gazebo:/opt/ros/humble /usr/bin/cmake --install /home/ubuntu/gopi5go_desk/simws/build/gpg3_fake_node
