[0.017s] Invoking command in '/home/ubuntu/gopi5go_desk/simws/build/gpg3_simulations': CMAKE_PREFIX_PATH=/home/ubuntu/gopi5go_desk/simws/install/gpg3_fake_node:/home/ubuntu/gopi5go_desk/simws/install/gpg3_msgs:/home/ubuntu/gopi5go_desk/simws/install/gpg3_gazebo:/home/ubuntu/gopi5go_desk/simws/install/gpg3_simulations:/opt/ros/humble /usr/bin/cmake /home/ubuntu/gopi5go_desk/simws/src/gpg3_simulations -DCMAKE_INSTALL_PREFIX=/home/ubuntu/gopi5go_desk/simws/install/gpg3_simulations
[0.088s] -- The C compiler identification is GNU 11.4.0
[0.151s] -- The CXX compiler identification is GNU 11.4.0
[0.160s] -- Detecting C compiler ABI info
[0.253s] -- Detecting C compiler ABI info - done
[0.260s] -- Check for working C compiler: /usr/bin/cc - skipped
[0.260s] -- Detecting C compile features
[0.261s] -- Detecting C compile features - done
[0.264s] -- Detecting CXX compiler ABI info
[0.361s] -- Detecting CXX compiler ABI info - done
[0.368s] -- Check for working CXX compiler: /usr/bin/c++ - skipped
[0.368s] -- Detecting CXX compile features
[0.369s] -- Detecting CXX compile features - done
[0.372s] -- Found ament_cmake: 1.3.10 (/opt/ros/humble/share/ament_cmake/cmake)
[0.545s] -- Found Python3: /usr/bin/python3 (found version "3.10.12") found components: Interpreter 
[0.712s] -- Configuring done
[0.714s] -- Generating done
[0.715s] -- Build files have been written to: /home/ubuntu/gopi5go_desk/simws/build/gpg3_simulations
[0.721s] Invoked command in '/home/ubuntu/gopi5go_desk/simws/build/gpg3_simulations' returned '0': CMAKE_PREFIX_PATH=/home/ubuntu/gopi5go_desk/simws/install/gpg3_fake_node:/home/ubuntu/gopi5go_desk/simws/install/gpg3_msgs:/home/ubuntu/gopi5go_desk/simws/install/gpg3_gazebo:/home/ubuntu/gopi5go_desk/simws/install/gpg3_simulations:/opt/ros/humble /usr/bin/cmake /home/ubuntu/gopi5go_desk/simws/src/gpg3_simulations -DCMAKE_INSTALL_PREFIX=/home/ubuntu/gopi5go_desk/simws/install/gpg3_simulations
[0.722s] Invoking command in '/home/ubuntu/gopi5go_desk/simws/build/gpg3_simulations': CMAKE_PREFIX_PATH=/home/ubuntu/gopi5go_desk/simws/install/gpg3_fake_node:/home/ubuntu/gopi5go_desk/simws/install/gpg3_msgs:/home/ubuntu/gopi5go_desk/simws/install/gpg3_gazebo:/home/ubuntu/gopi5go_desk/simws/install/gpg3_simulations:/opt/ros/humble /usr/bin/cmake --build /home/ubuntu/gopi5go_desk/simws/build/gpg3_simulations -- -j4 -l4
[0.767s] Invoked command in '/home/ubuntu/gopi5go_desk/simws/build/gpg3_simulations' returned '0': CMAKE_PREFIX_PATH=/home/ubuntu/gopi5go_desk/simws/install/gpg3_fake_node:/home/ubuntu/gopi5go_desk/simws/install/gpg3_msgs:/home/ubuntu/gopi5go_desk/simws/install/gpg3_gazebo:/home/ubuntu/gopi5go_desk/simws/install/gpg3_simulations:/opt/ros/humble /usr/bin/cmake --build /home/ubuntu/gopi5go_desk/simws/build/gpg3_simulations -- -j4 -l4
[0.812s] Invoking command in '/home/ubuntu/gopi5go_desk/simws/build/gpg3_simulations': CMAKE_PREFIX_PATH=/home/ubuntu/gopi5go_desk/simws/install/gpg3_fake_node:/home/ubuntu/gopi5go_desk/simws/install/gpg3_msgs:/home/ubuntu/gopi5go_desk/simws/install/gpg3_gazebo:/home/ubuntu/gopi5go_desk/simws/install/gpg3_simulations:/opt/ros/humble /usr/bin/cmake --install /home/ubuntu/gopi5go_desk/simws/build/gpg3_simulations
[0.821s] -- Install configuration: ""
[0.821s] -- Installing: /home/ubuntu/gopi5go_desk/simws/install/gpg3_simulations/share/ament_index/resource_index/package_run_dependencies/gpg3_simulations
[0.822s] -- Installing: /home/ubuntu/gopi5go_desk/simws/install/gpg3_simulations/share/ament_index/resource_index/parent_prefix_path/gpg3_simulations
[0.822s] -- Installing: /home/ubuntu/gopi5go_desk/simws/install/gpg3_simulations/share/gpg3_simulations/environment/ament_prefix_path.sh
[0.822s] -- Installing: /home/ubuntu/gopi5go_desk/simws/install/gpg3_simulations/share/gpg3_simulations/environment/ament_prefix_path.dsv
[0.822s] -- Installing: /home/ubuntu/gopi5go_desk/simws/install/gpg3_simulations/share/gpg3_simulations/environment/path.sh
[0.822s] -- Installing: /home/ubuntu/gopi5go_desk/simws/install/gpg3_simulations/share/gpg3_simulations/environment/path.dsv
[0.822s] -- Installing: /home/ubuntu/gopi5go_desk/simws/install/gpg3_simulations/share/gpg3_simulations/local_setup.bash
[0.822s] -- Installing: /home/ubuntu/gopi5go_desk/simws/install/gpg3_simulations/share/gpg3_simulations/local_setup.sh
[0.823s] -- Installing: /home/ubuntu/gopi5go_desk/simws/install/gpg3_simulations/share/gpg3_simulations/local_setup.zsh
[0.823s] -- Installing: /home/ubuntu/gopi5go_desk/simws/install/gpg3_simulations/share/gpg3_simulations/local_setup.dsv
[0.823s] -- Installing: /home/ubuntu/gopi5go_desk/simws/install/gpg3_simulations/share/gpg3_simulations/package.dsv
[0.823s] -- Installing: /home/ubuntu/gopi5go_desk/simws/install/gpg3_simulations/share/ament_index/resource_index/packages/gpg3_simulations
[0.823s] -- Installing: /home/ubuntu/gopi5go_desk/simws/install/gpg3_simulations/share/gpg3_simulations/cmake/gpg3_simulationsConfig.cmake
[0.823s] -- Installing: /home/ubuntu/gopi5go_desk/simws/install/gpg3_simulations/share/gpg3_simulations/cmake/gpg3_simulationsConfig-version.cmake
[0.824s] -- Installing: /home/ubuntu/gopi5go_desk/simws/install/gpg3_simulations/share/gpg3_simulations/package.xml
[0.826s] Invoked command in '/home/ubuntu/gopi5go_desk/simws/build/gpg3_simulations' returned '0': CMAKE_PREFIX_PATH=/home/ubuntu/gopi5go_desk/simws/install/gpg3_fake_node:/home/ubuntu/gopi5go_desk/simws/install/gpg3_msgs:/home/ubuntu/gopi5go_desk/simws/install/gpg3_gazebo:/home/ubuntu/gopi5go_desk/simws/install/gpg3_simulations:/opt/ros/humble /usr/bin/cmake --install /home/ubuntu/gopi5go_desk/simws/build/gpg3_simulations
