[  1%] Built target gpg3_msgs__cpp
[ 12%] Built target gpg3_msgs__rosidl_generator_c
[ 12%] Built target ament_cmake_python_copy_gpg3_msgs
[ 23%] Built target gpg3_msgs__rosidl_typesupport_introspection_cpp
[ 35%] Built target gpg3_msgs__rosidl_typesupport_cpp
[ 46%] Built target gpg3_msgs__rosidl_typesupport_fastrtps_cpp
[ 57%] Built target gpg3_msgs__rosidl_typesupport_fastrtps_c
[ 80%] Built target gpg3_msgs__rosidl_typesupport_introspection_c
[ 80%] Built target gpg3_msgs__rosidl_typesupport_c
[ 80%] Built target gpg3_msgs
[ 81%] Built target gpg3_msgs__py
[ 91%] Built target gpg3_msgs__rosidl_generator_py
[ 94%] Built target gpg3_msgs__rosidl_typesupport_fastrtps_c__pyext
[ 97%] Built target gpg3_msgs__rosidl_typesupport_c__pyext
[100%] Built target gpg3_msgs__rosidl_typesupport_introspection_c__pyext
running egg_info
writing gpg3_msgs.egg-info/PKG-INFO
writing dependency_links to gpg3_msgs.egg-info/dependency_links.txt
writing top-level names to gpg3_msgs.egg-info/top_level.txt
reading manifest file 'gpg3_msgs.egg-info/SOURCES.txt'
writing manifest file 'gpg3_msgs.egg-info/SOURCES.txt'
[100%] Built target ament_cmake_python_build_gpg3_msgs_egg
-- Install configuration: ""
-- Up-to-date: /home/ubuntu/gopi5go_desk/simws/install/gpg3_msgs/share/ament_index/resource_index/rosidl_interfaces/gpg3_msgs
-- Up-to-date: /home/ubuntu/gopi5go_desk/simws/install/gpg3_msgs/include/gpg3_msgs/gpg3_msgs
-- Up-to-date: /home/ubuntu/gopi5go_desk/simws/install/gpg3_msgs/include/gpg3_msgs/gpg3_msgs/action
-- Up-to-date: /home/ubuntu/gopi5go_desk/simws/install/gpg3_msgs/include/gpg3_msgs/gpg3_msgs/action/detail
-- Up-to-date: /home/ubuntu/gopi5go_desk/simws/install/gpg3_msgs/include/gpg3_msgs/gpg3_msgs/action/detail/patrol__struct.h
-- Up-to-date: /home/ubuntu/gopi5go_desk/simws/install/gpg3_msgs/include/gpg3_msgs/gpg3_msgs/action/detail/patrol__type_support.h
-- Up-to-date: /home/ubuntu/gopi5go_desk/simws/install/gpg3_msgs/include/gpg3_msgs/gpg3_msgs/action/detail/patrol__functions.h
-- Up-to-date: /home/ubuntu/gopi5go_desk/simws/install/gpg3_msgs/include/gpg3_msgs/gpg3_msgs/action/detail/patrol__functions.c
-- Up-to-date: /home/ubuntu/gopi5go_desk/simws/install/gpg3_msgs/include/gpg3_msgs/gpg3_msgs/action/patrol.h
-- Up-to-date: /home/ubuntu/gopi5go_desk/simws/install/gpg3_msgs/include/gpg3_msgs/gpg3_msgs/msg
-- Up-to-date: /home/ubuntu/gopi5go_desk/simws/install/gpg3_msgs/include/gpg3_msgs/gpg3_msgs/msg/rosidl_generator_c__visibility_control.h
-- Up-to-date: /home/ubuntu/gopi5go_desk/simws/install/gpg3_msgs/include/gpg3_msgs/gpg3_msgs/msg/sensor_state.h
-- Up-to-date: /home/ubuntu/gopi5go_desk/simws/install/gpg3_msgs/include/gpg3_msgs/gpg3_msgs/msg/detail
-- Up-to-date: /home/ubuntu/gopi5go_desk/simws/install/gpg3_msgs/include/gpg3_msgs/gpg3_msgs/msg/detail/sound__functions.h
-- Up-to-date: /home/ubuntu/gopi5go_desk/simws/install/gpg3_msgs/include/gpg3_msgs/gpg3_msgs/msg/detail/sensor_state__functions.h
-- Up-to-date: /home/ubuntu/gopi5go_desk/simws/install/gpg3_msgs/include/gpg3_msgs/gpg3_msgs/msg/detail/sound__struct.h
-- Up-to-date: /home/ubuntu/gopi5go_desk/simws/install/gpg3_msgs/include/gpg3_msgs/gpg3_msgs/msg/detail/sound__functions.c
-- Up-to-date: /home/ubuntu/gopi5go_desk/simws/install/gpg3_msgs/include/gpg3_msgs/gpg3_msgs/msg/detail/version_info__functions.c
-- Up-to-date: /home/ubuntu/gopi5go_desk/simws/install/gpg3_msgs/include/gpg3_msgs/gpg3_msgs/msg/detail/version_info__functions.h
-- Up-to-date: /home/ubuntu/gopi5go_desk/simws/install/gpg3_msgs/include/gpg3_msgs/gpg3_msgs/msg/detail/sensor_state__struct.h
-- Up-to-date: /home/ubuntu/gopi5go_desk/simws/install/gpg3_msgs/include/gpg3_msgs/gpg3_msgs/msg/detail/version_info__type_support.h
-- Up-to-date: /home/ubuntu/gopi5go_desk/simws/install/gpg3_msgs/include/gpg3_msgs/gpg3_msgs/msg/detail/sound__type_support.h
-- Up-to-date: /home/ubuntu/gopi5go_desk/simws/install/gpg3_msgs/include/gpg3_msgs/gpg3_msgs/msg/detail/version_info__struct.h
-- Up-to-date: /home/ubuntu/gopi5go_desk/simws/install/gpg3_msgs/include/gpg3_msgs/gpg3_msgs/msg/detail/sensor_state__functions.c
-- Up-to-date: /home/ubuntu/gopi5go_desk/simws/install/gpg3_msgs/include/gpg3_msgs/gpg3_msgs/msg/detail/sensor_state__type_support.h
-- Up-to-date: /home/ubuntu/gopi5go_desk/simws/install/gpg3_msgs/include/gpg3_msgs/gpg3_msgs/msg/version_info.h
-- Up-to-date: /home/ubuntu/gopi5go_desk/simws/install/gpg3_msgs/include/gpg3_msgs/gpg3_msgs/msg/sound.h
-- Up-to-date: /home/ubuntu/gopi5go_desk/simws/install/gpg3_msgs/include/gpg3_msgs/gpg3_msgs/srv
-- Up-to-date: /home/ubuntu/gopi5go_desk/simws/install/gpg3_msgs/include/gpg3_msgs/gpg3_msgs/srv/detail
-- Up-to-date: /home/ubuntu/gopi5go_desk/simws/install/gpg3_msgs/include/gpg3_msgs/gpg3_msgs/srv/detail/dqn__type_support.h
-- Up-to-date: /home/ubuntu/gopi5go_desk/simws/install/gpg3_msgs/include/gpg3_msgs/gpg3_msgs/srv/detail/sound__functions.h
-- Up-to-date: /home/ubuntu/gopi5go_desk/simws/install/gpg3_msgs/include/gpg3_msgs/gpg3_msgs/srv/detail/sound__struct.h
-- Up-to-date: /home/ubuntu/gopi5go_desk/simws/install/gpg3_msgs/include/gpg3_msgs/gpg3_msgs/srv/detail/sound__functions.c
-- Up-to-date: /home/ubuntu/gopi5go_desk/simws/install/gpg3_msgs/include/gpg3_msgs/gpg3_msgs/srv/detail/dqn__struct.h
-- Up-to-date: /home/ubuntu/gopi5go_desk/simws/install/gpg3_msgs/include/gpg3_msgs/gpg3_msgs/srv/detail/sound__type_support.h
-- Up-to-date: /home/ubuntu/gopi5go_desk/simws/install/gpg3_msgs/include/gpg3_msgs/gpg3_msgs/srv/detail/dqn__functions.c
-- Up-to-date: /home/ubuntu/gopi5go_desk/simws/install/gpg3_msgs/include/gpg3_msgs/gpg3_msgs/srv/detail/dqn__functions.h
-- Up-to-date: /home/ubuntu/gopi5go_desk/simws/install/gpg3_msgs/include/gpg3_msgs/gpg3_msgs/srv/dqn.h
-- Up-to-date: /home/ubuntu/gopi5go_desk/simws/install/gpg3_msgs/include/gpg3_msgs/gpg3_msgs/srv/sound.h
-- Up-to-date: /home/ubuntu/gopi5go_desk/simws/install/gpg3_msgs/share/gpg3_msgs/environment/library_path.sh
-- Up-to-date: /home/ubuntu/gopi5go_desk/simws/install/gpg3_msgs/share/gpg3_msgs/environment/library_path.dsv
-- Up-to-date: /home/ubuntu/gopi5go_desk/simws/install/gpg3_msgs/lib/libgpg3_msgs__rosidl_generator_c.so
-- Up-to-date: /home/ubuntu/gopi5go_desk/simws/install/gpg3_msgs/include/gpg3_msgs/gpg3_msgs
-- Up-to-date: /home/ubuntu/gopi5go_desk/simws/install/gpg3_msgs/include/gpg3_msgs/gpg3_msgs/action
-- Up-to-date: /home/ubuntu/gopi5go_desk/simws/install/gpg3_msgs/include/gpg3_msgs/gpg3_msgs/action/detail
-- Up-to-date: /home/ubuntu/gopi5go_desk/simws/install/gpg3_msgs/include/gpg3_msgs/gpg3_msgs/action/detail/patrol__rosidl_typesupport_fastrtps_c.h
-- Up-to-date: /home/ubuntu/gopi5go_desk/simws/install/gpg3_msgs/include/gpg3_msgs/gpg3_msgs/msg
-- Up-to-date: /home/ubuntu/gopi5go_desk/simws/install/gpg3_msgs/include/gpg3_msgs/gpg3_msgs/msg/detail
-- Up-to-date: /home/ubuntu/gopi5go_desk/simws/install/gpg3_msgs/include/gpg3_msgs/gpg3_msgs/msg/detail/version_info__rosidl_typesupport_fastrtps_c.h
-- Up-to-date: /home/ubuntu/gopi5go_desk/simws/install/gpg3_msgs/include/gpg3_msgs/gpg3_msgs/msg/detail/sensor_state__rosidl_typesupport_fastrtps_c.h
-- Up-to-date: /home/ubuntu/gopi5go_desk/simws/install/gpg3_msgs/include/gpg3_msgs/gpg3_msgs/msg/detail/sound__rosidl_typesupport_fastrtps_c.h
-- Up-to-date: /home/ubuntu/gopi5go_desk/simws/install/gpg3_msgs/include/gpg3_msgs/gpg3_msgs/msg/rosidl_typesupport_fastrtps_c__visibility_control.h
-- Up-to-date: /home/ubuntu/gopi5go_desk/simws/install/gpg3_msgs/include/gpg3_msgs/gpg3_msgs/srv
-- Up-to-date: /home/ubuntu/gopi5go_desk/simws/install/gpg3_msgs/include/gpg3_msgs/gpg3_msgs/srv/detail
-- Up-to-date: /home/ubuntu/gopi5go_desk/simws/install/gpg3_msgs/include/gpg3_msgs/gpg3_msgs/srv/detail/dqn__rosidl_typesupport_fastrtps_c.h
-- Up-to-date: /home/ubuntu/gopi5go_desk/simws/install/gpg3_msgs/include/gpg3_msgs/gpg3_msgs/srv/detail/sound__rosidl_typesupport_fastrtps_c.h
-- Up-to-date: /home/ubuntu/gopi5go_desk/simws/install/gpg3_msgs/lib/libgpg3_msgs__rosidl_typesupport_fastrtps_c.so
-- Up-to-date: /home/ubuntu/gopi5go_desk/simws/install/gpg3_msgs/include/gpg3_msgs/gpg3_msgs
-- Up-to-date: /home/ubuntu/gopi5go_desk/simws/install/gpg3_msgs/include/gpg3_msgs/gpg3_msgs/action
-- Up-to-date: /home/ubuntu/gopi5go_desk/simws/install/gpg3_msgs/include/gpg3_msgs/gpg3_msgs/action/detail
-- Up-to-date: /home/ubuntu/gopi5go_desk/simws/install/gpg3_msgs/include/gpg3_msgs/gpg3_msgs/action/detail/patrol__builder.hpp
-- Up-to-date: /home/ubuntu/gopi5go_desk/simws/install/gpg3_msgs/include/gpg3_msgs/gpg3_msgs/action/detail/patrol__traits.hpp
-- Up-to-date: /home/ubuntu/gopi5go_desk/simws/install/gpg3_msgs/include/gpg3_msgs/gpg3_msgs/action/detail/patrol__struct.hpp
-- Up-to-date: /home/ubuntu/gopi5go_desk/simws/install/gpg3_msgs/include/gpg3_msgs/gpg3_msgs/action/patrol.hpp
-- Up-to-date: /home/ubuntu/gopi5go_desk/simws/install/gpg3_msgs/include/gpg3_msgs/gpg3_msgs/msg
-- Up-to-date: /home/ubuntu/gopi5go_desk/simws/install/gpg3_msgs/include/gpg3_msgs/gpg3_msgs/msg/detail
-- Up-to-date: /home/ubuntu/gopi5go_desk/simws/install/gpg3_msgs/include/gpg3_msgs/gpg3_msgs/msg/detail/sensor_state__builder.hpp
-- Up-to-date: /home/ubuntu/gopi5go_desk/simws/install/gpg3_msgs/include/gpg3_msgs/gpg3_msgs/msg/detail/version_info__builder.hpp
-- Up-to-date: /home/ubuntu/gopi5go_desk/simws/install/gpg3_msgs/include/gpg3_msgs/gpg3_msgs/msg/detail/version_info__traits.hpp
-- Up-to-date: /home/ubuntu/gopi5go_desk/simws/install/gpg3_msgs/include/gpg3_msgs/gpg3_msgs/msg/detail/sound__traits.hpp
-- Up-to-date: /home/ubuntu/gopi5go_desk/simws/install/gpg3_msgs/include/gpg3_msgs/gpg3_msgs/msg/detail/sound__builder.hpp
-- Up-to-date: /home/ubuntu/gopi5go_desk/simws/install/gpg3_msgs/include/gpg3_msgs/gpg3_msgs/msg/detail/sensor_state__traits.hpp
-- Up-to-date: /home/ubuntu/gopi5go_desk/simws/install/gpg3_msgs/include/gpg3_msgs/gpg3_msgs/msg/detail/sound__struct.hpp
-- Up-to-date: /home/ubuntu/gopi5go_desk/simws/install/gpg3_msgs/include/gpg3_msgs/gpg3_msgs/msg/detail/sensor_state__struct.hpp
-- Up-to-date: /home/ubuntu/gopi5go_desk/simws/install/gpg3_msgs/include/gpg3_msgs/gpg3_msgs/msg/detail/version_info__struct.hpp
-- Up-to-date: /home/ubuntu/gopi5go_desk/simws/install/gpg3_msgs/include/gpg3_msgs/gpg3_msgs/msg/sound.hpp
-- Up-to-date: /home/ubuntu/gopi5go_desk/simws/install/gpg3_msgs/include/gpg3_msgs/gpg3_msgs/msg/version_info.hpp
-- Up-to-date: /home/ubuntu/gopi5go_desk/simws/install/gpg3_msgs/include/gpg3_msgs/gpg3_msgs/msg/sensor_state.hpp
-- Up-to-date: /home/ubuntu/gopi5go_desk/simws/install/gpg3_msgs/include/gpg3_msgs/gpg3_msgs/srv
-- Up-to-date: /home/ubuntu/gopi5go_desk/simws/install/gpg3_msgs/include/gpg3_msgs/gpg3_msgs/srv/detail
-- Up-to-date: /home/ubuntu/gopi5go_desk/simws/install/gpg3_msgs/include/gpg3_msgs/gpg3_msgs/srv/detail/dqn__builder.hpp
-- Up-to-date: /home/ubuntu/gopi5go_desk/simws/install/gpg3_msgs/include/gpg3_msgs/gpg3_msgs/srv/detail/dqn__struct.hpp
-- Up-to-date: /home/ubuntu/gopi5go_desk/simws/install/gpg3_msgs/include/gpg3_msgs/gpg3_msgs/srv/detail/sound__traits.hpp
-- Up-to-date: /home/ubuntu/gopi5go_desk/simws/install/gpg3_msgs/include/gpg3_msgs/gpg3_msgs/srv/detail/dqn__traits.hpp
-- Up-to-date: /home/ubuntu/gopi5go_desk/simws/install/gpg3_msgs/include/gpg3_msgs/gpg3_msgs/srv/detail/sound__builder.hpp
-- Up-to-date: /home/ubuntu/gopi5go_desk/simws/install/gpg3_msgs/include/gpg3_msgs/gpg3_msgs/srv/detail/sound__struct.hpp
-- Up-to-date: /home/ubuntu/gopi5go_desk/simws/install/gpg3_msgs/include/gpg3_msgs/gpg3_msgs/srv/dqn.hpp
-- Up-to-date: /home/ubuntu/gopi5go_desk/simws/install/gpg3_msgs/include/gpg3_msgs/gpg3_msgs/srv/sound.hpp
-- Up-to-date: /home/ubuntu/gopi5go_desk/simws/install/gpg3_msgs/include/gpg3_msgs/gpg3_msgs
-- Up-to-date: /home/ubuntu/gopi5go_desk/simws/install/gpg3_msgs/include/gpg3_msgs/gpg3_msgs/action
-- Up-to-date: /home/ubuntu/gopi5go_desk/simws/install/gpg3_msgs/include/gpg3_msgs/gpg3_msgs/action/detail
-- Up-to-date: /home/ubuntu/gopi5go_desk/simws/install/gpg3_msgs/include/gpg3_msgs/gpg3_msgs/action/detail/patrol__rosidl_typesupport_fastrtps_cpp.hpp
-- Up-to-date: /home/ubuntu/gopi5go_desk/simws/install/gpg3_msgs/include/gpg3_msgs/gpg3_msgs/action/detail/dds_fastrtps
-- Up-to-date: /home/ubuntu/gopi5go_desk/simws/install/gpg3_msgs/include/gpg3_msgs/gpg3_msgs/msg
-- Up-to-date: /home/ubuntu/gopi5go_desk/simws/install/gpg3_msgs/include/gpg3_msgs/gpg3_msgs/msg/detail
-- Up-to-date: /home/ubuntu/gopi5go_desk/simws/install/gpg3_msgs/include/gpg3_msgs/gpg3_msgs/msg/detail/sound__rosidl_typesupport_fastrtps_cpp.hpp
-- Up-to-date: /home/ubuntu/gopi5go_desk/simws/install/gpg3_msgs/include/gpg3_msgs/gpg3_msgs/msg/detail/dds_fastrtps
-- Up-to-date: /home/ubuntu/gopi5go_desk/simws/install/gpg3_msgs/include/gpg3_msgs/gpg3_msgs/msg/detail/sensor_state__rosidl_typesupport_fastrtps_cpp.hpp
-- Up-to-date: /home/ubuntu/gopi5go_desk/simws/install/gpg3_msgs/include/gpg3_msgs/gpg3_msgs/msg/detail/version_info__rosidl_typesupport_fastrtps_cpp.hpp
-- Up-to-date: /home/ubuntu/gopi5go_desk/simws/install/gpg3_msgs/include/gpg3_msgs/gpg3_msgs/msg/rosidl_typesupport_fastrtps_cpp__visibility_control.h
-- Up-to-date: /home/ubuntu/gopi5go_desk/simws/install/gpg3_msgs/include/gpg3_msgs/gpg3_msgs/srv
-- Up-to-date: /home/ubuntu/gopi5go_desk/simws/install/gpg3_msgs/include/gpg3_msgs/gpg3_msgs/srv/detail
-- Up-to-date: /home/ubuntu/gopi5go_desk/simws/install/gpg3_msgs/include/gpg3_msgs/gpg3_msgs/srv/detail/dqn__rosidl_typesupport_fastrtps_cpp.hpp
-- Up-to-date: /home/ubuntu/gopi5go_desk/simws/install/gpg3_msgs/include/gpg3_msgs/gpg3_msgs/srv/detail/sound__rosidl_typesupport_fastrtps_cpp.hpp
-- Up-to-date: /home/ubuntu/gopi5go_desk/simws/install/gpg3_msgs/include/gpg3_msgs/gpg3_msgs/srv/detail/dds_fastrtps
-- Up-to-date: /home/ubuntu/gopi5go_desk/simws/install/gpg3_msgs/lib/libgpg3_msgs__rosidl_typesupport_fastrtps_cpp.so
-- Up-to-date: /home/ubuntu/gopi5go_desk/simws/install/gpg3_msgs/include/gpg3_msgs/gpg3_msgs
-- Up-to-date: /home/ubuntu/gopi5go_desk/simws/install/gpg3_msgs/include/gpg3_msgs/gpg3_msgs/action
-- Up-to-date: /home/ubuntu/gopi5go_desk/simws/install/gpg3_msgs/include/gpg3_msgs/gpg3_msgs/action/detail
-- Up-to-date: /home/ubuntu/gopi5go_desk/simws/install/gpg3_msgs/include/gpg3_msgs/gpg3_msgs/action/detail/patrol__type_support.c
-- Up-to-date: /home/ubuntu/gopi5go_desk/simws/install/gpg3_msgs/include/gpg3_msgs/gpg3_msgs/action/detail/patrol__rosidl_typesupport_introspection_c.h
-- Up-to-date: /home/ubuntu/gopi5go_desk/simws/install/gpg3_msgs/include/gpg3_msgs/gpg3_msgs/msg
-- Up-to-date: /home/ubuntu/gopi5go_desk/simws/install/gpg3_msgs/include/gpg3_msgs/gpg3_msgs/msg/detail
-- Up-to-date: /home/ubuntu/gopi5go_desk/simws/install/gpg3_msgs/include/gpg3_msgs/gpg3_msgs/msg/detail/version_info__type_support.c
-- Up-to-date: /home/ubuntu/gopi5go_desk/simws/install/gpg3_msgs/include/gpg3_msgs/gpg3_msgs/msg/detail/sound__rosidl_typesupport_introspection_c.h
-- Up-to-date: /home/ubuntu/gopi5go_desk/simws/install/gpg3_msgs/include/gpg3_msgs/gpg3_msgs/msg/detail/sensor_state__rosidl_typesupport_introspection_c.h
-- Up-to-date: /home/ubuntu/gopi5go_desk/simws/install/gpg3_msgs/include/gpg3_msgs/gpg3_msgs/msg/detail/sound__type_support.c
-- Up-to-date: /home/ubuntu/gopi5go_desk/simws/install/gpg3_msgs/include/gpg3_msgs/gpg3_msgs/msg/detail/sensor_state__type_support.c
-- Up-to-date: /home/ubuntu/gopi5go_desk/simws/install/gpg3_msgs/include/gpg3_msgs/gpg3_msgs/msg/detail/version_info__rosidl_typesupport_introspection_c.h
-- Up-to-date: /home/ubuntu/gopi5go_desk/simws/install/gpg3_msgs/include/gpg3_msgs/gpg3_msgs/msg/rosidl_typesupport_introspection_c__visibility_control.h
-- Up-to-date: /home/ubuntu/gopi5go_desk/simws/install/gpg3_msgs/include/gpg3_msgs/gpg3_msgs/srv
-- Up-to-date: /home/ubuntu/gopi5go_desk/simws/install/gpg3_msgs/include/gpg3_msgs/gpg3_msgs/srv/detail
-- Up-to-date: /home/ubuntu/gopi5go_desk/simws/install/gpg3_msgs/include/gpg3_msgs/gpg3_msgs/srv/detail/sound__rosidl_typesupport_introspection_c.h
-- Up-to-date: /home/ubuntu/gopi5go_desk/simws/install/gpg3_msgs/include/gpg3_msgs/gpg3_msgs/srv/detail/dqn__type_support.c
-- Up-to-date: /home/ubuntu/gopi5go_desk/simws/install/gpg3_msgs/include/gpg3_msgs/gpg3_msgs/srv/detail/sound__type_support.c
-- Up-to-date: /home/ubuntu/gopi5go_desk/simws/install/gpg3_msgs/include/gpg3_msgs/gpg3_msgs/srv/detail/dqn__rosidl_typesupport_introspection_c.h
-- Up-to-date: /home/ubuntu/gopi5go_desk/simws/install/gpg3_msgs/lib/libgpg3_msgs__rosidl_typesupport_introspection_c.so
-- Up-to-date: /home/ubuntu/gopi5go_desk/simws/install/gpg3_msgs/lib/libgpg3_msgs__rosidl_typesupport_c.so
-- Up-to-date: /home/ubuntu/gopi5go_desk/simws/install/gpg3_msgs/include/gpg3_msgs/gpg3_msgs
-- Up-to-date: /home/ubuntu/gopi5go_desk/simws/install/gpg3_msgs/include/gpg3_msgs/gpg3_msgs/action
-- Up-to-date: /home/ubuntu/gopi5go_desk/simws/install/gpg3_msgs/include/gpg3_msgs/gpg3_msgs/action/detail
-- Up-to-date: /home/ubuntu/gopi5go_desk/simws/install/gpg3_msgs/include/gpg3_msgs/gpg3_msgs/action/detail/patrol__rosidl_typesupport_introspection_cpp.hpp
-- Up-to-date: /home/ubuntu/gopi5go_desk/simws/install/gpg3_msgs/include/gpg3_msgs/gpg3_msgs/action/detail/patrol__type_support.cpp
-- Up-to-date: /home/ubuntu/gopi5go_desk/simws/install/gpg3_msgs/include/gpg3_msgs/gpg3_msgs/msg
-- Up-to-date: /home/ubuntu/gopi5go_desk/simws/install/gpg3_msgs/include/gpg3_msgs/gpg3_msgs/msg/detail
-- Up-to-date: /home/ubuntu/gopi5go_desk/simws/install/gpg3_msgs/include/gpg3_msgs/gpg3_msgs/msg/detail/sound__rosidl_typesupport_introspection_cpp.hpp
-- Up-to-date: /home/ubuntu/gopi5go_desk/simws/install/gpg3_msgs/include/gpg3_msgs/gpg3_msgs/msg/detail/sound__type_support.cpp
-- Up-to-date: /home/ubuntu/gopi5go_desk/simws/install/gpg3_msgs/include/gpg3_msgs/gpg3_msgs/msg/detail/version_info__type_support.cpp
-- Up-to-date: /home/ubuntu/gopi5go_desk/simws/install/gpg3_msgs/include/gpg3_msgs/gpg3_msgs/msg/detail/version_info__rosidl_typesupport_introspection_cpp.hpp
-- Up-to-date: /home/ubuntu/gopi5go_desk/simws/install/gpg3_msgs/include/gpg3_msgs/gpg3_msgs/msg/detail/sensor_state__type_support.cpp
-- Up-to-date: /home/ubuntu/gopi5go_desk/simws/install/gpg3_msgs/include/gpg3_msgs/gpg3_msgs/msg/detail/sensor_state__rosidl_typesupport_introspection_cpp.hpp
-- Up-to-date: /home/ubuntu/gopi5go_desk/simws/install/gpg3_msgs/include/gpg3_msgs/gpg3_msgs/srv
-- Up-to-date: /home/ubuntu/gopi5go_desk/simws/install/gpg3_msgs/include/gpg3_msgs/gpg3_msgs/srv/detail
-- Up-to-date: /home/ubuntu/gopi5go_desk/simws/install/gpg3_msgs/include/gpg3_msgs/gpg3_msgs/srv/detail/sound__rosidl_typesupport_introspection_cpp.hpp
-- Up-to-date: /home/ubuntu/gopi5go_desk/simws/install/gpg3_msgs/include/gpg3_msgs/gpg3_msgs/srv/detail/sound__type_support.cpp
-- Up-to-date: /home/ubuntu/gopi5go_desk/simws/install/gpg3_msgs/include/gpg3_msgs/gpg3_msgs/srv/detail/dqn__rosidl_typesupport_introspection_cpp.hpp
-- Up-to-date: /home/ubuntu/gopi5go_desk/simws/install/gpg3_msgs/include/gpg3_msgs/gpg3_msgs/srv/detail/dqn__type_support.cpp
-- Up-to-date: /home/ubuntu/gopi5go_desk/simws/install/gpg3_msgs/lib/libgpg3_msgs__rosidl_typesupport_introspection_cpp.so
-- Up-to-date: /home/ubuntu/gopi5go_desk/simws/install/gpg3_msgs/lib/libgpg3_msgs__rosidl_typesupport_cpp.so
-- Up-to-date: /home/ubuntu/gopi5go_desk/simws/install/gpg3_msgs/share/gpg3_msgs/environment/pythonpath.sh
-- Up-to-date: /home/ubuntu/gopi5go_desk/simws/install/gpg3_msgs/share/gpg3_msgs/environment/pythonpath.dsv
-- Up-to-date: /home/ubuntu/gopi5go_desk/simws/install/gpg3_msgs/local/lib/python3.10/dist-packages/gpg3_msgs-2.2.3-py3.10.egg-info
-- Installing: /home/ubuntu/gopi5go_desk/simws/install/gpg3_msgs/local/lib/python3.10/dist-packages/gpg3_msgs-2.2.3-py3.10.egg-info/SOURCES.txt
-- Installing: /home/ubuntu/gopi5go_desk/simws/install/gpg3_msgs/local/lib/python3.10/dist-packages/gpg3_msgs-2.2.3-py3.10.egg-info/PKG-INFO
-- Installing: /home/ubuntu/gopi5go_desk/simws/install/gpg3_msgs/local/lib/python3.10/dist-packages/gpg3_msgs-2.2.3-py3.10.egg-info/dependency_links.txt
-- Installing: /home/ubuntu/gopi5go_desk/simws/install/gpg3_msgs/local/lib/python3.10/dist-packages/gpg3_msgs-2.2.3-py3.10.egg-info/top_level.txt
-- Up-to-date: /home/ubuntu/gopi5go_desk/simws/install/gpg3_msgs/local/lib/python3.10/dist-packages/gpg3_msgs
-- Up-to-date: /home/ubuntu/gopi5go_desk/simws/install/gpg3_msgs/local/lib/python3.10/dist-packages/gpg3_msgs/gpg3_msgs_s__rosidl_typesupport_c.cpython-310-x86_64-linux-gnu.so
-- Up-to-date: /home/ubuntu/gopi5go_desk/simws/install/gpg3_msgs/local/lib/python3.10/dist-packages/gpg3_msgs/libgpg3_msgs__rosidl_generator_py.so
-- Up-to-date: /home/ubuntu/gopi5go_desk/simws/install/gpg3_msgs/local/lib/python3.10/dist-packages/gpg3_msgs/_gpg3_msgs_s.ep.rosidl_typesupport_c.c
-- Up-to-date: /home/ubuntu/gopi5go_desk/simws/install/gpg3_msgs/local/lib/python3.10/dist-packages/gpg3_msgs/__init__.py
-- Up-to-date: /home/ubuntu/gopi5go_desk/simws/install/gpg3_msgs/local/lib/python3.10/dist-packages/gpg3_msgs/_gpg3_msgs_s.ep.rosidl_typesupport_introspection_c.c
-- Up-to-date: /home/ubuntu/gopi5go_desk/simws/install/gpg3_msgs/local/lib/python3.10/dist-packages/gpg3_msgs/action
-- Up-to-date: /home/ubuntu/gopi5go_desk/simws/install/gpg3_msgs/local/lib/python3.10/dist-packages/gpg3_msgs/action/_patrol.py
-- Up-to-date: /home/ubuntu/gopi5go_desk/simws/install/gpg3_msgs/local/lib/python3.10/dist-packages/gpg3_msgs/action/__init__.py
-- Up-to-date: /home/ubuntu/gopi5go_desk/simws/install/gpg3_msgs/local/lib/python3.10/dist-packages/gpg3_msgs/action/_patrol_s.c
-- Up-to-date: /home/ubuntu/gopi5go_desk/simws/install/gpg3_msgs/local/lib/python3.10/dist-packages/gpg3_msgs/msg
-- Up-to-date: /home/ubuntu/gopi5go_desk/simws/install/gpg3_msgs/local/lib/python3.10/dist-packages/gpg3_msgs/msg/_sensor_state.py
-- Up-to-date: /home/ubuntu/gopi5go_desk/simws/install/gpg3_msgs/local/lib/python3.10/dist-packages/gpg3_msgs/msg/_sound.py
-- Up-to-date: /home/ubuntu/gopi5go_desk/simws/install/gpg3_msgs/local/lib/python3.10/dist-packages/gpg3_msgs/msg/__init__.py
-- Up-to-date: /home/ubuntu/gopi5go_desk/simws/install/gpg3_msgs/local/lib/python3.10/dist-packages/gpg3_msgs/msg/_version_info_s.c
-- Up-to-date: /home/ubuntu/gopi5go_desk/simws/install/gpg3_msgs/local/lib/python3.10/dist-packages/gpg3_msgs/msg/_version_info.py
-- Up-to-date: /home/ubuntu/gopi5go_desk/simws/install/gpg3_msgs/local/lib/python3.10/dist-packages/gpg3_msgs/msg/_sound_s.c
-- Up-to-date: /home/ubuntu/gopi5go_desk/simws/install/gpg3_msgs/local/lib/python3.10/dist-packages/gpg3_msgs/msg/_sensor_state_s.c
-- Up-to-date: /home/ubuntu/gopi5go_desk/simws/install/gpg3_msgs/local/lib/python3.10/dist-packages/gpg3_msgs/_gpg3_msgs_s.ep.rosidl_typesupport_fastrtps_c.c
-- Up-to-date: /home/ubuntu/gopi5go_desk/simws/install/gpg3_msgs/local/lib/python3.10/dist-packages/gpg3_msgs/srv
-- Up-to-date: /home/ubuntu/gopi5go_desk/simws/install/gpg3_msgs/local/lib/python3.10/dist-packages/gpg3_msgs/srv/_sound.py
-- Up-to-date: /home/ubuntu/gopi5go_desk/simws/install/gpg3_msgs/local/lib/python3.10/dist-packages/gpg3_msgs/srv/_dqn_s.c
-- Up-to-date: /home/ubuntu/gopi5go_desk/simws/install/gpg3_msgs/local/lib/python3.10/dist-packages/gpg3_msgs/srv/__init__.py
-- Up-to-date: /home/ubuntu/gopi5go_desk/simws/install/gpg3_msgs/local/lib/python3.10/dist-packages/gpg3_msgs/srv/_sound_s.c
-- Up-to-date: /home/ubuntu/gopi5go_desk/simws/install/gpg3_msgs/local/lib/python3.10/dist-packages/gpg3_msgs/srv/_dqn.py
-- Up-to-date: /home/ubuntu/gopi5go_desk/simws/install/gpg3_msgs/local/lib/python3.10/dist-packages/gpg3_msgs/gpg3_msgs_s__rosidl_typesupport_fastrtps_c.cpython-310-x86_64-linux-gnu.so
-- Up-to-date: /home/ubuntu/gopi5go_desk/simws/install/gpg3_msgs/local/lib/python3.10/dist-packages/gpg3_msgs/gpg3_msgs_s__rosidl_typesupport_introspection_c.cpython-310-x86_64-linux-gnu.so
Listing '/home/ubuntu/gopi5go_desk/simws/install/gpg3_msgs/local/lib/python3.10/dist-packages/gpg3_msgs'...
Listing '/home/ubuntu/gopi5go_desk/simws/install/gpg3_msgs/local/lib/python3.10/dist-packages/gpg3_msgs/action'...
Listing '/home/ubuntu/gopi5go_desk/simws/install/gpg3_msgs/local/lib/python3.10/dist-packages/gpg3_msgs/msg'...
Listing '/home/ubuntu/gopi5go_desk/simws/install/gpg3_msgs/local/lib/python3.10/dist-packages/gpg3_msgs/srv'...
-- Up-to-date: /home/ubuntu/gopi5go_desk/simws/install/gpg3_msgs/local/lib/python3.10/dist-packages/gpg3_msgs/gpg3_msgs_s__rosidl_typesupport_fastrtps_c.cpython-310-x86_64-linux-gnu.so
-- Up-to-date: /home/ubuntu/gopi5go_desk/simws/install/gpg3_msgs/local/lib/python3.10/dist-packages/gpg3_msgs/gpg3_msgs_s__rosidl_typesupport_introspection_c.cpython-310-x86_64-linux-gnu.so
-- Up-to-date: /home/ubuntu/gopi5go_desk/simws/install/gpg3_msgs/local/lib/python3.10/dist-packages/gpg3_msgs/gpg3_msgs_s__rosidl_typesupport_c.cpython-310-x86_64-linux-gnu.so
-- Up-to-date: /home/ubuntu/gopi5go_desk/simws/install/gpg3_msgs/lib/libgpg3_msgs__rosidl_generator_py.so
-- Up-to-date: /home/ubuntu/gopi5go_desk/simws/install/gpg3_msgs/share/gpg3_msgs/msg/SensorState.idl
-- Up-to-date: /home/ubuntu/gopi5go_desk/simws/install/gpg3_msgs/share/gpg3_msgs/msg/Sound.idl
-- Up-to-date: /home/ubuntu/gopi5go_desk/simws/install/gpg3_msgs/share/gpg3_msgs/msg/VersionInfo.idl
-- Up-to-date: /home/ubuntu/gopi5go_desk/simws/install/gpg3_msgs/share/gpg3_msgs/srv/Sound.idl
-- Up-to-date: /home/ubuntu/gopi5go_desk/simws/install/gpg3_msgs/share/gpg3_msgs/srv/Dqn.idl
-- Up-to-date: /home/ubuntu/gopi5go_desk/simws/install/gpg3_msgs/share/gpg3_msgs/action/Patrol.idl
-- Up-to-date: /home/ubuntu/gopi5go_desk/simws/install/gpg3_msgs/share/gpg3_msgs/msg/SensorState.msg
-- Up-to-date: /home/ubuntu/gopi5go_desk/simws/install/gpg3_msgs/share/gpg3_msgs/msg/Sound.msg
-- Up-to-date: /home/ubuntu/gopi5go_desk/simws/install/gpg3_msgs/share/gpg3_msgs/msg/VersionInfo.msg
-- Up-to-date: /home/ubuntu/gopi5go_desk/simws/install/gpg3_msgs/share/gpg3_msgs/srv/Sound.srv
-- Up-to-date: /home/ubuntu/gopi5go_desk/simws/install/gpg3_msgs/share/gpg3_msgs/srv/Sound_Request.msg
-- Up-to-date: /home/ubuntu/gopi5go_desk/simws/install/gpg3_msgs/share/gpg3_msgs/srv/Sound_Response.msg
-- Up-to-date: /home/ubuntu/gopi5go_desk/simws/install/gpg3_msgs/share/gpg3_msgs/srv/Dqn.srv
-- Up-to-date: /home/ubuntu/gopi5go_desk/simws/install/gpg3_msgs/share/gpg3_msgs/srv/Dqn_Request.msg
-- Up-to-date: /home/ubuntu/gopi5go_desk/simws/install/gpg3_msgs/share/gpg3_msgs/srv/Dqn_Response.msg
-- Up-to-date: /home/ubuntu/gopi5go_desk/simws/install/gpg3_msgs/share/gpg3_msgs/action/Patrol.action
-- Up-to-date: /home/ubuntu/gopi5go_desk/simws/install/gpg3_msgs/share/ament_index/resource_index/package_run_dependencies/gpg3_msgs
-- Up-to-date: /home/ubuntu/gopi5go_desk/simws/install/gpg3_msgs/share/ament_index/resource_index/parent_prefix_path/gpg3_msgs
-- Up-to-date: /home/ubuntu/gopi5go_desk/simws/install/gpg3_msgs/share/gpg3_msgs/environment/ament_prefix_path.sh
-- Up-to-date: /home/ubuntu/gopi5go_desk/simws/install/gpg3_msgs/share/gpg3_msgs/environment/ament_prefix_path.dsv
-- Up-to-date: /home/ubuntu/gopi5go_desk/simws/install/gpg3_msgs/share/gpg3_msgs/environment/path.sh
-- Up-to-date: /home/ubuntu/gopi5go_desk/simws/install/gpg3_msgs/share/gpg3_msgs/environment/path.dsv
-- Up-to-date: /home/ubuntu/gopi5go_desk/simws/install/gpg3_msgs/share/gpg3_msgs/local_setup.bash
-- Up-to-date: /home/ubuntu/gopi5go_desk/simws/install/gpg3_msgs/share/gpg3_msgs/local_setup.sh
-- Up-to-date: /home/ubuntu/gopi5go_desk/simws/install/gpg3_msgs/share/gpg3_msgs/local_setup.zsh
-- Up-to-date: /home/ubuntu/gopi5go_desk/simws/install/gpg3_msgs/share/gpg3_msgs/local_setup.dsv
-- Installing: /home/ubuntu/gopi5go_desk/simws/install/gpg3_msgs/share/gpg3_msgs/package.dsv
-- Up-to-date: /home/ubuntu/gopi5go_desk/simws/install/gpg3_msgs/share/ament_index/resource_index/packages/gpg3_msgs
-- Up-to-date: /home/ubuntu/gopi5go_desk/simws/install/gpg3_msgs/share/gpg3_msgs/cmake/export_gpg3_msgs__rosidl_generator_cExport.cmake
-- Up-to-date: /home/ubuntu/gopi5go_desk/simws/install/gpg3_msgs/share/gpg3_msgs/cmake/export_gpg3_msgs__rosidl_generator_cExport-noconfig.cmake
-- Up-to-date: /home/ubuntu/gopi5go_desk/simws/install/gpg3_msgs/share/gpg3_msgs/cmake/export_gpg3_msgs__rosidl_typesupport_fastrtps_cExport.cmake
-- Up-to-date: /home/ubuntu/gopi5go_desk/simws/install/gpg3_msgs/share/gpg3_msgs/cmake/export_gpg3_msgs__rosidl_typesupport_fastrtps_cExport-noconfig.cmake
-- Up-to-date: /home/ubuntu/gopi5go_desk/simws/install/gpg3_msgs/share/gpg3_msgs/cmake/export_gpg3_msgs__rosidl_generator_cppExport.cmake
-- Up-to-date: /home/ubuntu/gopi5go_desk/simws/install/gpg3_msgs/share/gpg3_msgs/cmake/export_gpg3_msgs__rosidl_typesupport_fastrtps_cppExport.cmake
-- Up-to-date: /home/ubuntu/gopi5go_desk/simws/install/gpg3_msgs/share/gpg3_msgs/cmake/export_gpg3_msgs__rosidl_typesupport_fastrtps_cppExport-noconfig.cmake
-- Up-to-date: /home/ubuntu/gopi5go_desk/simws/install/gpg3_msgs/share/gpg3_msgs/cmake/gpg3_msgs__rosidl_typesupport_introspection_cExport.cmake
-- Up-to-date: /home/ubuntu/gopi5go_desk/simws/install/gpg3_msgs/share/gpg3_msgs/cmake/gpg3_msgs__rosidl_typesupport_introspection_cExport-noconfig.cmake
-- Up-to-date: /home/ubuntu/gopi5go_desk/simws/install/gpg3_msgs/share/gpg3_msgs/cmake/gpg3_msgs__rosidl_typesupport_cExport.cmake
-- Up-to-date: /home/ubuntu/gopi5go_desk/simws/install/gpg3_msgs/share/gpg3_msgs/cmake/gpg3_msgs__rosidl_typesupport_cExport-noconfig.cmake
-- Up-to-date: /home/ubuntu/gopi5go_desk/simws/install/gpg3_msgs/share/gpg3_msgs/cmake/gpg3_msgs__rosidl_typesupport_introspection_cppExport.cmake
-- Up-to-date: /home/ubuntu/gopi5go_desk/simws/install/gpg3_msgs/share/gpg3_msgs/cmake/gpg3_msgs__rosidl_typesupport_introspection_cppExport-noconfig.cmake
-- Up-to-date: /home/ubuntu/gopi5go_desk/simws/install/gpg3_msgs/share/gpg3_msgs/cmake/gpg3_msgs__rosidl_typesupport_cppExport.cmake
-- Up-to-date: /home/ubuntu/gopi5go_desk/simws/install/gpg3_msgs/share/gpg3_msgs/cmake/gpg3_msgs__rosidl_typesupport_cppExport-noconfig.cmake
-- Up-to-date: /home/ubuntu/gopi5go_desk/simws/install/gpg3_msgs/share/gpg3_msgs/cmake/export_gpg3_msgs__rosidl_generator_pyExport.cmake
-- Up-to-date: /home/ubuntu/gopi5go_desk/simws/install/gpg3_msgs/share/gpg3_msgs/cmake/export_gpg3_msgs__rosidl_generator_pyExport-noconfig.cmake
-- Up-to-date: /home/ubuntu/gopi5go_desk/simws/install/gpg3_msgs/share/gpg3_msgs/cmake/rosidl_cmake-extras.cmake
-- Up-to-date: /home/ubuntu/gopi5go_desk/simws/install/gpg3_msgs/share/gpg3_msgs/cmake/ament_cmake_export_dependencies-extras.cmake
-- Up-to-date: /home/ubuntu/gopi5go_desk/simws/install/gpg3_msgs/share/gpg3_msgs/cmake/ament_cmake_export_include_directories-extras.cmake
-- Up-to-date: /home/ubuntu/gopi5go_desk/simws/install/gpg3_msgs/share/gpg3_msgs/cmake/ament_cmake_export_libraries-extras.cmake
-- Up-to-date: /home/ubuntu/gopi5go_desk/simws/install/gpg3_msgs/share/gpg3_msgs/cmake/ament_cmake_export_targets-extras.cmake
-- Up-to-date: /home/ubuntu/gopi5go_desk/simws/install/gpg3_msgs/share/gpg3_msgs/cmake/rosidl_cmake_export_typesupport_targets-extras.cmake
-- Up-to-date: /home/ubuntu/gopi5go_desk/simws/install/gpg3_msgs/share/gpg3_msgs/cmake/rosidl_cmake_export_typesupport_libraries-extras.cmake
-- Up-to-date: /home/ubuntu/gopi5go_desk/simws/install/gpg3_msgs/share/gpg3_msgs/cmake/gpg3_msgsConfig.cmake
-- Up-to-date: /home/ubuntu/gopi5go_desk/simws/install/gpg3_msgs/share/gpg3_msgs/cmake/gpg3_msgsConfig-version.cmake
-- Up-to-date: /home/ubuntu/gopi5go_desk/simws/install/gpg3_msgs/share/gpg3_msgs/package.xml
