[0.659s] Invoking command in '/home/ubuntu/gopi5go_desk/ros2ws/build/teleop_gopigo3_keyboard': PYTHONPATH=/home/ubuntu/gopi5go_desk/ros2ws/build/teleop_gopigo3_keyboard/prefix_override:/usr/lib/python3/dist-packages/colcon_core/task/python/colcon_distutils_commands:/home/ubuntu/gopi5go_desk/ros2ws/install/teleop_gopigo3_keyboard/lib/python3.10/site-packages:${PYTHONPATH} /usr/bin/python3 -W ignore:setup.py install is deprecated setup.py develop --editable --build-directory /home/ubuntu/gopi5go_desk/ros2ws/build/teleop_gopigo3_keyboard/build --no-deps symlink_data
[0.921s] running develop
[0.922s] /usr/lib/python3/dist-packages/setuptools/command/easy_install.py:158: EasyInstallDeprecationWarning: easy_install command is deprecated. Use build and pip and other standards-based tools.
[0.922s]   warnings.warn(
[1.095s] running egg_info
[1.095s] creating teleop_gopigo3_keyboard.egg-info
[1.095s] writing teleop_gopigo3_keyboard.egg-info/PKG-INFO
[1.095s] writing dependency_links to teleop_gopigo3_keyboard.egg-info/dependency_links.txt
[1.096s] writing entry points to teleop_gopigo3_keyboard.egg-info/entry_points.txt
[1.096s] writing requirements to teleop_gopigo3_keyboard.egg-info/requires.txt
[1.096s] writing top-level names to teleop_gopigo3_keyboard.egg-info/top_level.txt
[1.096s] writing manifest file 'teleop_gopigo3_keyboard.egg-info/SOURCES.txt'
[1.097s] reading manifest file 'teleop_gopigo3_keyboard.egg-info/SOURCES.txt'
[1.098s] writing manifest file 'teleop_gopigo3_keyboard.egg-info/SOURCES.txt'
[1.099s] running build_ext
[1.099s] Creating /home/ubuntu/gopi5go_desk/ros2ws/install/teleop_gopigo3_keyboard/lib/python3.10/site-packages/teleop-gopigo3-keyboard.egg-link (link to .)
[1.100s] Installing teleop_gopigo3_keyboard script to /home/ubuntu/gopi5go_desk/ros2ws/install/teleop_gopigo3_keyboard/lib/teleop_gopigo3_keyboard
[1.100s] 
[1.100s] Installed /home/ubuntu/gopi5go_desk/ros2ws/build/teleop_gopigo3_keyboard
[1.100s] running symlink_data
[1.100s] creating /home/ubuntu/gopi5go_desk/ros2ws/install/teleop_gopigo3_keyboard/share/ament_index
[1.101s] creating /home/ubuntu/gopi5go_desk/ros2ws/install/teleop_gopigo3_keyboard/share/ament_index/resource_index
[1.101s] creating /home/ubuntu/gopi5go_desk/ros2ws/install/teleop_gopigo3_keyboard/share/ament_index/resource_index/packages
[1.101s] symbolically linking /home/ubuntu/gopi5go_desk/ros2ws/build/teleop_gopigo3_keyboard/resource/teleop_gopigo3_keyboard -> /home/ubuntu/gopi5go_desk/ros2ws/install/teleop_gopigo3_keyboard/share/ament_index/resource_index/packages
[1.101s] symbolically linking /home/ubuntu/gopi5go_desk/ros2ws/build/teleop_gopigo3_keyboard/package.xml -> /home/ubuntu/gopi5go_desk/ros2ws/install/teleop_gopigo3_keyboard/share/teleop_gopigo3_keyboard
[1.121s] Invoked command in '/home/ubuntu/gopi5go_desk/ros2ws/build/teleop_gopigo3_keyboard' returned '0': PYTHONPATH=/home/ubuntu/gopi5go_desk/ros2ws/build/teleop_gopigo3_keyboard/prefix_override:/usr/lib/python3/dist-packages/colcon_core/task/python/colcon_distutils_commands:/home/ubuntu/gopi5go_desk/ros2ws/install/teleop_gopigo3_keyboard/lib/python3.10/site-packages:${PYTHONPATH} /usr/bin/python3 -W ignore:setup.py install is deprecated setup.py develop --editable --build-directory /home/ubuntu/gopi5go_desk/ros2ws/build/teleop_gopigo3_keyboard/build --no-deps symlink_data
