[0.016s] Invoking command in '/home/ubuntu/gopi5go_desk/simws/build/gpg3_simulations': CMAKE_PREFIX_PATH=/home/ubuntu/gopi5go_desk/simws/install/gpg3_fake_node:/home/ubuntu/gopi5go_desk/simws/install/gpg3_msgs:/home/ubuntu/gopi5go_desk/simws/install/gpg3_gazebo:/home/ubuntu/gopi5go_desk/simws/install/gpg3_simulations:/opt/ros/humble /usr/bin/cmake --build /home/ubuntu/gopi5go_desk/simws/build/gpg3_simulations -- -j4 -l4
[0.066s] Invoked command in '/home/ubuntu/gopi5go_desk/simws/build/gpg3_simulations' returned '0': CMAKE_PREFIX_PATH=/home/ubuntu/gopi5go_desk/simws/install/gpg3_fake_node:/home/ubuntu/gopi5go_desk/simws/install/gpg3_msgs:/home/ubuntu/gopi5go_desk/simws/install/gpg3_gazebo:/home/ubuntu/gopi5go_desk/simws/install/gpg3_simulations:/opt/ros/humble /usr/bin/cmake --build /home/ubuntu/gopi5go_desk/simws/build/gpg3_simulations -- -j4 -l4
[0.118s] Invoking command in '/home/ubuntu/gopi5go_desk/simws/build/gpg3_simulations': CMAKE_PREFIX_PATH=/home/ubuntu/gopi5go_desk/simws/install/gpg3_fake_node:/home/ubuntu/gopi5go_desk/simws/install/gpg3_msgs:/home/ubuntu/gopi5go_desk/simws/install/gpg3_gazebo:/home/ubuntu/gopi5go_desk/simws/install/gpg3_simulations:/opt/ros/humble /usr/bin/cmake --install /home/ubuntu/gopi5go_desk/simws/build/gpg3_simulations
[0.129s] -- Install configuration: ""
[0.130s] -- Up-to-date: /home/ubuntu/gopi5go_desk/simws/install/gpg3_simulations/share/ament_index/resource_index/package_run_dependencies/gpg3_simulations
[0.130s] -- Up-to-date: /home/ubuntu/gopi5go_desk/simws/install/gpg3_simulations/share/ament_index/resource_index/parent_prefix_path/gpg3_simulations
[0.131s] -- Up-to-date: /home/ubuntu/gopi5go_desk/simws/install/gpg3_simulations/share/gpg3_simulations/environment/ament_prefix_path.sh
[0.131s] -- Up-to-date: /home/ubuntu/gopi5go_desk/simws/install/gpg3_simulations/share/gpg3_simulations/environment/ament_prefix_path.dsv
[0.131s] -- Up-to-date: /home/ubuntu/gopi5go_desk/simws/install/gpg3_simulations/share/gpg3_simulations/environment/path.sh
[0.131s] -- Up-to-date: /home/ubuntu/gopi5go_desk/simws/install/gpg3_simulations/share/gpg3_simulations/environment/path.dsv
[0.131s] -- Up-to-date: /home/ubuntu/gopi5go_desk/simws/install/gpg3_simulations/share/gpg3_simulations/local_setup.bash
[0.131s] -- Up-to-date: /home/ubuntu/gopi5go_desk/simws/install/gpg3_simulations/share/gpg3_simulations/local_setup.sh
[0.131s] -- Up-to-date: /home/ubuntu/gopi5go_desk/simws/install/gpg3_simulations/share/gpg3_simulations/local_setup.zsh
[0.131s] -- Up-to-date: /home/ubuntu/gopi5go_desk/simws/install/gpg3_simulations/share/gpg3_simulations/local_setup.dsv
[0.131s] -- Up-to-date: /home/ubuntu/gopi5go_desk/simws/install/gpg3_simulations/share/gpg3_simulations/package.dsv
[0.131s] -- Up-to-date: /home/ubuntu/gopi5go_desk/simws/install/gpg3_simulations/share/ament_index/resource_index/packages/gpg3_simulations
[0.132s] -- Up-to-date: /home/ubuntu/gopi5go_desk/simws/install/gpg3_simulations/share/gpg3_simulations/cmake/gpg3_simulationsConfig.cmake
[0.132s] -- Up-to-date: /home/ubuntu/gopi5go_desk/simws/install/gpg3_simulations/share/gpg3_simulations/cmake/gpg3_simulationsConfig-version.cmake
[0.133s] -- Up-to-date: /home/ubuntu/gopi5go_desk/simws/install/gpg3_simulations/share/gpg3_simulations/package.xml
[0.133s] Invoked command in '/home/ubuntu/gopi5go_desk/simws/build/gpg3_simulations' returned '0': CMAKE_PREFIX_PATH=/home/ubuntu/gopi5go_desk/simws/install/gpg3_fake_node:/home/ubuntu/gopi5go_desk/simws/install/gpg3_msgs:/home/ubuntu/gopi5go_desk/simws/install/gpg3_gazebo:/home/ubuntu/gopi5go_desk/simws/install/gpg3_simulations:/opt/ros/humble /usr/bin/cmake --install /home/ubuntu/gopi5go_desk/simws/build/gpg3_simulations
