[35m[1mConsolidate compiler generated dependencies of target gpg3_fake_node[0m
[100%] Built target gpg3_fake_node
-- Install configuration: ""
-- Up-to-date: /home/ubuntu/gopi5go_desk/simws/install/gpg3_fake_node/lib/gpg3_fake_node/gpg3_fake_node
-- Up-to-date: /home/ubuntu/gopi5go_desk/simws/install/gpg3_fake_node/share/gpg3_fake_node/launch
-- Up-to-date: /home/ubuntu/gopi5go_desk/simws/install/gpg3_fake_node/share/gpg3_fake_node/launch/gpg3_fake_node.launch.py
-- Up-to-date: /home/ubuntu/gopi5go_desk/simws/install/gpg3_fake_node/share/gpg3_fake_node/launch/rviz2.launch.py
-- Up-to-date: /home/ubuntu/gopi5go_desk/simws/install/gpg3_fake_node/share/gpg3_fake_node/param
-- Up-to-date: /home/ubuntu/gopi5go_desk/simws/install/gpg3_fake_node/share/gpg3_fake_node/param/waffle_pi.yaml
-- Up-to-date: /home/ubuntu/gopi5go_desk/simws/install/gpg3_fake_node/share/gpg3_fake_node/param/gopigo3.yaml
-- Up-to-date: /home/ubuntu/gopi5go_desk/simws/install/gpg3_fake_node/share/gpg3_fake_node/param/burger.yaml
-- Up-to-date: /home/ubuntu/gopi5go_desk/simws/install/gpg3_fake_node/share/gpg3_fake_node/param/waffle.yaml
-- Up-to-date: /home/ubuntu/gopi5go_desk/simws/install/gpg3_fake_node/include/
-- Up-to-date: /home/ubuntu/gopi5go_desk/simws/install/gpg3_fake_node/include//gpg3_fake_node
-- Up-to-date: /home/ubuntu/gopi5go_desk/simws/install/gpg3_fake_node/include//gpg3_fake_node/gpg3_fake_node.hpp
-- Up-to-date: /home/ubuntu/gopi5go_desk/simws/install/gpg3_fake_node/share/ament_index/resource_index/package_run_dependencies/gpg3_fake_node
-- Up-to-date: /home/ubuntu/gopi5go_desk/simws/install/gpg3_fake_node/share/ament_index/resource_index/parent_prefix_path/gpg3_fake_node
-- Up-to-date: /home/ubuntu/gopi5go_desk/simws/install/gpg3_fake_node/share/gpg3_fake_node/environment/ament_prefix_path.sh
-- Up-to-date: /home/ubuntu/gopi5go_desk/simws/install/gpg3_fake_node/share/gpg3_fake_node/environment/ament_prefix_path.dsv
-- Up-to-date: /home/ubuntu/gopi5go_desk/simws/install/gpg3_fake_node/share/gpg3_fake_node/environment/path.sh
-- Up-to-date: /home/ubuntu/gopi5go_desk/simws/install/gpg3_fake_node/share/gpg3_fake_node/environment/path.dsv
-- Up-to-date: /home/ubuntu/gopi5go_desk/simws/install/gpg3_fake_node/share/gpg3_fake_node/local_setup.bash
-- Up-to-date: /home/ubuntu/gopi5go_desk/simws/install/gpg3_fake_node/share/gpg3_fake_node/local_setup.sh
-- Up-to-date: /home/ubuntu/gopi5go_desk/simws/install/gpg3_fake_node/share/gpg3_fake_node/local_setup.zsh
-- Up-to-date: /home/ubuntu/gopi5go_desk/simws/install/gpg3_fake_node/share/gpg3_fake_node/local_setup.dsv
-- Installing: /home/ubuntu/gopi5go_desk/simws/install/gpg3_fake_node/share/gpg3_fake_node/package.dsv
-- Up-to-date: /home/ubuntu/gopi5go_desk/simws/install/gpg3_fake_node/share/ament_index/resource_index/packages/gpg3_fake_node
-- Up-to-date: /home/ubuntu/gopi5go_desk/simws/install/gpg3_fake_node/share/gpg3_fake_node/cmake/ament_cmake_export_include_directories-extras.cmake
-- Up-to-date: /home/ubuntu/gopi5go_desk/simws/install/gpg3_fake_node/share/gpg3_fake_node/cmake/ament_cmake_export_dependencies-extras.cmake
-- Up-to-date: /home/ubuntu/gopi5go_desk/simws/install/gpg3_fake_node/share/gpg3_fake_node/cmake/gpg3_fake_nodeConfig.cmake
-- Up-to-date: /home/ubuntu/gopi5go_desk/simws/install/gpg3_fake_node/share/gpg3_fake_node/cmake/gpg3_fake_nodeConfig-version.cmake
-- Up-to-date: /home/ubuntu/gopi5go_desk/simws/install/gpg3_fake_node/share/gpg3_fake_node/package.xml
