[0.117s] DEBUG:colcon:Command line arguments: ['/usr/bin/colcon', 'build', '--packages-select', 'gpg3_msgs']
[0.118s] DEBUG:colcon:Parsed command line arguments: Namespace(log_base=None, log_level=None, verb_name='build', build_base='build', install_base='install', merge_install=False, symlink_install=False, test_result_base=None, continue_on_error=False, executor='parallel', parallel_workers=4, event_handlers=None, ignore_user_meta=False, metas=['./colcon.meta'], base_paths=['.'], packages_ignore=None, packages_ignore_regex=None, paths=None, packages_up_to=None, packages_up_to_regex=None, packages_above=None, packages_above_and_dependencies=None, packages_above_depth=None, packages_select_by_dep=None, packages_skip_by_dep=None, packages_skip_up_to=None, packages_select_build_failed=False, packages_skip_build_finished=False, packages_select_test_failures=False, packages_skip_test_passed=False, packages_select=['gpg3_msgs'], packages_skip=None, packages_select_regex=None, packages_skip_regex=None, packages_start=None, packages_end=None, allow_overriding=[], cmake_args=None, cmake_target=None, cmake_target_skip_unavailable=False, cmake_clean_cache=False, cmake_clean_first=False, cmake_force_configure=False, ament_cmake_args=None, catkin_cmake_args=None, catkin_skip_building_tests=False, mixin_files=None, mixin=None, verb_parser=<colcon_mixin.mixin.mixin_argument.MixinArgumentDecorator object at 0x77bdeaae2440>, verb_extension=<colcon_core.verb.build.BuildVerb object at 0x77bdeac46aa0>, main=<bound method BuildVerb.main of <colcon_core.verb.build.BuildVerb object at 0x77bdeac46aa0>>, mixin_verb=('build',))
[0.316s] Level 1:colcon.colcon_core.package_discovery:discover_packages(colcon_meta) check parameters
[0.316s] Level 1:colcon.colcon_core.package_discovery:discover_packages(recursive) check parameters
[0.316s] Level 1:colcon.colcon_core.package_discovery:discover_packages(ignore) check parameters
[0.316s] Level 1:colcon.colcon_core.package_discovery:discover_packages(path) check parameters
[0.316s] Level 1:colcon.colcon_core.package_discovery:discover_packages(colcon_meta) discover
[0.316s] Level 1:colcon.colcon_core.package_discovery:discover_packages(recursive) discover
[0.316s] INFO:colcon.colcon_core.package_discovery:Crawling recursively for packages in '/home/ubuntu/gopi5go_desk/simws'
[0.316s] Level 1:colcon.colcon_core.package_identification:_identify(.) by extensions ['ignore', 'ignore_ament_install']
[0.316s] Level 1:colcon.colcon_core.package_identification:_identify(.) by extension 'ignore'
[0.316s] Level 1:colcon.colcon_core.package_identification:_identify(.) by extension 'ignore_ament_install'
[0.316s] Level 1:colcon.colcon_core.package_identification:_identify(.) by extensions ['colcon_pkg']
[0.316s] Level 1:colcon.colcon_core.package_identification:_identify(.) by extension 'colcon_pkg'
[0.316s] Level 1:colcon.colcon_core.package_identification:_identify(.) by extensions ['colcon_meta']
[0.317s] Level 1:colcon.colcon_core.package_identification:_identify(.) by extension 'colcon_meta'
[0.317s] Level 1:colcon.colcon_core.package_identification:_identify(.) by extensions ['ros']
[0.317s] Level 1:colcon.colcon_core.package_identification:_identify(.) by extension 'ros'
[0.332s] Level 1:colcon.colcon_core.package_identification:_identify(.) by extensions ['cmake', 'python']
[0.332s] Level 1:colcon.colcon_core.package_identification:_identify(.) by extension 'cmake'
[0.332s] Level 1:colcon.colcon_core.package_identification:_identify(.) by extension 'python'
[0.332s] Level 1:colcon.colcon_core.package_identification:_identify(.) by extensions ['python_setup_py']
[0.332s] Level 1:colcon.colcon_core.package_identification:_identify(.) by extension 'python_setup_py'
[0.332s] Level 1:colcon.colcon_core.package_identification:_identify(build) by extensions ['ignore', 'ignore_ament_install']
[0.332s] Level 1:colcon.colcon_core.package_identification:_identify(build) by extension 'ignore'
[0.332s] Level 1:colcon.colcon_core.package_identification:_identify(build) ignored
[0.332s] Level 1:colcon.colcon_core.package_identification:_identify(install) by extensions ['ignore', 'ignore_ament_install']
[0.332s] Level 1:colcon.colcon_core.package_identification:_identify(install) by extension 'ignore'
[0.333s] Level 1:colcon.colcon_core.package_identification:_identify(install) ignored
[0.333s] Level 1:colcon.colcon_core.package_identification:_identify(log) by extensions ['ignore', 'ignore_ament_install']
[0.333s] Level 1:colcon.colcon_core.package_identification:_identify(log) by extension 'ignore'
[0.333s] Level 1:colcon.colcon_core.package_identification:_identify(log) ignored
[0.333s] Level 1:colcon.colcon_core.package_identification:_identify(src) by extensions ['ignore', 'ignore_ament_install']
[0.333s] Level 1:colcon.colcon_core.package_identification:_identify(src) by extension 'ignore'
[0.333s] Level 1:colcon.colcon_core.package_identification:_identify(src) by extension 'ignore_ament_install'
[0.333s] Level 1:colcon.colcon_core.package_identification:_identify(src) by extensions ['colcon_pkg']
[0.333s] Level 1:colcon.colcon_core.package_identification:_identify(src) by extension 'colcon_pkg'
[0.333s] Level 1:colcon.colcon_core.package_identification:_identify(src) by extensions ['colcon_meta']
[0.333s] Level 1:colcon.colcon_core.package_identification:_identify(src) by extension 'colcon_meta'
[0.333s] Level 1:colcon.colcon_core.package_identification:_identify(src) by extensions ['ros']
[0.333s] Level 1:colcon.colcon_core.package_identification:_identify(src) by extension 'ros'
[0.334s] Level 1:colcon.colcon_core.package_identification:_identify(src) by extensions ['cmake', 'python']
[0.334s] Level 1:colcon.colcon_core.package_identification:_identify(src) by extension 'cmake'
[0.334s] Level 1:colcon.colcon_core.package_identification:_identify(src) by extension 'python'
[0.334s] Level 1:colcon.colcon_core.package_identification:_identify(src) by extensions ['python_setup_py']
[0.334s] Level 1:colcon.colcon_core.package_identification:_identify(src) by extension 'python_setup_py'
[0.334s] Level 1:colcon.colcon_core.package_identification:_identify(src/gpg3_fake_node) by extensions ['ignore', 'ignore_ament_install']
[0.334s] Level 1:colcon.colcon_core.package_identification:_identify(src/gpg3_fake_node) by extension 'ignore'
[0.334s] Level 1:colcon.colcon_core.package_identification:_identify(src/gpg3_fake_node) by extension 'ignore_ament_install'
[0.334s] Level 1:colcon.colcon_core.package_identification:_identify(src/gpg3_fake_node) by extensions ['colcon_pkg']
[0.334s] Level 1:colcon.colcon_core.package_identification:_identify(src/gpg3_fake_node) by extension 'colcon_pkg'
[0.334s] Level 1:colcon.colcon_core.package_identification:_identify(src/gpg3_fake_node) by extensions ['colcon_meta']
[0.334s] Level 1:colcon.colcon_core.package_identification:_identify(src/gpg3_fake_node) by extension 'colcon_meta'
[0.334s] Level 1:colcon.colcon_core.package_identification:_identify(src/gpg3_fake_node) by extensions ['ros']
[0.334s] Level 1:colcon.colcon_core.package_identification:_identify(src/gpg3_fake_node) by extension 'ros'
[0.338s] DEBUG:colcon.colcon_core.package_identification:Package 'src/gpg3_fake_node' with type 'ros.ament_cmake' and name 'gpg3_fake_node'
[0.338s] Level 1:colcon.colcon_core.package_identification:_identify(src/gpg3_gazebo) by extensions ['ignore', 'ignore_ament_install']
[0.338s] Level 1:colcon.colcon_core.package_identification:_identify(src/gpg3_gazebo) by extension 'ignore'
[0.338s] Level 1:colcon.colcon_core.package_identification:_identify(src/gpg3_gazebo) by extension 'ignore_ament_install'
[0.338s] Level 1:colcon.colcon_core.package_identification:_identify(src/gpg3_gazebo) by extensions ['colcon_pkg']
[0.339s] Level 1:colcon.colcon_core.package_identification:_identify(src/gpg3_gazebo) by extension 'colcon_pkg'
[0.339s] Level 1:colcon.colcon_core.package_identification:_identify(src/gpg3_gazebo) by extensions ['colcon_meta']
[0.339s] Level 1:colcon.colcon_core.package_identification:_identify(src/gpg3_gazebo) by extension 'colcon_meta'
[0.339s] Level 1:colcon.colcon_core.package_identification:_identify(src/gpg3_gazebo) by extensions ['ros']
[0.339s] Level 1:colcon.colcon_core.package_identification:_identify(src/gpg3_gazebo) by extension 'ros'
[0.340s] DEBUG:colcon.colcon_core.package_identification:Package 'src/gpg3_gazebo' with type 'ros.ament_cmake' and name 'gpg3_gazebo'
[0.340s] Level 1:colcon.colcon_core.package_identification:_identify(src/gpg3_msgs) by extensions ['ignore', 'ignore_ament_install']
[0.340s] Level 1:colcon.colcon_core.package_identification:_identify(src/gpg3_msgs) by extension 'ignore'
[0.340s] Level 1:colcon.colcon_core.package_identification:_identify(src/gpg3_msgs) by extension 'ignore_ament_install'
[0.340s] Level 1:colcon.colcon_core.package_identification:_identify(src/gpg3_msgs) by extensions ['colcon_pkg']
[0.340s] Level 1:colcon.colcon_core.package_identification:_identify(src/gpg3_msgs) by extension 'colcon_pkg'
[0.340s] Level 1:colcon.colcon_core.package_identification:_identify(src/gpg3_msgs) by extensions ['colcon_meta']
[0.340s] Level 1:colcon.colcon_core.package_identification:_identify(src/gpg3_msgs) by extension 'colcon_meta'
[0.340s] Level 1:colcon.colcon_core.package_identification:_identify(src/gpg3_msgs) by extensions ['ros']
[0.341s] Level 1:colcon.colcon_core.package_identification:_identify(src/gpg3_msgs) by extension 'ros'
[0.341s] DEBUG:colcon.colcon_core.package_identification:Package 'src/gpg3_msgs' with type 'ros.ament_cmake' and name 'gpg3_msgs'
[0.342s] Level 1:colcon.colcon_core.package_identification:_identify(src/gpg3_simulations) by extensions ['ignore', 'ignore_ament_install']
[0.342s] Level 1:colcon.colcon_core.package_identification:_identify(src/gpg3_simulations) by extension 'ignore'
[0.342s] Level 1:colcon.colcon_core.package_identification:_identify(src/gpg3_simulations) by extension 'ignore_ament_install'
[0.342s] Level 1:colcon.colcon_core.package_identification:_identify(src/gpg3_simulations) by extensions ['colcon_pkg']
[0.342s] Level 1:colcon.colcon_core.package_identification:_identify(src/gpg3_simulations) by extension 'colcon_pkg'
[0.342s] Level 1:colcon.colcon_core.package_identification:_identify(src/gpg3_simulations) by extensions ['colcon_meta']
[0.342s] Level 1:colcon.colcon_core.package_identification:_identify(src/gpg3_simulations) by extension 'colcon_meta'
[0.342s] Level 1:colcon.colcon_core.package_identification:_identify(src/gpg3_simulations) by extensions ['ros']
[0.342s] Level 1:colcon.colcon_core.package_identification:_identify(src/gpg3_simulations) by extension 'ros'
[0.343s] DEBUG:colcon.colcon_core.package_identification:Package 'src/gpg3_simulations' with type 'ros.ament_cmake' and name 'gpg3_simulations'
[0.343s] Level 1:colcon.colcon_core.package_discovery:discover_packages(recursive) using defaults
[0.343s] Level 1:colcon.colcon_core.package_discovery:discover_packages(ignore) discover
[0.343s] Level 1:colcon.colcon_core.package_discovery:discover_packages(ignore) using defaults
[0.343s] Level 1:colcon.colcon_core.package_discovery:discover_packages(path) discover
[0.343s] Level 1:colcon.colcon_core.package_discovery:discover_packages(path) using defaults
[0.368s] INFO:colcon.colcon_core.package_selection:Skipping not selected package 'gpg3_gazebo' in 'src/gpg3_gazebo'
[0.368s] INFO:colcon.colcon_core.package_selection:Skipping not selected package 'gpg3_fake_node' in 'src/gpg3_fake_node'
[0.368s] INFO:colcon.colcon_core.package_selection:Skipping not selected package 'gpg3_simulations' in 'src/gpg3_simulations'
[0.369s] Level 1:colcon.colcon_core.package_discovery:discover_packages(prefix_path) check parameters
[0.369s] Level 1:colcon.colcon_core.package_discovery:discover_packages(prefix_path) discover
[0.370s] WARNING:colcon.colcon_ros.prefix_path.ament:The path '/home/ubuntu/gopi5go_desk/simws/install/gpg3_simulations' in the environment variable AMENT_PREFIX_PATH doesn't exist
[0.370s] WARNING:colcon.colcon_ros.prefix_path.ament:The path '/home/ubuntu/gopi5go_desk/simws/install/gpg3_fake_node' in the environment variable AMENT_PREFIX_PATH doesn't exist
[0.370s] WARNING:colcon.colcon_ros.prefix_path.ament:The path '/home/ubuntu/gopi5go_desk/simws/install/gpg3_msgs' in the environment variable AMENT_PREFIX_PATH doesn't exist
[0.370s] WARNING:colcon.colcon_ros.prefix_path.ament:The path '/home/ubuntu/gopi5go_desk/simws/install/gpg3_gazebo' in the environment variable AMENT_PREFIX_PATH doesn't exist
[0.370s] WARNING:colcon.colcon_ros.prefix_path.catkin:The path '/home/ubuntu/gopi5go_desk/simws/install/gpg3_simulations' in the environment variable CMAKE_PREFIX_PATH doesn't exist
[0.370s] WARNING:colcon.colcon_ros.prefix_path.catkin:The path '/home/ubuntu/gopi5go_desk/simws/install/gpg3_fake_node' in the environment variable CMAKE_PREFIX_PATH doesn't exist
[0.370s] WARNING:colcon.colcon_ros.prefix_path.catkin:The path '/home/ubuntu/gopi5go_desk/simws/install/gpg3_msgs' in the environment variable CMAKE_PREFIX_PATH doesn't exist
[0.370s] WARNING:colcon.colcon_ros.prefix_path.catkin:The path '/home/ubuntu/gopi5go_desk/simws/install/gpg3_gazebo' in the environment variable CMAKE_PREFIX_PATH doesn't exist
[0.371s] DEBUG:colcon.colcon_installed_package_information.package_discovery:Found 0 installed packages in /home/ubuntu/gopi5go_desk/simws/install
[0.373s] DEBUG:colcon.colcon_installed_package_information.package_discovery:Found 413 installed packages in /opt/ros/humble
[0.385s] Level 1:colcon.colcon_core.package_discovery:discover_packages(prefix_path) using defaults
[0.441s] Level 5:colcon.colcon_core.verb:set package 'gpg3_msgs' build argument 'cmake_args' from command line to 'None'
[0.441s] Level 5:colcon.colcon_core.verb:set package 'gpg3_msgs' build argument 'cmake_target' from command line to 'None'
[0.441s] Level 5:colcon.colcon_core.verb:set package 'gpg3_msgs' build argument 'cmake_target_skip_unavailable' from command line to 'False'
[0.442s] Level 5:colcon.colcon_core.verb:set package 'gpg3_msgs' build argument 'cmake_clean_cache' from command line to 'False'
[0.442s] Level 5:colcon.colcon_core.verb:set package 'gpg3_msgs' build argument 'cmake_clean_first' from command line to 'False'
[0.442s] Level 5:colcon.colcon_core.verb:set package 'gpg3_msgs' build argument 'cmake_force_configure' from command line to 'False'
[0.442s] Level 5:colcon.colcon_core.verb:set package 'gpg3_msgs' build argument 'ament_cmake_args' from command line to 'None'
[0.442s] Level 5:colcon.colcon_core.verb:set package 'gpg3_msgs' build argument 'catkin_cmake_args' from command line to 'None'
[0.442s] Level 5:colcon.colcon_core.verb:set package 'gpg3_msgs' build argument 'catkin_skip_building_tests' from command line to 'False'
[0.442s] DEBUG:colcon.colcon_core.verb:Building package 'gpg3_msgs' with the following arguments: {'ament_cmake_args': None, 'build_base': '/home/ubuntu/gopi5go_desk/simws/build/gpg3_msgs', 'catkin_cmake_args': None, 'catkin_skip_building_tests': False, 'cmake_args': None, 'cmake_clean_cache': False, 'cmake_clean_first': False, 'cmake_force_configure': False, 'cmake_target': None, 'cmake_target_skip_unavailable': False, 'install_base': '/home/ubuntu/gopi5go_desk/simws/install/gpg3_msgs', 'merge_install': False, 'path': '/home/ubuntu/gopi5go_desk/simws/src/gpg3_msgs', 'symlink_install': False, 'test_result_base': None}
[0.442s] INFO:colcon.colcon_core.executor:Executing jobs using 'parallel' executor
[0.443s] DEBUG:colcon.colcon_parallel_executor.executor.parallel:run_until_complete
[0.443s] INFO:colcon.colcon_ros.task.ament_cmake.build:Building ROS package in '/home/ubuntu/gopi5go_desk/simws/src/gpg3_msgs' with build type 'ament_cmake'
[0.443s] INFO:colcon.colcon_cmake.task.cmake.build:Building CMake package in '/home/ubuntu/gopi5go_desk/simws/src/gpg3_msgs'
[0.446s] INFO:colcon.colcon_core.plugin_system:Skipping extension 'colcon_core.shell.bat': Not used on non-Windows systems
[0.446s] INFO:colcon.colcon_core.shell:Skip shell extension 'powershell' for command environment: Not usable outside of PowerShell
[0.446s] DEBUG:colcon.colcon_core.shell:Skip shell extension 'dsv' for command environment
[0.455s] DEBUG:colcon.colcon_core.event_handler.log_command:Invoking command in '/home/ubuntu/gopi5go_desk/simws/build/gpg3_msgs': CMAKE_PREFIX_PATH=${CMAKE_PREFIX_PATH}:/opt/ros/humble /usr/bin/cmake /home/ubuntu/gopi5go_desk/simws/src/gpg3_msgs -DCMAKE_INSTALL_PREFIX=/home/ubuntu/gopi5go_desk/simws/install/gpg3_msgs
[2.266s] DEBUG:colcon.colcon_core.event_handler.log_command:Invoked command in '/home/ubuntu/gopi5go_desk/simws/build/gpg3_msgs' returned '0': CMAKE_PREFIX_PATH=${CMAKE_PREFIX_PATH}:/opt/ros/humble /usr/bin/cmake /home/ubuntu/gopi5go_desk/simws/src/gpg3_msgs -DCMAKE_INSTALL_PREFIX=/home/ubuntu/gopi5go_desk/simws/install/gpg3_msgs
[2.268s] DEBUG:colcon.colcon_core.event_handler.log_command:Invoking command in '/home/ubuntu/gopi5go_desk/simws/build/gpg3_msgs': CMAKE_PREFIX_PATH=${CMAKE_PREFIX_PATH}:/opt/ros/humble /usr/bin/cmake --build /home/ubuntu/gopi5go_desk/simws/build/gpg3_msgs -- -j4 -l4
[12.740s] DEBUG:colcon.colcon_core.event_handler.log_command:Invoked command in '/home/ubuntu/gopi5go_desk/simws/build/gpg3_msgs' returned '0': CMAKE_PREFIX_PATH=${CMAKE_PREFIX_PATH}:/opt/ros/humble /usr/bin/cmake --build /home/ubuntu/gopi5go_desk/simws/build/gpg3_msgs -- -j4 -l4
[13.073s] DEBUG:colcon.colcon_core.event_handler.log_command:Invoking command in '/home/ubuntu/gopi5go_desk/simws/build/gpg3_msgs': CMAKE_PREFIX_PATH=${CMAKE_PREFIX_PATH}:/opt/ros/humble /usr/bin/cmake --install /home/ubuntu/gopi5go_desk/simws/build/gpg3_msgs
[13.190s] Level 1:colcon.colcon_core.environment:create_environment_scripts_only(gpg3_msgs)
[13.192s] Level 1:colcon.colcon_core.environment:checking '/home/ubuntu/gopi5go_desk/simws/install/gpg3_msgs' for CMake module files
[13.193s] DEBUG:colcon.colcon_core.event_handler.log_command:Invoked command in '/home/ubuntu/gopi5go_desk/simws/build/gpg3_msgs' returned '0': CMAKE_PREFIX_PATH=${CMAKE_PREFIX_PATH}:/opt/ros/humble /usr/bin/cmake --install /home/ubuntu/gopi5go_desk/simws/build/gpg3_msgs
[13.193s] Level 1:colcon.colcon_core.environment:checking '/home/ubuntu/gopi5go_desk/simws/install/gpg3_msgs' for CMake config files
[13.194s] Level 1:colcon.colcon_core.shell:create_environment_hook('gpg3_msgs', 'cmake_prefix_path')
[13.194s] INFO:colcon.colcon_core.shell:Creating environment hook '/home/ubuntu/gopi5go_desk/simws/install/gpg3_msgs/share/gpg3_msgs/hook/cmake_prefix_path.ps1'
[13.195s] INFO:colcon.colcon_core.shell:Creating environment descriptor '/home/ubuntu/gopi5go_desk/simws/install/gpg3_msgs/share/gpg3_msgs/hook/cmake_prefix_path.dsv'
[13.195s] INFO:colcon.colcon_core.shell:Creating environment hook '/home/ubuntu/gopi5go_desk/simws/install/gpg3_msgs/share/gpg3_msgs/hook/cmake_prefix_path.sh'
[13.196s] Level 1:colcon.colcon_core.environment:checking '/home/ubuntu/gopi5go_desk/simws/install/gpg3_msgs/lib'
[13.196s] Level 1:colcon.colcon_core.shell:create_environment_hook('gpg3_msgs', 'ld_library_path_lib')
[13.197s] INFO:colcon.colcon_core.shell:Creating environment hook '/home/ubuntu/gopi5go_desk/simws/install/gpg3_msgs/share/gpg3_msgs/hook/ld_library_path_lib.ps1'
[13.197s] INFO:colcon.colcon_core.shell:Creating environment descriptor '/home/ubuntu/gopi5go_desk/simws/install/gpg3_msgs/share/gpg3_msgs/hook/ld_library_path_lib.dsv'
[13.197s] INFO:colcon.colcon_core.shell:Creating environment hook '/home/ubuntu/gopi5go_desk/simws/install/gpg3_msgs/share/gpg3_msgs/hook/ld_library_path_lib.sh'
[13.198s] Level 1:colcon.colcon_core.environment:checking '/home/ubuntu/gopi5go_desk/simws/install/gpg3_msgs/bin'
[13.198s] Level 1:colcon.colcon_core.environment:checking '/home/ubuntu/gopi5go_desk/simws/install/gpg3_msgs/lib/pkgconfig/gpg3_msgs.pc'
[13.198s] Level 1:colcon.colcon_core.environment:checking '/home/ubuntu/gopi5go_desk/simws/install/gpg3_msgs/lib/python3.10/site-packages'
[13.198s] Level 1:colcon.colcon_core.environment:checking '/home/ubuntu/gopi5go_desk/simws/install/gpg3_msgs/bin'
[13.199s] INFO:colcon.colcon_core.shell:Creating package script '/home/ubuntu/gopi5go_desk/simws/install/gpg3_msgs/share/gpg3_msgs/package.ps1'
[13.200s] INFO:colcon.colcon_core.shell:Creating package descriptor '/home/ubuntu/gopi5go_desk/simws/install/gpg3_msgs/share/gpg3_msgs/package.dsv'
[13.201s] INFO:colcon.colcon_core.shell:Creating package script '/home/ubuntu/gopi5go_desk/simws/install/gpg3_msgs/share/gpg3_msgs/package.sh'
[13.201s] INFO:colcon.colcon_core.shell:Creating package script '/home/ubuntu/gopi5go_desk/simws/install/gpg3_msgs/share/gpg3_msgs/package.bash'
[13.202s] INFO:colcon.colcon_core.shell:Creating package script '/home/ubuntu/gopi5go_desk/simws/install/gpg3_msgs/share/gpg3_msgs/package.zsh'
[13.203s] Level 1:colcon.colcon_core.environment:create_file_with_runtime_dependencies(/home/ubuntu/gopi5go_desk/simws/install/gpg3_msgs/share/colcon-core/packages/gpg3_msgs)
[13.528s] Level 1:colcon.colcon_core.environment:create_environment_scripts_only(gpg3_msgs)
[13.529s] Level 1:colcon.colcon_core.environment:checking '/home/ubuntu/gopi5go_desk/simws/install/gpg3_msgs' for CMake module files
[13.529s] Level 1:colcon.colcon_core.environment:checking '/home/ubuntu/gopi5go_desk/simws/install/gpg3_msgs' for CMake config files
[13.530s] Level 1:colcon.colcon_core.shell:create_environment_hook('gpg3_msgs', 'cmake_prefix_path')
[13.530s] INFO:colcon.colcon_core.shell:Creating environment hook '/home/ubuntu/gopi5go_desk/simws/install/gpg3_msgs/share/gpg3_msgs/hook/cmake_prefix_path.ps1'
[13.530s] INFO:colcon.colcon_core.shell:Creating environment descriptor '/home/ubuntu/gopi5go_desk/simws/install/gpg3_msgs/share/gpg3_msgs/hook/cmake_prefix_path.dsv'
[13.531s] INFO:colcon.colcon_core.shell:Creating environment hook '/home/ubuntu/gopi5go_desk/simws/install/gpg3_msgs/share/gpg3_msgs/hook/cmake_prefix_path.sh'
[13.531s] Level 1:colcon.colcon_core.environment:checking '/home/ubuntu/gopi5go_desk/simws/install/gpg3_msgs/lib'
[13.531s] Level 1:colcon.colcon_core.shell:create_environment_hook('gpg3_msgs', 'ld_library_path_lib')
[13.531s] INFO:colcon.colcon_core.shell:Creating environment hook '/home/ubuntu/gopi5go_desk/simws/install/gpg3_msgs/share/gpg3_msgs/hook/ld_library_path_lib.ps1'
[13.532s] INFO:colcon.colcon_core.shell:Creating environment descriptor '/home/ubuntu/gopi5go_desk/simws/install/gpg3_msgs/share/gpg3_msgs/hook/ld_library_path_lib.dsv'
[13.532s] INFO:colcon.colcon_core.shell:Creating environment hook '/home/ubuntu/gopi5go_desk/simws/install/gpg3_msgs/share/gpg3_msgs/hook/ld_library_path_lib.sh'
[13.533s] Level 1:colcon.colcon_core.environment:checking '/home/ubuntu/gopi5go_desk/simws/install/gpg3_msgs/bin'
[13.533s] Level 1:colcon.colcon_core.environment:checking '/home/ubuntu/gopi5go_desk/simws/install/gpg3_msgs/lib/pkgconfig/gpg3_msgs.pc'
[13.533s] Level 1:colcon.colcon_core.environment:checking '/home/ubuntu/gopi5go_desk/simws/install/gpg3_msgs/lib/python3.10/site-packages'
[13.533s] Level 1:colcon.colcon_core.environment:checking '/home/ubuntu/gopi5go_desk/simws/install/gpg3_msgs/bin'
[13.534s] INFO:colcon.colcon_core.shell:Creating package script '/home/ubuntu/gopi5go_desk/simws/install/gpg3_msgs/share/gpg3_msgs/package.ps1'
[13.534s] INFO:colcon.colcon_core.shell:Creating package descriptor '/home/ubuntu/gopi5go_desk/simws/install/gpg3_msgs/share/gpg3_msgs/package.dsv'
[13.535s] INFO:colcon.colcon_core.shell:Creating package script '/home/ubuntu/gopi5go_desk/simws/install/gpg3_msgs/share/gpg3_msgs/package.sh'
[13.535s] INFO:colcon.colcon_core.shell:Creating package script '/home/ubuntu/gopi5go_desk/simws/install/gpg3_msgs/share/gpg3_msgs/package.bash'
[13.536s] INFO:colcon.colcon_core.shell:Creating package script '/home/ubuntu/gopi5go_desk/simws/install/gpg3_msgs/share/gpg3_msgs/package.zsh'
[13.536s] Level 1:colcon.colcon_core.environment:create_file_with_runtime_dependencies(/home/ubuntu/gopi5go_desk/simws/install/gpg3_msgs/share/colcon-core/packages/gpg3_msgs)
[13.537s] DEBUG:colcon.colcon_parallel_executor.executor.parallel:closing loop
[13.537s] DEBUG:colcon.colcon_parallel_executor.executor.parallel:loop closed
[13.537s] DEBUG:colcon.colcon_parallel_executor.executor.parallel:run_until_complete finished with '0'
[13.537s] DEBUG:colcon.colcon_core.event_reactor:joining thread
[13.544s] INFO:colcon.colcon_core.plugin_system:Skipping extension 'colcon_notification.desktop_notification.terminal_notifier': Not used on non-Darwin systems
[13.544s] INFO:colcon.colcon_core.plugin_system:Skipping extension 'colcon_notification.desktop_notification.win32': Not used on non-Windows systems
[13.544s] INFO:colcon.colcon_notification.desktop_notification:Sending desktop notification using 'notify2'
[13.558s] DEBUG:colcon.colcon_core.event_reactor:joined thread
[13.559s] INFO:colcon.colcon_core.shell:Creating prefix script '/home/ubuntu/gopi5go_desk/simws/install/local_setup.ps1'
[13.560s] INFO:colcon.colcon_core.shell:Creating prefix util module '/home/ubuntu/gopi5go_desk/simws/install/_local_setup_util_ps1.py'
[13.562s] INFO:colcon.colcon_core.shell:Creating prefix chain script '/home/ubuntu/gopi5go_desk/simws/install/setup.ps1'
[13.563s] INFO:colcon.colcon_core.shell:Creating prefix script '/home/ubuntu/gopi5go_desk/simws/install/local_setup.sh'
[13.564s] INFO:colcon.colcon_core.shell:Creating prefix util module '/home/ubuntu/gopi5go_desk/simws/install/_local_setup_util_sh.py'
[13.564s] INFO:colcon.colcon_core.shell:Creating prefix chain script '/home/ubuntu/gopi5go_desk/simws/install/setup.sh'
[13.565s] INFO:colcon.colcon_core.shell:Creating prefix script '/home/ubuntu/gopi5go_desk/simws/install/local_setup.bash'
[13.565s] INFO:colcon.colcon_core.shell:Creating prefix chain script '/home/ubuntu/gopi5go_desk/simws/install/setup.bash'
[13.566s] INFO:colcon.colcon_core.shell:Creating prefix script '/home/ubuntu/gopi5go_desk/simws/install/local_setup.zsh'
[13.567s] INFO:colcon.colcon_core.shell:Creating prefix chain script '/home/ubuntu/gopi5go_desk/simws/install/setup.zsh'
