[0.114s] DEBUG:colcon:Command line arguments: ['/usr/bin/colcon', 'build', '--packages-select', 'gpg3_simulations']
[0.114s] DEBUG:colcon:Parsed command line arguments: Namespace(log_base=None, log_level=None, verb_name='build', build_base='build', install_base='install', merge_install=False, symlink_install=False, test_result_base=None, continue_on_error=False, executor='parallel', parallel_workers=4, event_handlers=None, ignore_user_meta=False, metas=['./colcon.meta'], base_paths=['.'], packages_ignore=None, packages_ignore_regex=None, paths=None, packages_up_to=None, packages_up_to_regex=None, packages_above=None, packages_above_and_dependencies=None, packages_above_depth=None, packages_select_by_dep=None, packages_skip_by_dep=None, packages_skip_up_to=None, packages_select_build_failed=False, packages_skip_build_finished=False, packages_select_test_failures=False, packages_skip_test_passed=False, packages_select=['gpg3_simulations'], packages_skip=None, packages_select_regex=None, packages_skip_regex=None, packages_start=None, packages_end=None, allow_overriding=[], cmake_args=None, cmake_target=None, cmake_target_skip_unavailable=False, cmake_clean_cache=False, cmake_clean_first=False, cmake_force_configure=False, ament_cmake_args=None, catkin_cmake_args=None, catkin_skip_building_tests=False, mixin_files=None, mixin=None, verb_parser=<colcon_mixin.mixin.mixin_argument.MixinArgumentDecorator object at 0x72bee3a33520>, verb_extension=<colcon_core.verb.build.BuildVerb object at 0x72bee3b27c10>, main=<bound method BuildVerb.main of <colcon_core.verb.build.BuildVerb object at 0x72bee3b27c10>>, mixin_verb=('build',))
[0.291s] Level 1:colcon.colcon_core.package_discovery:discover_packages(colcon_meta) check parameters
[0.291s] Level 1:colcon.colcon_core.package_discovery:discover_packages(recursive) check parameters
[0.291s] Level 1:colcon.colcon_core.package_discovery:discover_packages(ignore) check parameters
[0.291s] Level 1:colcon.colcon_core.package_discovery:discover_packages(path) check parameters
[0.291s] Level 1:colcon.colcon_core.package_discovery:discover_packages(colcon_meta) discover
[0.291s] Level 1:colcon.colcon_core.package_discovery:discover_packages(recursive) discover
[0.291s] INFO:colcon.colcon_core.package_discovery:Crawling recursively for packages in '/home/ubuntu/gopi5go_desk/simws'
[0.291s] Level 1:colcon.colcon_core.package_identification:_identify(.) by extensions ['ignore', 'ignore_ament_install']
[0.291s] Level 1:colcon.colcon_core.package_identification:_identify(.) by extension 'ignore'
[0.291s] Level 1:colcon.colcon_core.package_identification:_identify(.) by extension 'ignore_ament_install'
[0.291s] Level 1:colcon.colcon_core.package_identification:_identify(.) by extensions ['colcon_pkg']
[0.291s] Level 1:colcon.colcon_core.package_identification:_identify(.) by extension 'colcon_pkg'
[0.291s] Level 1:colcon.colcon_core.package_identification:_identify(.) by extensions ['colcon_meta']
[0.291s] Level 1:colcon.colcon_core.package_identification:_identify(.) by extension 'colcon_meta'
[0.291s] Level 1:colcon.colcon_core.package_identification:_identify(.) by extensions ['ros']
[0.291s] Level 1:colcon.colcon_core.package_identification:_identify(.) by extension 'ros'
[0.302s] Level 1:colcon.colcon_core.package_identification:_identify(.) by extensions ['cmake', 'python']
[0.302s] Level 1:colcon.colcon_core.package_identification:_identify(.) by extension 'cmake'
[0.302s] Level 1:colcon.colcon_core.package_identification:_identify(.) by extension 'python'
[0.303s] Level 1:colcon.colcon_core.package_identification:_identify(.) by extensions ['python_setup_py']
[0.303s] Level 1:colcon.colcon_core.package_identification:_identify(.) by extension 'python_setup_py'
[0.303s] Level 1:colcon.colcon_core.package_identification:_identify(build) by extensions ['ignore', 'ignore_ament_install']
[0.303s] Level 1:colcon.colcon_core.package_identification:_identify(build) by extension 'ignore'
[0.303s] Level 1:colcon.colcon_core.package_identification:_identify(build) ignored
[0.303s] Level 1:colcon.colcon_core.package_identification:_identify(install) by extensions ['ignore', 'ignore_ament_install']
[0.303s] Level 1:colcon.colcon_core.package_identification:_identify(install) by extension 'ignore'
[0.303s] Level 1:colcon.colcon_core.package_identification:_identify(install) ignored
[0.303s] Level 1:colcon.colcon_core.package_identification:_identify(log) by extensions ['ignore', 'ignore_ament_install']
[0.303s] Level 1:colcon.colcon_core.package_identification:_identify(log) by extension 'ignore'
[0.303s] Level 1:colcon.colcon_core.package_identification:_identify(log) ignored
[0.303s] Level 1:colcon.colcon_core.package_identification:_identify(src) by extensions ['ignore', 'ignore_ament_install']
[0.304s] Level 1:colcon.colcon_core.package_identification:_identify(src) by extension 'ignore'
[0.304s] Level 1:colcon.colcon_core.package_identification:_identify(src) by extension 'ignore_ament_install'
[0.304s] Level 1:colcon.colcon_core.package_identification:_identify(src) by extensions ['colcon_pkg']
[0.304s] Level 1:colcon.colcon_core.package_identification:_identify(src) by extension 'colcon_pkg'
[0.304s] Level 1:colcon.colcon_core.package_identification:_identify(src) by extensions ['colcon_meta']
[0.304s] Level 1:colcon.colcon_core.package_identification:_identify(src) by extension 'colcon_meta'
[0.304s] Level 1:colcon.colcon_core.package_identification:_identify(src) by extensions ['ros']
[0.304s] Level 1:colcon.colcon_core.package_identification:_identify(src) by extension 'ros'
[0.304s] Level 1:colcon.colcon_core.package_identification:_identify(src) by extensions ['cmake', 'python']
[0.304s] Level 1:colcon.colcon_core.package_identification:_identify(src) by extension 'cmake'
[0.304s] Level 1:colcon.colcon_core.package_identification:_identify(src) by extension 'python'
[0.304s] Level 1:colcon.colcon_core.package_identification:_identify(src) by extensions ['python_setup_py']
[0.304s] Level 1:colcon.colcon_core.package_identification:_identify(src) by extension 'python_setup_py'
[0.304s] Level 1:colcon.colcon_core.package_identification:_identify(src/gpg3_cartographer) by extensions ['ignore', 'ignore_ament_install']
[0.304s] Level 1:colcon.colcon_core.package_identification:_identify(src/gpg3_cartographer) by extension 'ignore'
[0.304s] Level 1:colcon.colcon_core.package_identification:_identify(src/gpg3_cartographer) by extension 'ignore_ament_install'
[0.304s] Level 1:colcon.colcon_core.package_identification:_identify(src/gpg3_cartographer) by extensions ['colcon_pkg']
[0.304s] Level 1:colcon.colcon_core.package_identification:_identify(src/gpg3_cartographer) by extension 'colcon_pkg'
[0.304s] Level 1:colcon.colcon_core.package_identification:_identify(src/gpg3_cartographer) by extensions ['colcon_meta']
[0.304s] Level 1:colcon.colcon_core.package_identification:_identify(src/gpg3_cartographer) by extension 'colcon_meta'
[0.304s] Level 1:colcon.colcon_core.package_identification:_identify(src/gpg3_cartographer) by extensions ['ros']
[0.305s] Level 1:colcon.colcon_core.package_identification:_identify(src/gpg3_cartographer) by extension 'ros'
[0.307s] DEBUG:colcon.colcon_core.package_identification:Package 'src/gpg3_cartographer' with type 'ros.ament_cmake' and name 'gpg3_cartographer'
[0.307s] Level 1:colcon.colcon_core.package_identification:_identify(src/gpg3_fake_node) by extensions ['ignore', 'ignore_ament_install']
[0.307s] Level 1:colcon.colcon_core.package_identification:_identify(src/gpg3_fake_node) by extension 'ignore'
[0.307s] Level 1:colcon.colcon_core.package_identification:_identify(src/gpg3_fake_node) by extension 'ignore_ament_install'
[0.307s] Level 1:colcon.colcon_core.package_identification:_identify(src/gpg3_fake_node) by extensions ['colcon_pkg']
[0.307s] Level 1:colcon.colcon_core.package_identification:_identify(src/gpg3_fake_node) by extension 'colcon_pkg'
[0.307s] Level 1:colcon.colcon_core.package_identification:_identify(src/gpg3_fake_node) by extensions ['colcon_meta']
[0.307s] Level 1:colcon.colcon_core.package_identification:_identify(src/gpg3_fake_node) by extension 'colcon_meta'
[0.307s] Level 1:colcon.colcon_core.package_identification:_identify(src/gpg3_fake_node) by extensions ['ros']
[0.307s] Level 1:colcon.colcon_core.package_identification:_identify(src/gpg3_fake_node) by extension 'ros'
[0.309s] DEBUG:colcon.colcon_core.package_identification:Package 'src/gpg3_fake_node' with type 'ros.ament_cmake' and name 'gpg3_fake_node'
[0.309s] Level 1:colcon.colcon_core.package_identification:_identify(src/gpg3_gazebo) by extensions ['ignore', 'ignore_ament_install']
[0.309s] Level 1:colcon.colcon_core.package_identification:_identify(src/gpg3_gazebo) by extension 'ignore'
[0.309s] Level 1:colcon.colcon_core.package_identification:_identify(src/gpg3_gazebo) by extension 'ignore_ament_install'
[0.309s] Level 1:colcon.colcon_core.package_identification:_identify(src/gpg3_gazebo) by extensions ['colcon_pkg']
[0.309s] Level 1:colcon.colcon_core.package_identification:_identify(src/gpg3_gazebo) by extension 'colcon_pkg'
[0.309s] Level 1:colcon.colcon_core.package_identification:_identify(src/gpg3_gazebo) by extensions ['colcon_meta']
[0.309s] Level 1:colcon.colcon_core.package_identification:_identify(src/gpg3_gazebo) by extension 'colcon_meta'
[0.309s] Level 1:colcon.colcon_core.package_identification:_identify(src/gpg3_gazebo) by extensions ['ros']
[0.309s] Level 1:colcon.colcon_core.package_identification:_identify(src/gpg3_gazebo) by extension 'ros'
[0.310s] DEBUG:colcon.colcon_core.package_identification:Package 'src/gpg3_gazebo' with type 'ros.ament_cmake' and name 'gpg3_gazebo'
[0.310s] Level 1:colcon.colcon_core.package_identification:_identify(src/gpg3_msgs) by extensions ['ignore', 'ignore_ament_install']
[0.310s] Level 1:colcon.colcon_core.package_identification:_identify(src/gpg3_msgs) by extension 'ignore'
[0.311s] Level 1:colcon.colcon_core.package_identification:_identify(src/gpg3_msgs) by extension 'ignore_ament_install'
[0.311s] Level 1:colcon.colcon_core.package_identification:_identify(src/gpg3_msgs) by extensions ['colcon_pkg']
[0.311s] Level 1:colcon.colcon_core.package_identification:_identify(src/gpg3_msgs) by extension 'colcon_pkg'
[0.311s] Level 1:colcon.colcon_core.package_identification:_identify(src/gpg3_msgs) by extensions ['colcon_meta']
[0.311s] Level 1:colcon.colcon_core.package_identification:_identify(src/gpg3_msgs) by extension 'colcon_meta'
[0.311s] Level 1:colcon.colcon_core.package_identification:_identify(src/gpg3_msgs) by extensions ['ros']
[0.311s] Level 1:colcon.colcon_core.package_identification:_identify(src/gpg3_msgs) by extension 'ros'
[0.312s] DEBUG:colcon.colcon_core.package_identification:Package 'src/gpg3_msgs' with type 'ros.ament_cmake' and name 'gpg3_msgs'
[0.312s] Level 1:colcon.colcon_core.package_identification:_identify(src/gpg3_simulations) by extensions ['ignore', 'ignore_ament_install']
[0.312s] Level 1:colcon.colcon_core.package_identification:_identify(src/gpg3_simulations) by extension 'ignore'
[0.312s] Level 1:colcon.colcon_core.package_identification:_identify(src/gpg3_simulations) by extension 'ignore_ament_install'
[0.312s] Level 1:colcon.colcon_core.package_identification:_identify(src/gpg3_simulations) by extensions ['colcon_pkg']
[0.312s] Level 1:colcon.colcon_core.package_identification:_identify(src/gpg3_simulations) by extension 'colcon_pkg'
[0.312s] Level 1:colcon.colcon_core.package_identification:_identify(src/gpg3_simulations) by extensions ['colcon_meta']
[0.312s] Level 1:colcon.colcon_core.package_identification:_identify(src/gpg3_simulations) by extension 'colcon_meta'
[0.312s] Level 1:colcon.colcon_core.package_identification:_identify(src/gpg3_simulations) by extensions ['ros']
[0.312s] Level 1:colcon.colcon_core.package_identification:_identify(src/gpg3_simulations) by extension 'ros'
[0.313s] DEBUG:colcon.colcon_core.package_identification:Package 'src/gpg3_simulations' with type 'ros.ament_cmake' and name 'gpg3_simulations'
[0.313s] Level 1:colcon.colcon_core.package_discovery:discover_packages(recursive) using defaults
[0.313s] Level 1:colcon.colcon_core.package_discovery:discover_packages(ignore) discover
[0.313s] Level 1:colcon.colcon_core.package_discovery:discover_packages(ignore) using defaults
[0.313s] Level 1:colcon.colcon_core.package_discovery:discover_packages(path) discover
[0.313s] Level 1:colcon.colcon_core.package_discovery:discover_packages(path) using defaults
[0.340s] INFO:colcon.colcon_core.package_selection:Skipping not selected package 'gpg3_cartographer' in 'src/gpg3_cartographer'
[0.340s] INFO:colcon.colcon_core.package_selection:Skipping not selected package 'gpg3_gazebo' in 'src/gpg3_gazebo'
[0.340s] INFO:colcon.colcon_core.package_selection:Skipping not selected package 'gpg3_msgs' in 'src/gpg3_msgs'
[0.340s] INFO:colcon.colcon_core.package_selection:Skipping not selected package 'gpg3_fake_node' in 'src/gpg3_fake_node'
[0.341s] Level 1:colcon.colcon_core.package_discovery:discover_packages(prefix_path) check parameters
[0.341s] Level 1:colcon.colcon_core.package_discovery:discover_packages(prefix_path) discover
[0.343s] DEBUG:colcon.colcon_installed_package_information.package_discovery:Found 4 installed packages in /home/ubuntu/gopi5go_desk/simws/install
[0.343s] DEBUG:colcon.colcon_installed_package_information.package_discovery:Found 6 installed packages in /home/ubuntu/gopi5go_desk/ros2ws/install
[0.345s] DEBUG:colcon.colcon_installed_package_information.package_discovery:Found 413 installed packages in /opt/ros/humble
[0.347s] Level 1:colcon.colcon_core.package_discovery:discover_packages(prefix_path) using defaults
[0.398s] Level 5:colcon.colcon_core.verb:set package 'gpg3_simulations' build argument 'cmake_args' from command line to 'None'
[0.398s] Level 5:colcon.colcon_core.verb:set package 'gpg3_simulations' build argument 'cmake_target' from command line to 'None'
[0.398s] Level 5:colcon.colcon_core.verb:set package 'gpg3_simulations' build argument 'cmake_target_skip_unavailable' from command line to 'False'
[0.398s] Level 5:colcon.colcon_core.verb:set package 'gpg3_simulations' build argument 'cmake_clean_cache' from command line to 'False'
[0.398s] Level 5:colcon.colcon_core.verb:set package 'gpg3_simulations' build argument 'cmake_clean_first' from command line to 'False'
[0.398s] Level 5:colcon.colcon_core.verb:set package 'gpg3_simulations' build argument 'cmake_force_configure' from command line to 'False'
[0.398s] Level 5:colcon.colcon_core.verb:set package 'gpg3_simulations' build argument 'ament_cmake_args' from command line to 'None'
[0.398s] Level 5:colcon.colcon_core.verb:set package 'gpg3_simulations' build argument 'catkin_cmake_args' from command line to 'None'
[0.398s] Level 5:colcon.colcon_core.verb:set package 'gpg3_simulations' build argument 'catkin_skip_building_tests' from command line to 'False'
[0.398s] DEBUG:colcon.colcon_core.verb:Building package 'gpg3_simulations' with the following arguments: {'ament_cmake_args': None, 'build_base': '/home/ubuntu/gopi5go_desk/simws/build/gpg3_simulations', 'catkin_cmake_args': None, 'catkin_skip_building_tests': False, 'cmake_args': None, 'cmake_clean_cache': False, 'cmake_clean_first': False, 'cmake_force_configure': False, 'cmake_target': None, 'cmake_target_skip_unavailable': False, 'install_base': '/home/ubuntu/gopi5go_desk/simws/install/gpg3_simulations', 'merge_install': False, 'path': '/home/ubuntu/gopi5go_desk/simws/src/gpg3_simulations', 'symlink_install': False, 'test_result_base': None}
[0.398s] INFO:colcon.colcon_core.executor:Executing jobs using 'parallel' executor
[0.399s] DEBUG:colcon.colcon_parallel_executor.executor.parallel:run_until_complete
[0.399s] INFO:colcon.colcon_ros.task.ament_cmake.build:Building ROS package in '/home/ubuntu/gopi5go_desk/simws/src/gpg3_simulations' with build type 'ament_cmake'
[0.400s] INFO:colcon.colcon_cmake.task.cmake.build:Building CMake package in '/home/ubuntu/gopi5go_desk/simws/src/gpg3_simulations'
[0.402s] INFO:colcon.colcon_core.plugin_system:Skipping extension 'colcon_core.shell.bat': Not used on non-Windows systems
[0.402s] INFO:colcon.colcon_core.shell:Skip shell extension 'powershell' for command environment: Not usable outside of PowerShell
[0.402s] DEBUG:colcon.colcon_core.shell:Skip shell extension 'dsv' for command environment
[0.419s] DEBUG:colcon.colcon_core.event_handler.log_command:Invoking command in '/home/ubuntu/gopi5go_desk/simws/build/gpg3_simulations': CMAKE_PREFIX_PATH=/home/ubuntu/gopi5go_desk/simws/install/gpg3_fake_node:/home/ubuntu/gopi5go_desk/simws/install/gpg3_msgs:/home/ubuntu/gopi5go_desk/simws/install/gpg3_gazebo:/home/ubuntu/gopi5go_desk/ros2ws/install/ros2_gopigo3_msg:/home/ubuntu/gopi5go_desk/ros2ws/install/dave_interfaces:/home/ubuntu/gopi5go_desk/simws/install/gpg3_simulations:/home/ubuntu/gopi5go_desk/ros2ws/install/teleop_gopigo3_keyboard:/home/ubuntu/gopi5go_desk/ros2ws/install/scan_client:/home/ubuntu/gopi5go_desk/ros2ws/install/gopi5go_dave:/home/ubuntu/gopi5go_desk/ros2ws/install/explorer_wanderer:/opt/ros/humble LD_LIBRARY_PATH=/home/ubuntu/gopi5go_desk/simws/install/gpg3_msgs/lib:/home/ubuntu/gopi5go_desk/ros2ws/install/ros2_gopigo3_msg/lib:/home/ubuntu/gopi5go_desk/ros2ws/install/dave_interfaces/lib:/usr/lib/x86_64-linux-gnu/gazebo-11/plugins:/opt/ros/humble/opt/rviz_ogre_vendor/lib:/opt/ros/humble/lib/x86_64-linux-gnu:/opt/ros/humble/lib /usr/bin/cmake --build /home/ubuntu/gopi5go_desk/simws/build/gpg3_simulations -- -j4 -l4
[0.472s] DEBUG:colcon.colcon_core.event_handler.log_command:Invoked command in '/home/ubuntu/gopi5go_desk/simws/build/gpg3_simulations' returned '0': CMAKE_PREFIX_PATH=/home/ubuntu/gopi5go_desk/simws/install/gpg3_fake_node:/home/ubuntu/gopi5go_desk/simws/install/gpg3_msgs:/home/ubuntu/gopi5go_desk/simws/install/gpg3_gazebo:/home/ubuntu/gopi5go_desk/ros2ws/install/ros2_gopigo3_msg:/home/ubuntu/gopi5go_desk/ros2ws/install/dave_interfaces:/home/ubuntu/gopi5go_desk/simws/install/gpg3_simulations:/home/ubuntu/gopi5go_desk/ros2ws/install/teleop_gopigo3_keyboard:/home/ubuntu/gopi5go_desk/ros2ws/install/scan_client:/home/ubuntu/gopi5go_desk/ros2ws/install/gopi5go_dave:/home/ubuntu/gopi5go_desk/ros2ws/install/explorer_wanderer:/opt/ros/humble LD_LIBRARY_PATH=/home/ubuntu/gopi5go_desk/simws/install/gpg3_msgs/lib:/home/ubuntu/gopi5go_desk/ros2ws/install/ros2_gopigo3_msg/lib:/home/ubuntu/gopi5go_desk/ros2ws/install/dave_interfaces/lib:/usr/lib/x86_64-linux-gnu/gazebo-11/plugins:/opt/ros/humble/opt/rviz_ogre_vendor/lib:/opt/ros/humble/lib/x86_64-linux-gnu:/opt/ros/humble/lib /usr/bin/cmake --build /home/ubuntu/gopi5go_desk/simws/build/gpg3_simulations -- -j4 -l4
[0.518s] DEBUG:colcon.colcon_core.event_handler.log_command:Invoking command in '/home/ubuntu/gopi5go_desk/simws/build/gpg3_simulations': CMAKE_PREFIX_PATH=/home/ubuntu/gopi5go_desk/simws/install/gpg3_fake_node:/home/ubuntu/gopi5go_desk/simws/install/gpg3_msgs:/home/ubuntu/gopi5go_desk/simws/install/gpg3_gazebo:/home/ubuntu/gopi5go_desk/ros2ws/install/ros2_gopigo3_msg:/home/ubuntu/gopi5go_desk/ros2ws/install/dave_interfaces:/home/ubuntu/gopi5go_desk/simws/install/gpg3_simulations:/home/ubuntu/gopi5go_desk/ros2ws/install/teleop_gopigo3_keyboard:/home/ubuntu/gopi5go_desk/ros2ws/install/scan_client:/home/ubuntu/gopi5go_desk/ros2ws/install/gopi5go_dave:/home/ubuntu/gopi5go_desk/ros2ws/install/explorer_wanderer:/opt/ros/humble LD_LIBRARY_PATH=/home/ubuntu/gopi5go_desk/simws/install/gpg3_msgs/lib:/home/ubuntu/gopi5go_desk/ros2ws/install/ros2_gopigo3_msg/lib:/home/ubuntu/gopi5go_desk/ros2ws/install/dave_interfaces/lib:/usr/lib/x86_64-linux-gnu/gazebo-11/plugins:/opt/ros/humble/opt/rviz_ogre_vendor/lib:/opt/ros/humble/lib/x86_64-linux-gnu:/opt/ros/humble/lib /usr/bin/cmake --install /home/ubuntu/gopi5go_desk/simws/build/gpg3_simulations
[0.531s] Level 1:colcon.colcon_core.environment:create_environment_scripts_only(gpg3_simulations)
[0.532s] DEBUG:colcon.colcon_core.event_handler.log_command:Invoked command in '/home/ubuntu/gopi5go_desk/simws/build/gpg3_simulations' returned '0': CMAKE_PREFIX_PATH=/home/ubuntu/gopi5go_desk/simws/install/gpg3_fake_node:/home/ubuntu/gopi5go_desk/simws/install/gpg3_msgs:/home/ubuntu/gopi5go_desk/simws/install/gpg3_gazebo:/home/ubuntu/gopi5go_desk/ros2ws/install/ros2_gopigo3_msg:/home/ubuntu/gopi5go_desk/ros2ws/install/dave_interfaces:/home/ubuntu/gopi5go_desk/simws/install/gpg3_simulations:/home/ubuntu/gopi5go_desk/ros2ws/install/teleop_gopigo3_keyboard:/home/ubuntu/gopi5go_desk/ros2ws/install/scan_client:/home/ubuntu/gopi5go_desk/ros2ws/install/gopi5go_dave:/home/ubuntu/gopi5go_desk/ros2ws/install/explorer_wanderer:/opt/ros/humble LD_LIBRARY_PATH=/home/ubuntu/gopi5go_desk/simws/install/gpg3_msgs/lib:/home/ubuntu/gopi5go_desk/ros2ws/install/ros2_gopigo3_msg/lib:/home/ubuntu/gopi5go_desk/ros2ws/install/dave_interfaces/lib:/usr/lib/x86_64-linux-gnu/gazebo-11/plugins:/opt/ros/humble/opt/rviz_ogre_vendor/lib:/opt/ros/humble/lib/x86_64-linux-gnu:/opt/ros/humble/lib /usr/bin/cmake --install /home/ubuntu/gopi5go_desk/simws/build/gpg3_simulations
[0.536s] Level 1:colcon.colcon_core.environment:checking '/home/ubuntu/gopi5go_desk/simws/install/gpg3_simulations' for CMake module files
[0.536s] Level 1:colcon.colcon_core.environment:checking '/home/ubuntu/gopi5go_desk/simws/install/gpg3_simulations' for CMake config files
[0.536s] Level 1:colcon.colcon_core.shell:create_environment_hook('gpg3_simulations', 'cmake_prefix_path')
[0.537s] INFO:colcon.colcon_core.shell:Creating environment hook '/home/ubuntu/gopi5go_desk/simws/install/gpg3_simulations/share/gpg3_simulations/hook/cmake_prefix_path.ps1'
[0.538s] INFO:colcon.colcon_core.shell:Creating environment descriptor '/home/ubuntu/gopi5go_desk/simws/install/gpg3_simulations/share/gpg3_simulations/hook/cmake_prefix_path.dsv'
[0.538s] INFO:colcon.colcon_core.shell:Creating environment hook '/home/ubuntu/gopi5go_desk/simws/install/gpg3_simulations/share/gpg3_simulations/hook/cmake_prefix_path.sh'
[0.539s] Level 1:colcon.colcon_core.environment:checking '/home/ubuntu/gopi5go_desk/simws/install/gpg3_simulations/bin'
[0.539s] Level 1:colcon.colcon_core.environment:checking '/home/ubuntu/gopi5go_desk/simws/install/gpg3_simulations/lib/pkgconfig/gpg3_simulations.pc'
[0.539s] Level 1:colcon.colcon_core.environment:checking '/home/ubuntu/gopi5go_desk/simws/install/gpg3_simulations/lib/python3.10/site-packages'
[0.540s] Level 1:colcon.colcon_core.environment:checking '/home/ubuntu/gopi5go_desk/simws/install/gpg3_simulations/bin'
[0.540s] INFO:colcon.colcon_core.shell:Creating package script '/home/ubuntu/gopi5go_desk/simws/install/gpg3_simulations/share/gpg3_simulations/package.ps1'
[0.541s] INFO:colcon.colcon_core.shell:Creating package descriptor '/home/ubuntu/gopi5go_desk/simws/install/gpg3_simulations/share/gpg3_simulations/package.dsv'
[0.541s] INFO:colcon.colcon_core.shell:Creating package script '/home/ubuntu/gopi5go_desk/simws/install/gpg3_simulations/share/gpg3_simulations/package.sh'
[0.542s] INFO:colcon.colcon_core.shell:Creating package script '/home/ubuntu/gopi5go_desk/simws/install/gpg3_simulations/share/gpg3_simulations/package.bash'
[0.544s] INFO:colcon.colcon_core.shell:Creating package script '/home/ubuntu/gopi5go_desk/simws/install/gpg3_simulations/share/gpg3_simulations/package.zsh'
[0.546s] Level 1:colcon.colcon_core.environment:create_file_with_runtime_dependencies(/home/ubuntu/gopi5go_desk/simws/install/gpg3_simulations/share/colcon-core/packages/gpg3_simulations)
[0.586s] Level 1:colcon.colcon_core.environment:create_environment_scripts_only(gpg3_simulations)
[0.587s] Level 1:colcon.colcon_core.environment:checking '/home/ubuntu/gopi5go_desk/simws/install/gpg3_simulations' for CMake module files
[0.587s] Level 1:colcon.colcon_core.environment:checking '/home/ubuntu/gopi5go_desk/simws/install/gpg3_simulations' for CMake config files
[0.587s] Level 1:colcon.colcon_core.shell:create_environment_hook('gpg3_simulations', 'cmake_prefix_path')
[0.588s] INFO:colcon.colcon_core.shell:Creating environment hook '/home/ubuntu/gopi5go_desk/simws/install/gpg3_simulations/share/gpg3_simulations/hook/cmake_prefix_path.ps1'
[0.588s] INFO:colcon.colcon_core.shell:Creating environment descriptor '/home/ubuntu/gopi5go_desk/simws/install/gpg3_simulations/share/gpg3_simulations/hook/cmake_prefix_path.dsv'
[0.588s] INFO:colcon.colcon_core.shell:Creating environment hook '/home/ubuntu/gopi5go_desk/simws/install/gpg3_simulations/share/gpg3_simulations/hook/cmake_prefix_path.sh'
[0.589s] Level 1:colcon.colcon_core.environment:checking '/home/ubuntu/gopi5go_desk/simws/install/gpg3_simulations/bin'
[0.589s] Level 1:colcon.colcon_core.environment:checking '/home/ubuntu/gopi5go_desk/simws/install/gpg3_simulations/lib/pkgconfig/gpg3_simulations.pc'
[0.589s] Level 1:colcon.colcon_core.environment:checking '/home/ubuntu/gopi5go_desk/simws/install/gpg3_simulations/lib/python3.10/site-packages'
[0.590s] Level 1:colcon.colcon_core.environment:checking '/home/ubuntu/gopi5go_desk/simws/install/gpg3_simulations/bin'
[0.590s] INFO:colcon.colcon_core.shell:Creating package script '/home/ubuntu/gopi5go_desk/simws/install/gpg3_simulations/share/gpg3_simulations/package.ps1'
[0.590s] INFO:colcon.colcon_core.shell:Creating package descriptor '/home/ubuntu/gopi5go_desk/simws/install/gpg3_simulations/share/gpg3_simulations/package.dsv'
[0.591s] INFO:colcon.colcon_core.shell:Creating package script '/home/ubuntu/gopi5go_desk/simws/install/gpg3_simulations/share/gpg3_simulations/package.sh'
[0.591s] INFO:colcon.colcon_core.shell:Creating package script '/home/ubuntu/gopi5go_desk/simws/install/gpg3_simulations/share/gpg3_simulations/package.bash'
[0.592s] INFO:colcon.colcon_core.shell:Creating package script '/home/ubuntu/gopi5go_desk/simws/install/gpg3_simulations/share/gpg3_simulations/package.zsh'
[0.592s] Level 1:colcon.colcon_core.environment:create_file_with_runtime_dependencies(/home/ubuntu/gopi5go_desk/simws/install/gpg3_simulations/share/colcon-core/packages/gpg3_simulations)
[0.593s] DEBUG:colcon.colcon_parallel_executor.executor.parallel:closing loop
[0.593s] DEBUG:colcon.colcon_parallel_executor.executor.parallel:loop closed
[0.593s] DEBUG:colcon.colcon_parallel_executor.executor.parallel:run_until_complete finished with '0'
[0.593s] DEBUG:colcon.colcon_core.event_reactor:joining thread
[0.599s] INFO:colcon.colcon_core.plugin_system:Skipping extension 'colcon_notification.desktop_notification.terminal_notifier': Not used on non-Darwin systems
[0.599s] INFO:colcon.colcon_core.plugin_system:Skipping extension 'colcon_notification.desktop_notification.win32': Not used on non-Windows systems
[0.599s] INFO:colcon.colcon_notification.desktop_notification:Sending desktop notification using 'notify2'
[0.608s] DEBUG:colcon.colcon_core.event_reactor:joined thread
[0.608s] INFO:colcon.colcon_core.shell:Creating prefix script '/home/ubuntu/gopi5go_desk/simws/install/local_setup.ps1'
[0.609s] INFO:colcon.colcon_core.shell:Creating prefix util module '/home/ubuntu/gopi5go_desk/simws/install/_local_setup_util_ps1.py'
[0.611s] INFO:colcon.colcon_core.shell:Creating prefix chain script '/home/ubuntu/gopi5go_desk/simws/install/setup.ps1'
[0.613s] INFO:colcon.colcon_core.shell:Creating prefix script '/home/ubuntu/gopi5go_desk/simws/install/local_setup.sh'
[0.614s] INFO:colcon.colcon_core.shell:Creating prefix util module '/home/ubuntu/gopi5go_desk/simws/install/_local_setup_util_sh.py'
[0.615s] INFO:colcon.colcon_core.shell:Creating prefix chain script '/home/ubuntu/gopi5go_desk/simws/install/setup.sh'
[0.617s] INFO:colcon.colcon_core.shell:Creating prefix script '/home/ubuntu/gopi5go_desk/simws/install/local_setup.bash'
[0.617s] INFO:colcon.colcon_core.shell:Creating prefix chain script '/home/ubuntu/gopi5go_desk/simws/install/setup.bash'
[0.619s] INFO:colcon.colcon_core.shell:Creating prefix script '/home/ubuntu/gopi5go_desk/simws/install/local_setup.zsh'
[0.620s] INFO:colcon.colcon_core.shell:Creating prefix chain script '/home/ubuntu/gopi5go_desk/simws/install/setup.zsh'
